                                      1 ;--------------------------------------------------------
                                      2 ; File Created by SDCC : free open source ISO C Compiler 
                                      3 ; Version 4.4.1 #14650 (MINGW64)
                                      4 ;--------------------------------------------------------
                                      5 	.module Battle_Map
                                      6 	.optsdcc -msm83
                                      7 	
                                      8 ;--------------------------------------------------------
                                      9 ; Public variables in this module
                                     10 ;--------------------------------------------------------
                                     11 	.globl _Battle_Map
                                     12 ;--------------------------------------------------------
                                     13 ; special function registers
                                     14 ;--------------------------------------------------------
                                     15 ;--------------------------------------------------------
                                     16 ; ram data
                                     17 ;--------------------------------------------------------
                                     18 	.area _DATA
                                     19 ;--------------------------------------------------------
                                     20 ; ram data
                                     21 ;--------------------------------------------------------
                                     22 	.area _INITIALIZED
                                     23 ;--------------------------------------------------------
                                     24 ; absolute external ram data
                                     25 ;--------------------------------------------------------
                                     26 	.area _DABS (ABS)
                                     27 ;--------------------------------------------------------
                                     28 ; global & static initialisations
                                     29 ;--------------------------------------------------------
                                     30 	.area _HOME
                                     31 	.area _GSINIT
                                     32 	.area _GSFINAL
                                     33 	.area _GSINIT
                                     34 ;--------------------------------------------------------
                                     35 ; Home
                                     36 ;--------------------------------------------------------
                                     37 	.area _HOME
                                     38 	.area _HOME
                                     39 ;--------------------------------------------------------
                                     40 ; code
                                     41 ;--------------------------------------------------------
                                     42 	.area _CODE_5
                                     43 	.area _CODE_5
                         00000000    44 G$Battle_Map$0_0$0 == .
    00000000                         45 _Battle_Map:
    00000000 2D                      46 	.db #0x2d	; 45
    00000001 30                      47 	.db #0x30	; 48	'0'
    00000002 30                      48 	.db #0x30	; 48	'0'
    00000003 30                      49 	.db #0x30	; 48	'0'
    00000004 30                      50 	.db #0x30	; 48	'0'
    00000005 30                      51 	.db #0x30	; 48	'0'
    00000006 30                      52 	.db #0x30	; 48	'0'
    00000007 30                      53 	.db #0x30	; 48	'0'
    00000008 30                      54 	.db #0x30	; 48	'0'
    00000009 30                      55 	.db #0x30	; 48	'0'
    0000000A 30                      56 	.db #0x30	; 48	'0'
    0000000B 30                      57 	.db #0x30	; 48	'0'
    0000000C 30                      58 	.db #0x30	; 48	'0'
    0000000D 30                      59 	.db #0x30	; 48	'0'
    0000000E 30                      60 	.db #0x30	; 48	'0'
    0000000F 30                      61 	.db #0x30	; 48	'0'
    00000010 30                      62 	.db #0x30	; 48	'0'
    00000011 30                      63 	.db #0x30	; 48	'0'
    00000012 30                      64 	.db #0x30	; 48	'0'
    00000013 32                      65 	.db #0x32	; 50	'2'
    00000014 2E                      66 	.db #0x2e	; 46
    00000015 00                      67 	.db #0x00	; 0
    00000016 00                      68 	.db #0x00	; 0
    00000017 00                      69 	.db #0x00	; 0
    00000018 00                      70 	.db #0x00	; 0
    00000019 00                      71 	.db #0x00	; 0
    0000001A 00                      72 	.db #0x00	; 0
    0000001B 00                      73 	.db #0x00	; 0
    0000001C 00                      74 	.db #0x00	; 0
    0000001D 00                      75 	.db #0x00	; 0
    0000001E 00                      76 	.db #0x00	; 0
    0000001F 00                      77 	.db #0x00	; 0
    00000020 00                      78 	.db #0x00	; 0
    00000021 00                      79 	.db #0x00	; 0
    00000022 00                      80 	.db #0x00	; 0
    00000023 00                      81 	.db #0x00	; 0
    00000024 00                      82 	.db #0x00	; 0
    00000025 00                      83 	.db #0x00	; 0
    00000026 00                      84 	.db #0x00	; 0
    00000027 33                      85 	.db #0x33	; 51	'3'
    00000028 2E                      86 	.db #0x2e	; 46
    00000029 00                      87 	.db #0x00	; 0
    0000002A 00                      88 	.db #0x00	; 0
    0000002B 00                      89 	.db #0x00	; 0
    0000002C 00                      90 	.db #0x00	; 0
    0000002D 00                      91 	.db #0x00	; 0
    0000002E 00                      92 	.db #0x00	; 0
    0000002F 00                      93 	.db #0x00	; 0
    00000030 00                      94 	.db #0x00	; 0
    00000031 00                      95 	.db #0x00	; 0
    00000032 00                      96 	.db #0x00	; 0
    00000033 00                      97 	.db #0x00	; 0
    00000034 00                      98 	.db #0x00	; 0
    00000035 00                      99 	.db #0x00	; 0
    00000036 00                     100 	.db #0x00	; 0
    00000037 00                     101 	.db #0x00	; 0
    00000038 00                     102 	.db #0x00	; 0
    00000039 00                     103 	.db #0x00	; 0
    0000003A 00                     104 	.db #0x00	; 0
    0000003B 33                     105 	.db #0x33	; 51	'3'
    0000003C 2E                     106 	.db #0x2e	; 46
    0000003D 00                     107 	.db #0x00	; 0
    0000003E 00                     108 	.db #0x00	; 0
    0000003F 00                     109 	.db #0x00	; 0
    00000040 00                     110 	.db #0x00	; 0
    00000041 00                     111 	.db #0x00	; 0
    00000042 00                     112 	.db #0x00	; 0
    00000043 00                     113 	.db #0x00	; 0
    00000044 00                     114 	.db #0x00	; 0
    00000045 00                     115 	.db #0x00	; 0
    00000046 00                     116 	.db #0x00	; 0
    00000047 00                     117 	.db #0x00	; 0
    00000048 00                     118 	.db #0x00	; 0
    00000049 00                     119 	.db #0x00	; 0
    0000004A 00                     120 	.db #0x00	; 0
    0000004B 00                     121 	.db #0x00	; 0
    0000004C 00                     122 	.db #0x00	; 0
    0000004D 00                     123 	.db #0x00	; 0
    0000004E 00                     124 	.db #0x00	; 0
    0000004F 33                     125 	.db #0x33	; 51	'3'
    00000050 2F                     126 	.db #0x2f	; 47
    00000051 31                     127 	.db #0x31	; 49	'1'
    00000052 31                     128 	.db #0x31	; 49	'1'
    00000053 31                     129 	.db #0x31	; 49	'1'
    00000054 31                     130 	.db #0x31	; 49	'1'
    00000055 31                     131 	.db #0x31	; 49	'1'
    00000056 31                     132 	.db #0x31	; 49	'1'
    00000057 31                     133 	.db #0x31	; 49	'1'
    00000058 31                     134 	.db #0x31	; 49	'1'
    00000059 31                     135 	.db #0x31	; 49	'1'
    0000005A 31                     136 	.db #0x31	; 49	'1'
    0000005B 31                     137 	.db #0x31	; 49	'1'
    0000005C 31                     138 	.db #0x31	; 49	'1'
    0000005D 31                     139 	.db #0x31	; 49	'1'
    0000005E 31                     140 	.db #0x31	; 49	'1'
    0000005F 31                     141 	.db #0x31	; 49	'1'
    00000060 31                     142 	.db #0x31	; 49	'1'
    00000061 31                     143 	.db #0x31	; 49	'1'
    00000062 31                     144 	.db #0x31	; 49	'1'
    00000063 34                     145 	.db #0x34	; 52	'4'
    00000064 00                     146 	.db #0x00	; 0
    00000065 00                     147 	.db #0x00	; 0
    00000066 00                     148 	.db #0x00	; 0
    00000067 00                     149 	.db #0x00	; 0
    00000068 00                     150 	.db #0x00	; 0
    00000069 00                     151 	.db #0x00	; 0
    0000006A 00                     152 	.db #0x00	; 0
    0000006B 00                     153 	.db #0x00	; 0
    0000006C 00                     154 	.db #0x00	; 0
    0000006D 00                     155 	.db #0x00	; 0
    0000006E 00                     156 	.db #0x00	; 0
    0000006F 00                     157 	.db #0x00	; 0
    00000070 00                     158 	.db #0x00	; 0
    00000071 00                     159 	.db #0x00	; 0
    00000072 00                     160 	.db #0x00	; 0
    00000073 00                     161 	.db #0x00	; 0
    00000074 00                     162 	.db #0x00	; 0
    00000075 00                     163 	.db #0x00	; 0
    00000076 00                     164 	.db #0x00	; 0
    00000077 00                     165 	.db #0x00	; 0
    00000078 00                     166 	.db #0x00	; 0
    00000079 00                     167 	.db #0x00	; 0
    0000007A 00                     168 	.db #0x00	; 0
    0000007B 00                     169 	.db #0x00	; 0
    0000007C 00                     170 	.db #0x00	; 0
    0000007D 00                     171 	.db #0x00	; 0
    0000007E 00                     172 	.db #0x00	; 0
    0000007F 00                     173 	.db #0x00	; 0
    00000080 00                     174 	.db #0x00	; 0
    00000081 00                     175 	.db #0x00	; 0
    00000082 00                     176 	.db #0x00	; 0
    00000083 00                     177 	.db #0x00	; 0
    00000084 00                     178 	.db #0x00	; 0
    00000085 00                     179 	.db #0x00	; 0
    00000086 00                     180 	.db #0x00	; 0
    00000087 00                     181 	.db #0x00	; 0
    00000088 00                     182 	.db #0x00	; 0
    00000089 00                     183 	.db #0x00	; 0
    0000008A 00                     184 	.db #0x00	; 0
    0000008B 00                     185 	.db #0x00	; 0
    0000008C 00                     186 	.db #0x00	; 0
    0000008D 00                     187 	.db #0x00	; 0
    0000008E 00                     188 	.db #0x00	; 0
    0000008F 00                     189 	.db #0x00	; 0
    00000090 00                     190 	.db #0x00	; 0
    00000091 00                     191 	.db #0x00	; 0
    00000092 00                     192 	.db #0x00	; 0
    00000093 00                     193 	.db #0x00	; 0
    00000094 00                     194 	.db #0x00	; 0
    00000095 00                     195 	.db #0x00	; 0
    00000096 00                     196 	.db #0x00	; 0
    00000097 00                     197 	.db #0x00	; 0
    00000098 00                     198 	.db #0x00	; 0
    00000099 00                     199 	.db #0x00	; 0
    0000009A 00                     200 	.db #0x00	; 0
    0000009B 00                     201 	.db #0x00	; 0
    0000009C 00                     202 	.db #0x00	; 0
    0000009D 00                     203 	.db #0x00	; 0
    0000009E 00                     204 	.db #0x00	; 0
    0000009F 00                     205 	.db #0x00	; 0
    000000A0 00                     206 	.db #0x00	; 0
    000000A1 00                     207 	.db #0x00	; 0
    000000A2 00                     208 	.db #0x00	; 0
    000000A3 00                     209 	.db #0x00	; 0
    000000A4 00                     210 	.db #0x00	; 0
    000000A5 00                     211 	.db #0x00	; 0
    000000A6 00                     212 	.db #0x00	; 0
    000000A7 00                     213 	.db #0x00	; 0
    000000A8 00                     214 	.db #0x00	; 0
    000000A9 00                     215 	.db #0x00	; 0
    000000AA 00                     216 	.db #0x00	; 0
    000000AB 00                     217 	.db #0x00	; 0
    000000AC 00                     218 	.db #0x00	; 0
    000000AD 00                     219 	.db #0x00	; 0
    000000AE 00                     220 	.db #0x00	; 0
    000000AF 00                     221 	.db #0x00	; 0
    000000B0 00                     222 	.db #0x00	; 0
    000000B1 00                     223 	.db #0x00	; 0
    000000B2 00                     224 	.db #0x00	; 0
    000000B3 00                     225 	.db #0x00	; 0
    000000B4 00                     226 	.db #0x00	; 0
    000000B5 00                     227 	.db #0x00	; 0
    000000B6 00                     228 	.db #0x00	; 0
    000000B7 00                     229 	.db #0x00	; 0
    000000B8 00                     230 	.db #0x00	; 0
    000000B9 00                     231 	.db #0x00	; 0
    000000BA 00                     232 	.db #0x00	; 0
    000000BB 00                     233 	.db #0x00	; 0
    000000BC 00                     234 	.db #0x00	; 0
    000000BD 00                     235 	.db #0x00	; 0
    000000BE 00                     236 	.db #0x00	; 0
    000000BF 00                     237 	.db #0x00	; 0
    000000C0 00                     238 	.db #0x00	; 0
    000000C1 00                     239 	.db #0x00	; 0
    000000C2 00                     240 	.db #0x00	; 0
    000000C3 00                     241 	.db #0x00	; 0
    000000C4 00                     242 	.db #0x00	; 0
    000000C5 00                     243 	.db #0x00	; 0
    000000C6 00                     244 	.db #0x00	; 0
    000000C7 00                     245 	.db #0x00	; 0
    000000C8 00                     246 	.db #0x00	; 0
    000000C9 00                     247 	.db #0x00	; 0
    000000CA 00                     248 	.db #0x00	; 0
    000000CB 00                     249 	.db #0x00	; 0
    000000CC 00                     250 	.db #0x00	; 0
    000000CD 00                     251 	.db #0x00	; 0
    000000CE 00                     252 	.db #0x00	; 0
    000000CF 00                     253 	.db #0x00	; 0
    000000D0 00                     254 	.db #0x00	; 0
    000000D1 00                     255 	.db #0x00	; 0
    000000D2 00                     256 	.db #0x00	; 0
    000000D3 00                     257 	.db #0x00	; 0
    000000D4 00                     258 	.db #0x00	; 0
    000000D5 00                     259 	.db #0x00	; 0
    000000D6 00                     260 	.db #0x00	; 0
    000000D7 00                     261 	.db #0x00	; 0
    000000D8 00                     262 	.db #0x00	; 0
    000000D9 00                     263 	.db #0x00	; 0
    000000DA 00                     264 	.db #0x00	; 0
    000000DB 00                     265 	.db #0x00	; 0
    000000DC 00                     266 	.db #0x00	; 0
    000000DD 00                     267 	.db #0x00	; 0
    000000DE 00                     268 	.db #0x00	; 0
    000000DF 00                     269 	.db #0x00	; 0
    000000E0 00                     270 	.db #0x00	; 0
    000000E1 00                     271 	.db #0x00	; 0
    000000E2 00                     272 	.db #0x00	; 0
    000000E3 00                     273 	.db #0x00	; 0
    000000E4 00                     274 	.db #0x00	; 0
    000000E5 00                     275 	.db #0x00	; 0
    000000E6 00                     276 	.db #0x00	; 0
    000000E7 00                     277 	.db #0x00	; 0
    000000E8 00                     278 	.db #0x00	; 0
    000000E9 00                     279 	.db #0x00	; 0
    000000EA 00                     280 	.db #0x00	; 0
    000000EB 00                     281 	.db #0x00	; 0
    000000EC 00                     282 	.db #0x00	; 0
    000000ED 00                     283 	.db #0x00	; 0
    000000EE 00                     284 	.db #0x00	; 0
    000000EF 00                     285 	.db #0x00	; 0
    000000F0 00                     286 	.db #0x00	; 0
    000000F1 00                     287 	.db #0x00	; 0
    000000F2 00                     288 	.db #0x00	; 0
    000000F3 00                     289 	.db #0x00	; 0
    000000F4 00                     290 	.db #0x00	; 0
    000000F5 00                     291 	.db #0x00	; 0
    000000F6 00                     292 	.db #0x00	; 0
    000000F7 00                     293 	.db #0x00	; 0
    000000F8 00                     294 	.db #0x00	; 0
    000000F9 00                     295 	.db #0x00	; 0
    000000FA 00                     296 	.db #0x00	; 0
    000000FB 00                     297 	.db #0x00	; 0
    000000FC 00                     298 	.db #0x00	; 0
    000000FD 00                     299 	.db #0x00	; 0
    000000FE 00                     300 	.db #0x00	; 0
    000000FF 00                     301 	.db #0x00	; 0
    00000100 00                     302 	.db #0x00	; 0
    00000101 00                     303 	.db #0x00	; 0
    00000102 00                     304 	.db #0x00	; 0
    00000103 00                     305 	.db #0x00	; 0
    00000104 2D                     306 	.db #0x2d	; 45
    00000105 0E                     307 	.db #0x0e	; 14
    00000106 01                     308 	.db #0x01	; 1
    00000107 0D                     309 	.db #0x0d	; 13
    00000108 05                     310 	.db #0x05	; 5
    00000109 30                     311 	.db #0x30	; 48	'0'
    0000010A 30                     312 	.db #0x30	; 48	'0'
    0000010B 30                     313 	.db #0x30	; 48	'0'
    0000010C 30                     314 	.db #0x30	; 48	'0'
    0000010D 08                     315 	.db #0x08	; 8
    0000010E 10                     316 	.db #0x10	; 16
    0000010F 30                     317 	.db #0x30	; 48	'0'
    00000110 30                     318 	.db #0x30	; 48	'0'
    00000111 10                     319 	.db #0x10	; 16
    00000112 10                     320 	.db #0x10	; 16
    00000113 30                     321 	.db #0x30	; 48	'0'
    00000114 30                     322 	.db #0x30	; 48	'0'
    00000115 0C                     323 	.db #0x0c	; 12
    00000116 16                     324 	.db #0x16	; 22
    00000117 32                     325 	.db #0x32	; 50	'2'
    00000118 2E                     326 	.db #0x2e	; 46
    00000119 00                     327 	.db #0x00	; 0
    0000011A 00                     328 	.db #0x00	; 0
    0000011B 00                     329 	.db #0x00	; 0
    0000011C 00                     330 	.db #0x00	; 0
    0000011D 00                     331 	.db #0x00	; 0
    0000011E 00                     332 	.db #0x00	; 0
    0000011F 00                     333 	.db #0x00	; 0
    00000120 00                     334 	.db #0x00	; 0
    00000121 00                     335 	.db #0x00	; 0
    00000122 00                     336 	.db #0x00	; 0
    00000123 00                     337 	.db #0x00	; 0
    00000124 00                     338 	.db #0x00	; 0
    00000125 00                     339 	.db #0x00	; 0
    00000126 00                     340 	.db #0x00	; 0
    00000127 00                     341 	.db #0x00	; 0
    00000128 00                     342 	.db #0x00	; 0
    00000129 00                     343 	.db #0x00	; 0
    0000012A 00                     344 	.db #0x00	; 0
    0000012B 33                     345 	.db #0x33	; 51	'3'
    0000012C 2E                     346 	.db #0x2e	; 46
    0000012D 00                     347 	.db #0x00	; 0
    0000012E 00                     348 	.db #0x00	; 0
    0000012F 00                     349 	.db #0x00	; 0
    00000130 00                     350 	.db #0x00	; 0
    00000131 00                     351 	.db #0x00	; 0
    00000132 00                     352 	.db #0x00	; 0
    00000133 00                     353 	.db #0x00	; 0
    00000134 00                     354 	.db #0x00	; 0
    00000135 00                     355 	.db #0x00	; 0
    00000136 00                     356 	.db #0x00	; 0
    00000137 00                     357 	.db #0x00	; 0
    00000138 00                     358 	.db #0x00	; 0
    00000139 00                     359 	.db #0x00	; 0
    0000013A 00                     360 	.db #0x00	; 0
    0000013B 00                     361 	.db #0x00	; 0
    0000013C 00                     362 	.db #0x00	; 0
    0000013D 00                     363 	.db #0x00	; 0
    0000013E 00                     364 	.db #0x00	; 0
    0000013F 33                     365 	.db #0x33	; 51	'3'
    00000140 2F                     366 	.db #0x2f	; 47
    00000141 31                     367 	.db #0x31	; 49	'1'
    00000142 31                     368 	.db #0x31	; 49	'1'
    00000143 31                     369 	.db #0x31	; 49	'1'
    00000144 31                     370 	.db #0x31	; 49	'1'
    00000145 31                     371 	.db #0x31	; 49	'1'
    00000146 31                     372 	.db #0x31	; 49	'1'
    00000147 31                     373 	.db #0x31	; 49	'1'
    00000148 31                     374 	.db #0x31	; 49	'1'
    00000149 31                     375 	.db #0x31	; 49	'1'
    0000014A 31                     376 	.db #0x31	; 49	'1'
    0000014B 31                     377 	.db #0x31	; 49	'1'
    0000014C 31                     378 	.db #0x31	; 49	'1'
    0000014D 31                     379 	.db #0x31	; 49	'1'
    0000014E 31                     380 	.db #0x31	; 49	'1'
    0000014F 31                     381 	.db #0x31	; 49	'1'
    00000150 31                     382 	.db #0x31	; 49	'1'
    00000151 31                     383 	.db #0x31	; 49	'1'
    00000152 31                     384 	.db #0x31	; 49	'1'
    00000153 34                     385 	.db #0x34	; 52	'4'
    00000154 2D                     386 	.db #0x2d	; 45
    00000155 30                     387 	.db #0x30	; 48	'0'
    00000156 30                     388 	.db #0x30	; 48	'0'
    00000157 30                     389 	.db #0x30	; 48	'0'
    00000158 30                     390 	.db #0x30	; 48	'0'
    00000159 30                     391 	.db #0x30	; 48	'0'
    0000015A 30                     392 	.db #0x30	; 48	'0'
    0000015B 30                     393 	.db #0x30	; 48	'0'
    0000015C 30                     394 	.db #0x30	; 48	'0'
    0000015D 30                     395 	.db #0x30	; 48	'0'
    0000015E 30                     396 	.db #0x30	; 48	'0'
    0000015F 30                     397 	.db #0x30	; 48	'0'
    00000160 30                     398 	.db #0x30	; 48	'0'
    00000161 30                     399 	.db #0x30	; 48	'0'
    00000162 30                     400 	.db #0x30	; 48	'0'
    00000163 30                     401 	.db #0x30	; 48	'0'
    00000164 30                     402 	.db #0x30	; 48	'0'
    00000165 30                     403 	.db #0x30	; 48	'0'
    00000166 30                     404 	.db #0x30	; 48	'0'
    00000167 32                     405 	.db #0x32	; 50	'2'
    00000168 2E                     406 	.db #0x2e	; 46
    00000169 00                     407 	.db #0x00	; 0
    0000016A 06                     408 	.db #0x06	; 6
    0000016B 09                     409 	.db #0x09	; 9
    0000016C 07                     410 	.db #0x07	; 7
    0000016D 08                     411 	.db #0x08	; 8
    0000016E 14                     412 	.db #0x14	; 20
    0000016F 00                     413 	.db #0x00	; 0
    00000170 00                     414 	.db #0x00	; 0
    00000171 00                     415 	.db #0x00	; 0
    00000172 00                     416 	.db #0x00	; 0
    00000173 01                     417 	.db #0x01	; 1
    00000174 15                     418 	.db #0x15	; 21
    00000175 14                     419 	.db #0x14	; 20
    00000176 0F                     420 	.db #0x0f	; 15
    00000177 00                     421 	.db #0x00	; 0
    00000178 00                     422 	.db #0x00	; 0
    00000179 00                     423 	.db #0x00	; 0
    0000017A 00                     424 	.db #0x00	; 0
    0000017B 33                     425 	.db #0x33	; 51	'3'
    0000017C 2E                     426 	.db #0x2e	; 46
    0000017D 00                     427 	.db #0x00	; 0
    0000017E 10                     428 	.db #0x10	; 16
    0000017F 13                     429 	.db #0x13	; 19
    00000180 09                     430 	.db #0x09	; 9
    00000181 00                     431 	.db #0x00	; 0
    00000182 00                     432 	.db #0x00	; 0
    00000183 00                     433 	.db #0x00	; 0
    00000184 00                     434 	.db #0x00	; 0
    00000185 00                     435 	.db #0x00	; 0
    00000186 00                     436 	.db #0x00	; 0
    00000187 07                     437 	.db #0x07	; 7
    00000188 15                     438 	.db #0x15	; 21
    00000189 01                     439 	.db #0x01	; 1
    0000018A 12                     440 	.db #0x12	; 18
    0000018B 04                     441 	.db #0x04	; 4
    0000018C 00                     442 	.db #0x00	; 0
    0000018D 00                     443 	.db #0x00	; 0
    0000018E 00                     444 	.db #0x00	; 0
    0000018F 33                     445 	.db #0x33	; 51	'3'
    00000190 2E                     446 	.db #0x2e	; 46
    00000191 00                     447 	.db #0x00	; 0
    00000192 07                     448 	.db #0x07	; 7
    00000193 0F                     449 	.db #0x0f	; 15
    00000194 0F                     450 	.db #0x0f	; 15
    00000195 04                     451 	.db #0x04	; 4
    00000196 13                     452 	.db #0x13	; 19
    00000197 00                     453 	.db #0x00	; 0
    00000198 00                     454 	.db #0x00	; 0
    00000199 00                     455 	.db #0x00	; 0
    0000019A 00                     456 	.db #0x00	; 0
    0000019B 12                     457 	.db #0x12	; 18
    0000019C 15                     458 	.db #0x15	; 21
    0000019D 0E                     459 	.db #0x0e	; 14
    0000019E 00                     460 	.db #0x00	; 0
    0000019F 00                     461 	.db #0x00	; 0
    000001A0 00                     462 	.db #0x00	; 0
    000001A1 00                     463 	.db #0x00	; 0
    000001A2 00                     464 	.db #0x00	; 0
    000001A3 33                     465 	.db #0x33	; 51	'3'
    000001A4 2E                     466 	.db #0x2e	; 46
    000001A5 00                     467 	.db #0x00	; 0
    000001A6 03                     468 	.db #0x03	; 3
    000001A7 08                     469 	.db #0x08	; 8
    000001A8 05                     470 	.db #0x05	; 5
    000001A9 03                     471 	.db #0x03	; 3
    000001AA 0B                     472 	.db #0x0b	; 11
    000001AB 00                     473 	.db #0x00	; 0
    000001AC 00                     474 	.db #0x00	; 0
    000001AD 00                     475 	.db #0x00	; 0
    000001AE 00                     476 	.db #0x00	; 0
    000001AF 00                     477 	.db #0x00	; 0
    000001B0 00                     478 	.db #0x00	; 0
    000001B1 00                     479 	.db #0x00	; 0
    000001B2 00                     480 	.db #0x00	; 0
    000001B3 00                     481 	.db #0x00	; 0
    000001B4 00                     482 	.db #0x00	; 0
    000001B5 00                     483 	.db #0x00	; 0
    000001B6 00                     484 	.db #0x00	; 0
    000001B7 33                     485 	.db #0x33	; 51	'3'
    000001B8 2F                     486 	.db #0x2f	; 47
    000001B9 31                     487 	.db #0x31	; 49	'1'
    000001BA 31                     488 	.db #0x31	; 49	'1'
    000001BB 31                     489 	.db #0x31	; 49	'1'
    000001BC 31                     490 	.db #0x31	; 49	'1'
    000001BD 31                     491 	.db #0x31	; 49	'1'
    000001BE 31                     492 	.db #0x31	; 49	'1'
    000001BF 31                     493 	.db #0x31	; 49	'1'
    000001C0 31                     494 	.db #0x31	; 49	'1'
    000001C1 31                     495 	.db #0x31	; 49	'1'
    000001C2 31                     496 	.db #0x31	; 49	'1'
    000001C3 31                     497 	.db #0x31	; 49	'1'
    000001C4 31                     498 	.db #0x31	; 49	'1'
    000001C5 31                     499 	.db #0x31	; 49	'1'
    000001C6 31                     500 	.db #0x31	; 49	'1'
    000001C7 31                     501 	.db #0x31	; 49	'1'
    000001C8 31                     502 	.db #0x31	; 49	'1'
    000001C9 31                     503 	.db #0x31	; 49	'1'
    000001CA 31                     504 	.db #0x31	; 49	'1'
    000001CB 34                     505 	.db #0x34	; 52	'4'
                                    506 	.area _INITIALIZER
                                    507 	.area _CABS (ABS)
