                                      1 ;--------------------------------------------------------
                                      2 ; File Created by SDCC : free open source ISO C Compiler 
                                      3 ; Version 4.2.2 #13350 (MINGW64)
                                      4 ;--------------------------------------------------------
                                      5 	.module Bestiary_Map
                                      6 	.optsdcc -msm83
                                      7 	
                                      8 ;--------------------------------------------------------
                                      9 ; Public variables in this module
                                     10 ;--------------------------------------------------------
                                     11 	.globl _Bestiary_Map
                                     12 ;--------------------------------------------------------
                                     13 ; special function registers
                                     14 ;--------------------------------------------------------
                                     15 ;--------------------------------------------------------
                                     16 ; ram data
                                     17 ;--------------------------------------------------------
                                     18 	.area _DATA
                                     19 ;--------------------------------------------------------
                                     20 ; ram data
                                     21 ;--------------------------------------------------------
                                     22 	.area _INITIALIZED
                           000000    23 G$Bestiary_Map$0_0$0==.
      000000                         24 _Bestiary_Map::
      000000                         25 	.ds 360
                                     26 ;--------------------------------------------------------
                                     27 ; absolute external ram data
                                     28 ;--------------------------------------------------------
                                     29 	.area _DABS (ABS)
                                     30 ;--------------------------------------------------------
                                     31 ; global & static initialisations
                                     32 ;--------------------------------------------------------
                                     33 	.area _HOME
                                     34 	.area _GSINIT
                                     35 	.area _GSFINAL
                                     36 	.area _GSINIT
                                     37 ;--------------------------------------------------------
                                     38 ; Home
                                     39 ;--------------------------------------------------------
                                     40 	.area _HOME
                                     41 	.area _HOME
                                     42 ;--------------------------------------------------------
                                     43 ; code
                                     44 ;--------------------------------------------------------
                                     45 	.area _CODE
                                     46 	.area _CODE
                                     47 	.area _INITIALIZER
                           000000    48 FBestiary_Map$__xinit_Bestiary_Map$0_0$0 == .
      000000                         49 __xinit__Bestiary_Map:
      000000 00                      50 	.db #0x00	; 0
      000001 09                      51 	.db #0x09	; 9
      000002 04                      52 	.db #0x04	; 4
      000003 26                      53 	.db #0x26	; 38
      000004 00                      54 	.db #0x00	; 0
      000005 00                      55 	.db #0x00	; 0
      000006 00                      56 	.db #0x00	; 0
      000007 00                      57 	.db #0x00	; 0
      000008 00                      58 	.db #0x00	; 0
      000009 2D                      59 	.db #0x2d	; 45
      00000A 30                      60 	.db #0x30	; 48	'0'
      00000B 30                      61 	.db #0x30	; 48	'0'
      00000C 30                      62 	.db #0x30	; 48	'0'
      00000D 30                      63 	.db #0x30	; 48	'0'
      00000E 30                      64 	.db #0x30	; 48	'0'
      00000F 30                      65 	.db #0x30	; 48	'0'
      000010 30                      66 	.db #0x30	; 48	'0'
      000011 30                      67 	.db #0x30	; 48	'0'
      000012 30                      68 	.db #0x30	; 48	'0'
      000013 32                      69 	.db #0x32	; 50	'2'
      000014 00                      70 	.db #0x00	; 0
      000015 00                      71 	.db #0x00	; 0
      000016 00                      72 	.db #0x00	; 0
      000017 00                      73 	.db #0x00	; 0
      000018 00                      74 	.db #0x00	; 0
      000019 00                      75 	.db #0x00	; 0
      00001A 00                      76 	.db #0x00	; 0
      00001B 00                      77 	.db #0x00	; 0
      00001C 00                      78 	.db #0x00	; 0
      00001D 2E                      79 	.db #0x2e	; 46
      00001E 00                      80 	.db #0x00	; 0
      00001F 01                      81 	.db #0x01	; 1
      000020 14                      82 	.db #0x14	; 20
      000021 14                      83 	.db #0x14	; 20
      000022 01                      84 	.db #0x01	; 1
      000023 03                      85 	.db #0x03	; 3
      000024 0B                      86 	.db #0x0b	; 11
      000025 00                      87 	.db #0x00	; 0
      000026 00                      88 	.db #0x00	; 0
      000027 33                      89 	.db #0x33	; 51	'3'
      000028 00                      90 	.db #0x00	; 0
      000029 00                      91 	.db #0x00	; 0
      00002A 00                      92 	.db #0x00	; 0
      00002B 00                      93 	.db #0x00	; 0
      00002C 00                      94 	.db #0x00	; 0
      00002D 00                      95 	.db #0x00	; 0
      00002E 00                      96 	.db #0x00	; 0
      00002F 00                      97 	.db #0x00	; 0
      000030 00                      98 	.db #0x00	; 0
      000031 2E                      99 	.db #0x2e	; 46
      000032 00                     100 	.db #0x00	; 0
      000033 00                     101 	.db #0x00	; 0
      000034 00                     102 	.db #0x00	; 0
      000035 00                     103 	.db #0x00	; 0
      000036 00                     104 	.db #0x00	; 0
      000037 00                     105 	.db #0x00	; 0
      000038 00                     106 	.db #0x00	; 0
      000039 00                     107 	.db #0x00	; 0
      00003A 00                     108 	.db #0x00	; 0
      00003B 33                     109 	.db #0x33	; 51	'3'
      00003C 00                     110 	.db #0x00	; 0
      00003D 00                     111 	.db #0x00	; 0
      00003E 00                     112 	.db #0x00	; 0
      00003F 00                     113 	.db #0x00	; 0
      000040 00                     114 	.db #0x00	; 0
      000041 00                     115 	.db #0x00	; 0
      000042 00                     116 	.db #0x00	; 0
      000043 00                     117 	.db #0x00	; 0
      000044 00                     118 	.db #0x00	; 0
      000045 2E                     119 	.db #0x2e	; 46
      000046 00                     120 	.db #0x00	; 0
      000047 04                     121 	.db #0x04	; 4
      000048 05                     122 	.db #0x05	; 5
      000049 06                     123 	.db #0x06	; 6
      00004A 05                     124 	.db #0x05	; 5
      00004B 0E                     125 	.db #0x0e	; 14
      00004C 13                     126 	.db #0x13	; 19
      00004D 05                     127 	.db #0x05	; 5
      00004E 00                     128 	.db #0x00	; 0
      00004F 33                     129 	.db #0x33	; 51	'3'
      000050 00                     130 	.db #0x00	; 0
      000051 00                     131 	.db #0x00	; 0
      000052 00                     132 	.db #0x00	; 0
      000053 00                     133 	.db #0x00	; 0
      000054 00                     134 	.db #0x00	; 0
      000055 00                     135 	.db #0x00	; 0
      000056 00                     136 	.db #0x00	; 0
      000057 00                     137 	.db #0x00	; 0
      000058 00                     138 	.db #0x00	; 0
      000059 2E                     139 	.db #0x2e	; 46
      00005A 00                     140 	.db #0x00	; 0
      00005B 00                     141 	.db #0x00	; 0
      00005C 00                     142 	.db #0x00	; 0
      00005D 00                     143 	.db #0x00	; 0
      00005E 00                     144 	.db #0x00	; 0
      00005F 00                     145 	.db #0x00	; 0
      000060 00                     146 	.db #0x00	; 0
      000061 00                     147 	.db #0x00	; 0
      000062 00                     148 	.db #0x00	; 0
      000063 33                     149 	.db #0x33	; 51	'3'
      000064 00                     150 	.db #0x00	; 0
      000065 00                     151 	.db #0x00	; 0
      000066 00                     152 	.db #0x00	; 0
      000067 00                     153 	.db #0x00	; 0
      000068 00                     154 	.db #0x00	; 0
      000069 00                     155 	.db #0x00	; 0
      00006A 00                     156 	.db #0x00	; 0
      00006B 00                     157 	.db #0x00	; 0
      00006C 00                     158 	.db #0x00	; 0
      00006D 2E                     159 	.db #0x2e	; 46
      00006E 00                     160 	.db #0x00	; 0
      00006F 13                     161 	.db #0x13	; 19
      000070 10                     162 	.db #0x10	; 16
      000071 05                     163 	.db #0x05	; 5
      000072 03                     164 	.db #0x03	; 3
      000073 09                     165 	.db #0x09	; 9
      000074 01                     166 	.db #0x01	; 1
      000075 0C                     167 	.db #0x0c	; 12
      000076 00                     168 	.db #0x00	; 0
      000077 33                     169 	.db #0x33	; 51	'3'
      000078 00                     170 	.db #0x00	; 0
      000079 00                     171 	.db #0x00	; 0
      00007A 00                     172 	.db #0x00	; 0
      00007B 00                     173 	.db #0x00	; 0
      00007C 00                     174 	.db #0x00	; 0
      00007D 00                     175 	.db #0x00	; 0
      00007E 00                     176 	.db #0x00	; 0
      00007F 00                     177 	.db #0x00	; 0
      000080 00                     178 	.db #0x00	; 0
      000081 2E                     179 	.db #0x2e	; 46
      000082 00                     180 	.db #0x00	; 0
      000083 00                     181 	.db #0x00	; 0
      000084 00                     182 	.db #0x00	; 0
      000085 00                     183 	.db #0x00	; 0
      000086 00                     184 	.db #0x00	; 0
      000087 00                     185 	.db #0x00	; 0
      000088 00                     186 	.db #0x00	; 0
      000089 00                     187 	.db #0x00	; 0
      00008A 00                     188 	.db #0x00	; 0
      00008B 33                     189 	.db #0x33	; 51	'3'
      00008C 00                     190 	.db #0x00	; 0
      00008D 00                     191 	.db #0x00	; 0
      00008E 00                     192 	.db #0x00	; 0
      00008F 00                     193 	.db #0x00	; 0
      000090 00                     194 	.db #0x00	; 0
      000091 00                     195 	.db #0x00	; 0
      000092 00                     196 	.db #0x00	; 0
      000093 00                     197 	.db #0x00	; 0
      000094 00                     198 	.db #0x00	; 0
      000095 2E                     199 	.db #0x2e	; 46
      000096 00                     200 	.db #0x00	; 0
      000097 13                     201 	.db #0x13	; 19
      000098 10                     202 	.db #0x10	; 16
      000099 05                     203 	.db #0x05	; 5
      00009A 05                     204 	.db #0x05	; 5
      00009B 04                     205 	.db #0x04	; 4
      00009C 00                     206 	.db #0x00	; 0
      00009D 00                     207 	.db #0x00	; 0
      00009E 00                     208 	.db #0x00	; 0
      00009F 33                     209 	.db #0x33	; 51	'3'
      0000A0 00                     210 	.db #0x00	; 0
      0000A1 00                     211 	.db #0x00	; 0
      0000A2 00                     212 	.db #0x00	; 0
      0000A3 00                     213 	.db #0x00	; 0
      0000A4 00                     214 	.db #0x00	; 0
      0000A5 00                     215 	.db #0x00	; 0
      0000A6 00                     216 	.db #0x00	; 0
      0000A7 00                     217 	.db #0x00	; 0
      0000A8 00                     218 	.db #0x00	; 0
      0000A9 2E                     219 	.db #0x2e	; 46
      0000AA 00                     220 	.db #0x00	; 0
      0000AB 00                     221 	.db #0x00	; 0
      0000AC 00                     222 	.db #0x00	; 0
      0000AD 00                     223 	.db #0x00	; 0
      0000AE 00                     224 	.db #0x00	; 0
      0000AF 00                     225 	.db #0x00	; 0
      0000B0 00                     226 	.db #0x00	; 0
      0000B1 00                     227 	.db #0x00	; 0
      0000B2 00                     228 	.db #0x00	; 0
      0000B3 33                     229 	.db #0x33	; 51	'3'
      0000B4 00                     230 	.db #0x00	; 0
      0000B5 00                     231 	.db #0x00	; 0
      0000B6 00                     232 	.db #0x00	; 0
      0000B7 00                     233 	.db #0x00	; 0
      0000B8 00                     234 	.db #0x00	; 0
      0000B9 00                     235 	.db #0x00	; 0
      0000BA 00                     236 	.db #0x00	; 0
      0000BB 00                     237 	.db #0x00	; 0
      0000BC 00                     238 	.db #0x00	; 0
      0000BD 2E                     239 	.db #0x2e	; 46
      0000BE 00                     240 	.db #0x00	; 0
      0000BF 05                     241 	.db #0x05	; 5
      0000C0 18                     242 	.db #0x18	; 24
      0000C1 10                     243 	.db #0x10	; 16
      0000C2 2B                     244 	.db #0x2b	; 43
      0000C3 00                     245 	.db #0x00	; 0
      0000C4 00                     246 	.db #0x00	; 0
      0000C5 00                     247 	.db #0x00	; 0
      0000C6 00                     248 	.db #0x00	; 0
      0000C7 33                     249 	.db #0x33	; 51	'3'
      0000C8 00                     250 	.db #0x00	; 0
      0000C9 00                     251 	.db #0x00	; 0
      0000CA 00                     252 	.db #0x00	; 0
      0000CB 00                     253 	.db #0x00	; 0
      0000CC 00                     254 	.db #0x00	; 0
      0000CD 00                     255 	.db #0x00	; 0
      0000CE 00                     256 	.db #0x00	; 0
      0000CF 00                     257 	.db #0x00	; 0
      0000D0 00                     258 	.db #0x00	; 0
      0000D1 2E                     259 	.db #0x2e	; 46
      0000D2 00                     260 	.db #0x00	; 0
      0000D3 00                     261 	.db #0x00	; 0
      0000D4 00                     262 	.db #0x00	; 0
      0000D5 00                     263 	.db #0x00	; 0
      0000D6 00                     264 	.db #0x00	; 0
      0000D7 00                     265 	.db #0x00	; 0
      0000D8 00                     266 	.db #0x00	; 0
      0000D9 00                     267 	.db #0x00	; 0
      0000DA 00                     268 	.db #0x00	; 0
      0000DB 33                     269 	.db #0x33	; 51	'3'
      0000DC 00                     270 	.db #0x00	; 0
      0000DD 00                     271 	.db #0x00	; 0
      0000DE 00                     272 	.db #0x00	; 0
      0000DF 00                     273 	.db #0x00	; 0
      0000E0 00                     274 	.db #0x00	; 0
      0000E1 00                     275 	.db #0x00	; 0
      0000E2 00                     276 	.db #0x00	; 0
      0000E3 00                     277 	.db #0x00	; 0
      0000E4 00                     278 	.db #0x00	; 0
      0000E5 2F                     279 	.db #0x2f	; 47
      0000E6 31                     280 	.db #0x31	; 49	'1'
      0000E7 31                     281 	.db #0x31	; 49	'1'
      0000E8 31                     282 	.db #0x31	; 49	'1'
      0000E9 31                     283 	.db #0x31	; 49	'1'
      0000EA 31                     284 	.db #0x31	; 49	'1'
      0000EB 31                     285 	.db #0x31	; 49	'1'
      0000EC 31                     286 	.db #0x31	; 49	'1'
      0000ED 31                     287 	.db #0x31	; 49	'1'
      0000EE 31                     288 	.db #0x31	; 49	'1'
      0000EF 34                     289 	.db #0x34	; 52	'4'
      0000F0 2D                     290 	.db #0x2d	; 45
      0000F1 30                     291 	.db #0x30	; 48	'0'
      0000F2 30                     292 	.db #0x30	; 48	'0'
      0000F3 30                     293 	.db #0x30	; 48	'0'
      0000F4 30                     294 	.db #0x30	; 48	'0'
      0000F5 30                     295 	.db #0x30	; 48	'0'
      0000F6 30                     296 	.db #0x30	; 48	'0'
      0000F7 30                     297 	.db #0x30	; 48	'0'
      0000F8 30                     298 	.db #0x30	; 48	'0'
      0000F9 30                     299 	.db #0x30	; 48	'0'
      0000FA 30                     300 	.db #0x30	; 48	'0'
      0000FB 30                     301 	.db #0x30	; 48	'0'
      0000FC 30                     302 	.db #0x30	; 48	'0'
      0000FD 30                     303 	.db #0x30	; 48	'0'
      0000FE 30                     304 	.db #0x30	; 48	'0'
      0000FF 30                     305 	.db #0x30	; 48	'0'
      000100 30                     306 	.db #0x30	; 48	'0'
      000101 30                     307 	.db #0x30	; 48	'0'
      000102 30                     308 	.db #0x30	; 48	'0'
      000103 32                     309 	.db #0x32	; 50	'2'
      000104 2E                     310 	.db #0x2e	; 46
      000105 00                     311 	.db #0x00	; 0
      000106 00                     312 	.db #0x00	; 0
      000107 00                     313 	.db #0x00	; 0
      000108 00                     314 	.db #0x00	; 0
      000109 00                     315 	.db #0x00	; 0
      00010A 00                     316 	.db #0x00	; 0
      00010B 00                     317 	.db #0x00	; 0
      00010C 00                     318 	.db #0x00	; 0
      00010D 00                     319 	.db #0x00	; 0
      00010E 00                     320 	.db #0x00	; 0
      00010F 00                     321 	.db #0x00	; 0
      000110 00                     322 	.db #0x00	; 0
      000111 00                     323 	.db #0x00	; 0
      000112 00                     324 	.db #0x00	; 0
      000113 00                     325 	.db #0x00	; 0
      000114 00                     326 	.db #0x00	; 0
      000115 00                     327 	.db #0x00	; 0
      000116 00                     328 	.db #0x00	; 0
      000117 33                     329 	.db #0x33	; 51	'3'
      000118 2E                     330 	.db #0x2e	; 46
      000119 00                     331 	.db #0x00	; 0
      00011A 00                     332 	.db #0x00	; 0
      00011B 00                     333 	.db #0x00	; 0
      00011C 00                     334 	.db #0x00	; 0
      00011D 00                     335 	.db #0x00	; 0
      00011E 00                     336 	.db #0x00	; 0
      00011F 00                     337 	.db #0x00	; 0
      000120 00                     338 	.db #0x00	; 0
      000121 00                     339 	.db #0x00	; 0
      000122 00                     340 	.db #0x00	; 0
      000123 00                     341 	.db #0x00	; 0
      000124 00                     342 	.db #0x00	; 0
      000125 00                     343 	.db #0x00	; 0
      000126 00                     344 	.db #0x00	; 0
      000127 00                     345 	.db #0x00	; 0
      000128 00                     346 	.db #0x00	; 0
      000129 00                     347 	.db #0x00	; 0
      00012A 00                     348 	.db #0x00	; 0
      00012B 33                     349 	.db #0x33	; 51	'3'
      00012C 2E                     350 	.db #0x2e	; 46
      00012D 00                     351 	.db #0x00	; 0
      00012E 00                     352 	.db #0x00	; 0
      00012F 00                     353 	.db #0x00	; 0
      000130 00                     354 	.db #0x00	; 0
      000131 00                     355 	.db #0x00	; 0
      000132 00                     356 	.db #0x00	; 0
      000133 00                     357 	.db #0x00	; 0
      000134 00                     358 	.db #0x00	; 0
      000135 00                     359 	.db #0x00	; 0
      000136 00                     360 	.db #0x00	; 0
      000137 00                     361 	.db #0x00	; 0
      000138 00                     362 	.db #0x00	; 0
      000139 00                     363 	.db #0x00	; 0
      00013A 00                     364 	.db #0x00	; 0
      00013B 00                     365 	.db #0x00	; 0
      00013C 00                     366 	.db #0x00	; 0
      00013D 00                     367 	.db #0x00	; 0
      00013E 00                     368 	.db #0x00	; 0
      00013F 33                     369 	.db #0x33	; 51	'3'
      000140 2E                     370 	.db #0x2e	; 46
      000141 00                     371 	.db #0x00	; 0
      000142 00                     372 	.db #0x00	; 0
      000143 00                     373 	.db #0x00	; 0
      000144 00                     374 	.db #0x00	; 0
      000145 00                     375 	.db #0x00	; 0
      000146 00                     376 	.db #0x00	; 0
      000147 00                     377 	.db #0x00	; 0
      000148 00                     378 	.db #0x00	; 0
      000149 00                     379 	.db #0x00	; 0
      00014A 00                     380 	.db #0x00	; 0
      00014B 00                     381 	.db #0x00	; 0
      00014C 00                     382 	.db #0x00	; 0
      00014D 00                     383 	.db #0x00	; 0
      00014E 00                     384 	.db #0x00	; 0
      00014F 00                     385 	.db #0x00	; 0
      000150 00                     386 	.db #0x00	; 0
      000151 00                     387 	.db #0x00	; 0
      000152 00                     388 	.db #0x00	; 0
      000153 33                     389 	.db #0x33	; 51	'3'
      000154 2F                     390 	.db #0x2f	; 47
      000155 31                     391 	.db #0x31	; 49	'1'
      000156 31                     392 	.db #0x31	; 49	'1'
      000157 31                     393 	.db #0x31	; 49	'1'
      000158 31                     394 	.db #0x31	; 49	'1'
      000159 31                     395 	.db #0x31	; 49	'1'
      00015A 31                     396 	.db #0x31	; 49	'1'
      00015B 31                     397 	.db #0x31	; 49	'1'
      00015C 31                     398 	.db #0x31	; 49	'1'
      00015D 31                     399 	.db #0x31	; 49	'1'
      00015E 31                     400 	.db #0x31	; 49	'1'
      00015F 31                     401 	.db #0x31	; 49	'1'
      000160 31                     402 	.db #0x31	; 49	'1'
      000161 31                     403 	.db #0x31	; 49	'1'
      000162 31                     404 	.db #0x31	; 49	'1'
      000163 31                     405 	.db #0x31	; 49	'1'
      000164 31                     406 	.db #0x31	; 49	'1'
      000165 31                     407 	.db #0x31	; 49	'1'
      000166 31                     408 	.db #0x31	; 49	'1'
      000167 34                     409 	.db #0x34	; 52	'4'
                                    410 	.area _CABS (ABS)
