                                      1 ;--------------------------------------------------------
                                      2 ; File Created by SDCC : free open source ISO C Compiler 
                                      3 ; Version 4.2.2 #13350 (MINGW64)
                                      4 ;--------------------------------------------------------
                                      5 	.module BigSis_Map
                                      6 	.optsdcc -msm83
                                      7 	
                                      8 ;--------------------------------------------------------
                                      9 ; Public variables in this module
                                     10 ;--------------------------------------------------------
                                     11 	.globl _BigSis_Map
                                     12 ;--------------------------------------------------------
                                     13 ; special function registers
                                     14 ;--------------------------------------------------------
                                     15 ;--------------------------------------------------------
                                     16 ; ram data
                                     17 ;--------------------------------------------------------
                                     18 	.area _DATA
                                     19 ;--------------------------------------------------------
                                     20 ; ram data
                                     21 ;--------------------------------------------------------
                                     22 	.area _INITIALIZED
                                     23 ;--------------------------------------------------------
                                     24 ; absolute external ram data
                                     25 ;--------------------------------------------------------
                                     26 	.area _DABS (ABS)
                                     27 ;--------------------------------------------------------
                                     28 ; global & static initialisations
                                     29 ;--------------------------------------------------------
                                     30 	.area _HOME
                                     31 	.area _GSINIT
                                     32 	.area _GSFINAL
                                     33 	.area _GSINIT
                                     34 ;--------------------------------------------------------
                                     35 ; Home
                                     36 ;--------------------------------------------------------
                                     37 	.area _HOME
                                     38 	.area _HOME
                                     39 ;--------------------------------------------------------
                                     40 ; code
                                     41 ;--------------------------------------------------------
                                     42 	.area _CODE
                                     43 	.area _CODE
                           000000    44 G$BigSis_Map$0_0$0 == .
      000000                         45 _BigSis_Map:
      000000 80                      46 	.db #0x80	; 128
      000001 87                      47 	.db #0x87	; 135
      000002 8E                      48 	.db #0x8e	; 142
      000003 A0                      49 	.db #0xa0	; 160
      000004 A0                      50 	.db #0xa0	; 160
      000005 81                      51 	.db #0x81	; 129
      000006 88                      52 	.db #0x88	; 136
      000007 8F                      53 	.db #0x8f	; 143
      000008 94                      54 	.db #0x94	; 148
      000009 A0                      55 	.db #0xa0	; 160
      00000A 82                      56 	.db #0x82	; 130
      00000B 89                      57 	.db #0x89	; 137
      00000C 90                      58 	.db #0x90	; 144
      00000D 95                      59 	.db #0x95	; 149
      00000E 9A                      60 	.db #0x9a	; 154
      00000F 83                      61 	.db #0x83	; 131
      000010 8A                      62 	.db #0x8a	; 138
      000011 91                      63 	.db #0x91	; 145
      000012 96                      64 	.db #0x96	; 150
      000013 9B                      65 	.db #0x9b	; 155
      000014 84                      66 	.db #0x84	; 132
      000015 8B                      67 	.db #0x8b	; 139
      000016 92                      68 	.db #0x92	; 146
      000017 97                      69 	.db #0x97	; 151
      000018 9C                      70 	.db #0x9c	; 156
      000019 85                      71 	.db #0x85	; 133
      00001A 8C                      72 	.db #0x8c	; 140
      00001B 93                      73 	.db #0x93	; 147
      00001C 98                      74 	.db #0x98	; 152
      00001D 9D                      75 	.db #0x9d	; 157
      00001E 86                      76 	.db #0x86	; 134
      00001F 8D                      77 	.db #0x8d	; 141
      000020 A0                      78 	.db #0xa0	; 160
      000021 99                      79 	.db #0x99	; 153
      000022 9E                      80 	.db #0x9e	; 158
                                     81 	.area _INITIALIZER
                                     82 	.area _CABS (ABS)
