                                      1 ;--------------------------------------------------------
                                      2 ; File Created by SDCC : free open source ISO C Compiler 
                                      3 ; Version 4.4.1 #14650 (MINGW64)
                                      4 ;--------------------------------------------------------
                                      5 	.module Car_Tiles
                                      6 	.optsdcc -msm83
                                      7 	
                                      8 ;--------------------------------------------------------
                                      9 ; Public variables in this module
                                     10 ;--------------------------------------------------------
                                     11 	.globl _Car_Tiles
                                     12 ;--------------------------------------------------------
                                     13 ; special function registers
                                     14 ;--------------------------------------------------------
                                     15 ;--------------------------------------------------------
                                     16 ; ram data
                                     17 ;--------------------------------------------------------
                                     18 	.area _DATA
                                     19 ;--------------------------------------------------------
                                     20 ; ram data
                                     21 ;--------------------------------------------------------
                                     22 	.area _INITIALIZED
                                     23 ;--------------------------------------------------------
                                     24 ; absolute external ram data
                                     25 ;--------------------------------------------------------
                                     26 	.area _DABS (ABS)
                                     27 ;--------------------------------------------------------
                                     28 ; global & static initialisations
                                     29 ;--------------------------------------------------------
                                     30 	.area _HOME
                                     31 	.area _GSINIT
                                     32 	.area _GSFINAL
                                     33 	.area _GSINIT
                                     34 ;--------------------------------------------------------
                                     35 ; Home
                                     36 ;--------------------------------------------------------
                                     37 	.area _HOME
                                     38 	.area _HOME
                                     39 ;--------------------------------------------------------
                                     40 ; code
                                     41 ;--------------------------------------------------------
                                     42 	.area _CODE_5
                                     43 	.area _CODE_5
                         00000000    44 G$Car_Tiles$0_0$0 == .
    00000000                         45 _Car_Tiles:
    00000000 01                      46 	.db #0x01	; 1
    00000001 01                      47 	.db #0x01	; 1
    00000002 03                      48 	.db #0x03	; 3
    00000003 02                      49 	.db #0x02	; 2
    00000004 05                      50 	.db #0x05	; 5
    00000005 04                      51 	.db #0x04	; 4
    00000006 0B                      52 	.db #0x0b	; 11
    00000007 09                      53 	.db #0x09	; 9
    00000008 16                      54 	.db #0x16	; 22
    00000009 13                      55 	.db #0x13	; 19
    0000000A 15                      56 	.db #0x15	; 21
    0000000B 13                      57 	.db #0x13	; 19
    0000000C 2F                      58 	.db #0x2f	; 47
    0000000D 27                      59 	.db #0x27	; 39
    0000000E 27                      60 	.db #0x27	; 39
    0000000F 27                      61 	.db #0x27	; 39
    00000010 57                      62 	.db #0x57	; 87	'W'
    00000011 57                      63 	.db #0x57	; 87	'W'
    00000012 77                      64 	.db #0x77	; 119	'w'
    00000013 56                      65 	.db #0x56	; 86	'V'
    00000014 77                      66 	.db #0x77	; 119	'w'
    00000015 54                      67 	.db #0x54	; 84	'T'
    00000016 BF                      68 	.db #0xbf	; 191
    00000017 B0                      69 	.db #0xb0	; 176
    00000018 FE                      70 	.db #0xfe	; 254
    00000019 A0                      71 	.db #0xa0	; 160
    0000001A F7                      72 	.db #0xf7	; 247
    0000001B A0                      73 	.db #0xa0	; 160
    0000001C EF                      74 	.db #0xef	; 239
    0000001D 80                      75 	.db #0x80	; 128
    0000001E CF                      76 	.db #0xcf	; 207
    0000001F 80                      77 	.db #0x80	; 128
    00000020 CF                      78 	.db #0xcf	; 207
    00000021 80                      79 	.db #0x80	; 128
    00000022 4F                      80 	.db #0x4f	; 79	'O'
    00000023 40                      81 	.db #0x40	; 64
    00000024 6F                      82 	.db #0x6f	; 111	'o'
    00000025 40                      83 	.db #0x40	; 64
    00000026 67                      84 	.db #0x67	; 103	'g'
    00000027 40                      85 	.db #0x40	; 64
    00000028 37                      86 	.db #0x37	; 55	'7'
    00000029 20                      87 	.db #0x20	; 32
    0000002A 3F                      88 	.db #0x3f	; 63
    0000002B 20                      89 	.db #0x20	; 32
    0000002C 1E                      90 	.db #0x1e	; 30
    0000002D 10                      91 	.db #0x10	; 16
    0000002E 0E                      92 	.db #0x0e	; 14
    0000002F 08                      93 	.db #0x08	; 8
    00000030 06                      94 	.db #0x06	; 6
    00000031 04                      95 	.db #0x04	; 4
    00000032 03                      96 	.db #0x03	; 3
    00000033 03                      97 	.db #0x03	; 3
    00000034 00                      98 	.db #0x00	; 0
    00000035 00                      99 	.db #0x00	; 0
    00000036 00                     100 	.db #0x00	; 0
    00000037 00                     101 	.db #0x00	; 0
    00000038 00                     102 	.db #0x00	; 0
    00000039 00                     103 	.db #0x00	; 0
    0000003A 00                     104 	.db #0x00	; 0
    0000003B 00                     105 	.db #0x00	; 0
    0000003C 00                     106 	.db #0x00	; 0
    0000003D 00                     107 	.db #0x00	; 0
    0000003E 00                     108 	.db #0x00	; 0
    0000003F 00                     109 	.db #0x00	; 0
    00000040 00                     110 	.db #0x00	; 0
    00000041 00                     111 	.db #0x00	; 0
    00000042 00                     112 	.db #0x00	; 0
    00000043 00                     113 	.db #0x00	; 0
    00000044 00                     114 	.db #0x00	; 0
    00000045 00                     115 	.db #0x00	; 0
    00000046 00                     116 	.db #0x00	; 0
    00000047 00                     117 	.db #0x00	; 0
    00000048 01                     118 	.db #0x01	; 1
    00000049 01                     119 	.db #0x01	; 1
    0000004A 0F                     120 	.db #0x0f	; 15
    0000004B 0E                     121 	.db #0x0e	; 14
    0000004C 3F                     122 	.db #0x3f	; 63
    0000004D 30                     123 	.db #0x30	; 48	'0'
    0000004E 7F                     124 	.db #0x7f	; 127
    0000004F 47                     125 	.db #0x47	; 71	'G'
    00000050 F8                     126 	.db #0xf8	; 248
    00000051 8F                     127 	.db #0x8f	; 143
    00000052 F4                     128 	.db #0xf4	; 244
    00000053 3F                     129 	.db #0x3f	; 63
    00000054 CE                     130 	.db #0xce	; 206
    00000055 FF                     131 	.db #0xff	; 255
    00000056 1F                     132 	.db #0x1f	; 31
    00000057 FF                     133 	.db #0xff	; 255
    00000058 1C                     134 	.db #0x1c	; 28
    00000059 FC                     135 	.db #0xfc	; 252
    0000005A D0                     136 	.db #0xd0	; 208
    0000005B F0                     137 	.db #0xf0	; 240
    0000005C E7                     138 	.db #0xe7	; 231
    0000005D E0                     139 	.db #0xe0	; 224
    0000005E CF                     140 	.db #0xcf	; 207
    0000005F C0                     141 	.db #0xc0	; 192
    00000060 B8                     142 	.db #0xb8	; 184
    00000061 80                     143 	.db #0x80	; 128
    00000062 F1                     144 	.db #0xf1	; 241
    00000063 01                     145 	.db #0x01	; 1
    00000064 C7                     146 	.db #0xc7	; 199
    00000065 07                     147 	.db #0x07	; 7
    00000066 1C                     148 	.db #0x1c	; 28
    00000067 0C                     149 	.db #0x0c	; 12
    00000068 7C                     150 	.db #0x7c	; 124
    00000069 8C                     151 	.db #0x8c	; 140
    0000006A F9                     152 	.db #0xf9	; 249
    0000006B 09                     153 	.db #0x09	; 9
    0000006C F9                     154 	.db #0xf9	; 249
    0000006D 09                     155 	.db #0x09	; 9
    0000006E F9                     156 	.db #0xf9	; 249
    0000006F 09                     157 	.db #0x09	; 9
    00000070 FC                     158 	.db #0xfc	; 252
    00000071 0C                     159 	.db #0x0c	; 12
    00000072 FE                     160 	.db #0xfe	; 254
    00000073 0E                     161 	.db #0x0e	; 14
    00000074 CF                     162 	.db #0xcf	; 207
    00000075 03                     163 	.db #0x03	; 3
    00000076 B7                     164 	.db #0xb7	; 183
    00000077 30                     165 	.db #0x30	; 48	'0'
    00000078 7B                     166 	.db #0x7b	; 123
    00000079 78                     167 	.db #0x78	; 120	'x'
    0000007A 4B                     168 	.db #0x4b	; 75	'K'
    0000007B 78                     169 	.db #0x78	; 120	'x'
    0000007C 85                     170 	.db #0x85	; 133
    0000007D FC                     171 	.db #0xfc	; 252
    0000007E 85                     172 	.db #0x85	; 133
    0000007F EC                     173 	.db #0xec	; 236
    00000080 0B                     174 	.db #0x0b	; 11
    00000081 6E                     175 	.db #0x6e	; 110	'n'
    00000082 8B                     176 	.db #0x8b	; 139
    00000083 EE                     177 	.db #0xee	; 238
    00000084 85                     178 	.db #0x85	; 133
    00000085 E6                     179 	.db #0xe6	; 230
    00000086 44                     180 	.db #0x44	; 68	'D'
    00000087 77                     181 	.db #0x77	; 119	'w'
    00000088 44                     182 	.db #0x44	; 68	'D'
    00000089 77                     183 	.db #0x77	; 119	'w'
    0000008A 21                     184 	.db #0x21	; 33
    0000008B 3F                     185 	.db #0x3f	; 63
    0000008C 13                     186 	.db #0x13	; 19
    0000008D 1F                     187 	.db #0x1f	; 31
    0000008E 0F                     188 	.db #0x0f	; 15
    0000008F 0F                     189 	.db #0x0f	; 15
    00000090 00                     190 	.db #0x00	; 0
    00000091 00                     191 	.db #0x00	; 0
    00000092 00                     192 	.db #0x00	; 0
    00000093 00                     193 	.db #0x00	; 0
    00000094 00                     194 	.db #0x00	; 0
    00000095 00                     195 	.db #0x00	; 0
    00000096 00                     196 	.db #0x00	; 0
    00000097 00                     197 	.db #0x00	; 0
    00000098 F8                     198 	.db #0xf8	; 248
    00000099 F8                     199 	.db #0xf8	; 248
    0000009A FE                     200 	.db #0xfe	; 254
    0000009B 06                     201 	.db #0x06	; 6
    0000009C FF                     202 	.db #0xff	; 255
    0000009D F9                     203 	.db #0xf9	; 249
    0000009E 0F                     204 	.db #0x0f	; 15
    0000009F FC                     205 	.db #0xfc	; 252
    000000A0 FF                     206 	.db #0xff	; 255
    000000A1 FF                     207 	.db #0xff	; 255
    000000A2 F8                     208 	.db #0xf8	; 248
    000000A3 F8                     209 	.db #0xf8	; 248
    000000A4 E0                     210 	.db #0xe0	; 224
    000000A5 E0                     211 	.db #0xe0	; 224
    000000A6 07                     212 	.db #0x07	; 7
    000000A7 00                     213 	.db #0x00	; 0
    000000A8 3E                     214 	.db #0x3e	; 62
    000000A9 00                     215 	.db #0x00	; 0
    000000AA FF                     216 	.db #0xff	; 255
    000000AB 00                     217 	.db #0x00	; 0
    000000AC FF                     218 	.db #0xff	; 255
    000000AD 00                     219 	.db #0x00	; 0
    000000AE FF                     220 	.db #0xff	; 255
    000000AF 00                     221 	.db #0x00	; 0
    000000B0 7F                     222 	.db #0x7f	; 127
    000000B1 00                     223 	.db #0x00	; 0
    000000B2 FF                     224 	.db #0xff	; 255
    000000B3 E0                     225 	.db #0xe0	; 224
    000000B4 1F                     226 	.db #0x1f	; 31
    000000B5 10                     227 	.db #0x10	; 16
    000000B6 0F                     228 	.db #0x0f	; 15
    000000B7 08                     229 	.db #0x08	; 8
    000000B8 E7                     230 	.db #0xe7	; 231
    000000B9 E4                     231 	.db #0xe4	; 228
    000000BA F7                     232 	.db #0xf7	; 247
    000000BB F4                     233 	.db #0xf4	; 244
    000000BC B7                     234 	.db #0xb7	; 183
    000000BD B4                     235 	.db #0xb4	; 180
    000000BE F7                     236 	.db #0xf7	; 247
    000000BF F5                     237 	.db #0xf5	; 245
    000000C0 EE                     238 	.db #0xee	; 238
    000000C1 EA                     239 	.db #0xea	; 234
    000000C2 1C                     240 	.db #0x1c	; 28
    000000C3 1C                     241 	.db #0x1c	; 28
    000000C4 F8                     242 	.db #0xf8	; 248
    000000C5 E8                     243 	.db #0xe8	; 232
    000000C6 F9                     244 	.db #0xf9	; 249
    000000C7 09                     245 	.db #0x09	; 9
    000000C8 F1                     246 	.db #0xf1	; 241
    000000C9 11                     247 	.db #0x11	; 17
    000000CA F2                     248 	.db #0xf2	; 242
    000000CB 12                     249 	.db #0x12	; 18
    000000CC F4                     250 	.db #0xf4	; 244
    000000CD 15                     251 	.db #0x15	; 21
    000000CE FC                     252 	.db #0xfc	; 252
    000000CF 7D                     253 	.db #0x7d	; 125
    000000D0 C2                     254 	.db #0xc2	; 194
    000000D1 C2                     255 	.db #0xc2	; 194
    000000D2 81                     256 	.db #0x81	; 129
    000000D3 FD                     257 	.db #0xfd	; 253
    000000D4 C0                     258 	.db #0xc0	; 192
    000000D5 7F                     259 	.db #0x7f	; 127
    000000D6 F0                     260 	.db #0xf0	; 240
    000000D7 FF                     261 	.db #0xff	; 255
    000000D8 AF                     262 	.db #0xaf	; 175
    000000D9 EF                     263 	.db #0xef	; 239
    000000DA A0                     264 	.db #0xa0	; 160
    000000DB E0                     265 	.db #0xe0	; 224
    000000DC 40                     266 	.db #0x40	; 64
    000000DD C0                     267 	.db #0xc0	; 192
    000000DE 80                     268 	.db #0x80	; 128
    000000DF 80                     269 	.db #0x80	; 128
    000000E0 00                     270 	.db #0x00	; 0
    000000E1 00                     271 	.db #0x00	; 0
    000000E2 00                     272 	.db #0x00	; 0
    000000E3 00                     273 	.db #0x00	; 0
    000000E4 00                     274 	.db #0x00	; 0
    000000E5 00                     275 	.db #0x00	; 0
    000000E6 04                     276 	.db #0x04	; 4
    000000E7 04                     277 	.db #0x04	; 4
    000000E8 3A                     278 	.db #0x3a	; 58
    000000E9 3A                     279 	.db #0x3a	; 58
    000000EA 41                     280 	.db #0x41	; 65	'A'
    000000EB 41                     281 	.db #0x41	; 65	'A'
    000000EC B2                     282 	.db #0xb2	; 178
    000000ED B2                     283 	.db #0xb2	; 178
    000000EE E6                     284 	.db #0xe6	; 230
    000000EF 66                     285 	.db #0x66	; 102	'f'
    000000F0 C3                     286 	.db #0xc3	; 195
    000000F1 C1                     287 	.db #0xc1	; 193
    000000F2 27                     288 	.db #0x27	; 39
    000000F3 24                     289 	.db #0x24	; 36
    000000F4 7D                     290 	.db #0x7d	; 125
    000000F5 18                     291 	.db #0x18	; 24
    000000F6 F0                     292 	.db #0xf0	; 240
    000000F7 00                     293 	.db #0x00	; 0
    000000F8 1C                     294 	.db #0x1c	; 28
    000000F9 00                     295 	.db #0x00	; 0
    000000FA 8E                     296 	.db #0x8e	; 142
    000000FB 00                     297 	.db #0x00	; 0
    000000FC E7                     298 	.db #0xe7	; 231
    000000FD 00                     299 	.db #0x00	; 0
    000000FE F7                     300 	.db #0xf7	; 247
    000000FF 00                     301 	.db #0x00	; 0
    00000100 FB                     302 	.db #0xfb	; 251
    00000101 00                     303 	.db #0x00	; 0
    00000102 FF                     304 	.db #0xff	; 255
    00000103 00                     305 	.db #0x00	; 0
    00000104 FF                     306 	.db #0xff	; 255
    00000105 00                     307 	.db #0x00	; 0
    00000106 FF                     308 	.db #0xff	; 255
    00000107 03                     309 	.db #0x03	; 3
    00000108 FC                     310 	.db #0xfc	; 252
    00000109 0C                     311 	.db #0x0c	; 12
    0000010A F0                     312 	.db #0xf0	; 240
    0000010B 30                     313 	.db #0x30	; 48	'0'
    0000010C C1                     314 	.db #0xc1	; 193
    0000010D 41                     315 	.db #0x41	; 65	'A'
    0000010E 8F                     316 	.db #0x8f	; 143
    0000010F 8F                     317 	.db #0x8f	; 143
    00000110 19                     318 	.db #0x19	; 25
    00000111 19                     319 	.db #0x19	; 25
    00000112 3C                     320 	.db #0x3c	; 60
    00000113 3C                     321 	.db #0x3c	; 60
    00000114 4C                     322 	.db #0x4c	; 76	'L'
    00000115 4C                     323 	.db #0x4c	; 76	'L'
    00000116 E6                     324 	.db #0xe6	; 230
    00000117 E6                     325 	.db #0xe6	; 230
    00000118 F6                     326 	.db #0xf6	; 246
    00000119 F6                     327 	.db #0xf6	; 246
    0000011A 1F                     328 	.db #0x1f	; 31
    0000011B 1F                     329 	.db #0x1f	; 31
    0000011C 08                     330 	.db #0x08	; 8
    0000011D A8                     331 	.db #0xa8	; 168
    0000011E 2F                     332 	.db #0x2f	; 47
    0000011F EF                     333 	.db #0xef	; 239
    00000120 10                     334 	.db #0x10	; 16
    00000121 10                     335 	.db #0x10	; 16
    00000122 E0                     336 	.db #0xe0	; 224
    00000123 E0                     337 	.db #0xe0	; 224
    00000124 00                     338 	.db #0x00	; 0
    00000125 FF                     339 	.db #0xff	; 255
    00000126 00                     340 	.db #0x00	; 0
    00000127 FF                     341 	.db #0xff	; 255
    00000128 FF                     342 	.db #0xff	; 255
    00000129 FF                     343 	.db #0xff	; 255
    0000012A 00                     344 	.db #0x00	; 0
    0000012B 00                     345 	.db #0x00	; 0
    0000012C 00                     346 	.db #0x00	; 0
    0000012D 00                     347 	.db #0x00	; 0
    0000012E 00                     348 	.db #0x00	; 0
    0000012F 00                     349 	.db #0x00	; 0
    00000130 80                     350 	.db #0x80	; 128
    00000131 80                     351 	.db #0x80	; 128
    00000132 C0                     352 	.db #0xc0	; 192
    00000133 40                     353 	.db #0x40	; 64
    00000134 E0                     354 	.db #0xe0	; 224
    00000135 20                     355 	.db #0x20	; 32
    00000136 E0                     356 	.db #0xe0	; 224
    00000137 20                     357 	.db #0x20	; 32
    00000138 7C                     358 	.db #0x7c	; 124
    00000139 1C                     359 	.db #0x1c	; 28
    0000013A 73                     360 	.db #0x73	; 115	's'
    0000013B 13                     361 	.db #0x13	; 19
    0000013C 3F                     362 	.db #0x3f	; 63
    0000013D 10                     363 	.db #0x10	; 16
    0000013E 3E                     364 	.db #0x3e	; 62
    0000013F 02                     365 	.db #0x02	; 2
    00000140 BC                     366 	.db #0xbc	; 188
    00000141 0C                     367 	.db #0x0c	; 12
    00000142 B9                     368 	.db #0xb9	; 185
    00000143 09                     369 	.db #0x09	; 9
    00000144 FB                     370 	.db #0xfb	; 251
    00000145 7B                     371 	.db #0x7b	; 123
    00000146 86                     372 	.db #0x86	; 134
    00000147 86                     373 	.db #0x86	; 134
    00000148 01                     374 	.db #0x01	; 1
    00000149 01                     375 	.db #0x01	; 1
    0000014A 30                     376 	.db #0x30	; 48	'0'
    0000014B 30                     377 	.db #0x30	; 48	'0'
    0000014C EC                     378 	.db #0xec	; 236
    0000014D EC                     379 	.db #0xec	; 236
    0000014E 37                     380 	.db #0x37	; 55	'7'
    0000014F 37                     381 	.db #0x37	; 55	'7'
    00000150 95                     382 	.db #0x95	; 149
    00000151 95                     383 	.db #0x95	; 149
    00000152 95                     384 	.db #0x95	; 149
    00000153 95                     385 	.db #0x95	; 149
    00000154 D7                     386 	.db #0xd7	; 215
    00000155 D7                     387 	.db #0xd7	; 215
    00000156 DC                     388 	.db #0xdc	; 220
    00000157 DC                     389 	.db #0xdc	; 220
    00000158 F3                     390 	.db #0xf3	; 243
    00000159 F3                     391 	.db #0xf3	; 243
    0000015A 8C                     392 	.db #0x8c	; 140
    0000015B 8C                     393 	.db #0x8c	; 140
    0000015C 70                     394 	.db #0x70	; 112	'p'
    0000015D 70                     395 	.db #0x70	; 112	'p'
    0000015E 80                     396 	.db #0x80	; 128
    0000015F 83                     397 	.db #0x83	; 131
    00000160 00                     398 	.db #0x00	; 0
    00000161 0F                     399 	.db #0x0f	; 15
    00000162 01                     400 	.db #0x01	; 1
    00000163 7F                     401 	.db #0x7f	; 127
    00000164 0F                     402 	.db #0x0f	; 15
    00000165 FF                     403 	.db #0xff	; 255
    00000166 78                     404 	.db #0x78	; 120	'x'
    00000167 FF                     405 	.db #0xff	; 255
    00000168 84                     406 	.db #0x84	; 132
    00000169 87                     407 	.db #0x87	; 135
    0000016A 03                     408 	.db #0x03	; 3
    0000016B 03                     409 	.db #0x03	; 3
    0000016C 00                     410 	.db #0x00	; 0
    0000016D 00                     411 	.db #0x00	; 0
    0000016E 00                     412 	.db #0x00	; 0
    0000016F 00                     413 	.db #0x00	; 0
    00000170 00                     414 	.db #0x00	; 0
    00000171 00                     415 	.db #0x00	; 0
    00000172 00                     416 	.db #0x00	; 0
    00000173 00                     417 	.db #0x00	; 0
    00000174 00                     418 	.db #0x00	; 0
    00000175 00                     419 	.db #0x00	; 0
    00000176 00                     420 	.db #0x00	; 0
    00000177 00                     421 	.db #0x00	; 0
    00000178 00                     422 	.db #0x00	; 0
    00000179 00                     423 	.db #0x00	; 0
    0000017A E0                     424 	.db #0xe0	; 224
    0000017B E0                     425 	.db #0xe0	; 224
    0000017C F0                     426 	.db #0xf0	; 240
    0000017D 10                     427 	.db #0x10	; 16
    0000017E 38                     428 	.db #0x38	; 56	'8'
    0000017F 08                     429 	.db #0x08	; 8
    00000180 18                     430 	.db #0x18	; 24
    00000181 08                     431 	.db #0x08	; 8
    00000182 DC                     432 	.db #0xdc	; 220
    00000183 C4                     433 	.db #0xc4	; 196
    00000184 EC                     434 	.db #0xec	; 236
    00000185 E4                     435 	.db #0xe4	; 228
    00000186 EC                     436 	.db #0xec	; 236
    00000187 E4                     437 	.db #0xe4	; 228
    00000188 E8                     438 	.db #0xe8	; 232
    00000189 E8                     439 	.db #0xe8	; 232
    0000018A DC                     440 	.db #0xdc	; 220
    0000018B D4                     441 	.db #0xd4	; 212
    0000018C 7C                     442 	.db #0x7c	; 124
    0000018D 64                     443 	.db #0x64	; 100	'd'
    0000018E 7E                     444 	.db #0x7e	; 126
    0000018F 62                     445 	.db #0x62	; 98	'b'
    00000190 9E                     446 	.db #0x9e	; 158
    00000191 96                     447 	.db #0x96	; 150
    00000192 09                     448 	.db #0x09	; 9
    00000193 29                     449 	.db #0x29	; 41
    00000194 09                     450 	.db #0x09	; 9
    00000195 6B                     451 	.db #0x6b	; 107	'k'
    00000196 91                     452 	.db #0x91	; 145
    00000197 97                     453 	.db #0x97	; 151
    00000198 E2                     454 	.db #0xe2	; 226
    00000199 FE                     455 	.db #0xfe	; 254
    0000019A 04                     456 	.db #0x04	; 4
    0000019B 3C                     457 	.db #0x3c	; 60
    0000019C 08                     458 	.db #0x08	; 8
    0000019D F8                     459 	.db #0xf8	; 248
    0000019E 14                     460 	.db #0x14	; 20
    0000019F FC                     461 	.db #0xfc	; 252
    000001A0 64                     462 	.db #0x64	; 100	'd'
    000001A1 FC                     463 	.db #0xfc	; 252
    000001A2 E4                     464 	.db #0xe4	; 228
    000001A3 FC                     465 	.db #0xfc	; 252
    000001A4 C8                     466 	.db #0xc8	; 200
    000001A5 F8                     467 	.db #0xf8	; 248
    000001A6 10                     468 	.db #0x10	; 16
    000001A7 F0                     469 	.db #0xf0	; 240
    000001A8 20                     470 	.db #0x20	; 32
    000001A9 E0                     471 	.db #0xe0	; 224
    000001AA C0                     472 	.db #0xc0	; 192
    000001AB C0                     473 	.db #0xc0	; 192
    000001AC 00                     474 	.db #0x00	; 0
    000001AD 00                     475 	.db #0x00	; 0
    000001AE 00                     476 	.db #0x00	; 0
    000001AF 00                     477 	.db #0x00	; 0
                                    478 	.area _INITIALIZER
                                    479 	.area _CABS (ABS)
