                                      1 ;--------------------------------------------------------
                                      2 ; File Created by SDCC : free open source ISO C Compiler 
                                      3 ; Version 4.4.1 #14650 (MINGW64)
                                      4 ;--------------------------------------------------------
                                      5 	.module Car_Map
                                      6 	.optsdcc -msm83
                                      7 	
                                      8 ;--------------------------------------------------------
                                      9 ; Public variables in this module
                                     10 ;--------------------------------------------------------
                                     11 	.globl _Car_Map
                                     12 ;--------------------------------------------------------
                                     13 ; special function registers
                                     14 ;--------------------------------------------------------
                                     15 ;--------------------------------------------------------
                                     16 ; ram data
                                     17 ;--------------------------------------------------------
                                     18 	.area _DATA
                                     19 ;--------------------------------------------------------
                                     20 ; ram data
                                     21 ;--------------------------------------------------------
                                     22 	.area _INITIALIZED
                                     23 ;--------------------------------------------------------
                                     24 ; absolute external ram data
                                     25 ;--------------------------------------------------------
                                     26 	.area _DABS (ABS)
                                     27 ;--------------------------------------------------------
                                     28 ; global & static initialisations
                                     29 ;--------------------------------------------------------
                                     30 	.area _HOME
                                     31 	.area _GSINIT
                                     32 	.area _GSFINAL
                                     33 	.area _GSINIT
                                     34 ;--------------------------------------------------------
                                     35 ; Home
                                     36 ;--------------------------------------------------------
                                     37 	.area _HOME
                                     38 	.area _HOME
                                     39 ;--------------------------------------------------------
                                     40 ; code
                                     41 ;--------------------------------------------------------
                                     42 	.area _CODE
                                     43 	.area _CODE
                         00000000    44 G$Car_Map$0_0$0 == .
    00000000                         45 _Car_Map:
    00000000 9B                      46 	.db #0x9b	; 155
    00000001 84                      47 	.db #0x84	; 132
    00000002 89                      48 	.db #0x89	; 137
    00000003 8E                      49 	.db #0x8e	; 142
    00000004 9B                      50 	.db #0x9b	; 155
    00000005 9B                      51 	.db #0x9b	; 155
    00000006 80                      52 	.db #0x80	; 128
    00000007 85                      53 	.db #0x85	; 133
    00000008 8A                      54 	.db #0x8a	; 138
    00000009 8F                      55 	.db #0x8f	; 143
    0000000A 93                      56 	.db #0x93	; 147
    0000000B 97                      57 	.db #0x97	; 151
    0000000C 81                      58 	.db #0x81	; 129
    0000000D 86                      59 	.db #0x86	; 134
    0000000E 8B                      60 	.db #0x8b	; 139
    0000000F 90                      61 	.db #0x90	; 144
    00000010 94                      62 	.db #0x94	; 148
    00000011 98                      63 	.db #0x98	; 152
    00000012 82                      64 	.db #0x82	; 130
    00000013 87                      65 	.db #0x87	; 135
    00000014 8C                      66 	.db #0x8c	; 140
    00000015 91                      67 	.db #0x91	; 145
    00000016 95                      68 	.db #0x95	; 149
    00000017 99                      69 	.db #0x99	; 153
    00000018 83                      70 	.db #0x83	; 131
    00000019 88                      71 	.db #0x88	; 136
    0000001A 8D                      72 	.db #0x8d	; 141
    0000001B 92                      73 	.db #0x92	; 146
    0000001C 96                      74 	.db #0x96	; 150
    0000001D 9A                      75 	.db #0x9a	; 154
                                     76 	.area _INITIALIZER
                                     77 	.area _CABS (ABS)
