                                      1 ;--------------------------------------------------------
                                      2 ; File Created by SDCC : free open source ISO C Compiler 
                                      3 ; Version 4.2.2 #13350 (MINGW64)
                                      4 ;--------------------------------------------------------
                                      5 	.module Cop_Tiles
                                      6 	.optsdcc -msm83
                                      7 	
                                      8 ;--------------------------------------------------------
                                      9 ; Public variables in this module
                                     10 ;--------------------------------------------------------
                                     11 	.globl _Cop_Tiles
                                     12 ;--------------------------------------------------------
                                     13 ; special function registers
                                     14 ;--------------------------------------------------------
                                     15 ;--------------------------------------------------------
                                     16 ; ram data
                                     17 ;--------------------------------------------------------
                                     18 	.area _DATA
                                     19 ;--------------------------------------------------------
                                     20 ; ram data
                                     21 ;--------------------------------------------------------
                                     22 	.area _INITIALIZED
                                     23 ;--------------------------------------------------------
                                     24 ; absolute external ram data
                                     25 ;--------------------------------------------------------
                                     26 	.area _DABS (ABS)
                                     27 ;--------------------------------------------------------
                                     28 ; global & static initialisations
                                     29 ;--------------------------------------------------------
                                     30 	.area _HOME
                                     31 	.area _GSINIT
                                     32 	.area _GSFINAL
                                     33 	.area _GSINIT
                                     34 ;--------------------------------------------------------
                                     35 ; Home
                                     36 ;--------------------------------------------------------
                                     37 	.area _HOME
                                     38 	.area _HOME
                                     39 ;--------------------------------------------------------
                                     40 ; code
                                     41 ;--------------------------------------------------------
                                     42 	.area _CODE
                                     43 	.area _CODE
                           000000    44 G$Cop_Tiles$0_0$0 == .
      000000                         45 _Cop_Tiles:
      000000 00                      46 	.db #0x00	; 0
      000001 00                      47 	.db #0x00	; 0
      000002 00                      48 	.db #0x00	; 0
      000003 00                      49 	.db #0x00	; 0
      000004 00                      50 	.db #0x00	; 0
      000005 00                      51 	.db #0x00	; 0
      000006 00                      52 	.db #0x00	; 0
      000007 00                      53 	.db #0x00	; 0
      000008 00                      54 	.db #0x00	; 0
      000009 00                      55 	.db #0x00	; 0
      00000A 00                      56 	.db #0x00	; 0
      00000B 00                      57 	.db #0x00	; 0
      00000C 01                      58 	.db #0x01	; 1
      00000D 00                      59 	.db #0x00	; 0
      00000E 03                      60 	.db #0x03	; 3
      00000F 01                      61 	.db #0x01	; 1
      000010 06                      62 	.db #0x06	; 6
      000011 02                      63 	.db #0x02	; 2
      000012 04                      64 	.db #0x04	; 4
      000013 04                      65 	.db #0x04	; 4
      000014 0C                      66 	.db #0x0c	; 12
      000015 08                      67 	.db #0x08	; 8
      000016 08                      68 	.db #0x08	; 8
      000017 08                      69 	.db #0x08	; 8
      000018 08                      70 	.db #0x08	; 8
      000019 08                      71 	.db #0x08	; 8
      00001A 0C                      72 	.db #0x0c	; 12
      00001B 08                      73 	.db #0x08	; 8
      00001C 04                      74 	.db #0x04	; 4
      00001D 04                      75 	.db #0x04	; 4
      00001E 06                      76 	.db #0x06	; 6
      00001F 04                      77 	.db #0x04	; 4
      000020 02                      78 	.db #0x02	; 2
      000021 02                      79 	.db #0x02	; 2
      000022 01                      80 	.db #0x01	; 1
      000023 01                      81 	.db #0x01	; 1
      000024 00                      82 	.db #0x00	; 0
      000025 00                      83 	.db #0x00	; 0
      000026 00                      84 	.db #0x00	; 0
      000027 00                      85 	.db #0x00	; 0
      000028 00                      86 	.db #0x00	; 0
      000029 00                      87 	.db #0x00	; 0
      00002A 00                      88 	.db #0x00	; 0
      00002B 00                      89 	.db #0x00	; 0
      00002C 00                      90 	.db #0x00	; 0
      00002D 00                      91 	.db #0x00	; 0
      00002E 00                      92 	.db #0x00	; 0
      00002F 00                      93 	.db #0x00	; 0
      000030 00                      94 	.db #0x00	; 0
      000031 00                      95 	.db #0x00	; 0
      000032 00                      96 	.db #0x00	; 0
      000033 00                      97 	.db #0x00	; 0
      000034 00                      98 	.db #0x00	; 0
      000035 00                      99 	.db #0x00	; 0
      000036 00                     100 	.db #0x00	; 0
      000037 00                     101 	.db #0x00	; 0
      000038 00                     102 	.db #0x00	; 0
      000039 00                     103 	.db #0x00	; 0
      00003A 00                     104 	.db #0x00	; 0
      00003B 00                     105 	.db #0x00	; 0
      00003C 00                     106 	.db #0x00	; 0
      00003D 01                     107 	.db #0x01	; 1
      00003E 01                     108 	.db #0x01	; 1
      00003F 01                     109 	.db #0x01	; 1
      000040 00                     110 	.db #0x00	; 0
      000041 00                     111 	.db #0x00	; 0
      000042 00                     112 	.db #0x00	; 0
      000043 00                     113 	.db #0x00	; 0
      000044 03                     114 	.db #0x03	; 3
      000045 01                     115 	.db #0x01	; 1
      000046 3C                     116 	.db #0x3c	; 60
      000047 1E                     117 	.db #0x1e	; 30
      000048 24                     118 	.db #0x24	; 36
      000049 20                     119 	.db #0x20	; 32
      00004A 60                     120 	.db #0x60	; 96
      00004B 60                     121 	.db #0x60	; 96
      00004C D0                     122 	.db #0xd0	; 208
      00004D 90                     123 	.db #0x90	; 144
      00004E 04                     124 	.db #0x04	; 4
      00004F 00                     125 	.db #0x00	; 0
      000050 00                     126 	.db #0x00	; 0
      000051 04                     127 	.db #0x04	; 4
      000052 04                     128 	.db #0x04	; 4
      000053 04                     129 	.db #0x04	; 4
      000054 34                     130 	.db #0x34	; 52	'4'
      000055 34                     131 	.db #0x34	; 52	'4'
      000056 0C                     132 	.db #0x0c	; 12
      000057 18                     133 	.db #0x18	; 24
      000058 34                     134 	.db #0x34	; 52	'4'
      000059 1C                     135 	.db #0x1c	; 28
      00005A 6E                     136 	.db #0x6e	; 110	'n'
      00005B 26                     137 	.db #0x26	; 38
      00005C 59                     138 	.db #0x59	; 89	'Y'
      00005D 59                     139 	.db #0x59	; 89	'Y'
      00005E B3                     140 	.db #0xb3	; 179
      00005F A3                     141 	.db #0xa3	; 163
      000060 AC                     142 	.db #0xac	; 172
      000061 A4                     143 	.db #0xa4	; 164
      000062 C8                     144 	.db #0xc8	; 200
      000063 48                     145 	.db #0x48	; 72	'H'
      000064 D8                     146 	.db #0xd8	; 216
      000065 DA                     147 	.db #0xda	; 218
      000066 3F                     148 	.db #0x3f	; 63
      000067 7B                     149 	.db #0x7b	; 123
      000068 47                     150 	.db #0x47	; 71	'G'
      000069 4E                     151 	.db #0x4e	; 78	'N'
      00006A C0                     152 	.db #0xc0	; 192
      00006B 80                     153 	.db #0x80	; 128
      00006C 80                     154 	.db #0x80	; 128
      00006D 80                     155 	.db #0x80	; 128
      00006E 80                     156 	.db #0x80	; 128
      00006F 80                     157 	.db #0x80	; 128
      000070 80                     158 	.db #0x80	; 128
      000071 80                     159 	.db #0x80	; 128
      000072 40                     160 	.db #0x40	; 64
      000073 40                     161 	.db #0x40	; 64
      000074 30                     162 	.db #0x30	; 48	'0'
      000075 30                     163 	.db #0x30	; 48	'0'
      000076 1F                     164 	.db #0x1f	; 31
      000077 0F                     165 	.db #0x0f	; 15
      000078 08                     166 	.db #0x08	; 8
      000079 08                     167 	.db #0x08	; 8
      00007A 0C                     168 	.db #0x0c	; 12
      00007B 04                     169 	.db #0x04	; 4
      00007C 04                     170 	.db #0x04	; 4
      00007D 04                     171 	.db #0x04	; 4
      00007E 06                     172 	.db #0x06	; 6
      00007F 04                     173 	.db #0x04	; 4
      000080 06                     174 	.db #0x06	; 6
      000081 02                     175 	.db #0x02	; 2
      000082 02                     176 	.db #0x02	; 2
      000083 02                     177 	.db #0x02	; 2
      000084 00                     178 	.db #0x00	; 0
      000085 03                     179 	.db #0x03	; 3
      000086 01                     180 	.db #0x01	; 1
      000087 01                     181 	.db #0x01	; 1
      000088 01                     182 	.db #0x01	; 1
      000089 01                     183 	.db #0x01	; 1
      00008A 00                     184 	.db #0x00	; 0
      00008B 00                     185 	.db #0x00	; 0
      00008C 03                     186 	.db #0x03	; 3
      00008D 03                     187 	.db #0x03	; 3
      00008E 0F                     188 	.db #0x0f	; 15
      00008F 0F                     189 	.db #0x0f	; 15
      000090 0F                     190 	.db #0x0f	; 15
      000091 07                     191 	.db #0x07	; 7
      000092 38                     192 	.db #0x38	; 56	'8'
      000093 78                     193 	.db #0x78	; 120	'x'
      000094 40                     194 	.db #0x40	; 64
      000095 40                     195 	.db #0x40	; 64
      000096 20                     196 	.db #0x20	; 32
      000097 20                     197 	.db #0x20	; 32
      000098 70                     198 	.db #0x70	; 112	'p'
      000099 F0                     199 	.db #0xf0	; 240
      00009A C8                     200 	.db #0xc8	; 200
      00009B 8C                     201 	.db #0x8c	; 140
      00009C 56                     202 	.db #0x56	; 86	'V'
      00009D 16                     203 	.db #0x16	; 22
      00009E 37                     204 	.db #0x37	; 55	'7'
      00009F 37                     205 	.db #0x37	; 55	'7'
      0000A0 C1                     206 	.db #0xc1	; 193
      0000A1 C3                     207 	.db #0xc3	; 195
      0000A2 47                     208 	.db #0x47	; 71	'G'
      0000A3 47                     209 	.db #0x47	; 71	'G'
      0000A4 C2                     210 	.db #0xc2	; 194
      0000A5 A2                     211 	.db #0xa2	; 162
      0000A6 41                     212 	.db #0x41	; 65	'A'
      0000A7 41                     213 	.db #0x41	; 65	'A'
      0000A8 40                     214 	.db #0x40	; 64
      0000A9 40                     215 	.db #0x40	; 64
      0000AA C6                     216 	.db #0xc6	; 198
      0000AB 87                     217 	.db #0x87	; 135
      0000AC 8A                     218 	.db #0x8a	; 138
      0000AD 88                     219 	.db #0x88	; 136
      0000AE DB                     220 	.db #0xdb	; 219
      0000AF 91                     221 	.db #0x91	; 145
      0000B0 6E                     222 	.db #0x6e	; 110	'n'
      0000B1 6E                     223 	.db #0x6e	; 110	'n'
      0000B2 74                     224 	.db #0x74	; 116	't'
      0000B3 5C                     225 	.db #0x5c	; 92
      0000B4 47                     226 	.db #0x47	; 71	'G'
      0000B5 43                     227 	.db #0x43	; 67	'C'
      0000B6 4F                     228 	.db #0x4f	; 79	'O'
      0000B7 4F                     229 	.db #0x4f	; 79	'O'
      0000B8 71                     230 	.db #0x71	; 113	'q'
      0000B9 31                     231 	.db #0x31	; 49	'1'
      0000BA 0B                     232 	.db #0x0b	; 11
      0000BB 0B                     233 	.db #0x0b	; 11
      0000BC 67                     234 	.db #0x67	; 103	'g'
      0000BD 67                     235 	.db #0x67	; 103	'g'
      0000BE 99                     236 	.db #0x99	; 153
      0000BF 99                     237 	.db #0x99	; 153
      0000C0 04                     238 	.db #0x04	; 4
      0000C1 04                     239 	.db #0x04	; 4
      0000C2 5C                     240 	.db #0x5c	; 92
      0000C3 2C                     241 	.db #0x2c	; 44
      0000C4 11                     242 	.db #0x11	; 17
      0000C5 11                     243 	.db #0x11	; 17
      0000C6 30                     244 	.db #0x30	; 48	'0'
      0000C7 10                     245 	.db #0x10	; 16
      0000C8 E0                     246 	.db #0xe0	; 224
      0000C9 E0                     247 	.db #0xe0	; 224
      0000CA 00                     248 	.db #0x00	; 0
      0000CB 00                     249 	.db #0x00	; 0
      0000CC 01                     250 	.db #0x01	; 1
      0000CD 01                     251 	.db #0x01	; 1
      0000CE 00                     252 	.db #0x00	; 0
      0000CF 00                     253 	.db #0x00	; 0
      0000D0 00                     254 	.db #0x00	; 0
      0000D1 00                     255 	.db #0x00	; 0
      0000D2 01                     256 	.db #0x01	; 1
      0000D3 01                     257 	.db #0x01	; 1
      0000D4 02                     258 	.db #0x02	; 2
      0000D5 02                     259 	.db #0x02	; 2
      0000D6 C4                     260 	.db #0xc4	; 196
      0000D7 84                     261 	.db #0x84	; 132
      0000D8 78                     262 	.db #0x78	; 120	'x'
      0000D9 7C                     263 	.db #0x7c	; 124
      0000DA 00                     264 	.db #0x00	; 0
      0000DB 00                     265 	.db #0x00	; 0
      0000DC 00                     266 	.db #0x00	; 0
      0000DD 00                     267 	.db #0x00	; 0
      0000DE 00                     268 	.db #0x00	; 0
      0000DF 00                     269 	.db #0x00	; 0
      0000E0 00                     270 	.db #0x00	; 0
      0000E1 00                     271 	.db #0x00	; 0
      0000E2 00                     272 	.db #0x00	; 0
      0000E3 00                     273 	.db #0x00	; 0
      0000E4 00                     274 	.db #0x00	; 0
      0000E5 00                     275 	.db #0x00	; 0
      0000E6 00                     276 	.db #0x00	; 0
      0000E7 00                     277 	.db #0x00	; 0
      0000E8 00                     278 	.db #0x00	; 0
      0000E9 00                     279 	.db #0x00	; 0
      0000EA 81                     280 	.db #0x81	; 129
      0000EB 81                     281 	.db #0x81	; 129
      0000EC FF                     282 	.db #0xff	; 255
      0000ED FF                     283 	.db #0xff	; 255
      0000EE FE                     284 	.db #0xfe	; 254
      0000EF FE                     285 	.db #0xfe	; 254
      0000F0 00                     286 	.db #0x00	; 0
      0000F1 00                     287 	.db #0x00	; 0
      0000F2 00                     288 	.db #0x00	; 0
      0000F3 00                     289 	.db #0x00	; 0
      0000F4 00                     290 	.db #0x00	; 0
      0000F5 00                     291 	.db #0x00	; 0
      0000F6 00                     292 	.db #0x00	; 0
      0000F7 00                     293 	.db #0x00	; 0
      0000F8 00                     294 	.db #0x00	; 0
      0000F9 00                     295 	.db #0x00	; 0
      0000FA 00                     296 	.db #0x00	; 0
      0000FB 00                     297 	.db #0x00	; 0
      0000FC 00                     298 	.db #0x00	; 0
      0000FD 00                     299 	.db #0x00	; 0
      0000FE F0                     300 	.db #0xf0	; 240
      0000FF E0                     301 	.db #0xe0	; 224
      000100 18                     302 	.db #0x18	; 24
      000101 10                     303 	.db #0x10	; 16
      000102 0C                     304 	.db #0x0c	; 12
      000103 0C                     305 	.db #0x0c	; 12
      000104 F2                     306 	.db #0xf2	; 242
      000105 F2                     307 	.db #0xf2	; 242
      000106 F1                     308 	.db #0xf1	; 241
      000107 91                     309 	.db #0x91	; 145
      000108 63                     310 	.db #0x63	; 99	'c'
      000109 61                     311 	.db #0x61	; 97	'a'
      00010A 03                     312 	.db #0x03	; 3
      00010B 02                     313 	.db #0x02	; 2
      00010C 3C                     314 	.db #0x3c	; 60
      00010D 0C                     315 	.db #0x0c	; 12
      00010E FA                     316 	.db #0xfa	; 250
      00010F FA                     317 	.db #0xfa	; 250
      000110 F9                     318 	.db #0xf9	; 249
      000111 F5                     319 	.db #0xf5	; 245
      000112 04                     320 	.db #0x04	; 4
      000113 04                     321 	.db #0x04	; 4
      000114 DA                     322 	.db #0xda	; 218
      000115 DA                     323 	.db #0xda	; 218
      000116 79                     324 	.db #0x79	; 121	'y'
      000117 11                     325 	.db #0x11	; 17
      000118 81                     326 	.db #0x81	; 129
      000119 05                     327 	.db #0x05	; 5
      00011A 29                     328 	.db #0x29	; 41
      00011B AD                     329 	.db #0xad	; 173
      00011C 8A                     330 	.db #0x8a	; 138
      00011D C2                     331 	.db #0xc2	; 194
      00011E 06                     332 	.db #0x06	; 6
      00011F 36                     333 	.db #0x36	; 54	'6'
      000120 49                     334 	.db #0x49	; 73	'I'
      000121 C9                     335 	.db #0xc9	; 201
      000122 19                     336 	.db #0x19	; 25
      000123 09                     337 	.db #0x09	; 9
      000124 39                     338 	.db #0x39	; 57	'9'
      000125 11                     339 	.db #0x11	; 17
      000126 EF                     340 	.db #0xef	; 239
      000127 EE                     341 	.db #0xee	; 238
      000128 C8                     342 	.db #0xc8	; 200
      000129 C8                     343 	.db #0xc8	; 200
      00012A 90                     344 	.db #0x90	; 144
      00012B D0                     345 	.db #0xd0	; 208
      00012C E1                     346 	.db #0xe1	; 225
      00012D E1                     347 	.db #0xe1	; 225
      00012E C2                     348 	.db #0xc2	; 194
      00012F C6                     349 	.db #0xc6	; 198
      000130 04                     350 	.db #0x04	; 4
      000131 04                     351 	.db #0x04	; 4
      000132 C3                     352 	.db #0xc3	; 195
      000133 C5                     353 	.db #0xc5	; 197
      000134 23                     354 	.db #0x23	; 35
      000135 22                     355 	.db #0x22	; 34
      000136 C0                     356 	.db #0xc0	; 192
      000137 C0                     357 	.db #0xc0	; 192
      000138 00                     358 	.db #0x00	; 0
      000139 00                     359 	.db #0x00	; 0
      00013A C0                     360 	.db #0xc0	; 192
      00013B C0                     361 	.db #0xc0	; 192
      00013C 20                     362 	.db #0x20	; 32
      00013D 20                     363 	.db #0x20	; 32
      00013E C0                     364 	.db #0xc0	; 192
      00013F C0                     365 	.db #0xc0	; 192
      000140 C0                     366 	.db #0xc0	; 192
      000141 C0                     367 	.db #0xc0	; 192
      000142 40                     368 	.db #0x40	; 64
      000143 40                     369 	.db #0x40	; 64
      000144 20                     370 	.db #0x20	; 32
      000145 20                     371 	.db #0x20	; 32
      000146 20                     372 	.db #0x20	; 32
      000147 20                     373 	.db #0x20	; 32
      000148 11                     374 	.db #0x11	; 17
      000149 11                     375 	.db #0x11	; 17
      00014A 1E                     376 	.db #0x1e	; 30
      00014B 1E                     377 	.db #0x1e	; 30
      00014C 00                     378 	.db #0x00	; 0
      00014D 00                     379 	.db #0x00	; 0
      00014E 00                     380 	.db #0x00	; 0
      00014F 00                     381 	.db #0x00	; 0
      000150 00                     382 	.db #0x00	; 0
      000151 00                     383 	.db #0x00	; 0
      000152 70                     384 	.db #0x70	; 112	'p'
      000153 70                     385 	.db #0x70	; 112	'p'
      000154 40                     386 	.db #0x40	; 64
      000155 40                     387 	.db #0x40	; 64
      000156 A0                     388 	.db #0xa0	; 160
      000157 A0                     389 	.db #0xa0	; 160
      000158 A0                     390 	.db #0xa0	; 160
      000159 A0                     391 	.db #0xa0	; 160
      00015A 10                     392 	.db #0x10	; 16
      00015B 10                     393 	.db #0x10	; 16
      00015C 1F                     394 	.db #0x1f	; 31
      00015D 1F                     395 	.db #0x1f	; 31
      00015E 1F                     396 	.db #0x1f	; 31
      00015F 1F                     397 	.db #0x1f	; 31
      000160 00                     398 	.db #0x00	; 0
      000161 00                     399 	.db #0x00	; 0
      000162 18                     400 	.db #0x18	; 24
      000163 38                     401 	.db #0x38	; 56	'8'
      000164 24                     402 	.db #0x24	; 36
      000165 24                     403 	.db #0x24	; 36
      000166 32                     404 	.db #0x32	; 50	'2'
      000167 32                     405 	.db #0x32	; 50	'2'
      000168 E1                     406 	.db #0xe1	; 225
      000169 C5                     407 	.db #0xc5	; 197
      00016A 45                     408 	.db #0x45	; 69	'E'
      00016B 49                     409 	.db #0x49	; 73	'I'
      00016C E9                     410 	.db #0xe9	; 233
      00016D 41                     411 	.db #0x41	; 65	'A'
      00016E B1                     412 	.db #0xb1	; 177
      00016F F0                     413 	.db #0xf0	; 240
      000170 91                     414 	.db #0x91	; 145
      000171 90                     415 	.db #0x90	; 144
      000172 19                     416 	.db #0x19	; 25
      000173 0C                     417 	.db #0x0c	; 12
      000174 18                     418 	.db #0x18	; 24
      000175 19                     419 	.db #0x19	; 25
      000176 9F                     420 	.db #0x9f	; 159
      000177 DF                     421 	.db #0xdf	; 223
      000178 71                     422 	.db #0x71	; 113	'q'
      000179 70                     423 	.db #0x70	; 112	'p'
      00017A 5F                     424 	.db #0x5f	; 95
      00017B 5F                     425 	.db #0x5f	; 95
      00017C 10                     426 	.db #0x10	; 16
      00017D 10                     427 	.db #0x10	; 16
      00017E 0F                     428 	.db #0x0f	; 15
      00017F 0F                     429 	.db #0x0f	; 15
      000180 08                     430 	.db #0x08	; 8
      000181 08                     431 	.db #0x08	; 8
      000182 00                     432 	.db #0x00	; 0
      000183 08                     433 	.db #0x08	; 8
      000184 08                     434 	.db #0x08	; 8
      000185 00                     435 	.db #0x00	; 0
      000186 00                     436 	.db #0x00	; 0
      000187 00                     437 	.db #0x00	; 0
      000188 00                     438 	.db #0x00	; 0
      000189 00                     439 	.db #0x00	; 0
      00018A 0F                     440 	.db #0x0f	; 15
      00018B 0F                     441 	.db #0x0f	; 15
      00018C 08                     442 	.db #0x08	; 8
      00018D 08                     443 	.db #0x08	; 8
      00018E 98                     444 	.db #0x98	; 152
      00018F C8                     445 	.db #0xc8	; 200
      000190 58                     446 	.db #0x58	; 88	'X'
      000191 48                     447 	.db #0x48	; 72	'H'
      000192 88                     448 	.db #0x88	; 136
      000193 48                     449 	.db #0x48	; 72	'H'
      000194 84                     450 	.db #0x84	; 132
      000195 84                     451 	.db #0x84	; 132
      000196 04                     452 	.db #0x04	; 4
      000197 04                     453 	.db #0x04	; 4
      000198 02                     454 	.db #0x02	; 2
      000199 02                     455 	.db #0x02	; 2
      00019A 02                     456 	.db #0x02	; 2
      00019B 02                     457 	.db #0x02	; 2
      00019C 03                     458 	.db #0x03	; 3
      00019D 01                     459 	.db #0x01	; 1
      00019E 01                     460 	.db #0x01	; 1
      00019F 01                     461 	.db #0x01	; 1
      0001A0 01                     462 	.db #0x01	; 1
      0001A1 01                     463 	.db #0x01	; 1
      0001A2 03                     464 	.db #0x03	; 3
      0001A3 03                     465 	.db #0x03	; 3
      0001A4 0C                     466 	.db #0x0c	; 12
      0001A5 0C                     467 	.db #0x0c	; 12
      0001A6 38                     468 	.db #0x38	; 56	'8'
      0001A7 38                     469 	.db #0x38	; 56	'8'
      0001A8 C8                     470 	.db #0xc8	; 200
      0001A9 C8                     471 	.db #0xc8	; 200
      0001AA 08                     472 	.db #0x08	; 8
      0001AB 08                     473 	.db #0x08	; 8
      0001AC 08                     474 	.db #0x08	; 8
      0001AD 08                     475 	.db #0x08	; 8
      0001AE 00                     476 	.db #0x00	; 0
      0001AF 18                     477 	.db #0x18	; 24
      0001B0 10                     478 	.db #0x10	; 16
      0001B1 10                     479 	.db #0x10	; 16
      0001B2 10                     480 	.db #0x10	; 16
      0001B3 10                     481 	.db #0x10	; 16
      0001B4 10                     482 	.db #0x10	; 16
      0001B5 10                     483 	.db #0x10	; 16
      0001B6 10                     484 	.db #0x10	; 16
      0001B7 10                     485 	.db #0x10	; 16
      0001B8 30                     486 	.db #0x30	; 48	'0'
      0001B9 20                     487 	.db #0x20	; 32
      0001BA 20                     488 	.db #0x20	; 32
      0001BB 20                     489 	.db #0x20	; 32
      0001BC F8                     490 	.db #0xf8	; 248
      0001BD F8                     491 	.db #0xf8	; 248
      0001BE FE                     492 	.db #0xfe	; 254
      0001BF FE                     493 	.db #0xfe	; 254
      0001C0 00                     494 	.db #0x00	; 0
      0001C1 00                     495 	.db #0x00	; 0
      0001C2 00                     496 	.db #0x00	; 0
      0001C3 00                     497 	.db #0x00	; 0
      0001C4 00                     498 	.db #0x00	; 0
      0001C5 00                     499 	.db #0x00	; 0
      0001C6 00                     500 	.db #0x00	; 0
      0001C7 00                     501 	.db #0x00	; 0
      0001C8 00                     502 	.db #0x00	; 0
      0001C9 00                     503 	.db #0x00	; 0
      0001CA 00                     504 	.db #0x00	; 0
      0001CB 00                     505 	.db #0x00	; 0
      0001CC 80                     506 	.db #0x80	; 128
      0001CD 00                     507 	.db #0x00	; 0
      0001CE 80                     508 	.db #0x80	; 128
      0001CF C0                     509 	.db #0xc0	; 192
      0001D0 E0                     510 	.db #0xe0	; 224
      0001D1 E0                     511 	.db #0xe0	; 224
      0001D2 A0                     512 	.db #0xa0	; 160
      0001D3 E0                     513 	.db #0xe0	; 224
      0001D4 B0                     514 	.db #0xb0	; 176
      0001D5 E0                     515 	.db #0xe0	; 224
      0001D6 70                     516 	.db #0x70	; 112	'p'
      0001D7 70                     517 	.db #0x70	; 112	'p'
      0001D8 B0                     518 	.db #0xb0	; 176
      0001D9 B0                     519 	.db #0xb0	; 176
      0001DA 50                     520 	.db #0x50	; 80	'P'
      0001DB 50                     521 	.db #0x50	; 80	'P'
      0001DC D0                     522 	.db #0xd0	; 208
      0001DD 90                     523 	.db #0x90	; 144
      0001DE 10                     524 	.db #0x10	; 16
      0001DF 10                     525 	.db #0x10	; 16
      0001E0 10                     526 	.db #0x10	; 16
      0001E1 10                     527 	.db #0x10	; 16
      0001E2 30                     528 	.db #0x30	; 48	'0'
      0001E3 10                     529 	.db #0x10	; 16
      0001E4 20                     530 	.db #0x20	; 32
      0001E5 20                     531 	.db #0x20	; 32
      0001E6 20                     532 	.db #0x20	; 32
      0001E7 20                     533 	.db #0x20	; 32
      0001E8 60                     534 	.db #0x60	; 96
      0001E9 40                     535 	.db #0x40	; 64
      0001EA C0                     536 	.db #0xc0	; 192
      0001EB 80                     537 	.db #0x80	; 128
      0001EC 00                     538 	.db #0x00	; 0
      0001ED 00                     539 	.db #0x00	; 0
      0001EE 00                     540 	.db #0x00	; 0
      0001EF 00                     541 	.db #0x00	; 0
      0001F0 AC                     542 	.db #0xac	; 172
      0001F1 A4                     543 	.db #0xa4	; 164
      0001F2 C8                     544 	.db #0xc8	; 200
      0001F3 48                     545 	.db #0x48	; 72	'H'
      0001F4 D8                     546 	.db #0xd8	; 216
      0001F5 DA                     547 	.db #0xda	; 218
      0001F6 3F                     548 	.db #0x3f	; 63
      0001F7 7B                     549 	.db #0x7b	; 123
      0001F8 47                     550 	.db #0x47	; 71	'G'
      0001F9 4E                     551 	.db #0x4e	; 78	'N'
      0001FA C4                     552 	.db #0xc4	; 196
      0001FB 84                     553 	.db #0x84	; 132
      0001FC 84                     554 	.db #0x84	; 132
      0001FD 80                     555 	.db #0x80	; 128
      0001FE 84                     556 	.db #0x84	; 132
      0001FF 84                     557 	.db #0x84	; 132
      000200 83                     558 	.db #0x83	; 131
      000201 82                     559 	.db #0x82	; 130
      000202 40                     560 	.db #0x40	; 64
      000203 40                     561 	.db #0x40	; 64
      000204 30                     562 	.db #0x30	; 48	'0'
      000205 30                     563 	.db #0x30	; 48	'0'
      000206 1F                     564 	.db #0x1f	; 31
      000207 0F                     565 	.db #0x0f	; 15
      000208 08                     566 	.db #0x08	; 8
      000209 08                     567 	.db #0x08	; 8
      00020A 0C                     568 	.db #0x0c	; 12
      00020B 04                     569 	.db #0x04	; 4
      00020C 04                     570 	.db #0x04	; 4
      00020D 04                     571 	.db #0x04	; 4
      00020E 06                     572 	.db #0x06	; 6
      00020F 04                     573 	.db #0x04	; 4
      000210 04                     574 	.db #0x04	; 4
      000211 04                     575 	.db #0x04	; 4
      000212 5C                     576 	.db #0x5c	; 92
      000213 28                     577 	.db #0x28	; 40
      000214 15                     578 	.db #0x15	; 21
      000215 15                     579 	.db #0x15	; 21
      000216 30                     580 	.db #0x30	; 48	'0'
      000217 14                     581 	.db #0x14	; 20
      000218 E4                     582 	.db #0xe4	; 228
      000219 E4                     583 	.db #0xe4	; 228
      00021A 04                     584 	.db #0x04	; 4
      00021B 00                     585 	.db #0x00	; 0
      00021C 0D                     586 	.db #0x0d	; 13
      00021D 05                     587 	.db #0x05	; 5
      00021E 08                     588 	.db #0x08	; 8
      00021F 0C                     589 	.db #0x0c	; 12
      000220 08                     590 	.db #0x08	; 8
      000221 00                     591 	.db #0x00	; 0
      000222 09                     592 	.db #0x09	; 9
      000223 09                     593 	.db #0x09	; 9
      000224 02                     594 	.db #0x02	; 2
      000225 0A                     595 	.db #0x0a	; 10
      000226 CC                     596 	.db #0xcc	; 204
      000227 8C                     597 	.db #0x8c	; 140
      000228 78                     598 	.db #0x78	; 120	'x'
      000229 74                     599 	.db #0x74	; 116	't'
      00022A 08                     600 	.db #0x08	; 8
      00022B 08                     601 	.db #0x08	; 8
      00022C 00                     602 	.db #0x00	; 0
      00022D 1C                     603 	.db #0x1c	; 28
      00022E 36                     604 	.db #0x36	; 54	'6'
      00022F 36                     605 	.db #0x36	; 54	'6'
      000230 22                     606 	.db #0x22	; 34
      000231 22                     607 	.db #0x22	; 34
      000232 22                     608 	.db #0x22	; 34
      000233 22                     609 	.db #0x22	; 34
      000234 14                     610 	.db #0x14	; 20
      000235 14                     611 	.db #0x14	; 20
      000236 00                     612 	.db #0x00	; 0
      000237 00                     613 	.db #0x00	; 0
      000238 00                     614 	.db #0x00	; 0
      000239 00                     615 	.db #0x00	; 0
      00023A 81                     616 	.db #0x81	; 129
      00023B 81                     617 	.db #0x81	; 129
      00023C FF                     618 	.db #0xff	; 255
      00023D FF                     619 	.db #0xff	; 255
      00023E FE                     620 	.db #0xfe	; 254
      00023F FE                     621 	.db #0xfe	; 254
      000240 00                     622 	.db #0x00	; 0
      000241 00                     623 	.db #0x00	; 0
      000242 00                     624 	.db #0x00	; 0
      000243 00                     625 	.db #0x00	; 0
      000244 00                     626 	.db #0x00	; 0
      000245 00                     627 	.db #0x00	; 0
      000246 00                     628 	.db #0x00	; 0
      000247 00                     629 	.db #0x00	; 0
      000248 00                     630 	.db #0x00	; 0
      000249 00                     631 	.db #0x00	; 0
      00024A 01                     632 	.db #0x01	; 1
      00024B 00                     633 	.db #0x00	; 0
      00024C 01                     634 	.db #0x01	; 1
      00024D 01                     635 	.db #0x01	; 1
      00024E 02                     636 	.db #0x02	; 2
      00024F 02                     637 	.db #0x02	; 2
      000250 04                     638 	.db #0x04	; 4
      000251 04                     639 	.db #0x04	; 4
      000252 1C                     640 	.db #0x1c	; 28
      000253 38                     641 	.db #0x38	; 56	'8'
      000254 27                     642 	.db #0x27	; 39
      000255 25                     643 	.db #0x25	; 37
      000256 32                     644 	.db #0x32	; 50	'2'
      000257 32                     645 	.db #0x32	; 50	'2'
      000258 E1                     646 	.db #0xe1	; 225
      000259 C5                     647 	.db #0xc5	; 197
      00025A 45                     648 	.db #0x45	; 69	'E'
      00025B 49                     649 	.db #0x49	; 73	'I'
      00025C E9                     650 	.db #0xe9	; 233
      00025D 41                     651 	.db #0x41	; 65	'A'
      00025E B1                     652 	.db #0xb1	; 177
      00025F F0                     653 	.db #0xf0	; 240
      000260 00                     654 	.db #0x00	; 0
      000261 00                     655 	.db #0x00	; 0
      000262 1C                     656 	.db #0x1c	; 28
      000263 1C                     657 	.db #0x1c	; 28
      000264 36                     658 	.db #0x36	; 54	'6'
      000265 22                     659 	.db #0x22	; 34
      000266 42                     660 	.db #0x42	; 66	'B'
      000267 42                     661 	.db #0x42	; 66	'B'
      000268 C6                     662 	.db #0xc6	; 198
      000269 82                     663 	.db #0x82	; 130
      00026A 84                     664 	.db #0x84	; 132
      00026B 84                     665 	.db #0x84	; 132
      00026C 08                     666 	.db #0x08	; 8
      00026D 08                     667 	.db #0x08	; 8
      00026E 30                     668 	.db #0x30	; 48	'0'
      00026F 10                     669 	.db #0x10	; 16
      000270 60                     670 	.db #0x60	; 96
      000271 60                     671 	.db #0x60	; 96
      000272 80                     672 	.db #0x80	; 128
      000273 C0                     673 	.db #0xc0	; 192
      000274 00                     674 	.db #0x00	; 0
      000275 00                     675 	.db #0x00	; 0
      000276 00                     676 	.db #0x00	; 0
      000277 00                     677 	.db #0x00	; 0
      000278 00                     678 	.db #0x00	; 0
      000279 00                     679 	.db #0x00	; 0
      00027A 00                     680 	.db #0x00	; 0
      00027B 00                     681 	.db #0x00	; 0
      00027C 80                     682 	.db #0x80	; 128
      00027D 00                     683 	.db #0x00	; 0
      00027E 80                     684 	.db #0x80	; 128
      00027F C0                     685 	.db #0xc0	; 192
      000280 00                     686 	.db #0x00	; 0
      000281 00                     687 	.db #0x00	; 0
      000282 00                     688 	.db #0x00	; 0
      000283 00                     689 	.db #0x00	; 0
      000284 00                     690 	.db #0x00	; 0
      000285 00                     691 	.db #0x00	; 0
      000286 00                     692 	.db #0x00	; 0
      000287 00                     693 	.db #0x00	; 0
      000288 00                     694 	.db #0x00	; 0
      000289 00                     695 	.db #0x00	; 0
      00028A 00                     696 	.db #0x00	; 0
      00028B 00                     697 	.db #0x00	; 0
      00028C 00                     698 	.db #0x00	; 0
      00028D 00                     699 	.db #0x00	; 0
      00028E 00                     700 	.db #0x00	; 0
      00028F 00                     701 	.db #0x00	; 0
                                    702 	.area _INITIALIZER
                                    703 	.area _CABS (ABS)
