                                      1 ;--------------------------------------------------------
                                      2 ; File Created by SDCC : free open source ISO C Compiler 
                                      3 ; Version 4.2.2 #13350 (MINGW64)
                                      4 ;--------------------------------------------------------
                                      5 	.module Crow_Tiles
                                      6 	.optsdcc -msm83
                                      7 	
                                      8 ;--------------------------------------------------------
                                      9 ; Public variables in this module
                                     10 ;--------------------------------------------------------
                                     11 	.globl _Crow_Tiles
                                     12 ;--------------------------------------------------------
                                     13 ; special function registers
                                     14 ;--------------------------------------------------------
                                     15 ;--------------------------------------------------------
                                     16 ; ram data
                                     17 ;--------------------------------------------------------
                                     18 	.area _DATA
                                     19 ;--------------------------------------------------------
                                     20 ; ram data
                                     21 ;--------------------------------------------------------
                                     22 	.area _INITIALIZED
                           000000    23 G$Crow_Tiles$0_0$0==.
      000000                         24 _Crow_Tiles::
      000000                         25 	.ds 400
                                     26 ;--------------------------------------------------------
                                     27 ; absolute external ram data
                                     28 ;--------------------------------------------------------
                                     29 	.area _DABS (ABS)
                                     30 ;--------------------------------------------------------
                                     31 ; global & static initialisations
                                     32 ;--------------------------------------------------------
                                     33 	.area _HOME
                                     34 	.area _GSINIT
                                     35 	.area _GSFINAL
                                     36 	.area _GSINIT
                                     37 ;--------------------------------------------------------
                                     38 ; Home
                                     39 ;--------------------------------------------------------
                                     40 	.area _HOME
                                     41 	.area _HOME
                                     42 ;--------------------------------------------------------
                                     43 ; code
                                     44 ;--------------------------------------------------------
                                     45 	.area _CODE
                                     46 	.area _CODE
                                     47 	.area _INITIALIZER
                           000000    48 FCrow_Tiles$__xinit_Crow_Tiles$0_0$0 == .
      000000                         49 __xinit__Crow_Tiles:
      000000 00                      50 	.db #0x00	; 0
      000001 00                      51 	.db #0x00	; 0
      000002 00                      52 	.db #0x00	; 0
      000003 00                      53 	.db #0x00	; 0
      000004 1D                      54 	.db #0x1d	; 29
      000005 1F                      55 	.db #0x1f	; 31
      000006 67                      56 	.db #0x67	; 103	'g'
      000007 73                      57 	.db #0x73	; 115	's'
      000008 E2                      58 	.db #0xe2	; 226
      000009 A3                      59 	.db #0xa3	; 163
      00000A A6                      60 	.db #0xa6	; 166
      00000B A2                      61 	.db #0xa2	; 162
      00000C A5                      62 	.db #0xa5	; 165
      00000D A4                      63 	.db #0xa4	; 164
      00000E A5                      64 	.db #0xa5	; 165
      00000F A5                      65 	.db #0xa5	; 165
      000010 8D                      66 	.db #0x8d	; 141
      000011 89                      67 	.db #0x89	; 137
      000012 7B                      68 	.db #0x7b	; 123
      000013 52                      69 	.db #0x52	; 82	'R'
      000014 26                      70 	.db #0x26	; 38
      000015 24                      71 	.db #0x24	; 36
      000016 7D                      72 	.db #0x7d	; 125
      000017 59                      73 	.db #0x59	; 89	'Y'
      000018 41                      74 	.db #0x41	; 65	'A'
      000019 43                      75 	.db #0x43	; 67	'C'
      00001A 47                      76 	.db #0x47	; 71	'G'
      00001B 46                      77 	.db #0x46	; 70	'F'
      00001C 3C                      78 	.db #0x3c	; 60
      00001D 38                      79 	.db #0x38	; 56	'8'
      00001E 10                      80 	.db #0x10	; 16
      00001F 10                      81 	.db #0x10	; 16
      000020 10                      82 	.db #0x10	; 16
      000021 10                      83 	.db #0x10	; 16
      000022 20                      84 	.db #0x20	; 32
      000023 10                      85 	.db #0x10	; 16
      000024 20                      86 	.db #0x20	; 32
      000025 20                      87 	.db #0x20	; 32
      000026 20                      88 	.db #0x20	; 32
      000027 20                      89 	.db #0x20	; 32
      000028 41                      90 	.db #0x41	; 65	'A'
      000029 21                      91 	.db #0x21	; 33
      00002A 46                      92 	.db #0x46	; 70	'F'
      00002B 42                      93 	.db #0x42	; 66	'B'
      00002C 4C                      94 	.db #0x4c	; 76	'L'
      00002D 4C                      95 	.db #0x4c	; 76	'L'
      00002E 78                      96 	.db #0x78	; 120	'x'
      00002F 30                      97 	.db #0x30	; 48	'0'
      000030 00                      98 	.db #0x00	; 0
      000031 00                      99 	.db #0x00	; 0
      000032 00                     100 	.db #0x00	; 0
      000033 00                     101 	.db #0x00	; 0
      000034 00                     102 	.db #0x00	; 0
      000035 00                     103 	.db #0x00	; 0
      000036 00                     104 	.db #0x00	; 0
      000037 00                     105 	.db #0x00	; 0
      000038 00                     106 	.db #0x00	; 0
      000039 00                     107 	.db #0x00	; 0
      00003A 03                     108 	.db #0x03	; 3
      00003B 01                     109 	.db #0x01	; 1
      00003C 06                     110 	.db #0x06	; 6
      00003D 06                     111 	.db #0x06	; 6
      00003E 04                     112 	.db #0x04	; 4
      00003F 06                     113 	.db #0x06	; 6
      000040 03                     114 	.db #0x03	; 3
      000041 05                     115 	.db #0x05	; 5
      000042 0D                     116 	.db #0x0d	; 13
      000043 05                     117 	.db #0x05	; 5
      000044 02                     118 	.db #0x02	; 2
      000045 09                     119 	.db #0x09	; 9
      000046 02                     120 	.db #0x02	; 2
      000047 0A                     121 	.db #0x0a	; 10
      000048 00                     122 	.db #0x00	; 0
      000049 0A                     123 	.db #0x0a	; 10
      00004A 08                     124 	.db #0x08	; 8
      00004B 04                     125 	.db #0x04	; 4
      00004C 00                     126 	.db #0x00	; 0
      00004D 00                     127 	.db #0x00	; 0
      00004E 00                     128 	.db #0x00	; 0
      00004F 00                     129 	.db #0x00	; 0
      000050 00                     130 	.db #0x00	; 0
      000051 00                     131 	.db #0x00	; 0
      000052 00                     132 	.db #0x00	; 0
      000053 00                     133 	.db #0x00	; 0
      000054 C0                     134 	.db #0xc0	; 192
      000055 C0                     135 	.db #0xc0	; 192
      000056 20                     136 	.db #0x20	; 32
      000057 20                     137 	.db #0x20	; 32
      000058 B0                     138 	.db #0xb0	; 176
      000059 A0                     139 	.db #0xa0	; 160
      00005A B8                     140 	.db #0xb8	; 184
      00005B B8                     141 	.db #0xb8	; 184
      00005C BE                     142 	.db #0xbe	; 190
      00005D A6                     143 	.db #0xa6	; 166
      00005E A3                     144 	.db #0xa3	; 163
      00005F 21                     145 	.db #0x21	; 33
      000060 2D                     146 	.db #0x2d	; 45
      000061 5F                     147 	.db #0x5f	; 95
      000062 62                     148 	.db #0x62	; 98	'b'
      000063 63                     149 	.db #0x63	; 99	'c'
      000064 A5                     150 	.db #0xa5	; 165
      000065 AD                     151 	.db #0xad	; 173
      000066 35                     152 	.db #0x35	; 53	'5'
      000067 2D                     153 	.db #0x2d	; 45
      000068 99                     154 	.db #0x99	; 153
      000069 11                     155 	.db #0x11	; 17
      00006A CE                     156 	.db #0xce	; 206
      00006B 8F                     157 	.db #0x8f	; 143
      00006C 61                     158 	.db #0x61	; 97	'a'
      00006D 60                     159 	.db #0x60	; 96
      00006E 31                     160 	.db #0x31	; 49	'1'
      00006F 11                     161 	.db #0x11	; 17
      000070 0A                     162 	.db #0x0a	; 10
      000071 12                     163 	.db #0x12	; 18
      000072 0C                     164 	.db #0x0c	; 12
      000073 0C                     165 	.db #0x0c	; 12
      000074 10                     166 	.db #0x10	; 16
      000075 30                     167 	.db #0x30	; 48	'0'
      000076 C0                     168 	.db #0xc0	; 192
      000077 40                     169 	.db #0x40	; 64
      000078 80                     170 	.db #0x80	; 128
      000079 80                     171 	.db #0x80	; 128
      00007A 00                     172 	.db #0x00	; 0
      00007B 00                     173 	.db #0x00	; 0
      00007C 00                     174 	.db #0x00	; 0
      00007D 00                     175 	.db #0x00	; 0
      00007E 00                     176 	.db #0x00	; 0
      00007F 00                     177 	.db #0x00	; 0
      000080 01                     178 	.db #0x01	; 1
      000081 01                     179 	.db #0x01	; 1
      000082 03                     180 	.db #0x03	; 3
      000083 02                     181 	.db #0x02	; 2
      000084 0E                     182 	.db #0x0e	; 14
      000085 04                     183 	.db #0x04	; 4
      000086 18                     184 	.db #0x18	; 24
      000087 18                     185 	.db #0x18	; 24
      000088 60                     186 	.db #0x60	; 96
      000089 60                     187 	.db #0x60	; 96
      00008A 80                     188 	.db #0x80	; 128
      00008B 80                     189 	.db #0x80	; 128
      00008C 00                     190 	.db #0x00	; 0
      00008D 00                     191 	.db #0x00	; 0
      00008E 00                     192 	.db #0x00	; 0
      00008F 00                     193 	.db #0x00	; 0
      000090 F0                     194 	.db #0xf0	; 240
      000091 C8                     195 	.db #0xc8	; 200
      000092 40                     196 	.db #0x40	; 64
      000093 80                     197 	.db #0x80	; 128
      000094 78                     198 	.db #0x78	; 120	'x'
      000095 60                     199 	.db #0x60	; 96
      000096 3F                     200 	.db #0x3f	; 63
      000097 1F                     201 	.db #0x1f	; 31
      000098 0D                     202 	.db #0x0d	; 13
      000099 06                     203 	.db #0x06	; 6
      00009A 03                     204 	.db #0x03	; 3
      00009B 01                     205 	.db #0x01	; 1
      00009C 00                     206 	.db #0x00	; 0
      00009D 00                     207 	.db #0x00	; 0
      00009E 00                     208 	.db #0x00	; 0
      00009F 00                     209 	.db #0x00	; 0
      0000A0 00                     210 	.db #0x00	; 0
      0000A1 00                     211 	.db #0x00	; 0
      0000A2 00                     212 	.db #0x00	; 0
      0000A3 00                     213 	.db #0x00	; 0
      0000A4 07                     214 	.db #0x07	; 7
      0000A5 03                     215 	.db #0x03	; 3
      0000A6 1E                     216 	.db #0x1e	; 30
      0000A7 1C                     217 	.db #0x1c	; 28
      0000A8 70                     218 	.db #0x70	; 112	'p'
      0000A9 60                     219 	.db #0x60	; 96
      0000AA 80                     220 	.db #0x80	; 128
      0000AB C0                     221 	.db #0xc0	; 192
      0000AC 80                     222 	.db #0x80	; 128
      0000AD 80                     223 	.db #0x80	; 128
      0000AE 7F                     224 	.db #0x7f	; 127
      0000AF 7F                     225 	.db #0x7f	; 127
      0000B0 00                     226 	.db #0x00	; 0
      0000B1 80                     227 	.db #0x80	; 128
      0000B2 F5                     228 	.db #0xf5	; 245
      0000B3 F9                     229 	.db #0xf9	; 249
      0000B4 9E                     230 	.db #0x9e	; 158
      0000B5 8F                     231 	.db #0x8f	; 143
      0000B6 81                     232 	.db #0x81	; 129
      0000B7 81                     233 	.db #0x81	; 129
      0000B8 F9                     234 	.db #0xf9	; 249
      0000B9 F1                     235 	.db #0xf1	; 241
      0000BA 8F                     236 	.db #0x8f	; 143
      0000BB 9E                     237 	.db #0x9e	; 158
      0000BC 98                     238 	.db #0x98	; 152
      0000BD 90                     239 	.db #0x90	; 144
      0000BE 10                     240 	.db #0x10	; 16
      0000BF 11                     241 	.db #0x11	; 17
      0000C0 33                     242 	.db #0x33	; 51	'3'
      0000C1 21                     243 	.db #0x21	; 33
      0000C2 32                     244 	.db #0x32	; 50	'2'
      0000C3 22                     245 	.db #0x22	; 34
      0000C4 26                     246 	.db #0x26	; 38
      0000C5 24                     247 	.db #0x24	; 36
      0000C6 24                     248 	.db #0x24	; 36
      0000C7 2C                     249 	.db #0x2c	; 44
      0000C8 38                     250 	.db #0x38	; 56	'8'
      0000C9 28                     251 	.db #0x28	; 40
      0000CA 00                     252 	.db #0x00	; 0
      0000CB 30                     253 	.db #0x30	; 48	'0'
      0000CC 20                     254 	.db #0x20	; 32
      0000CD 40                     255 	.db #0x40	; 64
      0000CE 40                     256 	.db #0x40	; 64
      0000CF 80                     257 	.db #0x80	; 128
      0000D0 00                     258 	.db #0x00	; 0
      0000D1 00                     259 	.db #0x00	; 0
      0000D2 00                     260 	.db #0x00	; 0
      0000D3 00                     261 	.db #0x00	; 0
      0000D4 00                     262 	.db #0x00	; 0
      0000D5 00                     263 	.db #0x00	; 0
      0000D6 00                     264 	.db #0x00	; 0
      0000D7 80                     265 	.db #0x80	; 128
      0000D8 00                     266 	.db #0x00	; 0
      0000D9 00                     267 	.db #0x00	; 0
      0000DA FE                     268 	.db #0xfe	; 254
      0000DB FC                     269 	.db #0xfc	; 252
      0000DC 17                     270 	.db #0x17	; 23
      0000DD 13                     271 	.db #0x13	; 19
      0000DE 12                     272 	.db #0x12	; 18
      0000DF 13                     273 	.db #0x13	; 19
      0000E0 16                     274 	.db #0x16	; 22
      0000E1 12                     275 	.db #0x12	; 18
      0000E2 16                     276 	.db #0x16	; 22
      0000E3 14                     277 	.db #0x14	; 20
      0000E4 34                     278 	.db #0x34	; 52	'4'
      0000E5 14                     279 	.db #0x14	; 20
      0000E6 14                     280 	.db #0x14	; 20
      0000E7 24                     281 	.db #0x24	; 36
      0000E8 2C                     282 	.db #0x2c	; 44
      0000E9 24                     283 	.db #0x24	; 36
      0000EA 24                     284 	.db #0x24	; 36
      0000EB 28                     285 	.db #0x28	; 40
      0000EC 28                     286 	.db #0x28	; 40
      0000ED 28                     287 	.db #0x28	; 40
      0000EE 28                     288 	.db #0x28	; 40
      0000EF 28                     289 	.db #0x28	; 40
      0000F0 68                     290 	.db #0x68	; 104	'h'
      0000F1 48                     291 	.db #0x48	; 72	'H'
      0000F2 D0                     292 	.db #0xd0	; 208
      0000F3 58                     293 	.db #0x58	; 88	'X'
      0000F4 E8                     294 	.db #0xe8	; 232
      0000F5 B8                     295 	.db #0xb8	; 184
      0000F6 08                     296 	.db #0x08	; 8
      0000F7 08                     297 	.db #0x08	; 8
      0000F8 08                     298 	.db #0x08	; 8
      0000F9 08                     299 	.db #0x08	; 8
      0000FA 09                     300 	.db #0x09	; 9
      0000FB 09                     301 	.db #0x09	; 9
      0000FC 19                     302 	.db #0x19	; 25
      0000FD 09                     303 	.db #0x09	; 9
      0000FE F0                     304 	.db #0xf0	; 240
      0000FF F0                     305 	.db #0xf0	; 240
      000100 00                     306 	.db #0x00	; 0
      000101 00                     307 	.db #0x00	; 0
      000102 E0                     308 	.db #0xe0	; 224
      000103 E0                     309 	.db #0xe0	; 224
      000104 18                     310 	.db #0x18	; 24
      000105 18                     311 	.db #0x18	; 24
      000106 04                     312 	.db #0x04	; 4
      000107 8C                     313 	.db #0x8c	; 140
      000108 06                     314 	.db #0x06	; 6
      000109 A4                     315 	.db #0xa4	; 164
      00010A C2                     316 	.db #0xc2	; 194
      00010B 42                     317 	.db #0x42	; 66	'B'
      00010C 82                     318 	.db #0x82	; 130
      00010D 82                     319 	.db #0x82	; 130
      00010E 83                     320 	.db #0x83	; 131
      00010F 82                     321 	.db #0x82	; 130
      000110 03                     322 	.db #0x03	; 3
      000111 02                     323 	.db #0x02	; 2
      000112 03                     324 	.db #0x03	; 3
      000113 01                     325 	.db #0x01	; 1
      000114 03                     326 	.db #0x03	; 3
      000115 01                     327 	.db #0x01	; 1
      000116 01                     328 	.db #0x01	; 1
      000117 01                     329 	.db #0x01	; 1
      000118 01                     330 	.db #0x01	; 1
      000119 01                     331 	.db #0x01	; 1
      00011A 01                     332 	.db #0x01	; 1
      00011B 01                     333 	.db #0x01	; 1
      00011C 01                     334 	.db #0x01	; 1
      00011D 01                     335 	.db #0x01	; 1
      00011E 01                     336 	.db #0x01	; 1
      00011F 01                     337 	.db #0x01	; 1
      000120 01                     338 	.db #0x01	; 1
      000121 01                     339 	.db #0x01	; 1
      000122 01                     340 	.db #0x01	; 1
      000123 01                     341 	.db #0x01	; 1
      000124 01                     342 	.db #0x01	; 1
      000125 01                     343 	.db #0x01	; 1
      000126 03                     344 	.db #0x03	; 3
      000127 01                     345 	.db #0x01	; 1
      000128 02                     346 	.db #0x02	; 2
      000129 01                     347 	.db #0x01	; 1
      00012A 02                     348 	.db #0x02	; 2
      00012B 01                     349 	.db #0x01	; 1
      00012C 02                     350 	.db #0x02	; 2
      00012D 02                     351 	.db #0x02	; 2
      00012E 02                     352 	.db #0x02	; 2
      00012F 02                     353 	.db #0x02	; 2
      000130 03                     354 	.db #0x03	; 3
      000131 03                     355 	.db #0x03	; 3
      000132 03                     356 	.db #0x03	; 3
      000133 02                     357 	.db #0x02	; 2
      000134 03                     358 	.db #0x03	; 3
      000135 03                     359 	.db #0x03	; 3
      000136 04                     360 	.db #0x04	; 4
      000137 04                     361 	.db #0x04	; 4
      000138 0E                     362 	.db #0x0e	; 14
      000139 0C                     363 	.db #0x0c	; 12
      00013A 3F                     364 	.db #0x3f	; 63
      00013B 16                     365 	.db #0x16	; 22
      00013C F5                     366 	.db #0xf5	; 245
      00013D E5                     367 	.db #0xe5	; 229
      00013E 24                     368 	.db #0x24	; 36
      00013F 24                     369 	.db #0x24	; 36
      000140 24                     370 	.db #0x24	; 36
      000141 24                     371 	.db #0x24	; 36
      000142 24                     372 	.db #0x24	; 36
      000143 24                     373 	.db #0x24	; 36
      000144 2E                     374 	.db #0x2e	; 46
      000145 24                     375 	.db #0x24	; 36
      000146 2B                     376 	.db #0x2b	; 43
      000147 2A                     377 	.db #0x2a	; 42
      000148 29                     378 	.db #0x29	; 41
      000149 29                     379 	.db #0x29	; 41
      00014A 28                     380 	.db #0x28	; 40
      00014B 28                     381 	.db #0x28	; 40
      00014C 28                     382 	.db #0x28	; 40
      00014D 28                     383 	.db #0x28	; 40
      00014E 28                     384 	.db #0x28	; 40
      00014F 28                     385 	.db #0x28	; 40
      000150 28                     386 	.db #0x28	; 40
      000151 28                     387 	.db #0x28	; 40
      000152 28                     388 	.db #0x28	; 40
      000153 28                     389 	.db #0x28	; 40
      000154 F8                     390 	.db #0xf8	; 248
      000155 6C                     391 	.db #0x6c	; 108	'l'
      000156 B4                     392 	.db #0xb4	; 180
      000157 BC                     393 	.db #0xbc	; 188
      000158 86                     394 	.db #0x86	; 134
      000159 82                     395 	.db #0x82	; 130
      00015A 82                     396 	.db #0x82	; 130
      00015B 02                     397 	.db #0x02	; 2
      00015C 82                     398 	.db #0x82	; 130
      00015D 02                     399 	.db #0x02	; 2
      00015E FC                     400 	.db #0xfc	; 252
      00015F FC                     401 	.db #0xfc	; 252
      000160 00                     402 	.db #0x00	; 0
      000161 00                     403 	.db #0x00	; 0
      000162 C0                     404 	.db #0xc0	; 192
      000163 C0                     405 	.db #0xc0	; 192
      000164 70                     406 	.db #0x70	; 112	'p'
      000165 30                     407 	.db #0x30	; 48	'0'
      000166 D8                     408 	.db #0xd8	; 216
      000167 C8                     409 	.db #0xc8	; 200
      000168 66                     410 	.db #0x66	; 102	'f'
      000169 24                     411 	.db #0x24	; 36
      00016A 32                     412 	.db #0x32	; 50	'2'
      00016B 12                     413 	.db #0x12	; 18
      00016C 8A                     414 	.db #0x8a	; 138
      00016D 0A                     415 	.db #0x0a	; 10
      00016E C6                     416 	.db #0xc6	; 198
      00016F 84                     417 	.db #0x84	; 132
      000170 46                     418 	.db #0x46	; 70	'F'
      000171 62                     419 	.db #0x62	; 98	'b'
      000172 32                     420 	.db #0x32	; 50	'2'
      000173 22                     421 	.db #0x22	; 34
      000174 16                     422 	.db #0x16	; 22
      000175 12                     423 	.db #0x12	; 18
      000176 0C                     424 	.db #0x0c	; 12
      000177 1C                     425 	.db #0x1c	; 28
      000178 98                     426 	.db #0x98	; 152
      000179 08                     427 	.db #0x08	; 8
      00017A C8                     428 	.db #0xc8	; 200
      00017B 88                     429 	.db #0x88	; 136
      00017C D8                     430 	.db #0xd8	; 216
      00017D 48                     431 	.db #0x48	; 72	'H'
      00017E 78                     432 	.db #0x78	; 120	'x'
      00017F 30                     433 	.db #0x30	; 48	'0'
      000180 00                     434 	.db #0x00	; 0
      000181 00                     435 	.db #0x00	; 0
      000182 00                     436 	.db #0x00	; 0
      000183 00                     437 	.db #0x00	; 0
      000184 00                     438 	.db #0x00	; 0
      000185 00                     439 	.db #0x00	; 0
      000186 00                     440 	.db #0x00	; 0
      000187 00                     441 	.db #0x00	; 0
      000188 00                     442 	.db #0x00	; 0
      000189 00                     443 	.db #0x00	; 0
      00018A 00                     444 	.db #0x00	; 0
      00018B 00                     445 	.db #0x00	; 0
      00018C 00                     446 	.db #0x00	; 0
      00018D 00                     447 	.db #0x00	; 0
      00018E 00                     448 	.db #0x00	; 0
      00018F 00                     449 	.db #0x00	; 0
                                    450 	.area _CABS (ABS)
