                                      1 ;--------------------------------------------------------
                                      2 ; File Created by SDCC : free open source ISO C Compiler 
                                      3 ; Version 4.2.2 #13350 (MINGW64)
                                      4 ;--------------------------------------------------------
                                      5 	.module Crow_Map
                                      6 	.optsdcc -msm83
                                      7 	
                                      8 ;--------------------------------------------------------
                                      9 ; Public variables in this module
                                     10 ;--------------------------------------------------------
                                     11 	.globl _Crow_Map
                                     12 ;--------------------------------------------------------
                                     13 ; special function registers
                                     14 ;--------------------------------------------------------
                                     15 ;--------------------------------------------------------
                                     16 ; ram data
                                     17 ;--------------------------------------------------------
                                     18 	.area _DATA
                                     19 ;--------------------------------------------------------
                                     20 ; ram data
                                     21 ;--------------------------------------------------------
                                     22 	.area _INITIALIZED
                                     23 ;--------------------------------------------------------
                                     24 ; absolute external ram data
                                     25 ;--------------------------------------------------------
                                     26 	.area _DABS (ABS)
                                     27 ;--------------------------------------------------------
                                     28 ; global & static initialisations
                                     29 ;--------------------------------------------------------
                                     30 	.area _HOME
                                     31 	.area _GSINIT
                                     32 	.area _GSFINAL
                                     33 	.area _GSINIT
                                     34 ;--------------------------------------------------------
                                     35 ; Home
                                     36 ;--------------------------------------------------------
                                     37 	.area _HOME
                                     38 	.area _HOME
                                     39 ;--------------------------------------------------------
                                     40 ; code
                                     41 ;--------------------------------------------------------
                                     42 	.area _CODE
                                     43 	.area _CODE
                           000000    44 G$Crow_Map$0_0$0 == .
      000000                         45 _Crow_Map:
      000000 80                      46 	.db #0x80	; 128
      000001 85                      47 	.db #0x85	; 133
      000002 98                      48 	.db #0x98	; 152
      000003 98                      49 	.db #0x98	; 152
      000004 98                      50 	.db #0x98	; 152
      000005 81                      51 	.db #0x81	; 129
      000006 86                      52 	.db #0x86	; 134
      000007 8B                      53 	.db #0x8b	; 139
      000008 90                      54 	.db #0x90	; 144
      000009 98                      55 	.db #0x98	; 152
      00000A 82                      56 	.db #0x82	; 130
      00000B 87                      57 	.db #0x87	; 135
      00000C 8C                      58 	.db #0x8c	; 140
      00000D 91                      59 	.db #0x91	; 145
      00000E 98                      60 	.db #0x98	; 152
      00000F 83                      61 	.db #0x83	; 131
      000010 88                      62 	.db #0x88	; 136
      000011 98                      63 	.db #0x98	; 152
      000012 92                      64 	.db #0x92	; 146
      000013 98                      65 	.db #0x98	; 152
      000014 84                      66 	.db #0x84	; 132
      000015 89                      67 	.db #0x89	; 137
      000016 8D                      68 	.db #0x8d	; 141
      000017 93                      69 	.db #0x93	; 147
      000018 96                      70 	.db #0x96	; 150
      000019 98                      71 	.db #0x98	; 152
      00001A 98                      72 	.db #0x98	; 152
      00001B 8E                      73 	.db #0x8e	; 142
      00001C 94                      74 	.db #0x94	; 148
      00001D 97                      75 	.db #0x97	; 151
      00001E 98                      76 	.db #0x98	; 152
      00001F 8A                      77 	.db #0x8a	; 138
      000020 8F                      78 	.db #0x8f	; 143
      000021 95                      79 	.db #0x95	; 149
      000022 98                      80 	.db #0x98	; 152
                                     81 	.area _INITIALIZER
                                     82 	.area _CABS (ABS)
