                                      1 ;--------------------------------------------------------
                                      2 ; File Created by SDCC : free open source ISO C Compiler 
                                      3 ; Version 4.4.1 #14650 (MINGW64)
                                      4 ;--------------------------------------------------------
                                      5 	.module Drunk_Tiles
                                      6 	.optsdcc -msm83
                                      7 	
                                      8 ;--------------------------------------------------------
                                      9 ; Public variables in this module
                                     10 ;--------------------------------------------------------
                                     11 	.globl _Drunk_Tiles
                                     12 ;--------------------------------------------------------
                                     13 ; special function registers
                                     14 ;--------------------------------------------------------
                                     15 ;--------------------------------------------------------
                                     16 ; ram data
                                     17 ;--------------------------------------------------------
                                     18 	.area _DATA
                                     19 ;--------------------------------------------------------
                                     20 ; ram data
                                     21 ;--------------------------------------------------------
                                     22 	.area _INITIALIZED
                                     23 ;--------------------------------------------------------
                                     24 ; absolute external ram data
                                     25 ;--------------------------------------------------------
                                     26 	.area _DABS (ABS)
                                     27 ;--------------------------------------------------------
                                     28 ; global & static initialisations
                                     29 ;--------------------------------------------------------
                                     30 	.area _HOME
                                     31 	.area _GSINIT
                                     32 	.area _GSFINAL
                                     33 	.area _GSINIT
                                     34 ;--------------------------------------------------------
                                     35 ; Home
                                     36 ;--------------------------------------------------------
                                     37 	.area _HOME
                                     38 	.area _HOME
                                     39 ;--------------------------------------------------------
                                     40 ; code
                                     41 ;--------------------------------------------------------
                                     42 	.area _CODE_5
                                     43 	.area _CODE_5
                         00000000    44 G$Drunk_Tiles$0_0$0 == .
    00000000                         45 _Drunk_Tiles:
    00000000 00                      46 	.db #0x00	; 0
    00000001 00                      47 	.db #0x00	; 0
    00000002 00                      48 	.db #0x00	; 0
    00000003 00                      49 	.db #0x00	; 0
    00000004 00                      50 	.db #0x00	; 0
    00000005 00                      51 	.db #0x00	; 0
    00000006 00                      52 	.db #0x00	; 0
    00000007 00                      53 	.db #0x00	; 0
    00000008 00                      54 	.db #0x00	; 0
    00000009 00                      55 	.db #0x00	; 0
    0000000A 00                      56 	.db #0x00	; 0
    0000000B 00                      57 	.db #0x00	; 0
    0000000C 00                      58 	.db #0x00	; 0
    0000000D 00                      59 	.db #0x00	; 0
    0000000E 00                      60 	.db #0x00	; 0
    0000000F 00                      61 	.db #0x00	; 0
    00000010 00                      62 	.db #0x00	; 0
    00000011 00                      63 	.db #0x00	; 0
    00000012 00                      64 	.db #0x00	; 0
    00000013 00                      65 	.db #0x00	; 0
    00000014 00                      66 	.db #0x00	; 0
    00000015 00                      67 	.db #0x00	; 0
    00000016 00                      68 	.db #0x00	; 0
    00000017 00                      69 	.db #0x00	; 0
    00000018 03                      70 	.db #0x03	; 3
    00000019 01                      71 	.db #0x01	; 1
    0000001A 3C                      72 	.db #0x3c	; 60
    0000001B 3E                      73 	.db #0x3e	; 62
    0000001C 1C                      74 	.db #0x1c	; 28
    0000001D 1C                      75 	.db #0x1c	; 28
    0000001E 07                      76 	.db #0x07	; 7
    0000001F 02                      77 	.db #0x02	; 2
    00000020 05                      78 	.db #0x05	; 5
    00000021 0F                      79 	.db #0x0f	; 15
    00000022 19                      80 	.db #0x19	; 25
    00000023 19                      81 	.db #0x19	; 25
    00000024 68                      82 	.db #0x68	; 104	'h'
    00000025 36                      83 	.db #0x36	; 54	'6'
    00000026 6F                      84 	.db #0x6f	; 111	'o'
    00000027 4F                      85 	.db #0x4f	; 79	'O'
    00000028 64                      86 	.db #0x64	; 100	'd'
    00000029 04                      87 	.db #0x04	; 4
    0000002A 25                      88 	.db #0x25	; 37
    0000002B 45                      89 	.db #0x45	; 69	'E'
    0000002C 04                      90 	.db #0x04	; 4
    0000002D 44                      91 	.db #0x44	; 68	'D'
    0000002E 46                      92 	.db #0x46	; 70	'F'
    0000002F 4A                      93 	.db #0x4a	; 74	'J'
    00000030 47                      94 	.db #0x47	; 71	'G'
    00000031 46                      95 	.db #0x46	; 70	'F'
    00000032 85                      96 	.db #0x85	; 133
    00000033 43                      97 	.db #0x43	; 67	'C'
    00000034 82                      98 	.db #0x82	; 130
    00000035 41                      99 	.db #0x41	; 65	'A'
    00000036 43                     100 	.db #0x43	; 67	'C'
    00000037 83                     101 	.db #0x83	; 131
    00000038 87                     102 	.db #0x87	; 135
    00000039 87                     103 	.db #0x87	; 135
    0000003A 81                     104 	.db #0x81	; 129
    0000003B 80                     105 	.db #0x80	; 128
    0000003C C0                     106 	.db #0xc0	; 192
    0000003D 80                     107 	.db #0x80	; 128
    0000003E C0                     108 	.db #0xc0	; 192
    0000003F 40                     109 	.db #0x40	; 64
    00000040 60                     110 	.db #0x60	; 96
    00000041 20                     111 	.db #0x20	; 32
    00000042 10                     112 	.db #0x10	; 16
    00000043 30                     113 	.db #0x30	; 48	'0'
    00000044 08                     114 	.db #0x08	; 8
    00000045 08                     115 	.db #0x08	; 8
    00000046 05                     116 	.db #0x05	; 5
    00000047 05                     117 	.db #0x05	; 5
    00000048 07                     118 	.db #0x07	; 7
    00000049 07                     119 	.db #0x07	; 7
    0000004A 03                     120 	.db #0x03	; 3
    0000004B 05                     121 	.db #0x05	; 5
    0000004C 04                     122 	.db #0x04	; 4
    0000004D 04                     123 	.db #0x04	; 4
    0000004E 08                     124 	.db #0x08	; 8
    0000004F 08                     125 	.db #0x08	; 8
    00000050 08                     126 	.db #0x08	; 8
    00000051 08                     127 	.db #0x08	; 8
    00000052 08                     128 	.db #0x08	; 8
    00000053 08                     129 	.db #0x08	; 8
    00000054 08                     130 	.db #0x08	; 8
    00000055 08                     131 	.db #0x08	; 8
    00000056 08                     132 	.db #0x08	; 8
    00000057 08                     133 	.db #0x08	; 8
    00000058 08                     134 	.db #0x08	; 8
    00000059 08                     135 	.db #0x08	; 8
    0000005A 0C                     136 	.db #0x0c	; 12
    0000005B 0C                     137 	.db #0x0c	; 12
    0000005C 03                     138 	.db #0x03	; 3
    0000005D 03                     139 	.db #0x03	; 3
    0000005E 03                     140 	.db #0x03	; 3
    0000005F 02                     141 	.db #0x02	; 2
    00000060 04                     142 	.db #0x04	; 4
    00000061 04                     143 	.db #0x04	; 4
    00000062 04                     144 	.db #0x04	; 4
    00000063 04                     145 	.db #0x04	; 4
    00000064 04                     146 	.db #0x04	; 4
    00000065 04                     147 	.db #0x04	; 4
    00000066 04                     148 	.db #0x04	; 4
    00000067 04                     149 	.db #0x04	; 4
    00000068 02                     150 	.db #0x02	; 2
    00000069 02                     151 	.db #0x02	; 2
    0000006A 05                     152 	.db #0x05	; 5
    0000006B 05                     153 	.db #0x05	; 5
    0000006C 3C                     154 	.db #0x3c	; 60
    0000006D 38                     155 	.db #0x38	; 56	'8'
    0000006E 7F                     156 	.db #0x7f	; 127
    0000006F 7F                     157 	.db #0x7f	; 127
    00000070 00                     158 	.db #0x00	; 0
    00000071 00                     159 	.db #0x00	; 0
    00000072 04                     160 	.db #0x04	; 4
    00000073 04                     161 	.db #0x04	; 4
    00000074 1C                     162 	.db #0x1c	; 28
    00000075 19                     163 	.db #0x19	; 25
    00000076 7E                     164 	.db #0x7e	; 126
    00000077 36                     165 	.db #0x36	; 54	'6'
    00000078 C0                     166 	.db #0xc0	; 192
    00000079 E0                     167 	.db #0xe0	; 224
    0000007A 00                     168 	.db #0x00	; 0
    0000007B 00                     169 	.db #0x00	; 0
    0000007C 00                     170 	.db #0x00	; 0
    0000007D 00                     171 	.db #0x00	; 0
    0000007E 01                     172 	.db #0x01	; 1
    0000007F 00                     173 	.db #0x00	; 0
    00000080 C5                     174 	.db #0xc5	; 197
    00000081 13                     175 	.db #0x13	; 19
    00000082 2C                     176 	.db #0x2c	; 44
    00000083 B0                     177 	.db #0xb0	; 176
    00000084 80                     178 	.db #0x80	; 128
    00000085 80                     179 	.db #0x80	; 128
    00000086 00                     180 	.db #0x00	; 0
    00000087 70                     181 	.db #0x70	; 112	'p'
    00000088 C1                     182 	.db #0xc1	; 193
    00000089 91                     183 	.db #0x91	; 145
    0000008A EF                     184 	.db #0xef	; 239
    0000008B 6F                     185 	.db #0x6f	; 111	'o'
    0000008C 1C                     186 	.db #0x1c	; 28
    0000008D 1C                     187 	.db #0x1c	; 28
    0000008E 1C                     188 	.db #0x1c	; 28
    0000008F 28                     189 	.db #0x28	; 40
    00000090 20                     190 	.db #0x20	; 32
    00000091 20                     191 	.db #0x20	; 32
    00000092 63                     192 	.db #0x63	; 99	'c'
    00000093 43                     193 	.db #0x43	; 67	'C'
    00000094 C0                     194 	.db #0xc0	; 192
    00000095 C0                     195 	.db #0xc0	; 192
    00000096 00                     196 	.db #0x00	; 0
    00000097 00                     197 	.db #0x00	; 0
    00000098 80                     198 	.db #0x80	; 128
    00000099 00                     199 	.db #0x00	; 0
    0000009A 80                     200 	.db #0x80	; 128
    0000009B 80                     201 	.db #0x80	; 128
    0000009C C3                     202 	.db #0xc3	; 195
    0000009D 43                     203 	.db #0x43	; 67	'C'
    0000009E C3                     204 	.db #0xc3	; 195
    0000009F C3                     205 	.db #0xc3	; 195
    000000A0 81                     206 	.db #0x81	; 129
    000000A1 82                     207 	.db #0x82	; 130
    000000A2 83                     208 	.db #0x83	; 131
    000000A3 81                     209 	.db #0x81	; 129
    000000A4 81                     210 	.db #0x81	; 129
    000000A5 81                     211 	.db #0x81	; 129
    000000A6 00                     212 	.db #0x00	; 0
    000000A7 81                     213 	.db #0x81	; 129
    000000A8 83                     214 	.db #0x83	; 131
    000000A9 03                     215 	.db #0x03	; 3
    000000AA 03                     216 	.db #0x03	; 3
    000000AB 03                     217 	.db #0x03	; 3
    000000AC 00                     218 	.db #0x00	; 0
    000000AD 00                     219 	.db #0x00	; 0
    000000AE 00                     220 	.db #0x00	; 0
    000000AF 00                     221 	.db #0x00	; 0
    000000B0 00                     222 	.db #0x00	; 0
    000000B1 00                     223 	.db #0x00	; 0
    000000B2 01                     224 	.db #0x01	; 1
    000000B3 00                     225 	.db #0x00	; 0
    000000B4 01                     226 	.db #0x01	; 1
    000000B5 01                     227 	.db #0x01	; 1
    000000B6 01                     228 	.db #0x01	; 1
    000000B7 01                     229 	.db #0x01	; 1
    000000B8 01                     230 	.db #0x01	; 1
    000000B9 01                     231 	.db #0x01	; 1
    000000BA 03                     232 	.db #0x03	; 3
    000000BB 01                     233 	.db #0x01	; 1
    000000BC 02                     234 	.db #0x02	; 2
    000000BD 82                     235 	.db #0x82	; 130
    000000BE FA                     236 	.db #0xfa	; 250
    000000BF E2                     237 	.db #0xe2	; 226
    000000C0 7C                     238 	.db #0x7c	; 124
    000000C1 1C                     239 	.db #0x1c	; 28
    000000C2 08                     240 	.db #0x08	; 8
    000000C3 08                     241 	.db #0x08	; 8
    000000C4 08                     242 	.db #0x08	; 8
    000000C5 08                     243 	.db #0x08	; 8
    000000C6 08                     244 	.db #0x08	; 8
    000000C7 08                     245 	.db #0x08	; 8
    000000C8 38                     246 	.db #0x38	; 56	'8'
    000000C9 38                     247 	.db #0x38	; 56	'8'
    000000CA D0                     248 	.db #0xd0	; 208
    000000CB D0                     249 	.db #0xd0	; 208
    000000CC 18                     250 	.db #0x18	; 24
    000000CD 18                     251 	.db #0x18	; 24
    000000CE F8                     252 	.db #0xf8	; 248
    000000CF F8                     253 	.db #0xf8	; 248
    000000D0 00                     254 	.db #0x00	; 0
    000000D1 00                     255 	.db #0x00	; 0
    000000D2 16                     256 	.db #0x16	; 22
    000000D3 0C                     257 	.db #0x0c	; 12
    000000D4 D8                     258 	.db #0xd8	; 216
    000000D5 FC                     259 	.db #0xfc	; 252
    000000D6 18                     260 	.db #0x18	; 24
    000000D7 18                     261 	.db #0x18	; 24
    000000D8 10                     262 	.db #0x10	; 16
    000000D9 10                     263 	.db #0x10	; 16
    000000DA 10                     264 	.db #0x10	; 16
    000000DB 20                     265 	.db #0x20	; 32
    000000DC 3E                     266 	.db #0x3e	; 62
    000000DD 3C                     267 	.db #0x3c	; 60
    000000DE F0                     268 	.db #0xf0	; 240
    000000DF C3                     269 	.db #0xc3	; 195
    000000E0 45                     270 	.db #0x45	; 69	'E'
    000000E1 59                     271 	.db #0x59	; 89	'Y'
    000000E2 01                     272 	.db #0x01	; 1
    000000E3 85                     273 	.db #0x85	; 133
    000000E4 3C                     274 	.db #0x3c	; 60
    000000E5 1D                     275 	.db #0x1d	; 29
    000000E6 D3                     276 	.db #0xd3	; 211
    000000E7 F0                     277 	.db #0xf0	; 240
    000000E8 00                     278 	.db #0x00	; 0
    000000E9 82                     279 	.db #0x82	; 130
    000000EA 02                     280 	.db #0x02	; 2
    000000EB 02                     281 	.db #0x02	; 2
    000000EC 86                     282 	.db #0x86	; 134
    000000ED 82                     283 	.db #0x82	; 130
    000000EE 44                     284 	.db #0x44	; 68	'D'
    000000EF 44                     285 	.db #0x44	; 68	'D'
    000000F0 64                     286 	.db #0x64	; 100	'd'
    000000F1 24                     287 	.db #0x24	; 36
    000000F2 38                     288 	.db #0x38	; 56	'8'
    000000F3 18                     289 	.db #0x18	; 24
    000000F4 08                     290 	.db #0x08	; 8
    000000F5 00                     291 	.db #0x00	; 0
    000000F6 00                     292 	.db #0x00	; 0
    000000F7 00                     293 	.db #0x00	; 0
    000000F8 00                     294 	.db #0x00	; 0
    000000F9 00                     295 	.db #0x00	; 0
    000000FA 08                     296 	.db #0x08	; 8
    000000FB 10                     297 	.db #0x10	; 16
    000000FC A0                     298 	.db #0xa0	; 160
    000000FD C1                     299 	.db #0xc1	; 193
    000000FE 00                     300 	.db #0x00	; 0
    000000FF 0C                     301 	.db #0x0c	; 12
    00000100 00                     302 	.db #0x00	; 0
    00000101 00                     303 	.db #0x00	; 0
    00000102 00                     304 	.db #0x00	; 0
    00000103 86                     305 	.db #0x86	; 134
    00000104 00                     306 	.db #0x00	; 0
    00000105 88                     307 	.db #0x88	; 136
    00000106 00                     308 	.db #0x00	; 0
    00000107 00                     309 	.db #0x00	; 0
    00000108 00                     310 	.db #0x00	; 0
    00000109 00                     311 	.db #0x00	; 0
    0000010A 80                     312 	.db #0x80	; 128
    0000010B 00                     313 	.db #0x00	; 0
    0000010C 80                     314 	.db #0x80	; 128
    0000010D 80                     315 	.db #0x80	; 128
    0000010E 80                     316 	.db #0x80	; 128
    0000010F 80                     317 	.db #0x80	; 128
    00000110 C0                     318 	.db #0xc0	; 192
    00000111 C0                     319 	.db #0xc0	; 192
    00000112 C0                     320 	.db #0xc0	; 192
    00000113 C0                     321 	.db #0xc0	; 192
    00000114 40                     322 	.db #0x40	; 64
    00000115 40                     323 	.db #0x40	; 64
    00000116 20                     324 	.db #0x20	; 32
    00000117 20                     325 	.db #0x20	; 32
    00000118 20                     326 	.db #0x20	; 32
    00000119 20                     327 	.db #0x20	; 32
    0000011A 20                     328 	.db #0x20	; 32
    0000011B E0                     329 	.db #0xe0	; 224
    0000011C 20                     330 	.db #0x20	; 32
    0000011D 20                     331 	.db #0x20	; 32
    0000011E 1F                     332 	.db #0x1f	; 31
    0000011F 1F                     333 	.db #0x1f	; 31
    00000120 10                     334 	.db #0x10	; 16
    00000121 10                     335 	.db #0x10	; 16
    00000122 10                     336 	.db #0x10	; 16
    00000123 10                     337 	.db #0x10	; 16
    00000124 10                     338 	.db #0x10	; 16
    00000125 10                     339 	.db #0x10	; 16
    00000126 0F                     340 	.db #0x0f	; 15
    00000127 0F                     341 	.db #0x0f	; 15
    00000128 08                     342 	.db #0x08	; 8
    00000129 08                     343 	.db #0x08	; 8
    0000012A 08                     344 	.db #0x08	; 8
    0000012B 18                     345 	.db #0x18	; 24
    0000012C 18                     346 	.db #0x18	; 24
    0000012D 10                     347 	.db #0x10	; 16
    0000012E 1F                     348 	.db #0x1f	; 31
    0000012F 1F                     349 	.db #0x1f	; 31
    00000130 80                     350 	.db #0x80	; 128
    00000131 C0                     351 	.db #0xc0	; 192
    00000132 40                     352 	.db #0x40	; 64
    00000133 40                     353 	.db #0x40	; 64
    00000134 40                     354 	.db #0x40	; 64
    00000135 40                     355 	.db #0x40	; 64
    00000136 40                     356 	.db #0x40	; 64
    00000137 20                     357 	.db #0x20	; 32
    00000138 10                     358 	.db #0x10	; 16
    00000139 20                     359 	.db #0x20	; 32
    0000013A 18                     360 	.db #0x18	; 24
    0000013B 10                     361 	.db #0x10	; 16
    0000013C 08                     362 	.db #0x08	; 8
    0000013D 08                     363 	.db #0x08	; 8
    0000013E 0E                     364 	.db #0x0e	; 14
    0000013F 04                     365 	.db #0x04	; 4
    00000140 03                     366 	.db #0x03	; 3
    00000141 02                     367 	.db #0x02	; 2
    00000142 03                     368 	.db #0x03	; 3
    00000143 03                     369 	.db #0x03	; 3
    00000144 DB                     370 	.db #0xdb	; 219
    00000145 FD                     371 	.db #0xfd	; 253
    00000146 F3                     372 	.db #0xf3	; 243
    00000147 62                     373 	.db #0x62	; 98	'b'
    00000148 E2                     374 	.db #0xe2	; 226
    00000149 82                     375 	.db #0x82	; 130
    0000014A 86                     376 	.db #0x86	; 134
    0000014B 84                     377 	.db #0x84	; 132
    0000014C 4C                     378 	.db #0x4c	; 76	'L'
    0000014D 44                     379 	.db #0x44	; 68	'D'
    0000014E 58                     380 	.db #0x58	; 88	'X'
    0000014F C8                     381 	.db #0xc8	; 200
    00000150 38                     382 	.db #0x38	; 56	'8'
    00000151 B0                     383 	.db #0xb0	; 176
    00000152 30                     384 	.db #0x30	; 48	'0'
    00000153 30                     385 	.db #0x30	; 48	'0'
    00000154 10                     386 	.db #0x10	; 16
    00000155 10                     387 	.db #0x10	; 16
    00000156 10                     388 	.db #0x10	; 16
    00000157 10                     389 	.db #0x10	; 16
    00000158 10                     390 	.db #0x10	; 16
    00000159 10                     391 	.db #0x10	; 16
    0000015A 10                     392 	.db #0x10	; 16
    0000015B 08                     393 	.db #0x08	; 8
    0000015C 10                     394 	.db #0x10	; 16
    0000015D 08                     395 	.db #0x08	; 8
    0000015E 08                     396 	.db #0x08	; 8
    0000015F 0C                     397 	.db #0x0c	; 12
    00000160 08                     398 	.db #0x08	; 8
    00000161 0C                     399 	.db #0x0c	; 12
    00000162 0A                     400 	.db #0x0a	; 10
    00000163 0C                     401 	.db #0x0c	; 12
    00000164 08                     402 	.db #0x08	; 8
    00000165 02                     403 	.db #0x02	; 2
    00000166 0A                     404 	.db #0x0a	; 10
    00000167 0A                     405 	.db #0x0a	; 10
    00000168 0A                     406 	.db #0x0a	; 10
    00000169 0A                     407 	.db #0x0a	; 10
    0000016A 1A                     408 	.db #0x1a	; 26
    0000016B 08                     409 	.db #0x08	; 8
    0000016C 30                     410 	.db #0x30	; 48	'0'
    0000016D 31                     411 	.db #0x31	; 49	'1'
    0000016E C0                     412 	.db #0xc0	; 192
    0000016F C3                     413 	.db #0xc3	; 195
    00000170 4A                     414 	.db #0x4a	; 74	'J'
    00000171 55                     415 	.db #0x55	; 85	'U'
    00000172 40                     416 	.db #0x40	; 64
    00000173 59                     417 	.db #0x59	; 89	'Y'
    00000174 7C                     418 	.db #0x7c	; 124
    00000175 71                     419 	.db #0x71	; 113	'q'
    00000176 C3                     420 	.db #0xc3	; 195
    00000177 CF                     421 	.db #0xcf	; 207
    00000178 80                     422 	.db #0x80	; 128
    00000179 C0                     423 	.db #0xc0	; 192
    0000017A 60                     424 	.db #0x60	; 96
    0000017B 60                     425 	.db #0x60	; 96
    0000017C 38                     426 	.db #0x38	; 56	'8'
    0000017D 10                     427 	.db #0x10	; 16
    0000017E FC                     428 	.db #0xfc	; 252
    0000017F FC                     429 	.db #0xfc	; 252
    00000180 00                     430 	.db #0x00	; 0
    00000181 00                     431 	.db #0x00	; 0
    00000182 00                     432 	.db #0x00	; 0
    00000183 00                     433 	.db #0x00	; 0
    00000184 00                     434 	.db #0x00	; 0
    00000185 00                     435 	.db #0x00	; 0
    00000186 00                     436 	.db #0x00	; 0
    00000187 00                     437 	.db #0x00	; 0
    00000188 00                     438 	.db #0x00	; 0
    00000189 00                     439 	.db #0x00	; 0
    0000018A 00                     440 	.db #0x00	; 0
    0000018B 00                     441 	.db #0x00	; 0
    0000018C 00                     442 	.db #0x00	; 0
    0000018D 00                     443 	.db #0x00	; 0
    0000018E 00                     444 	.db #0x00	; 0
    0000018F 00                     445 	.db #0x00	; 0
                                    446 	.area _INITIALIZER
                                    447 	.area _CABS (ABS)
