                                      1 ;--------------------------------------------------------
                                      2 ; File Created by SDCC : free open source ISO C Compiler 
                                      3 ; Version 4.4.1 #14650 (MINGW64)
                                      4 ;--------------------------------------------------------
                                      5 	.module Drunk_Map
                                      6 	.optsdcc -msm83
                                      7 	
                                      8 ;--------------------------------------------------------
                                      9 ; Public variables in this module
                                     10 ;--------------------------------------------------------
                                     11 	.globl _Drunk_Map
                                     12 ;--------------------------------------------------------
                                     13 ; special function registers
                                     14 ;--------------------------------------------------------
                                     15 ;--------------------------------------------------------
                                     16 ; ram data
                                     17 ;--------------------------------------------------------
                                     18 	.area _DATA
                                     19 ;--------------------------------------------------------
                                     20 ; ram data
                                     21 ;--------------------------------------------------------
                                     22 	.area _INITIALIZED
                                     23 ;--------------------------------------------------------
                                     24 ; absolute external ram data
                                     25 ;--------------------------------------------------------
                                     26 	.area _DABS (ABS)
                                     27 ;--------------------------------------------------------
                                     28 ; global & static initialisations
                                     29 ;--------------------------------------------------------
                                     30 	.area _HOME
                                     31 	.area _GSINIT
                                     32 	.area _GSFINAL
                                     33 	.area _GSINIT
                                     34 ;--------------------------------------------------------
                                     35 ; Home
                                     36 ;--------------------------------------------------------
                                     37 	.area _HOME
                                     38 	.area _HOME
                                     39 ;--------------------------------------------------------
                                     40 ; code
                                     41 ;--------------------------------------------------------
                                     42 	.area _CODE_5
                                     43 	.area _CODE_5
                         00000000    44 G$Drunk_Map$0_0$0 == .
    00000000                         45 _Drunk_Map:
    00000000 81                      46 	.db #0x81	; 129
    00000001 87                      47 	.db #0x87	; 135
    00000002 8D                      48 	.db #0x8d	; 141
    00000003 80                      49 	.db #0x80	; 128
    00000004 82                      50 	.db #0x82	; 130
    00000005 88                      51 	.db #0x88	; 136
    00000006 8E                      52 	.db #0x8e	; 142
    00000007 93                      53 	.db #0x93	; 147
    00000008 83                      54 	.db #0x83	; 131
    00000009 89                      55 	.db #0x89	; 137
    0000000A 8F                      56 	.db #0x8f	; 143
    0000000B 94                      57 	.db #0x94	; 148
    0000000C 84                      58 	.db #0x84	; 132
    0000000D 8A                      59 	.db #0x8a	; 138
    0000000E 90                      60 	.db #0x90	; 144
    0000000F 95                      61 	.db #0x95	; 149
    00000010 85                      62 	.db #0x85	; 133
    00000011 8B                      63 	.db #0x8b	; 139
    00000012 91                      64 	.db #0x91	; 145
    00000013 96                      65 	.db #0x96	; 150
    00000014 86                      66 	.db #0x86	; 134
    00000015 8C                      67 	.db #0x8c	; 140
    00000016 92                      68 	.db #0x92	; 146
    00000017 97                      69 	.db #0x97	; 151
                                     70 	.area _INITIALIZER
                                     71 	.area _CABS (ABS)
