                                      1 ;--------------------------------------------------------
                                      2 ; File Created by SDCC : free open source ISO C Compiler 
                                      3 ; Version 4.2.2 #13350 (MINGW64)
                                      4 ;--------------------------------------------------------
                                      5 	.module Experiment_Tiles
                                      6 	.optsdcc -msm83
                                      7 	
                                      8 ;--------------------------------------------------------
                                      9 ; Public variables in this module
                                     10 ;--------------------------------------------------------
                                     11 	.globl _Experiment_Tiles
                                     12 ;--------------------------------------------------------
                                     13 ; special function registers
                                     14 ;--------------------------------------------------------
                                     15 ;--------------------------------------------------------
                                     16 ; ram data
                                     17 ;--------------------------------------------------------
                                     18 	.area _DATA
                                     19 ;--------------------------------------------------------
                                     20 ; ram data
                                     21 ;--------------------------------------------------------
                                     22 	.area _INITIALIZED
                           000000    23 G$Experiment_Tiles$0_0$0==.
      000000                         24 _Experiment_Tiles::
      000000                         25 	.ds 480
                                     26 ;--------------------------------------------------------
                                     27 ; absolute external ram data
                                     28 ;--------------------------------------------------------
                                     29 	.area _DABS (ABS)
                                     30 ;--------------------------------------------------------
                                     31 ; global & static initialisations
                                     32 ;--------------------------------------------------------
                                     33 	.area _HOME
                                     34 	.area _GSINIT
                                     35 	.area _GSFINAL
                                     36 	.area _GSINIT
                                     37 ;--------------------------------------------------------
                                     38 ; Home
                                     39 ;--------------------------------------------------------
                                     40 	.area _HOME
                                     41 	.area _HOME
                                     42 ;--------------------------------------------------------
                                     43 ; code
                                     44 ;--------------------------------------------------------
                                     45 	.area _CODE
                                     46 	.area _CODE
                                     47 	.area _INITIALIZER
                           000000    48 FExperiment_Tiles$__xinit_Experiment_Tiles$0_0$0 == .
      000000                         49 __xinit__Experiment_Tiles:
      000000 00                      50 	.db #0x00	; 0
      000001 00                      51 	.db #0x00	; 0
      000002 00                      52 	.db #0x00	; 0
      000003 00                      53 	.db #0x00	; 0
      000004 00                      54 	.db #0x00	; 0
      000005 00                      55 	.db #0x00	; 0
      000006 00                      56 	.db #0x00	; 0
      000007 00                      57 	.db #0x00	; 0
      000008 00                      58 	.db #0x00	; 0
      000009 00                      59 	.db #0x00	; 0
      00000A 00                      60 	.db #0x00	; 0
      00000B 00                      61 	.db #0x00	; 0
      00000C 00                      62 	.db #0x00	; 0
      00000D 00                      63 	.db #0x00	; 0
      00000E 00                      64 	.db #0x00	; 0
      00000F 00                      65 	.db #0x00	; 0
      000010 01                      66 	.db #0x01	; 1
      000011 01                      67 	.db #0x01	; 1
      000012 02                      68 	.db #0x02	; 2
      000013 02                      69 	.db #0x02	; 2
      000014 01                      70 	.db #0x01	; 1
      000015 01                      71 	.db #0x01	; 1
      000016 00                      72 	.db #0x00	; 0
      000017 00                      73 	.db #0x00	; 0
      000018 00                      74 	.db #0x00	; 0
      000019 00                      75 	.db #0x00	; 0
      00001A 00                      76 	.db #0x00	; 0
      00001B 00                      77 	.db #0x00	; 0
      00001C 00                      78 	.db #0x00	; 0
      00001D 00                      79 	.db #0x00	; 0
      00001E 08                      80 	.db #0x08	; 8
      00001F 08                      81 	.db #0x08	; 8
      000020 15                      82 	.db #0x15	; 21
      000021 15                      83 	.db #0x15	; 21
      000022 0A                      84 	.db #0x0a	; 10
      000023 0A                      85 	.db #0x0a	; 10
      000024 04                      86 	.db #0x04	; 4
      000025 04                      87 	.db #0x04	; 4
      000026 02                      88 	.db #0x02	; 2
      000027 02                      89 	.db #0x02	; 2
      000028 01                      90 	.db #0x01	; 1
      000029 01                      91 	.db #0x01	; 1
      00002A 00                      92 	.db #0x00	; 0
      00002B 00                      93 	.db #0x00	; 0
      00002C 00                      94 	.db #0x00	; 0
      00002D 00                      95 	.db #0x00	; 0
      00002E 00                      96 	.db #0x00	; 0
      00002F 00                      97 	.db #0x00	; 0
      000030 00                      98 	.db #0x00	; 0
      000031 00                      99 	.db #0x00	; 0
      000032 00                     100 	.db #0x00	; 0
      000033 00                     101 	.db #0x00	; 0
      000034 00                     102 	.db #0x00	; 0
      000035 00                     103 	.db #0x00	; 0
      000036 00                     104 	.db #0x00	; 0
      000037 00                     105 	.db #0x00	; 0
      000038 00                     106 	.db #0x00	; 0
      000039 00                     107 	.db #0x00	; 0
      00003A 00                     108 	.db #0x00	; 0
      00003B 00                     109 	.db #0x00	; 0
      00003C 01                     110 	.db #0x01	; 1
      00003D 01                     111 	.db #0x01	; 1
      00003E 01                     112 	.db #0x01	; 1
      00003F 01                     113 	.db #0x01	; 1
      000040 01                     114 	.db #0x01	; 1
      000041 01                     115 	.db #0x01	; 1
      000042 00                     116 	.db #0x00	; 0
      000043 00                     117 	.db #0x00	; 0
      000044 00                     118 	.db #0x00	; 0
      000045 00                     119 	.db #0x00	; 0
      000046 00                     120 	.db #0x00	; 0
      000047 00                     121 	.db #0x00	; 0
      000048 00                     122 	.db #0x00	; 0
      000049 00                     123 	.db #0x00	; 0
      00004A 00                     124 	.db #0x00	; 0
      00004B 00                     125 	.db #0x00	; 0
      00004C 00                     126 	.db #0x00	; 0
      00004D 00                     127 	.db #0x00	; 0
      00004E 00                     128 	.db #0x00	; 0
      00004F 00                     129 	.db #0x00	; 0
      000050 00                     130 	.db #0x00	; 0
      000051 00                     131 	.db #0x00	; 0
      000052 03                     132 	.db #0x03	; 3
      000053 03                     133 	.db #0x03	; 3
      000054 0C                     134 	.db #0x0c	; 12
      000055 0F                     135 	.db #0x0f	; 15
      000056 12                     136 	.db #0x12	; 18
      000057 1A                     137 	.db #0x1a	; 26
      000058 09                     138 	.db #0x09	; 9
      000059 0D                     139 	.db #0x0d	; 13
      00005A 04                     140 	.db #0x04	; 4
      00005B 06                     141 	.db #0x06	; 6
      00005C 03                     142 	.db #0x03	; 3
      00005D 03                     143 	.db #0x03	; 3
      00005E 00                     144 	.db #0x00	; 0
      00005F 00                     145 	.db #0x00	; 0
      000060 00                     146 	.db #0x00	; 0
      000061 00                     147 	.db #0x00	; 0
      000062 A0                     148 	.db #0xa0	; 160
      000063 A0                     149 	.db #0xa0	; 160
      000064 50                     150 	.db #0x50	; 80	'P'
      000065 50                     151 	.db #0x50	; 80	'P'
      000066 88                     152 	.db #0x88	; 136
      000067 88                     153 	.db #0x88	; 136
      000068 54                     154 	.db #0x54	; 84	'T'
      000069 54                     155 	.db #0x54	; 84	'T'
      00006A 2A                     156 	.db #0x2a	; 42
      00006B 2A                     157 	.db #0x2a	; 42
      00006C 04                     158 	.db #0x04	; 4
      00006D 04                     159 	.db #0x04	; 4
      00006E 03                     160 	.db #0x03	; 3
      00006F 03                     161 	.db #0x03	; 3
      000070 04                     162 	.db #0x04	; 4
      000071 07                     163 	.db #0x07	; 7
      000072 8A                     164 	.db #0x8a	; 138
      000073 8E                     165 	.db #0x8e	; 142
      000074 54                     166 	.db #0x54	; 84	'T'
      000075 5C                     167 	.db #0x5c	; 92
      000076 AF                     168 	.db #0xaf	; 175
      000077 BF                     169 	.db #0xbf	; 191
      000078 69                     170 	.db #0x69	; 105	'i'
      000079 79                     171 	.db #0x79	; 121	'y'
      00007A 58                     172 	.db #0x58	; 88	'X'
      00007B 79                     173 	.db #0x79	; 121	'y'
      00007C 50                     174 	.db #0x50	; 80	'P'
      00007D 71                     175 	.db #0x71	; 113	'q'
      00007E 50                     176 	.db #0x50	; 80	'P'
      00007F 72                     177 	.db #0x72	; 114	'r'
      000080 54                     178 	.db #0x54	; 84	'T'
      000081 76                     179 	.db #0x76	; 118	'v'
      000082 5E                     180 	.db #0x5e	; 94
      000083 7D                     181 	.db #0x7d	; 125
      000084 5D                     182 	.db #0x5d	; 93
      000085 7E                     183 	.db #0x7e	; 126
      000086 56                     184 	.db #0x56	; 86	'V'
      000087 75                     185 	.db #0x75	; 117	'u'
      000088 57                     186 	.db #0x57	; 87	'W'
      000089 70                     187 	.db #0x70	; 112	'p'
      00008A 9F                     188 	.db #0x9f	; 159
      00008B A3                     189 	.db #0xa3	; 163
      00008C 5F                     190 	.db #0x5f	; 95
      00008D 63                     191 	.db #0x63	; 99	'c'
      00008E 3F                     192 	.db #0x3f	; 63
      00008F 30                     193 	.db #0x30	; 48	'0'
      000090 0F                     194 	.db #0x0f	; 15
      000091 8F                     195 	.db #0x8f	; 143
      000092 80                     196 	.db #0x80	; 128
      000093 E0                     197 	.db #0xe0	; 224
      000094 70                     198 	.db #0x70	; 112	'p'
      000095 78                     199 	.db #0x78	; 120	'x'
      000096 0E                     200 	.db #0x0e	; 14
      000097 0F                     201 	.db #0x0f	; 15
      000098 0F                     202 	.db #0x0f	; 15
      000099 09                     203 	.db #0x09	; 9
      00009A 19                     204 	.db #0x19	; 25
      00009B 13                     205 	.db #0x13	; 19
      00009C 12                     206 	.db #0x12	; 18
      00009D 16                     207 	.db #0x16	; 22
      00009E 32                     208 	.db #0x32	; 50	'2'
      00009F 26                     209 	.db #0x26	; 38
      0000A0 32                     210 	.db #0x32	; 50	'2'
      0000A1 26                     211 	.db #0x26	; 38
      0000A2 24                     212 	.db #0x24	; 36
      0000A3 2C                     213 	.db #0x2c	; 44
      0000A4 24                     214 	.db #0x24	; 36
      0000A5 2C                     215 	.db #0x2c	; 44
      0000A6 24                     216 	.db #0x24	; 36
      0000A7 2C                     217 	.db #0x2c	; 44
      0000A8 24                     218 	.db #0x24	; 36
      0000A9 2C                     219 	.db #0x2c	; 44
      0000AA 24                     220 	.db #0x24	; 36
      0000AB 2C                     221 	.db #0x2c	; 44
      0000AC 24                     222 	.db #0x24	; 36
      0000AD 2C                     223 	.db #0x2c	; 44
      0000AE 32                     224 	.db #0x32	; 50	'2'
      0000AF 26                     225 	.db #0x26	; 38
      0000B0 72                     226 	.db #0x72	; 114	'r'
      0000B1 76                     227 	.db #0x76	; 118	'v'
      0000B2 82                     228 	.db #0x82	; 130
      0000B3 F6                     229 	.db #0xf6	; 246
      0000B4 01                     230 	.db #0x01	; 1
      0000B5 83                     231 	.db #0x83	; 131
      0000B6 01                     232 	.db #0x01	; 1
      0000B7 03                     233 	.db #0x03	; 3
      0000B8 43                     234 	.db #0x43	; 67	'C'
      0000B9 45                     235 	.db #0x45	; 69	'E'
      0000BA 8E                     236 	.db #0x8e	; 142
      0000BB 92                     237 	.db #0x92	; 146
      0000BC 8C                     238 	.db #0x8c	; 140
      0000BD FC                     239 	.db #0xfc	; 252
      0000BE 70                     240 	.db #0x70	; 112	'p'
      0000BF 70                     241 	.db #0x70	; 112	'p'
      0000C0 00                     242 	.db #0x00	; 0
      0000C1 00                     243 	.db #0x00	; 0
      0000C2 00                     244 	.db #0x00	; 0
      0000C3 00                     245 	.db #0x00	; 0
      0000C4 00                     246 	.db #0x00	; 0
      0000C5 00                     247 	.db #0x00	; 0
      0000C6 00                     248 	.db #0x00	; 0
      0000C7 00                     249 	.db #0x00	; 0
      0000C8 40                     250 	.db #0x40	; 64
      0000C9 40                     251 	.db #0x40	; 64
      0000CA A0                     252 	.db #0xa0	; 160
      0000CB A0                     253 	.db #0xa0	; 160
      0000CC A0                     254 	.db #0xa0	; 160
      0000CD A0                     255 	.db #0xa0	; 160
      0000CE B0                     256 	.db #0xb0	; 176
      0000CF B0                     257 	.db #0xb0	; 176
      0000D0 A8                     258 	.db #0xa8	; 168
      0000D1 A8                     259 	.db #0xa8	; 168
      0000D2 88                     260 	.db #0x88	; 136
      0000D3 88                     261 	.db #0x88	; 136
      0000D4 A8                     262 	.db #0xa8	; 168
      0000D5 A8                     263 	.db #0xa8	; 168
      0000D6 68                     264 	.db #0x68	; 104	'h'
      0000D7 68                     265 	.db #0x68	; 104	'h'
      0000D8 28                     266 	.db #0x28	; 40
      0000D9 28                     267 	.db #0x28	; 40
      0000DA 28                     268 	.db #0x28	; 40
      0000DB 28                     269 	.db #0x28	; 40
      0000DC 7E                     270 	.db #0x7e	; 126
      0000DD 7E                     271 	.db #0x7e	; 126
      0000DE 81                     272 	.db #0x81	; 129
      0000DF FF                     273 	.db #0xff	; 255
      0000E0 3E                     274 	.db #0x3e	; 62
      0000E1 3F                     275 	.db #0x3f	; 63
      0000E2 7F                     276 	.db #0x7f	; 127
      0000E3 7F                     277 	.db #0x7f	; 127
      0000E4 FE                     278 	.db #0xfe	; 254
      0000E5 FF                     279 	.db #0xff	; 255
      0000E6 FF                     280 	.db #0xff	; 255
      0000E7 FF                     281 	.db #0xff	; 255
      0000E8 92                     282 	.db #0x92	; 146
      0000E9 E4                     283 	.db #0xe4	; 228
      0000EA 09                     284 	.db #0x09	; 9
      0000EB 00                     285 	.db #0x00	; 0
      0000EC 71                     286 	.db #0x71	; 113	'q'
      0000ED 02                     287 	.db #0x02	; 2
      0000EE 8A                     288 	.db #0x8a	; 138
      0000EF 64                     289 	.db #0x64	; 100	'd'
      0000F0 14                     290 	.db #0x14	; 20
      0000F1 89                     291 	.db #0x89	; 137
      0000F2 46                     292 	.db #0x46	; 70	'F'
      0000F3 00                     293 	.db #0x00	; 0
      0000F4 31                     294 	.db #0x31	; 49	'1'
      0000F5 8A                     295 	.db #0x8a	; 138
      0000F6 CA                     296 	.db #0xca	; 202
      0000F7 11                     297 	.db #0x11	; 17
      0000F8 24                     298 	.db #0x24	; 36
      0000F9 48                     299 	.db #0x48	; 72	'H'
      0000FA 04                     300 	.db #0x04	; 4
      0000FB AB                     301 	.db #0xab	; 171
      0000FC CB                     302 	.db #0xcb	; 203
      0000FD F7                     303 	.db #0xf7	; 247
      0000FE FF                     304 	.db #0xff	; 255
      0000FF FF                     305 	.db #0xff	; 255
      000100 FF                     306 	.db #0xff	; 255
      000101 00                     307 	.db #0x00	; 0
      000102 FF                     308 	.db #0xff	; 255
      000103 FF                     309 	.db #0xff	; 255
      000104 00                     310 	.db #0x00	; 0
      000105 00                     311 	.db #0x00	; 0
      000106 00                     312 	.db #0x00	; 0
      000107 81                     313 	.db #0x81	; 129
      000108 FF                     314 	.db #0xff	; 255
      000109 FF                     315 	.db #0xff	; 255
      00010A 00                     316 	.db #0x00	; 0
      00010B 00                     317 	.db #0x00	; 0
      00010C 00                     318 	.db #0x00	; 0
      00010D 00                     319 	.db #0x00	; 0
      00010E 00                     320 	.db #0x00	; 0
      00010F 00                     321 	.db #0x00	; 0
      000110 00                     322 	.db #0x00	; 0
      000111 00                     323 	.db #0x00	; 0
      000112 00                     324 	.db #0x00	; 0
      000113 00                     325 	.db #0x00	; 0
      000114 00                     326 	.db #0x00	; 0
      000115 00                     327 	.db #0x00	; 0
      000116 00                     328 	.db #0x00	; 0
      000117 00                     329 	.db #0x00	; 0
      000118 00                     330 	.db #0x00	; 0
      000119 00                     331 	.db #0x00	; 0
      00011A 00                     332 	.db #0x00	; 0
      00011B 00                     333 	.db #0x00	; 0
      00011C 00                     334 	.db #0x00	; 0
      00011D 00                     335 	.db #0x00	; 0
      00011E 01                     336 	.db #0x01	; 1
      00011F 01                     337 	.db #0x01	; 1
      000120 02                     338 	.db #0x02	; 2
      000121 02                     339 	.db #0x02	; 2
      000122 15                     340 	.db #0x15	; 21
      000123 15                     341 	.db #0x15	; 21
      000124 2A                     342 	.db #0x2a	; 42
      000125 2A                     343 	.db #0x2a	; 42
      000126 44                     344 	.db #0x44	; 68	'D'
      000127 44                     345 	.db #0x44	; 68	'D'
      000128 A8                     346 	.db #0xa8	; 168
      000129 A8                     347 	.db #0xa8	; 168
      00012A 50                     348 	.db #0x50	; 80	'P'
      00012B 50                     349 	.db #0x50	; 80	'P'
      00012C 00                     350 	.db #0x00	; 0
      00012D 00                     351 	.db #0x00	; 0
      00012E C0                     352 	.db #0xc0	; 192
      00012F C0                     353 	.db #0xc0	; 192
      000130 22                     354 	.db #0x22	; 34
      000131 E2                     355 	.db #0xe2	; 226
      000132 D5                     356 	.db #0xd5	; 213
      000133 F5                     357 	.db #0xf5	; 245
      000134 6A                     358 	.db #0x6a	; 106	'j'
      000135 7A                     359 	.db #0x7a	; 122	'z'
      000136 74                     360 	.db #0x74	; 116	't'
      000137 FC                     361 	.db #0xfc	; 252
      000138 F4                     362 	.db #0xf4	; 244
      000139 FC                     363 	.db #0xfc	; 252
      00013A 7A                     364 	.db #0x7a	; 122	'z'
      00013B 7E                     365 	.db #0x7e	; 126
      00013C FA                     366 	.db #0xfa	; 250
      00013D 7E                     367 	.db #0x7e	; 126
      00013E 3A                     368 	.db #0x3a	; 58
      00013F 7E                     369 	.db #0x7e	; 126
      000140 BA                     370 	.db #0xba	; 186
      000141 3E                     371 	.db #0x3e	; 62
      000142 7A                     372 	.db #0x7a	; 122	'z'
      000143 BE                     373 	.db #0xbe	; 190
      000144 3A                     374 	.db #0x3a	; 58
      000145 7E                     375 	.db #0x7e	; 126
      000146 7A                     376 	.db #0x7a	; 122	'z'
      000147 3E                     377 	.db #0x3e	; 62
      000148 FA                     378 	.db #0xfa	; 250
      000149 8E                     379 	.db #0x8e	; 142
      00014A F9                     380 	.db #0xf9	; 249
      00014B C5                     381 	.db #0xc5	; 197
      00014C FA                     382 	.db #0xfa	; 250
      00014D C6                     383 	.db #0xc6	; 198
      00014E FC                     384 	.db #0xfc	; 252
      00014F 0C                     385 	.db #0x0c	; 12
      000150 F0                     386 	.db #0xf0	; 240
      000151 F1                     387 	.db #0xf1	; 241
      000152 01                     388 	.db #0x01	; 1
      000153 07                     389 	.db #0x07	; 7
      000154 0E                     390 	.db #0x0e	; 14
      000155 3E                     391 	.db #0x3e	; 62
      000156 70                     392 	.db #0x70	; 112	'p'
      000157 F0                     393 	.db #0xf0	; 240
      000158 F0                     394 	.db #0xf0	; 240
      000159 90                     395 	.db #0x90	; 144
      00015A 58                     396 	.db #0x58	; 88	'X'
      00015B 48                     397 	.db #0x48	; 72	'H'
      00015C 48                     398 	.db #0x48	; 72	'H'
      00015D 68                     399 	.db #0x68	; 104	'h'
      00015E 4C                     400 	.db #0x4c	; 76	'L'
      00015F 64                     401 	.db #0x64	; 100	'd'
      000160 4C                     402 	.db #0x4c	; 76	'L'
      000161 64                     403 	.db #0x64	; 100	'd'
      000162 24                     404 	.db #0x24	; 36
      000163 34                     405 	.db #0x34	; 52	'4'
      000164 24                     406 	.db #0x24	; 36
      000165 34                     407 	.db #0x34	; 52	'4'
      000166 24                     408 	.db #0x24	; 36
      000167 34                     409 	.db #0x34	; 52	'4'
      000168 24                     410 	.db #0x24	; 36
      000169 34                     411 	.db #0x34	; 52	'4'
      00016A 24                     412 	.db #0x24	; 36
      00016B 34                     413 	.db #0x34	; 52	'4'
      00016C 24                     414 	.db #0x24	; 36
      00016D 34                     415 	.db #0x34	; 52	'4'
      00016E 2C                     416 	.db #0x2c	; 44
      00016F 34                     417 	.db #0x34	; 52	'4'
      000170 4E                     418 	.db #0x4e	; 78	'N'
      000171 6E                     419 	.db #0x6e	; 110	'n'
      000172 4F                     420 	.db #0x4f	; 79	'O'
      000173 61                     421 	.db #0x61	; 97	'a'
      000174 81                     422 	.db #0x81	; 129
      000175 C0                     423 	.db #0xc0	; 192
      000176 80                     424 	.db #0x80	; 128
      000177 C0                     425 	.db #0xc0	; 192
      000178 42                     426 	.db #0x42	; 66	'B'
      000179 62                     427 	.db #0x62	; 98	'b'
      00017A 21                     428 	.db #0x21	; 33
      00017B 39                     429 	.db #0x39	; 57	'9'
      00017C 11                     430 	.db #0x11	; 17
      00017D 1F                     431 	.db #0x1f	; 31
      00017E 0E                     432 	.db #0x0e	; 14
      00017F 0E                     433 	.db #0x0e	; 14
      000180 80                     434 	.db #0x80	; 128
      000181 80                     435 	.db #0x80	; 128
      000182 00                     436 	.db #0x00	; 0
      000183 00                     437 	.db #0x00	; 0
      000184 00                     438 	.db #0x00	; 0
      000185 00                     439 	.db #0x00	; 0
      000186 00                     440 	.db #0x00	; 0
      000187 00                     441 	.db #0x00	; 0
      000188 00                     442 	.db #0x00	; 0
      000189 00                     443 	.db #0x00	; 0
      00018A 10                     444 	.db #0x10	; 16
      00018B 10                     445 	.db #0x10	; 16
      00018C A8                     446 	.db #0xa8	; 168
      00018D A8                     447 	.db #0xa8	; 168
      00018E 50                     448 	.db #0x50	; 80	'P'
      00018F 50                     449 	.db #0x50	; 80	'P'
      000190 20                     450 	.db #0x20	; 32
      000191 20                     451 	.db #0x20	; 32
      000192 40                     452 	.db #0x40	; 64
      000193 40                     453 	.db #0x40	; 64
      000194 80                     454 	.db #0x80	; 128
      000195 80                     455 	.db #0x80	; 128
      000196 00                     456 	.db #0x00	; 0
      000197 00                     457 	.db #0x00	; 0
      000198 00                     458 	.db #0x00	; 0
      000199 00                     459 	.db #0x00	; 0
      00019A 00                     460 	.db #0x00	; 0
      00019B 00                     461 	.db #0x00	; 0
      00019C 00                     462 	.db #0x00	; 0
      00019D 00                     463 	.db #0x00	; 0
      00019E 00                     464 	.db #0x00	; 0
      00019F 00                     465 	.db #0x00	; 0
      0001A0 00                     466 	.db #0x00	; 0
      0001A1 00                     467 	.db #0x00	; 0
      0001A2 00                     468 	.db #0x00	; 0
      0001A3 00                     469 	.db #0x00	; 0
      0001A4 00                     470 	.db #0x00	; 0
      0001A5 00                     471 	.db #0x00	; 0
      0001A6 00                     472 	.db #0x00	; 0
      0001A7 00                     473 	.db #0x00	; 0
      0001A8 00                     474 	.db #0x00	; 0
      0001A9 00                     475 	.db #0x00	; 0
      0001AA 00                     476 	.db #0x00	; 0
      0001AB 00                     477 	.db #0x00	; 0
      0001AC 80                     478 	.db #0x80	; 128
      0001AD 80                     479 	.db #0x80	; 128
      0001AE 80                     480 	.db #0x80	; 128
      0001AF 80                     481 	.db #0x80	; 128
      0001B0 80                     482 	.db #0x80	; 128
      0001B1 80                     483 	.db #0x80	; 128
      0001B2 00                     484 	.db #0x00	; 0
      0001B3 00                     485 	.db #0x00	; 0
      0001B4 00                     486 	.db #0x00	; 0
      0001B5 00                     487 	.db #0x00	; 0
      0001B6 00                     488 	.db #0x00	; 0
      0001B7 00                     489 	.db #0x00	; 0
      0001B8 00                     490 	.db #0x00	; 0
      0001B9 00                     491 	.db #0x00	; 0
      0001BA 00                     492 	.db #0x00	; 0
      0001BB 00                     493 	.db #0x00	; 0
      0001BC 00                     494 	.db #0x00	; 0
      0001BD 00                     495 	.db #0x00	; 0
      0001BE 00                     496 	.db #0x00	; 0
      0001BF 00                     497 	.db #0x00	; 0
      0001C0 00                     498 	.db #0x00	; 0
      0001C1 00                     499 	.db #0x00	; 0
      0001C2 C0                     500 	.db #0xc0	; 192
      0001C3 C0                     501 	.db #0xc0	; 192
      0001C4 F0                     502 	.db #0xf0	; 240
      0001C5 30                     503 	.db #0x30	; 48	'0'
      0001C6 58                     504 	.db #0x58	; 88	'X'
      0001C7 48                     505 	.db #0x48	; 72	'H'
      0001C8 B0                     506 	.db #0xb0	; 176
      0001C9 90                     507 	.db #0x90	; 144
      0001CA 20                     508 	.db #0x20	; 32
      0001CB 60                     509 	.db #0x60	; 96
      0001CC C0                     510 	.db #0xc0	; 192
      0001CD C0                     511 	.db #0xc0	; 192
      0001CE 00                     512 	.db #0x00	; 0
      0001CF 00                     513 	.db #0x00	; 0
      0001D0 00                     514 	.db #0x00	; 0
      0001D1 00                     515 	.db #0x00	; 0
      0001D2 00                     516 	.db #0x00	; 0
      0001D3 00                     517 	.db #0x00	; 0
      0001D4 00                     518 	.db #0x00	; 0
      0001D5 00                     519 	.db #0x00	; 0
      0001D6 00                     520 	.db #0x00	; 0
      0001D7 00                     521 	.db #0x00	; 0
      0001D8 00                     522 	.db #0x00	; 0
      0001D9 00                     523 	.db #0x00	; 0
      0001DA 00                     524 	.db #0x00	; 0
      0001DB 00                     525 	.db #0x00	; 0
      0001DC 00                     526 	.db #0x00	; 0
      0001DD 00                     527 	.db #0x00	; 0
      0001DE 00                     528 	.db #0x00	; 0
      0001DF 00                     529 	.db #0x00	; 0
                                    530 	.area _CABS (ABS)
