                                      1 ;--------------------------------------------------------
                                      2 ; File Created by SDCC : free open source ISO C Compiler 
                                      3 ; Version 4.4.1 #14650 (MINGW64)
                                      4 ;--------------------------------------------------------
                                      5 	.module Experiment_Map
                                      6 	.optsdcc -msm83
                                      7 	
                                      8 ;--------------------------------------------------------
                                      9 ; Public variables in this module
                                     10 ;--------------------------------------------------------
                                     11 	.globl _Experiment_Map
                                     12 ;--------------------------------------------------------
                                     13 ; special function registers
                                     14 ;--------------------------------------------------------
                                     15 ;--------------------------------------------------------
                                     16 ; ram data
                                     17 ;--------------------------------------------------------
                                     18 	.area _DATA
                                     19 ;--------------------------------------------------------
                                     20 ; ram data
                                     21 ;--------------------------------------------------------
                                     22 	.area _INITIALIZED
                                     23 ;--------------------------------------------------------
                                     24 ; absolute external ram data
                                     25 ;--------------------------------------------------------
                                     26 	.area _DABS (ABS)
                                     27 ;--------------------------------------------------------
                                     28 ; global & static initialisations
                                     29 ;--------------------------------------------------------
                                     30 	.area _HOME
                                     31 	.area _GSINIT
                                     32 	.area _GSFINAL
                                     33 	.area _GSINIT
                                     34 ;--------------------------------------------------------
                                     35 ; Home
                                     36 ;--------------------------------------------------------
                                     37 	.area _HOME
                                     38 	.area _HOME
                                     39 ;--------------------------------------------------------
                                     40 ; code
                                     41 ;--------------------------------------------------------
                                     42 	.area _CODE_5
                                     43 	.area _CODE_5
                         00000000    44 G$Experiment_Map$0_0$0 == .
    00000000                         45 _Experiment_Map:
    00000000 80                      46 	.db #0x80	; 128
    00000001 80                      47 	.db #0x80	; 128
    00000002 8C                      48 	.db #0x8c	; 140
    00000003 91                      49 	.db #0x91	; 145
    00000004 80                      50 	.db #0x80	; 128
    00000005 81                      51 	.db #0x81	; 129
    00000006 86                      52 	.db #0x86	; 134
    00000007 8D                      53 	.db #0x8d	; 141
    00000008 92                      54 	.db #0x92	; 146
    00000009 98                      55 	.db #0x98	; 152
    0000000A 82                      56 	.db #0x82	; 130
    0000000B 87                      57 	.db #0x87	; 135
    0000000C 8E                      58 	.db #0x8e	; 142
    0000000D 93                      59 	.db #0x93	; 147
    0000000E 99                      60 	.db #0x99	; 153
    0000000F 83                      61 	.db #0x83	; 131
    00000010 88                      62 	.db #0x88	; 136
    00000011 8F                      63 	.db #0x8f	; 143
    00000012 94                      64 	.db #0x94	; 148
    00000013 9A                      65 	.db #0x9a	; 154
    00000014 84                      66 	.db #0x84	; 132
    00000015 89                      67 	.db #0x89	; 137
    00000016 90                      68 	.db #0x90	; 144
    00000017 95                      69 	.db #0x95	; 149
    00000018 9B                      70 	.db #0x9b	; 155
    00000019 80                      71 	.db #0x80	; 128
    0000001A 8A                      72 	.db #0x8a	; 138
    0000001B 80                      73 	.db #0x80	; 128
    0000001C 96                      74 	.db #0x96	; 150
    0000001D 80                      75 	.db #0x80	; 128
    0000001E 85                      76 	.db #0x85	; 133
    0000001F 8B                      77 	.db #0x8b	; 139
    00000020 80                      78 	.db #0x80	; 128
    00000021 97                      79 	.db #0x97	; 151
    00000022 9C                      80 	.db #0x9c	; 156
                                     81 	.area _INITIALIZER
                                     82 	.area _CABS (ABS)
