                                      1 ;--------------------------------------------------------
                                      2 ; File Created by SDCC : free open source ISO C Compiler 
                                      3 ; Version 4.2.2 #13350 (MINGW64)
                                      4 ;--------------------------------------------------------
                                      5 	.module Font
                                      6 	.optsdcc -msm83
                                      7 	
                                      8 ;--------------------------------------------------------
                                      9 ; Public variables in this module
                                     10 ;--------------------------------------------------------
                                     11 	.globl _FontTiles
                                     12 ;--------------------------------------------------------
                                     13 ; special function registers
                                     14 ;--------------------------------------------------------
                                     15 ;--------------------------------------------------------
                                     16 ; ram data
                                     17 ;--------------------------------------------------------
                                     18 	.area _DATA
                                     19 ;--------------------------------------------------------
                                     20 ; ram data
                                     21 ;--------------------------------------------------------
                                     22 	.area _INITIALIZED
                                     23 ;--------------------------------------------------------
                                     24 ; absolute external ram data
                                     25 ;--------------------------------------------------------
                                     26 	.area _DABS (ABS)
                                     27 ;--------------------------------------------------------
                                     28 ; global & static initialisations
                                     29 ;--------------------------------------------------------
                                     30 	.area _HOME
                                     31 	.area _GSINIT
                                     32 	.area _GSFINAL
                                     33 	.area _GSINIT
                                     34 ;--------------------------------------------------------
                                     35 ; Home
                                     36 ;--------------------------------------------------------
                                     37 	.area _HOME
                                     38 	.area _HOME
                                     39 ;--------------------------------------------------------
                                     40 ; code
                                     41 ;--------------------------------------------------------
                                     42 	.area _CODE
                                     43 	.area _CODE
                           000000    44 G$FontTiles$0_0$0 == .
      000000                         45 _FontTiles:
      000000 00                      46 	.db #0x00	; 0
      000001 00                      47 	.db #0x00	; 0
      000002 00                      48 	.db #0x00	; 0
      000003 00                      49 	.db #0x00	; 0
      000004 00                      50 	.db #0x00	; 0
      000005 00                      51 	.db #0x00	; 0
      000006 00                      52 	.db #0x00	; 0
      000007 00                      53 	.db #0x00	; 0
      000008 00                      54 	.db #0x00	; 0
      000009 00                      55 	.db #0x00	; 0
      00000A 00                      56 	.db #0x00	; 0
      00000B 00                      57 	.db #0x00	; 0
      00000C 00                      58 	.db #0x00	; 0
      00000D 00                      59 	.db #0x00	; 0
      00000E 00                      60 	.db #0x00	; 0
      00000F 00                      61 	.db #0x00	; 0
      000010 00                      62 	.db #0x00	; 0
      000011 00                      63 	.db #0x00	; 0
      000012 1C                      64 	.db #0x1c	; 28
      000013 1C                      65 	.db #0x1c	; 28
      000014 36                      66 	.db #0x36	; 54	'6'
      000015 36                      67 	.db #0x36	; 54	'6'
      000016 63                      68 	.db #0x63	; 99	'c'
      000017 63                      69 	.db #0x63	; 99	'c'
      000018 63                      70 	.db #0x63	; 99	'c'
      000019 63                      71 	.db #0x63	; 99	'c'
      00001A 7F                      72 	.db #0x7f	; 127
      00001B 7F                      73 	.db #0x7f	; 127
      00001C 63                      74 	.db #0x63	; 99	'c'
      00001D 63                      75 	.db #0x63	; 99	'c'
      00001E 63                      76 	.db #0x63	; 99	'c'
      00001F 63                      77 	.db #0x63	; 99	'c'
      000020 00                      78 	.db #0x00	; 0
      000021 00                      79 	.db #0x00	; 0
      000022 7E                      80 	.db #0x7e	; 126
      000023 7E                      81 	.db #0x7e	; 126
      000024 63                      82 	.db #0x63	; 99	'c'
      000025 63                      83 	.db #0x63	; 99	'c'
      000026 63                      84 	.db #0x63	; 99	'c'
      000027 63                      85 	.db #0x63	; 99	'c'
      000028 7E                      86 	.db #0x7e	; 126
      000029 7E                      87 	.db #0x7e	; 126
      00002A 63                      88 	.db #0x63	; 99	'c'
      00002B 63                      89 	.db #0x63	; 99	'c'
      00002C 63                      90 	.db #0x63	; 99	'c'
      00002D 63                      91 	.db #0x63	; 99	'c'
      00002E 7E                      92 	.db #0x7e	; 126
      00002F 7E                      93 	.db #0x7e	; 126
      000030 00                      94 	.db #0x00	; 0
      000031 00                      95 	.db #0x00	; 0
      000032 1E                      96 	.db #0x1e	; 30
      000033 1E                      97 	.db #0x1e	; 30
      000034 33                      98 	.db #0x33	; 51	'3'
      000035 33                      99 	.db #0x33	; 51	'3'
      000036 60                     100 	.db #0x60	; 96
      000037 60                     101 	.db #0x60	; 96
      000038 60                     102 	.db #0x60	; 96
      000039 60                     103 	.db #0x60	; 96
      00003A 60                     104 	.db #0x60	; 96
      00003B 60                     105 	.db #0x60	; 96
      00003C 33                     106 	.db #0x33	; 51	'3'
      00003D 33                     107 	.db #0x33	; 51	'3'
      00003E 1E                     108 	.db #0x1e	; 30
      00003F 1E                     109 	.db #0x1e	; 30
      000040 00                     110 	.db #0x00	; 0
      000041 00                     111 	.db #0x00	; 0
      000042 7C                     112 	.db #0x7c	; 124
      000043 7C                     113 	.db #0x7c	; 124
      000044 66                     114 	.db #0x66	; 102	'f'
      000045 66                     115 	.db #0x66	; 102	'f'
      000046 63                     116 	.db #0x63	; 99	'c'
      000047 63                     117 	.db #0x63	; 99	'c'
      000048 63                     118 	.db #0x63	; 99	'c'
      000049 63                     119 	.db #0x63	; 99	'c'
      00004A 63                     120 	.db #0x63	; 99	'c'
      00004B 63                     121 	.db #0x63	; 99	'c'
      00004C 66                     122 	.db #0x66	; 102	'f'
      00004D 66                     123 	.db #0x66	; 102	'f'
      00004E 7C                     124 	.db #0x7c	; 124
      00004F 7C                     125 	.db #0x7c	; 124
      000050 00                     126 	.db #0x00	; 0
      000051 00                     127 	.db #0x00	; 0
      000052 7F                     128 	.db #0x7f	; 127
      000053 7F                     129 	.db #0x7f	; 127
      000054 60                     130 	.db #0x60	; 96
      000055 60                     131 	.db #0x60	; 96
      000056 60                     132 	.db #0x60	; 96
      000057 60                     133 	.db #0x60	; 96
      000058 7E                     134 	.db #0x7e	; 126
      000059 7E                     135 	.db #0x7e	; 126
      00005A 60                     136 	.db #0x60	; 96
      00005B 60                     137 	.db #0x60	; 96
      00005C 60                     138 	.db #0x60	; 96
      00005D 60                     139 	.db #0x60	; 96
      00005E 7F                     140 	.db #0x7f	; 127
      00005F 7F                     141 	.db #0x7f	; 127
      000060 00                     142 	.db #0x00	; 0
      000061 00                     143 	.db #0x00	; 0
      000062 7F                     144 	.db #0x7f	; 127
      000063 7F                     145 	.db #0x7f	; 127
      000064 60                     146 	.db #0x60	; 96
      000065 60                     147 	.db #0x60	; 96
      000066 60                     148 	.db #0x60	; 96
      000067 60                     149 	.db #0x60	; 96
      000068 7E                     150 	.db #0x7e	; 126
      000069 7E                     151 	.db #0x7e	; 126
      00006A 60                     152 	.db #0x60	; 96
      00006B 60                     153 	.db #0x60	; 96
      00006C 60                     154 	.db #0x60	; 96
      00006D 60                     155 	.db #0x60	; 96
      00006E 60                     156 	.db #0x60	; 96
      00006F 60                     157 	.db #0x60	; 96
      000070 00                     158 	.db #0x00	; 0
      000071 00                     159 	.db #0x00	; 0
      000072 1F                     160 	.db #0x1f	; 31
      000073 1F                     161 	.db #0x1f	; 31
      000074 30                     162 	.db #0x30	; 48	'0'
      000075 30                     163 	.db #0x30	; 48	'0'
      000076 60                     164 	.db #0x60	; 96
      000077 60                     165 	.db #0x60	; 96
      000078 67                     166 	.db #0x67	; 103	'g'
      000079 67                     167 	.db #0x67	; 103	'g'
      00007A 63                     168 	.db #0x63	; 99	'c'
      00007B 63                     169 	.db #0x63	; 99	'c'
      00007C 33                     170 	.db #0x33	; 51	'3'
      00007D 33                     171 	.db #0x33	; 51	'3'
      00007E 1F                     172 	.db #0x1f	; 31
      00007F 1F                     173 	.db #0x1f	; 31
      000080 00                     174 	.db #0x00	; 0
      000081 00                     175 	.db #0x00	; 0
      000082 63                     176 	.db #0x63	; 99	'c'
      000083 63                     177 	.db #0x63	; 99	'c'
      000084 63                     178 	.db #0x63	; 99	'c'
      000085 63                     179 	.db #0x63	; 99	'c'
      000086 63                     180 	.db #0x63	; 99	'c'
      000087 63                     181 	.db #0x63	; 99	'c'
      000088 7F                     182 	.db #0x7f	; 127
      000089 7F                     183 	.db #0x7f	; 127
      00008A 63                     184 	.db #0x63	; 99	'c'
      00008B 63                     185 	.db #0x63	; 99	'c'
      00008C 63                     186 	.db #0x63	; 99	'c'
      00008D 63                     187 	.db #0x63	; 99	'c'
      00008E 63                     188 	.db #0x63	; 99	'c'
      00008F 63                     189 	.db #0x63	; 99	'c'
      000090 00                     190 	.db #0x00	; 0
      000091 00                     191 	.db #0x00	; 0
      000092 7E                     192 	.db #0x7e	; 126
      000093 7E                     193 	.db #0x7e	; 126
      000094 18                     194 	.db #0x18	; 24
      000095 18                     195 	.db #0x18	; 24
      000096 18                     196 	.db #0x18	; 24
      000097 18                     197 	.db #0x18	; 24
      000098 18                     198 	.db #0x18	; 24
      000099 18                     199 	.db #0x18	; 24
      00009A 18                     200 	.db #0x18	; 24
      00009B 18                     201 	.db #0x18	; 24
      00009C 18                     202 	.db #0x18	; 24
      00009D 18                     203 	.db #0x18	; 24
      00009E 7E                     204 	.db #0x7e	; 126
      00009F 7E                     205 	.db #0x7e	; 126
      0000A0 00                     206 	.db #0x00	; 0
      0000A1 00                     207 	.db #0x00	; 0
      0000A2 0F                     208 	.db #0x0f	; 15
      0000A3 0F                     209 	.db #0x0f	; 15
      0000A4 03                     210 	.db #0x03	; 3
      0000A5 03                     211 	.db #0x03	; 3
      0000A6 03                     212 	.db #0x03	; 3
      0000A7 03                     213 	.db #0x03	; 3
      0000A8 03                     214 	.db #0x03	; 3
      0000A9 03                     215 	.db #0x03	; 3
      0000AA 63                     216 	.db #0x63	; 99	'c'
      0000AB 63                     217 	.db #0x63	; 99	'c'
      0000AC 63                     218 	.db #0x63	; 99	'c'
      0000AD 63                     219 	.db #0x63	; 99	'c'
      0000AE 3E                     220 	.db #0x3e	; 62
      0000AF 3E                     221 	.db #0x3e	; 62
      0000B0 00                     222 	.db #0x00	; 0
      0000B1 00                     223 	.db #0x00	; 0
      0000B2 63                     224 	.db #0x63	; 99	'c'
      0000B3 63                     225 	.db #0x63	; 99	'c'
      0000B4 66                     226 	.db #0x66	; 102	'f'
      0000B5 66                     227 	.db #0x66	; 102	'f'
      0000B6 6C                     228 	.db #0x6c	; 108	'l'
      0000B7 6C                     229 	.db #0x6c	; 108	'l'
      0000B8 78                     230 	.db #0x78	; 120	'x'
      0000B9 78                     231 	.db #0x78	; 120	'x'
      0000BA 7C                     232 	.db #0x7c	; 124
      0000BB 7C                     233 	.db #0x7c	; 124
      0000BC 6E                     234 	.db #0x6e	; 110	'n'
      0000BD 6E                     235 	.db #0x6e	; 110	'n'
      0000BE 67                     236 	.db #0x67	; 103	'g'
      0000BF 67                     237 	.db #0x67	; 103	'g'
      0000C0 00                     238 	.db #0x00	; 0
      0000C1 00                     239 	.db #0x00	; 0
      0000C2 60                     240 	.db #0x60	; 96
      0000C3 60                     241 	.db #0x60	; 96
      0000C4 60                     242 	.db #0x60	; 96
      0000C5 60                     243 	.db #0x60	; 96
      0000C6 60                     244 	.db #0x60	; 96
      0000C7 60                     245 	.db #0x60	; 96
      0000C8 60                     246 	.db #0x60	; 96
      0000C9 60                     247 	.db #0x60	; 96
      0000CA 60                     248 	.db #0x60	; 96
      0000CB 60                     249 	.db #0x60	; 96
      0000CC 60                     250 	.db #0x60	; 96
      0000CD 60                     251 	.db #0x60	; 96
      0000CE 7F                     252 	.db #0x7f	; 127
      0000CF 7F                     253 	.db #0x7f	; 127
      0000D0 00                     254 	.db #0x00	; 0
      0000D1 00                     255 	.db #0x00	; 0
      0000D2 63                     256 	.db #0x63	; 99	'c'
      0000D3 63                     257 	.db #0x63	; 99	'c'
      0000D4 77                     258 	.db #0x77	; 119	'w'
      0000D5 77                     259 	.db #0x77	; 119	'w'
      0000D6 7F                     260 	.db #0x7f	; 127
      0000D7 7F                     261 	.db #0x7f	; 127
      0000D8 7F                     262 	.db #0x7f	; 127
      0000D9 7F                     263 	.db #0x7f	; 127
      0000DA 6B                     264 	.db #0x6b	; 107	'k'
      0000DB 6B                     265 	.db #0x6b	; 107	'k'
      0000DC 63                     266 	.db #0x63	; 99	'c'
      0000DD 63                     267 	.db #0x63	; 99	'c'
      0000DE 63                     268 	.db #0x63	; 99	'c'
      0000DF 63                     269 	.db #0x63	; 99	'c'
      0000E0 00                     270 	.db #0x00	; 0
      0000E1 00                     271 	.db #0x00	; 0
      0000E2 63                     272 	.db #0x63	; 99	'c'
      0000E3 63                     273 	.db #0x63	; 99	'c'
      0000E4 73                     274 	.db #0x73	; 115	's'
      0000E5 73                     275 	.db #0x73	; 115	's'
      0000E6 7B                     276 	.db #0x7b	; 123
      0000E7 7B                     277 	.db #0x7b	; 123
      0000E8 7F                     278 	.db #0x7f	; 127
      0000E9 7F                     279 	.db #0x7f	; 127
      0000EA 6F                     280 	.db #0x6f	; 111	'o'
      0000EB 6F                     281 	.db #0x6f	; 111	'o'
      0000EC 67                     282 	.db #0x67	; 103	'g'
      0000ED 67                     283 	.db #0x67	; 103	'g'
      0000EE 63                     284 	.db #0x63	; 99	'c'
      0000EF 63                     285 	.db #0x63	; 99	'c'
      0000F0 00                     286 	.db #0x00	; 0
      0000F1 00                     287 	.db #0x00	; 0
      0000F2 3E                     288 	.db #0x3e	; 62
      0000F3 3E                     289 	.db #0x3e	; 62
      0000F4 63                     290 	.db #0x63	; 99	'c'
      0000F5 63                     291 	.db #0x63	; 99	'c'
      0000F6 63                     292 	.db #0x63	; 99	'c'
      0000F7 63                     293 	.db #0x63	; 99	'c'
      0000F8 63                     294 	.db #0x63	; 99	'c'
      0000F9 63                     295 	.db #0x63	; 99	'c'
      0000FA 63                     296 	.db #0x63	; 99	'c'
      0000FB 63                     297 	.db #0x63	; 99	'c'
      0000FC 63                     298 	.db #0x63	; 99	'c'
      0000FD 63                     299 	.db #0x63	; 99	'c'
      0000FE 3E                     300 	.db #0x3e	; 62
      0000FF 3E                     301 	.db #0x3e	; 62
      000100 00                     302 	.db #0x00	; 0
      000101 00                     303 	.db #0x00	; 0
      000102 7E                     304 	.db #0x7e	; 126
      000103 7E                     305 	.db #0x7e	; 126
      000104 63                     306 	.db #0x63	; 99	'c'
      000105 63                     307 	.db #0x63	; 99	'c'
      000106 63                     308 	.db #0x63	; 99	'c'
      000107 63                     309 	.db #0x63	; 99	'c'
      000108 63                     310 	.db #0x63	; 99	'c'
      000109 63                     311 	.db #0x63	; 99	'c'
      00010A 7E                     312 	.db #0x7e	; 126
      00010B 7E                     313 	.db #0x7e	; 126
      00010C 60                     314 	.db #0x60	; 96
      00010D 60                     315 	.db #0x60	; 96
      00010E 60                     316 	.db #0x60	; 96
      00010F 60                     317 	.db #0x60	; 96
      000110 00                     318 	.db #0x00	; 0
      000111 00                     319 	.db #0x00	; 0
      000112 3E                     320 	.db #0x3e	; 62
      000113 3E                     321 	.db #0x3e	; 62
      000114 63                     322 	.db #0x63	; 99	'c'
      000115 63                     323 	.db #0x63	; 99	'c'
      000116 63                     324 	.db #0x63	; 99	'c'
      000117 63                     325 	.db #0x63	; 99	'c'
      000118 63                     326 	.db #0x63	; 99	'c'
      000119 63                     327 	.db #0x63	; 99	'c'
      00011A 6B                     328 	.db #0x6b	; 107	'k'
      00011B 6B                     329 	.db #0x6b	; 107	'k'
      00011C 66                     330 	.db #0x66	; 102	'f'
      00011D 66                     331 	.db #0x66	; 102	'f'
      00011E 3D                     332 	.db #0x3d	; 61
      00011F 3D                     333 	.db #0x3d	; 61
      000120 00                     334 	.db #0x00	; 0
      000121 00                     335 	.db #0x00	; 0
      000122 7E                     336 	.db #0x7e	; 126
      000123 7E                     337 	.db #0x7e	; 126
      000124 63                     338 	.db #0x63	; 99	'c'
      000125 63                     339 	.db #0x63	; 99	'c'
      000126 63                     340 	.db #0x63	; 99	'c'
      000127 63                     341 	.db #0x63	; 99	'c'
      000128 67                     342 	.db #0x67	; 103	'g'
      000129 67                     343 	.db #0x67	; 103	'g'
      00012A 7C                     344 	.db #0x7c	; 124
      00012B 7C                     345 	.db #0x7c	; 124
      00012C 6E                     346 	.db #0x6e	; 110	'n'
      00012D 6E                     347 	.db #0x6e	; 110	'n'
      00012E 67                     348 	.db #0x67	; 103	'g'
      00012F 67                     349 	.db #0x67	; 103	'g'
      000130 00                     350 	.db #0x00	; 0
      000131 00                     351 	.db #0x00	; 0
      000132 3C                     352 	.db #0x3c	; 60
      000133 3C                     353 	.db #0x3c	; 60
      000134 66                     354 	.db #0x66	; 102	'f'
      000135 66                     355 	.db #0x66	; 102	'f'
      000136 60                     356 	.db #0x60	; 96
      000137 60                     357 	.db #0x60	; 96
      000138 3E                     358 	.db #0x3e	; 62
      000139 3E                     359 	.db #0x3e	; 62
      00013A 03                     360 	.db #0x03	; 3
      00013B 03                     361 	.db #0x03	; 3
      00013C 63                     362 	.db #0x63	; 99	'c'
      00013D 63                     363 	.db #0x63	; 99	'c'
      00013E 3E                     364 	.db #0x3e	; 62
      00013F 3E                     365 	.db #0x3e	; 62
      000140 00                     366 	.db #0x00	; 0
      000141 00                     367 	.db #0x00	; 0
      000142 7E                     368 	.db #0x7e	; 126
      000143 7E                     369 	.db #0x7e	; 126
      000144 18                     370 	.db #0x18	; 24
      000145 18                     371 	.db #0x18	; 24
      000146 18                     372 	.db #0x18	; 24
      000147 18                     373 	.db #0x18	; 24
      000148 18                     374 	.db #0x18	; 24
      000149 18                     375 	.db #0x18	; 24
      00014A 18                     376 	.db #0x18	; 24
      00014B 18                     377 	.db #0x18	; 24
      00014C 18                     378 	.db #0x18	; 24
      00014D 18                     379 	.db #0x18	; 24
      00014E 18                     380 	.db #0x18	; 24
      00014F 18                     381 	.db #0x18	; 24
      000150 00                     382 	.db #0x00	; 0
      000151 00                     383 	.db #0x00	; 0
      000152 63                     384 	.db #0x63	; 99	'c'
      000153 63                     385 	.db #0x63	; 99	'c'
      000154 63                     386 	.db #0x63	; 99	'c'
      000155 63                     387 	.db #0x63	; 99	'c'
      000156 63                     388 	.db #0x63	; 99	'c'
      000157 63                     389 	.db #0x63	; 99	'c'
      000158 63                     390 	.db #0x63	; 99	'c'
      000159 63                     391 	.db #0x63	; 99	'c'
      00015A 63                     392 	.db #0x63	; 99	'c'
      00015B 63                     393 	.db #0x63	; 99	'c'
      00015C 63                     394 	.db #0x63	; 99	'c'
      00015D 63                     395 	.db #0x63	; 99	'c'
      00015E 3E                     396 	.db #0x3e	; 62
      00015F 3E                     397 	.db #0x3e	; 62
      000160 00                     398 	.db #0x00	; 0
      000161 00                     399 	.db #0x00	; 0
      000162 63                     400 	.db #0x63	; 99	'c'
      000163 63                     401 	.db #0x63	; 99	'c'
      000164 63                     402 	.db #0x63	; 99	'c'
      000165 63                     403 	.db #0x63	; 99	'c'
      000166 63                     404 	.db #0x63	; 99	'c'
      000167 63                     405 	.db #0x63	; 99	'c'
      000168 77                     406 	.db #0x77	; 119	'w'
      000169 77                     407 	.db #0x77	; 119	'w'
      00016A 3E                     408 	.db #0x3e	; 62
      00016B 3E                     409 	.db #0x3e	; 62
      00016C 1C                     410 	.db #0x1c	; 28
      00016D 1C                     411 	.db #0x1c	; 28
      00016E 08                     412 	.db #0x08	; 8
      00016F 08                     413 	.db #0x08	; 8
      000170 00                     414 	.db #0x00	; 0
      000171 00                     415 	.db #0x00	; 0
      000172 63                     416 	.db #0x63	; 99	'c'
      000173 63                     417 	.db #0x63	; 99	'c'
      000174 63                     418 	.db #0x63	; 99	'c'
      000175 63                     419 	.db #0x63	; 99	'c'
      000176 6B                     420 	.db #0x6b	; 107	'k'
      000177 6B                     421 	.db #0x6b	; 107	'k'
      000178 7F                     422 	.db #0x7f	; 127
      000179 7F                     423 	.db #0x7f	; 127
      00017A 7F                     424 	.db #0x7f	; 127
      00017B 7F                     425 	.db #0x7f	; 127
      00017C 77                     426 	.db #0x77	; 119	'w'
      00017D 77                     427 	.db #0x77	; 119	'w'
      00017E 63                     428 	.db #0x63	; 99	'c'
      00017F 63                     429 	.db #0x63	; 99	'c'
      000180 00                     430 	.db #0x00	; 0
      000181 00                     431 	.db #0x00	; 0
      000182 63                     432 	.db #0x63	; 99	'c'
      000183 63                     433 	.db #0x63	; 99	'c'
      000184 77                     434 	.db #0x77	; 119	'w'
      000185 77                     435 	.db #0x77	; 119	'w'
      000186 3E                     436 	.db #0x3e	; 62
      000187 3E                     437 	.db #0x3e	; 62
      000188 1C                     438 	.db #0x1c	; 28
      000189 1C                     439 	.db #0x1c	; 28
      00018A 3E                     440 	.db #0x3e	; 62
      00018B 3E                     441 	.db #0x3e	; 62
      00018C 77                     442 	.db #0x77	; 119	'w'
      00018D 77                     443 	.db #0x77	; 119	'w'
      00018E 63                     444 	.db #0x63	; 99	'c'
      00018F 63                     445 	.db #0x63	; 99	'c'
      000190 00                     446 	.db #0x00	; 0
      000191 00                     447 	.db #0x00	; 0
      000192 66                     448 	.db #0x66	; 102	'f'
      000193 66                     449 	.db #0x66	; 102	'f'
      000194 66                     450 	.db #0x66	; 102	'f'
      000195 66                     451 	.db #0x66	; 102	'f'
      000196 66                     452 	.db #0x66	; 102	'f'
      000197 66                     453 	.db #0x66	; 102	'f'
      000198 3C                     454 	.db #0x3c	; 60
      000199 3C                     455 	.db #0x3c	; 60
      00019A 18                     456 	.db #0x18	; 24
      00019B 18                     457 	.db #0x18	; 24
      00019C 18                     458 	.db #0x18	; 24
      00019D 18                     459 	.db #0x18	; 24
      00019E 18                     460 	.db #0x18	; 24
      00019F 18                     461 	.db #0x18	; 24
      0001A0 00                     462 	.db #0x00	; 0
      0001A1 00                     463 	.db #0x00	; 0
      0001A2 7F                     464 	.db #0x7f	; 127
      0001A3 7F                     465 	.db #0x7f	; 127
      0001A4 07                     466 	.db #0x07	; 7
      0001A5 07                     467 	.db #0x07	; 7
      0001A6 0E                     468 	.db #0x0e	; 14
      0001A7 0E                     469 	.db #0x0e	; 14
      0001A8 1C                     470 	.db #0x1c	; 28
      0001A9 1C                     471 	.db #0x1c	; 28
      0001AA 38                     472 	.db #0x38	; 56	'8'
      0001AB 38                     473 	.db #0x38	; 56	'8'
      0001AC 70                     474 	.db #0x70	; 112	'p'
      0001AD 70                     475 	.db #0x70	; 112	'p'
      0001AE 7F                     476 	.db #0x7f	; 127
      0001AF 7F                     477 	.db #0x7f	; 127
      0001B0 00                     478 	.db #0x00	; 0
      0001B1 00                     479 	.db #0x00	; 0
      0001B2 1C                     480 	.db #0x1c	; 28
      0001B3 1C                     481 	.db #0x1c	; 28
      0001B4 26                     482 	.db #0x26	; 38
      0001B5 26                     483 	.db #0x26	; 38
      0001B6 63                     484 	.db #0x63	; 99	'c'
      0001B7 63                     485 	.db #0x63	; 99	'c'
      0001B8 6B                     486 	.db #0x6b	; 107	'k'
      0001B9 6B                     487 	.db #0x6b	; 107	'k'
      0001BA 63                     488 	.db #0x63	; 99	'c'
      0001BB 63                     489 	.db #0x63	; 99	'c'
      0001BC 32                     490 	.db #0x32	; 50	'2'
      0001BD 32                     491 	.db #0x32	; 50	'2'
      0001BE 1C                     492 	.db #0x1c	; 28
      0001BF 1C                     493 	.db #0x1c	; 28
      0001C0 00                     494 	.db #0x00	; 0
      0001C1 00                     495 	.db #0x00	; 0
      0001C2 18                     496 	.db #0x18	; 24
      0001C3 18                     497 	.db #0x18	; 24
      0001C4 38                     498 	.db #0x38	; 56	'8'
      0001C5 38                     499 	.db #0x38	; 56	'8'
      0001C6 18                     500 	.db #0x18	; 24
      0001C7 18                     501 	.db #0x18	; 24
      0001C8 18                     502 	.db #0x18	; 24
      0001C9 18                     503 	.db #0x18	; 24
      0001CA 18                     504 	.db #0x18	; 24
      0001CB 18                     505 	.db #0x18	; 24
      0001CC 18                     506 	.db #0x18	; 24
      0001CD 18                     507 	.db #0x18	; 24
      0001CE 7E                     508 	.db #0x7e	; 126
      0001CF 7E                     509 	.db #0x7e	; 126
      0001D0 00                     510 	.db #0x00	; 0
      0001D1 00                     511 	.db #0x00	; 0
      0001D2 3E                     512 	.db #0x3e	; 62
      0001D3 3E                     513 	.db #0x3e	; 62
      0001D4 63                     514 	.db #0x63	; 99	'c'
      0001D5 63                     515 	.db #0x63	; 99	'c'
      0001D6 07                     516 	.db #0x07	; 7
      0001D7 07                     517 	.db #0x07	; 7
      0001D8 1E                     518 	.db #0x1e	; 30
      0001D9 1E                     519 	.db #0x1e	; 30
      0001DA 3C                     520 	.db #0x3c	; 60
      0001DB 3C                     521 	.db #0x3c	; 60
      0001DC 70                     522 	.db #0x70	; 112	'p'
      0001DD 70                     523 	.db #0x70	; 112	'p'
      0001DE 7F                     524 	.db #0x7f	; 127
      0001DF 7F                     525 	.db #0x7f	; 127
      0001E0 00                     526 	.db #0x00	; 0
      0001E1 00                     527 	.db #0x00	; 0
      0001E2 3F                     528 	.db #0x3f	; 63
      0001E3 3F                     529 	.db #0x3f	; 63
      0001E4 06                     530 	.db #0x06	; 6
      0001E5 06                     531 	.db #0x06	; 6
      0001E6 0C                     532 	.db #0x0c	; 12
      0001E7 0C                     533 	.db #0x0c	; 12
      0001E8 1E                     534 	.db #0x1e	; 30
      0001E9 1E                     535 	.db #0x1e	; 30
      0001EA 03                     536 	.db #0x03	; 3
      0001EB 03                     537 	.db #0x03	; 3
      0001EC 63                     538 	.db #0x63	; 99	'c'
      0001ED 63                     539 	.db #0x63	; 99	'c'
      0001EE 3E                     540 	.db #0x3e	; 62
      0001EF 3E                     541 	.db #0x3e	; 62
      0001F0 00                     542 	.db #0x00	; 0
      0001F1 00                     543 	.db #0x00	; 0
      0001F2 0E                     544 	.db #0x0e	; 14
      0001F3 0E                     545 	.db #0x0e	; 14
      0001F4 1E                     546 	.db #0x1e	; 30
      0001F5 1E                     547 	.db #0x1e	; 30
      0001F6 36                     548 	.db #0x36	; 54	'6'
      0001F7 36                     549 	.db #0x36	; 54	'6'
      0001F8 66                     550 	.db #0x66	; 102	'f'
      0001F9 66                     551 	.db #0x66	; 102	'f'
      0001FA 7F                     552 	.db #0x7f	; 127
      0001FB 7F                     553 	.db #0x7f	; 127
      0001FC 06                     554 	.db #0x06	; 6
      0001FD 06                     555 	.db #0x06	; 6
      0001FE 06                     556 	.db #0x06	; 6
      0001FF 06                     557 	.db #0x06	; 6
      000200 00                     558 	.db #0x00	; 0
      000201 00                     559 	.db #0x00	; 0
      000202 7F                     560 	.db #0x7f	; 127
      000203 7F                     561 	.db #0x7f	; 127
      000204 60                     562 	.db #0x60	; 96
      000205 60                     563 	.db #0x60	; 96
      000206 7E                     564 	.db #0x7e	; 126
      000207 7E                     565 	.db #0x7e	; 126
      000208 03                     566 	.db #0x03	; 3
      000209 03                     567 	.db #0x03	; 3
      00020A 03                     568 	.db #0x03	; 3
      00020B 03                     569 	.db #0x03	; 3
      00020C 63                     570 	.db #0x63	; 99	'c'
      00020D 63                     571 	.db #0x63	; 99	'c'
      00020E 3E                     572 	.db #0x3e	; 62
      00020F 3E                     573 	.db #0x3e	; 62
      000210 00                     574 	.db #0x00	; 0
      000211 00                     575 	.db #0x00	; 0
      000212 1E                     576 	.db #0x1e	; 30
      000213 1E                     577 	.db #0x1e	; 30
      000214 30                     578 	.db #0x30	; 48	'0'
      000215 30                     579 	.db #0x30	; 48	'0'
      000216 60                     580 	.db #0x60	; 96
      000217 60                     581 	.db #0x60	; 96
      000218 7E                     582 	.db #0x7e	; 126
      000219 7E                     583 	.db #0x7e	; 126
      00021A 63                     584 	.db #0x63	; 99	'c'
      00021B 63                     585 	.db #0x63	; 99	'c'
      00021C 63                     586 	.db #0x63	; 99	'c'
      00021D 63                     587 	.db #0x63	; 99	'c'
      00021E 3E                     588 	.db #0x3e	; 62
      00021F 3E                     589 	.db #0x3e	; 62
      000220 00                     590 	.db #0x00	; 0
      000221 00                     591 	.db #0x00	; 0
      000222 7F                     592 	.db #0x7f	; 127
      000223 7F                     593 	.db #0x7f	; 127
      000224 63                     594 	.db #0x63	; 99	'c'
      000225 63                     595 	.db #0x63	; 99	'c'
      000226 06                     596 	.db #0x06	; 6
      000227 06                     597 	.db #0x06	; 6
      000228 0C                     598 	.db #0x0c	; 12
      000229 0C                     599 	.db #0x0c	; 12
      00022A 18                     600 	.db #0x18	; 24
      00022B 18                     601 	.db #0x18	; 24
      00022C 18                     602 	.db #0x18	; 24
      00022D 18                     603 	.db #0x18	; 24
      00022E 18                     604 	.db #0x18	; 24
      00022F 18                     605 	.db #0x18	; 24
      000230 00                     606 	.db #0x00	; 0
      000231 00                     607 	.db #0x00	; 0
      000232 3C                     608 	.db #0x3c	; 60
      000233 3C                     609 	.db #0x3c	; 60
      000234 62                     610 	.db #0x62	; 98	'b'
      000235 62                     611 	.db #0x62	; 98	'b'
      000236 72                     612 	.db #0x72	; 114	'r'
      000237 72                     613 	.db #0x72	; 114	'r'
      000238 3C                     614 	.db #0x3c	; 60
      000239 3C                     615 	.db #0x3c	; 60
      00023A 4F                     616 	.db #0x4f	; 79	'O'
      00023B 4F                     617 	.db #0x4f	; 79	'O'
      00023C 43                     618 	.db #0x43	; 67	'C'
      00023D 43                     619 	.db #0x43	; 67	'C'
      00023E 3E                     620 	.db #0x3e	; 62
      00023F 3E                     621 	.db #0x3e	; 62
      000240 00                     622 	.db #0x00	; 0
      000241 00                     623 	.db #0x00	; 0
      000242 3E                     624 	.db #0x3e	; 62
      000243 3E                     625 	.db #0x3e	; 62
      000244 63                     626 	.db #0x63	; 99	'c'
      000245 63                     627 	.db #0x63	; 99	'c'
      000246 63                     628 	.db #0x63	; 99	'c'
      000247 63                     629 	.db #0x63	; 99	'c'
      000248 3F                     630 	.db #0x3f	; 63
      000249 3F                     631 	.db #0x3f	; 63
      00024A 03                     632 	.db #0x03	; 3
      00024B 03                     633 	.db #0x03	; 3
      00024C 06                     634 	.db #0x06	; 6
      00024D 06                     635 	.db #0x06	; 6
      00024E 3C                     636 	.db #0x3c	; 60
      00024F 3C                     637 	.db #0x3c	; 60
      000250 00                     638 	.db #0x00	; 0
      000251 00                     639 	.db #0x00	; 0
      000252 06                     640 	.db #0x06	; 6
      000253 06                     641 	.db #0x06	; 6
      000254 0E                     642 	.db #0x0e	; 14
      000255 0E                     643 	.db #0x0e	; 14
      000256 0C                     644 	.db #0x0c	; 12
      000257 0C                     645 	.db #0x0c	; 12
      000258 18                     646 	.db #0x18	; 24
      000259 18                     647 	.db #0x18	; 24
      00025A 10                     648 	.db #0x10	; 16
      00025B 10                     649 	.db #0x10	; 16
      00025C 00                     650 	.db #0x00	; 0
      00025D 00                     651 	.db #0x00	; 0
      00025E 40                     652 	.db #0x40	; 64
      00025F 40                     653 	.db #0x40	; 64
      000260 00                     654 	.db #0x00	; 0
      000261 00                     655 	.db #0x00	; 0
      000262 00                     656 	.db #0x00	; 0
      000263 00                     657 	.db #0x00	; 0
      000264 18                     658 	.db #0x18	; 24
      000265 18                     659 	.db #0x18	; 24
      000266 18                     660 	.db #0x18	; 24
      000267 18                     661 	.db #0x18	; 24
      000268 00                     662 	.db #0x00	; 0
      000269 00                     663 	.db #0x00	; 0
      00026A 18                     664 	.db #0x18	; 24
      00026B 18                     665 	.db #0x18	; 24
      00026C 18                     666 	.db #0x18	; 24
      00026D 18                     667 	.db #0x18	; 24
      00026E 00                     668 	.db #0x00	; 0
      00026F 00                     669 	.db #0x00	; 0
      000270 00                     670 	.db #0x00	; 0
      000271 00                     671 	.db #0x00	; 0
      000272 3E                     672 	.db #0x3e	; 62
      000273 3E                     673 	.db #0x3e	; 62
      000274 63                     674 	.db #0x63	; 99	'c'
      000275 63                     675 	.db #0x63	; 99	'c'
      000276 03                     676 	.db #0x03	; 3
      000277 03                     677 	.db #0x03	; 3
      000278 0E                     678 	.db #0x0e	; 14
      000279 0E                     679 	.db #0x0e	; 14
      00027A 18                     680 	.db #0x18	; 24
      00027B 18                     681 	.db #0x18	; 24
      00027C 00                     682 	.db #0x00	; 0
      00027D 00                     683 	.db #0x00	; 0
      00027E 18                     684 	.db #0x18	; 24
      00027F 18                     685 	.db #0x18	; 24
      000280 00                     686 	.db #0x00	; 0
      000281 00                     687 	.db #0x00	; 0
      000282 60                     688 	.db #0x60	; 96
      000283 60                     689 	.db #0x60	; 96
      000284 70                     690 	.db #0x70	; 112	'p'
      000285 70                     691 	.db #0x70	; 112	'p'
      000286 38                     692 	.db #0x38	; 56	'8'
      000287 38                     693 	.db #0x38	; 56	'8'
      000288 1C                     694 	.db #0x1c	; 28
      000289 1C                     695 	.db #0x1c	; 28
      00028A 0E                     696 	.db #0x0e	; 14
      00028B 0E                     697 	.db #0x0e	; 14
      00028C 07                     698 	.db #0x07	; 7
      00028D 07                     699 	.db #0x07	; 7
      00028E 03                     700 	.db #0x03	; 3
      00028F 03                     701 	.db #0x03	; 3
      000290 00                     702 	.db #0x00	; 0
      000291 00                     703 	.db #0x00	; 0
      000292 00                     704 	.db #0x00	; 0
      000293 00                     705 	.db #0x00	; 0
      000294 7E                     706 	.db #0x7e	; 126
      000295 7E                     707 	.db #0x7e	; 126
      000296 7E                     708 	.db #0x7e	; 126
      000297 7E                     709 	.db #0x7e	; 126
      000298 00                     710 	.db #0x00	; 0
      000299 00                     711 	.db #0x00	; 0
      00029A 7E                     712 	.db #0x7e	; 126
      00029B 7E                     713 	.db #0x7e	; 126
      00029C 7E                     714 	.db #0x7e	; 126
      00029D 7E                     715 	.db #0x7e	; 126
      00029E 00                     716 	.db #0x00	; 0
      00029F 00                     717 	.db #0x00	; 0
      0002A0 00                     718 	.db #0x00	; 0
      0002A1 00                     719 	.db #0x00	; 0
      0002A2 00                     720 	.db #0x00	; 0
      0002A3 00                     721 	.db #0x00	; 0
      0002A4 00                     722 	.db #0x00	; 0
      0002A5 00                     723 	.db #0x00	; 0
      0002A6 00                     724 	.db #0x00	; 0
      0002A7 00                     725 	.db #0x00	; 0
      0002A8 00                     726 	.db #0x00	; 0
      0002A9 00                     727 	.db #0x00	; 0
      0002AA 18                     728 	.db #0x18	; 24
      0002AB 18                     729 	.db #0x18	; 24
      0002AC 18                     730 	.db #0x18	; 24
      0002AD 18                     731 	.db #0x18	; 24
      0002AE 08                     732 	.db #0x08	; 8
      0002AF 08                     733 	.db #0x08	; 8
      0002B0 00                     734 	.db #0x00	; 0
      0002B1 00                     735 	.db #0x00	; 0
      0002B2 00                     736 	.db #0x00	; 0
      0002B3 00                     737 	.db #0x00	; 0
      0002B4 00                     738 	.db #0x00	; 0
      0002B5 00                     739 	.db #0x00	; 0
      0002B6 00                     740 	.db #0x00	; 0
      0002B7 00                     741 	.db #0x00	; 0
      0002B8 00                     742 	.db #0x00	; 0
      0002B9 00                     743 	.db #0x00	; 0
      0002BA 18                     744 	.db #0x18	; 24
      0002BB 18                     745 	.db #0x18	; 24
      0002BC 18                     746 	.db #0x18	; 24
      0002BD 18                     747 	.db #0x18	; 24
      0002BE 00                     748 	.db #0x00	; 0
      0002BF 00                     749 	.db #0x00	; 0
      0002C0 C0                     750 	.db #0xc0	; 192
      0002C1 C0                     751 	.db #0xc0	; 192
      0002C2 F0                     752 	.db #0xf0	; 240
      0002C3 F0                     753 	.db #0xf0	; 240
      0002C4 FC                     754 	.db #0xfc	; 252
      0002C5 FC                     755 	.db #0xfc	; 252
      0002C6 FF                     756 	.db #0xff	; 255
      0002C7 FF                     757 	.db #0xff	; 255
      0002C8 FF                     758 	.db #0xff	; 255
      0002C9 FF                     759 	.db #0xff	; 255
      0002CA FC                     760 	.db #0xfc	; 252
      0002CB FC                     761 	.db #0xfc	; 252
      0002CC F0                     762 	.db #0xf0	; 240
      0002CD F0                     763 	.db #0xf0	; 240
      0002CE C0                     764 	.db #0xc0	; 192
      0002CF C0                     765 	.db #0xc0	; 192
      0002D0 00                     766 	.db #0x00	; 0
      0002D1 00                     767 	.db #0x00	; 0
      0002D2 3F                     768 	.db #0x3f	; 63
      0002D3 3F                     769 	.db #0x3f	; 63
      0002D4 7F                     770 	.db #0x7f	; 127
      0002D5 7F                     771 	.db #0x7f	; 127
      0002D6 7F                     772 	.db #0x7f	; 127
      0002D7 7F                     773 	.db #0x7f	; 127
      0002D8 78                     774 	.db #0x78	; 120	'x'
      0002D9 78                     775 	.db #0x78	; 120	'x'
      0002DA 70                     776 	.db #0x70	; 112	'p'
      0002DB 70                     777 	.db #0x70	; 112	'p'
      0002DC 70                     778 	.db #0x70	; 112	'p'
      0002DD 70                     779 	.db #0x70	; 112	'p'
      0002DE 70                     780 	.db #0x70	; 112	'p'
      0002DF 70                     781 	.db #0x70	; 112	'p'
      0002E0 70                     782 	.db #0x70	; 112	'p'
      0002E1 70                     783 	.db #0x70	; 112	'p'
      0002E2 70                     784 	.db #0x70	; 112	'p'
      0002E3 70                     785 	.db #0x70	; 112	'p'
      0002E4 70                     786 	.db #0x70	; 112	'p'
      0002E5 70                     787 	.db #0x70	; 112	'p'
      0002E6 70                     788 	.db #0x70	; 112	'p'
      0002E7 70                     789 	.db #0x70	; 112	'p'
      0002E8 70                     790 	.db #0x70	; 112	'p'
      0002E9 70                     791 	.db #0x70	; 112	'p'
      0002EA 70                     792 	.db #0x70	; 112	'p'
      0002EB 70                     793 	.db #0x70	; 112	'p'
      0002EC 70                     794 	.db #0x70	; 112	'p'
      0002ED 70                     795 	.db #0x70	; 112	'p'
      0002EE 70                     796 	.db #0x70	; 112	'p'
      0002EF 70                     797 	.db #0x70	; 112	'p'
      0002F0 70                     798 	.db #0x70	; 112	'p'
      0002F1 70                     799 	.db #0x70	; 112	'p'
      0002F2 70                     800 	.db #0x70	; 112	'p'
      0002F3 70                     801 	.db #0x70	; 112	'p'
      0002F4 70                     802 	.db #0x70	; 112	'p'
      0002F5 70                     803 	.db #0x70	; 112	'p'
      0002F6 78                     804 	.db #0x78	; 120	'x'
      0002F7 78                     805 	.db #0x78	; 120	'x'
      0002F8 7F                     806 	.db #0x7f	; 127
      0002F9 7F                     807 	.db #0x7f	; 127
      0002FA 7F                     808 	.db #0x7f	; 127
      0002FB 7F                     809 	.db #0x7f	; 127
      0002FC 3F                     810 	.db #0x3f	; 63
      0002FD 3F                     811 	.db #0x3f	; 63
      0002FE 00                     812 	.db #0x00	; 0
      0002FF 00                     813 	.db #0x00	; 0
      000300 00                     814 	.db #0x00	; 0
      000301 00                     815 	.db #0x00	; 0
      000302 FF                     816 	.db #0xff	; 255
      000303 FF                     817 	.db #0xff	; 255
      000304 FF                     818 	.db #0xff	; 255
      000305 FF                     819 	.db #0xff	; 255
      000306 FF                     820 	.db #0xff	; 255
      000307 FF                     821 	.db #0xff	; 255
      000308 00                     822 	.db #0x00	; 0
      000309 00                     823 	.db #0x00	; 0
      00030A 00                     824 	.db #0x00	; 0
      00030B 00                     825 	.db #0x00	; 0
      00030C 00                     826 	.db #0x00	; 0
      00030D 00                     827 	.db #0x00	; 0
      00030E 00                     828 	.db #0x00	; 0
      00030F 00                     829 	.db #0x00	; 0
      000310 00                     830 	.db #0x00	; 0
      000311 00                     831 	.db #0x00	; 0
      000312 00                     832 	.db #0x00	; 0
      000313 00                     833 	.db #0x00	; 0
      000314 00                     834 	.db #0x00	; 0
      000315 00                     835 	.db #0x00	; 0
      000316 00                     836 	.db #0x00	; 0
      000317 00                     837 	.db #0x00	; 0
      000318 FF                     838 	.db #0xff	; 255
      000319 FF                     839 	.db #0xff	; 255
      00031A FF                     840 	.db #0xff	; 255
      00031B FF                     841 	.db #0xff	; 255
      00031C FF                     842 	.db #0xff	; 255
      00031D FF                     843 	.db #0xff	; 255
      00031E 00                     844 	.db #0x00	; 0
      00031F 00                     845 	.db #0x00	; 0
      000320 00                     846 	.db #0x00	; 0
      000321 00                     847 	.db #0x00	; 0
      000322 FC                     848 	.db #0xfc	; 252
      000323 FC                     849 	.db #0xfc	; 252
      000324 FE                     850 	.db #0xfe	; 254
      000325 FE                     851 	.db #0xfe	; 254
      000326 FE                     852 	.db #0xfe	; 254
      000327 FE                     853 	.db #0xfe	; 254
      000328 1E                     854 	.db #0x1e	; 30
      000329 1E                     855 	.db #0x1e	; 30
      00032A 0E                     856 	.db #0x0e	; 14
      00032B 0E                     857 	.db #0x0e	; 14
      00032C 0E                     858 	.db #0x0e	; 14
      00032D 0E                     859 	.db #0x0e	; 14
      00032E 0E                     860 	.db #0x0e	; 14
      00032F 0E                     861 	.db #0x0e	; 14
      000330 0E                     862 	.db #0x0e	; 14
      000331 0E                     863 	.db #0x0e	; 14
      000332 0E                     864 	.db #0x0e	; 14
      000333 0E                     865 	.db #0x0e	; 14
      000334 0E                     866 	.db #0x0e	; 14
      000335 0E                     867 	.db #0x0e	; 14
      000336 0E                     868 	.db #0x0e	; 14
      000337 0E                     869 	.db #0x0e	; 14
      000338 0E                     870 	.db #0x0e	; 14
      000339 0E                     871 	.db #0x0e	; 14
      00033A 0E                     872 	.db #0x0e	; 14
      00033B 0E                     873 	.db #0x0e	; 14
      00033C 0E                     874 	.db #0x0e	; 14
      00033D 0E                     875 	.db #0x0e	; 14
      00033E 0E                     876 	.db #0x0e	; 14
      00033F 0E                     877 	.db #0x0e	; 14
      000340 0E                     878 	.db #0x0e	; 14
      000341 0E                     879 	.db #0x0e	; 14
      000342 0E                     880 	.db #0x0e	; 14
      000343 0E                     881 	.db #0x0e	; 14
      000344 0E                     882 	.db #0x0e	; 14
      000345 0E                     883 	.db #0x0e	; 14
      000346 1E                     884 	.db #0x1e	; 30
      000347 1E                     885 	.db #0x1e	; 30
      000348 FE                     886 	.db #0xfe	; 254
      000349 FE                     887 	.db #0xfe	; 254
      00034A FE                     888 	.db #0xfe	; 254
      00034B FE                     889 	.db #0xfe	; 254
      00034C FC                     890 	.db #0xfc	; 252
      00034D FC                     891 	.db #0xfc	; 252
      00034E 00                     892 	.db #0x00	; 0
      00034F 00                     893 	.db #0x00	; 0
      000350 00                     894 	.db #0x00	; 0
      000351 00                     895 	.db #0x00	; 0
      000352 00                     896 	.db #0x00	; 0
      000353 00                     897 	.db #0x00	; 0
      000354 00                     898 	.db #0x00	; 0
      000355 00                     899 	.db #0x00	; 0
      000356 00                     900 	.db #0x00	; 0
      000357 00                     901 	.db #0x00	; 0
      000358 00                     902 	.db #0x00	; 0
      000359 00                     903 	.db #0x00	; 0
      00035A 00                     904 	.db #0x00	; 0
      00035B 00                     905 	.db #0x00	; 0
      00035C 00                     906 	.db #0x00	; 0
      00035D 00                     907 	.db #0x00	; 0
      00035E 00                     908 	.db #0x00	; 0
      00035F 00                     909 	.db #0x00	; 0
                                    910 	.area _INITIALIZER
                                    911 	.area _CABS (ABS)
