                                      1 ;--------------------------------------------------------
                                      2 ; File Created by SDCC : free open source ISO C Compiler 
                                      3 ; Version 4.4.1 #14650 (MINGW64)
                                      4 ;--------------------------------------------------------
                                      5 	.module GameTitle
                                      6 	.optsdcc -msm83
                                      7 	
                                      8 ;--------------------------------------------------------
                                      9 ; Public variables in this module
                                     10 ;--------------------------------------------------------
                                     11 	.globl _GameTitleUpdate
                                     12 	.globl _GameTitleSetup
                                     13 	.globl _fadeFromBlack
                                     14 	.globl _fadeToBlack
                                     15 	.globl _set_sprite_data
                                     16 	.globl _set_bkg_tiles
                                     17 	.globl _set_bkg_data
                                     18 	.globl _joypad
                                     19 	.globl _frame
                                     20 	.globl _timer
                                     21 	.globl _globe_metasprites
                                     22 	.globl _globe7
                                     23 	.globl _globe6
                                     24 	.globl _globe5
                                     25 	.globl _globe4
                                     26 	.globl _globe3
                                     27 	.globl _globe2
                                     28 	.globl _globe1
                                     29 ;--------------------------------------------------------
                                     30 ; special function registers
                                     31 ;--------------------------------------------------------
                                     32 ;--------------------------------------------------------
                                     33 ; ram data
                                     34 ;--------------------------------------------------------
                                     35 	.area _DATA
                                     36 ;--------------------------------------------------------
                                     37 ; ram data
                                     38 ;--------------------------------------------------------
                                     39 	.area _INITIALIZED
                         00000000    40 G$timer$0_0$0==.
    00000000                         41 _timer::
    00000000                         42 	.ds 1
                         00000001    43 G$frame$0_0$0==.
    00000001                         44 _frame::
    00000001                         45 	.ds 1
                                     46 ;--------------------------------------------------------
                                     47 ; absolute external ram data
                                     48 ;--------------------------------------------------------
                                     49 	.area _DABS (ABS)
                                     50 ;--------------------------------------------------------
                                     51 ; global & static initialisations
                                     52 ;--------------------------------------------------------
                                     53 	.area _HOME
                                     54 	.area _GSINIT
                                     55 	.area _GSFINAL
                                     56 	.area _GSINIT
                                     57 ;--------------------------------------------------------
                                     58 ; Home
                                     59 ;--------------------------------------------------------
                                     60 	.area _HOME
                                     61 	.area _HOME
                                     62 ;--------------------------------------------------------
                                     63 ; code
                                     64 ;--------------------------------------------------------
                                     65 	.area _CODE
                         00000000    66 	G$GameTitleSetup$0$0	= .
                                     67 	.globl	G$GameTitleSetup$0$0
                         00000000    68 	C$GameTitle.c$91$0_0$164	= .
                                     69 	.globl	C$GameTitle.c$91$0_0$164
                                     70 ;src\GameTitle.c:91: void GameTitleSetup(void)
                                     71 ;	---------------------------------
                                     72 ; Function GameTitleSetup
                                     73 ; ---------------------------------
    00000000                         74 _GameTitleSetup::
                                     75 ;c:\gbdk\include\gb\gb.h:1449: SCX_REG=x, SCY_REG=y;
    00000000 AF               [ 4]   76 	xor	a, a
    00000001 E0r00            [12]   77 	ldh	(_SCX_REG + 0), a
    00000003 AF               [ 4]   78 	xor	a, a
    00000004 E0r00            [12]   79 	ldh	(_SCY_REG + 0), a
                         00000006    80 	C$GameTitle.c$94$1_0$164	= .
                                     81 	.globl	C$GameTitle.c$94$1_0$164
                                     82 ;src\GameTitle.c:94: BGP_REG = DMG_PALETTE(DMG_DARK_GRAY, DMG_BLACK, DMG_BLACK, DMG_BLACK);
    00000006 3E FE            [ 8]   83 	ld	a, #0xfe
    00000008 E0r00            [12]   84 	ldh	(_BGP_REG + 0), a
                         0000000A    85 	C$GameTitle.c$95$1_0$164	= .
                                     86 	.globl	C$GameTitle.c$95$1_0$164
                                     87 ;src\GameTitle.c:95: OBP0_REG = DMG_PALETTE(DMG_DARK_GRAY, DMG_BLACK, DMG_BLACK, DMG_BLACK);
    0000000A 3E FE            [ 8]   88 	ld	a, #0xfe
    0000000C E0r00            [12]   89 	ldh	(_OBP0_REG + 0), a
                         0000000E    90 	C$GameTitle.c$96$1_0$164	= .
                                     91 	.globl	C$GameTitle.c$96$1_0$164
                                     92 ;src\GameTitle.c:96: SPRITES_8x16;
    0000000E F0r00            [12]   93 	ldh	a, (_LCDC_REG + 0)
    00000010 F6 04            [ 8]   94 	or	a, #0x04
    00000012 E0r00            [12]   95 	ldh	(_LCDC_REG + 0), a
                         00000014    96 	C$GameTitle.c$97$1_0$164	= .
                                     97 	.globl	C$GameTitle.c$97$1_0$164
                                     98 ;src\GameTitle.c:97: set_bkg_data(0, 50, TitleLabel);
    00000014 11r00r00         [12]   99 	ld	de, #_TitleLabel
    00000017 D5               [16]  100 	push	de
    00000018 21 00 32         [12]  101 	ld	hl, #0x3200
    0000001B E5               [16]  102 	push	hl
    0000001C CDr00r00         [24]  103 	call	_set_bkg_data
    0000001F E8 04            [16]  104 	add	sp, #4
                         00000021   105 	C$GameTitle.c$98$1_0$164	= .
                                    106 	.globl	C$GameTitle.c$98$1_0$164
                                    107 ;src\GameTitle.c:98: set_bkg_tiles(0, 0, Title_MapWidth, Title_MapHeight, Title_Map);
    00000021 11r00r00         [12]  108 	ld	de, #_Title_Map
    00000024 D5               [16]  109 	push	de
    00000025 21 14 12         [12]  110 	ld	hl, #0x1214
    00000028 E5               [16]  111 	push	hl
    00000029 AF               [ 4]  112 	xor	a, a
    0000002A 0F               [ 4]  113 	rrca
    0000002B F5               [16]  114 	push	af
    0000002C CDr00r00         [24]  115 	call	_set_bkg_tiles
    0000002F E8 06            [16]  116 	add	sp, #6
                         00000031   117 	C$GameTitle.c$99$1_0$164	= .
                                    118 	.globl	C$GameTitle.c$99$1_0$164
                                    119 ;src\GameTitle.c:99: set_sprite_data(0, 112, Globe_Tiles);
    00000031 11r00r00         [12]  120 	ld	de, #_Globe_Tiles
    00000034 D5               [16]  121 	push	de
    00000035 21 00 70         [12]  122 	ld	hl, #0x7000
    00000038 E5               [16]  123 	push	hl
    00000039 CDr00r00         [24]  124 	call	_set_sprite_data
    0000003C E8 04            [16]  125 	add	sp, #4
                                    126 ;src\GameTitle.c:100: move_metasprite(globe_metasprites[6], 0, 0, 88, 64);
    0000003E 21r74r01         [12]  127 	ld	hl, #(_globe_metasprites + 12)
    00000041 2A               [ 8]  128 	ld	a, (hl+)
    00000042 4F               [ 4]  129 	ld	c, a
    00000043 7E               [ 8]  130 	ld	a, (hl)
                                    131 ;c:\gbdk\include\gb\metasprites.h:169: __current_metasprite = metasprite;
    00000044 21r00r00         [12]  132 	ld	hl, #___current_metasprite
    00000047 71               [ 8]  133 	ld	(hl), c
    00000048 23               [ 8]  134 	inc	hl
    00000049 77               [ 8]  135 	ld	(hl), a
                                    136 ;c:\gbdk\include\gb\metasprites.h:170: __current_base_tile = base_tile;
    0000004A 21r00r00         [12]  137 	ld	hl, #___current_base_tile
    0000004D 36 00            [12]  138 	ld	(hl), #0x00
                                    139 ;c:\gbdk\include\gb\metasprites.h:171: __current_base_prop = 0;
    0000004F 21r00r00         [12]  140 	ld	hl, #___current_base_prop
    00000052 36 00            [12]  141 	ld	(hl), #0x00
                                    142 ;c:\gbdk\include\gb\metasprites.h:172: return __move_metasprite(base_sprite, (y << 8) | (uint8_t)x);
    00000054 11 58 40         [12]  143 	ld	de, #0x4058
    00000057 AF               [ 4]  144 	xor	a, a
    00000058 CDr00r00         [24]  145 	call	___move_metasprite
                         0000005B   146 	C$GameTitle.c$101$1_0$164	= .
                                    147 	.globl	C$GameTitle.c$101$1_0$164
                                    148 ;src\GameTitle.c:101: SHOW_BKG;
    0000005B F0r00            [12]  149 	ldh	a, (_LCDC_REG + 0)
    0000005D F6 01            [ 8]  150 	or	a, #0x01
    0000005F E0r00            [12]  151 	ldh	(_LCDC_REG + 0), a
                         00000061   152 	C$GameTitle.c$102$1_0$164	= .
                                    153 	.globl	C$GameTitle.c$102$1_0$164
                                    154 ;src\GameTitle.c:102: SHOW_SPRITES;
    00000061 F0r00            [12]  155 	ldh	a, (_LCDC_REG + 0)
    00000063 F6 02            [ 8]  156 	or	a, #0x02
    00000065 E0r00            [12]  157 	ldh	(_LCDC_REG + 0), a
                         00000067   158 	C$GameTitle.c$103$1_0$164	= .
                                    159 	.globl	C$GameTitle.c$103$1_0$164
                                    160 ;src\GameTitle.c:103: fadeFromBlack(10);
    00000067 3E 0A            [ 8]  161 	ld	a, #0x0a
                         00000069   162 	C$GameTitle.c$104$1_0$164	= .
                                    163 	.globl	C$GameTitle.c$104$1_0$164
                                    164 ;src\GameTitle.c:104: }
                         00000069   165 	C$GameTitle.c$104$1_0$164	= .
                                    166 	.globl	C$GameTitle.c$104$1_0$164
                         00000069   167 	XG$GameTitleSetup$0$0	= .
                                    168 	.globl	XG$GameTitleSetup$0$0
    00000069 C3r00r00         [16]  169 	jp	_fadeFromBlack
                         0000006C   170 G$globe1$0_0$0 == .
    0000006C                        171 _globe1:
    0000006C 00                     172 	.db #0x00	;  0
    0000006D 00                     173 	.db #0x00	;  0
    0000006E 00                     174 	.db #0x00	; 0
    0000006F 00                     175 	.db #0x00	; 0
    00000070 10                     176 	.db #0x10	;  16
    00000071 00                     177 	.db #0x00	;  0
    00000072 02                     178 	.db #0x02	; 2
    00000073 00                     179 	.db #0x00	; 0
    00000074 F0                     180 	.db #0xf0	; -16
    00000075 08                     181 	.db #0x08	;  8
    00000076 04                     182 	.db #0x04	; 4
    00000077 00                     183 	.db #0x00	; 0
    00000078 10                     184 	.db #0x10	;  16
    00000079 00                     185 	.db #0x00	;  0
    0000007A 06                     186 	.db #0x06	; 6
    0000007B 00                     187 	.db #0x00	; 0
    0000007C F0                     188 	.db #0xf0	; -16
    0000007D 08                     189 	.db #0x08	;  8
    0000007E 08                     190 	.db #0x08	; 8
    0000007F 00                     191 	.db #0x00	; 0
    00000080 10                     192 	.db #0x10	;  16
    00000081 00                     193 	.db #0x00	;  0
    00000082 0A                     194 	.db #0x0a	; 10
    00000083 00                     195 	.db #0x00	; 0
    00000084 F0                     196 	.db #0xf0	; -16
    00000085 08                     197 	.db #0x08	;  8
    00000086 0C                     198 	.db #0x0c	; 12
    00000087 00                     199 	.db #0x00	; 0
    00000088 10                     200 	.db #0x10	;  16
    00000089 00                     201 	.db #0x00	;  0
    0000008A 0E                     202 	.db #0x0e	; 14
    0000008B 00                     203 	.db #0x00	; 0
    0000008C 80                     204 	.db #0x80	; -128
    0000008D 00                     205 	.db #0x00	;  0
    0000008E 00                     206 	.db #0x00	; 0
    0000008F 00                     207 	.db #0x00	; 0
                         00000090   208 G$globe2$0_0$0 == .
    00000090                        209 _globe2:
    00000090 00                     210 	.db #0x00	;  0
    00000091 00                     211 	.db #0x00	;  0
    00000092 10                     212 	.db #0x10	; 16
    00000093 00                     213 	.db #0x00	; 0
    00000094 10                     214 	.db #0x10	;  16
    00000095 00                     215 	.db #0x00	;  0
    00000096 12                     216 	.db #0x12	; 18
    00000097 00                     217 	.db #0x00	; 0
    00000098 F0                     218 	.db #0xf0	; -16
    00000099 08                     219 	.db #0x08	;  8
    0000009A 14                     220 	.db #0x14	; 20
    0000009B 00                     221 	.db #0x00	; 0
    0000009C 10                     222 	.db #0x10	;  16
    0000009D 00                     223 	.db #0x00	;  0
    0000009E 16                     224 	.db #0x16	; 22
    0000009F 00                     225 	.db #0x00	; 0
    000000A0 F0                     226 	.db #0xf0	; -16
    000000A1 08                     227 	.db #0x08	;  8
    000000A2 18                     228 	.db #0x18	; 24
    000000A3 00                     229 	.db #0x00	; 0
    000000A4 10                     230 	.db #0x10	;  16
    000000A5 00                     231 	.db #0x00	;  0
    000000A6 1A                     232 	.db #0x1a	; 26
    000000A7 00                     233 	.db #0x00	; 0
    000000A8 F0                     234 	.db #0xf0	; -16
    000000A9 08                     235 	.db #0x08	;  8
    000000AA 1C                     236 	.db #0x1c	; 28
    000000AB 00                     237 	.db #0x00	; 0
    000000AC 10                     238 	.db #0x10	;  16
    000000AD 00                     239 	.db #0x00	;  0
    000000AE 1E                     240 	.db #0x1e	; 30
    000000AF 00                     241 	.db #0x00	; 0
    000000B0 80                     242 	.db #0x80	; -128
    000000B1 00                     243 	.db #0x00	;  0
    000000B2 00                     244 	.db #0x00	; 0
    000000B3 00                     245 	.db #0x00	; 0
                         000000B4   246 G$globe3$0_0$0 == .
    000000B4                        247 _globe3:
    000000B4 00                     248 	.db #0x00	;  0
    000000B5 00                     249 	.db #0x00	;  0
    000000B6 20                     250 	.db #0x20	; 32
    000000B7 00                     251 	.db #0x00	; 0
    000000B8 10                     252 	.db #0x10	;  16
    000000B9 00                     253 	.db #0x00	;  0
    000000BA 22                     254 	.db #0x22	; 34
    000000BB 00                     255 	.db #0x00	; 0
    000000BC F0                     256 	.db #0xf0	; -16
    000000BD 08                     257 	.db #0x08	;  8
    000000BE 24                     258 	.db #0x24	; 36
    000000BF 00                     259 	.db #0x00	; 0
    000000C0 10                     260 	.db #0x10	;  16
    000000C1 00                     261 	.db #0x00	;  0
    000000C2 26                     262 	.db #0x26	; 38
    000000C3 00                     263 	.db #0x00	; 0
    000000C4 F0                     264 	.db #0xf0	; -16
    000000C5 08                     265 	.db #0x08	;  8
    000000C6 28                     266 	.db #0x28	; 40
    000000C7 00                     267 	.db #0x00	; 0
    000000C8 10                     268 	.db #0x10	;  16
    000000C9 00                     269 	.db #0x00	;  0
    000000CA 2A                     270 	.db #0x2a	; 42
    000000CB 00                     271 	.db #0x00	; 0
    000000CC F0                     272 	.db #0xf0	; -16
    000000CD 08                     273 	.db #0x08	;  8
    000000CE 2C                     274 	.db #0x2c	; 44
    000000CF 00                     275 	.db #0x00	; 0
    000000D0 10                     276 	.db #0x10	;  16
    000000D1 00                     277 	.db #0x00	;  0
    000000D2 2E                     278 	.db #0x2e	; 46
    000000D3 00                     279 	.db #0x00	; 0
    000000D4 80                     280 	.db #0x80	; -128
    000000D5 00                     281 	.db #0x00	;  0
    000000D6 00                     282 	.db #0x00	; 0
    000000D7 00                     283 	.db #0x00	; 0
                         000000D8   284 G$globe4$0_0$0 == .
    000000D8                        285 _globe4:
    000000D8 00                     286 	.db #0x00	;  0
    000000D9 00                     287 	.db #0x00	;  0
    000000DA 30                     288 	.db #0x30	; 48	'0'
    000000DB 00                     289 	.db #0x00	; 0
    000000DC 10                     290 	.db #0x10	;  16
    000000DD 00                     291 	.db #0x00	;  0
    000000DE 32                     292 	.db #0x32	; 50	'2'
    000000DF 00                     293 	.db #0x00	; 0
    000000E0 F0                     294 	.db #0xf0	; -16
    000000E1 08                     295 	.db #0x08	;  8
    000000E2 34                     296 	.db #0x34	; 52	'4'
    000000E3 00                     297 	.db #0x00	; 0
    000000E4 10                     298 	.db #0x10	;  16
    000000E5 00                     299 	.db #0x00	;  0
    000000E6 36                     300 	.db #0x36	; 54	'6'
    000000E7 00                     301 	.db #0x00	; 0
    000000E8 F0                     302 	.db #0xf0	; -16
    000000E9 08                     303 	.db #0x08	;  8
    000000EA 38                     304 	.db #0x38	; 56	'8'
    000000EB 00                     305 	.db #0x00	; 0
    000000EC 10                     306 	.db #0x10	;  16
    000000ED 00                     307 	.db #0x00	;  0
    000000EE 3A                     308 	.db #0x3a	; 58
    000000EF 00                     309 	.db #0x00	; 0
    000000F0 F0                     310 	.db #0xf0	; -16
    000000F1 08                     311 	.db #0x08	;  8
    000000F2 3C                     312 	.db #0x3c	; 60
    000000F3 00                     313 	.db #0x00	; 0
    000000F4 10                     314 	.db #0x10	;  16
    000000F5 00                     315 	.db #0x00	;  0
    000000F6 3E                     316 	.db #0x3e	; 62
    000000F7 00                     317 	.db #0x00	; 0
    000000F8 80                     318 	.db #0x80	; -128
    000000F9 00                     319 	.db #0x00	;  0
    000000FA 00                     320 	.db #0x00	; 0
    000000FB 00                     321 	.db #0x00	; 0
                         000000FC   322 G$globe5$0_0$0 == .
    000000FC                        323 _globe5:
    000000FC 00                     324 	.db #0x00	;  0
    000000FD 00                     325 	.db #0x00	;  0
    000000FE 40                     326 	.db #0x40	; 64
    000000FF 00                     327 	.db #0x00	; 0
    00000100 10                     328 	.db #0x10	;  16
    00000101 00                     329 	.db #0x00	;  0
    00000102 42                     330 	.db #0x42	; 66	'B'
    00000103 00                     331 	.db #0x00	; 0
    00000104 F0                     332 	.db #0xf0	; -16
    00000105 08                     333 	.db #0x08	;  8
    00000106 44                     334 	.db #0x44	; 68	'D'
    00000107 00                     335 	.db #0x00	; 0
    00000108 10                     336 	.db #0x10	;  16
    00000109 00                     337 	.db #0x00	;  0
    0000010A 46                     338 	.db #0x46	; 70	'F'
    0000010B 00                     339 	.db #0x00	; 0
    0000010C F0                     340 	.db #0xf0	; -16
    0000010D 08                     341 	.db #0x08	;  8
    0000010E 48                     342 	.db #0x48	; 72	'H'
    0000010F 00                     343 	.db #0x00	; 0
    00000110 10                     344 	.db #0x10	;  16
    00000111 00                     345 	.db #0x00	;  0
    00000112 4A                     346 	.db #0x4a	; 74	'J'
    00000113 00                     347 	.db #0x00	; 0
    00000114 F0                     348 	.db #0xf0	; -16
    00000115 08                     349 	.db #0x08	;  8
    00000116 4C                     350 	.db #0x4c	; 76	'L'
    00000117 00                     351 	.db #0x00	; 0
    00000118 10                     352 	.db #0x10	;  16
    00000119 00                     353 	.db #0x00	;  0
    0000011A 4E                     354 	.db #0x4e	; 78	'N'
    0000011B 00                     355 	.db #0x00	; 0
    0000011C 80                     356 	.db #0x80	; -128
    0000011D 00                     357 	.db #0x00	;  0
    0000011E 00                     358 	.db #0x00	; 0
    0000011F 00                     359 	.db #0x00	; 0
                         00000120   360 G$globe6$0_0$0 == .
    00000120                        361 _globe6:
    00000120 00                     362 	.db #0x00	;  0
    00000121 00                     363 	.db #0x00	;  0
    00000122 50                     364 	.db #0x50	; 80	'P'
    00000123 00                     365 	.db #0x00	; 0
    00000124 10                     366 	.db #0x10	;  16
    00000125 00                     367 	.db #0x00	;  0
    00000126 52                     368 	.db #0x52	; 82	'R'
    00000127 00                     369 	.db #0x00	; 0
    00000128 F0                     370 	.db #0xf0	; -16
    00000129 08                     371 	.db #0x08	;  8
    0000012A 54                     372 	.db #0x54	; 84	'T'
    0000012B 00                     373 	.db #0x00	; 0
    0000012C 10                     374 	.db #0x10	;  16
    0000012D 00                     375 	.db #0x00	;  0
    0000012E 56                     376 	.db #0x56	; 86	'V'
    0000012F 00                     377 	.db #0x00	; 0
    00000130 F0                     378 	.db #0xf0	; -16
    00000131 08                     379 	.db #0x08	;  8
    00000132 58                     380 	.db #0x58	; 88	'X'
    00000133 00                     381 	.db #0x00	; 0
    00000134 10                     382 	.db #0x10	;  16
    00000135 00                     383 	.db #0x00	;  0
    00000136 5A                     384 	.db #0x5a	; 90	'Z'
    00000137 00                     385 	.db #0x00	; 0
    00000138 F0                     386 	.db #0xf0	; -16
    00000139 08                     387 	.db #0x08	;  8
    0000013A 5C                     388 	.db #0x5c	; 92
    0000013B 00                     389 	.db #0x00	; 0
    0000013C 10                     390 	.db #0x10	;  16
    0000013D 00                     391 	.db #0x00	;  0
    0000013E 5E                     392 	.db #0x5e	; 94
    0000013F 00                     393 	.db #0x00	; 0
    00000140 80                     394 	.db #0x80	; -128
    00000141 00                     395 	.db #0x00	;  0
    00000142 00                     396 	.db #0x00	; 0
    00000143 00                     397 	.db #0x00	; 0
                         00000144   398 G$globe7$0_0$0 == .
    00000144                        399 _globe7:
    00000144 00                     400 	.db #0x00	;  0
    00000145 00                     401 	.db #0x00	;  0
    00000146 60                     402 	.db #0x60	; 96
    00000147 00                     403 	.db #0x00	; 0
    00000148 10                     404 	.db #0x10	;  16
    00000149 00                     405 	.db #0x00	;  0
    0000014A 62                     406 	.db #0x62	; 98	'b'
    0000014B 00                     407 	.db #0x00	; 0
    0000014C F0                     408 	.db #0xf0	; -16
    0000014D 08                     409 	.db #0x08	;  8
    0000014E 64                     410 	.db #0x64	; 100	'd'
    0000014F 00                     411 	.db #0x00	; 0
    00000150 10                     412 	.db #0x10	;  16
    00000151 00                     413 	.db #0x00	;  0
    00000152 66                     414 	.db #0x66	; 102	'f'
    00000153 00                     415 	.db #0x00	; 0
    00000154 F0                     416 	.db #0xf0	; -16
    00000155 08                     417 	.db #0x08	;  8
    00000156 68                     418 	.db #0x68	; 104	'h'
    00000157 00                     419 	.db #0x00	; 0
    00000158 10                     420 	.db #0x10	;  16
    00000159 00                     421 	.db #0x00	;  0
    0000015A 6A                     422 	.db #0x6a	; 106	'j'
    0000015B 00                     423 	.db #0x00	; 0
    0000015C F0                     424 	.db #0xf0	; -16
    0000015D 08                     425 	.db #0x08	;  8
    0000015E 6C                     426 	.db #0x6c	; 108	'l'
    0000015F 00                     427 	.db #0x00	; 0
    00000160 10                     428 	.db #0x10	;  16
    00000161 00                     429 	.db #0x00	;  0
    00000162 6E                     430 	.db #0x6e	; 110	'n'
    00000163 00                     431 	.db #0x00	; 0
    00000164 80                     432 	.db #0x80	; -128
    00000165 00                     433 	.db #0x00	;  0
    00000166 00                     434 	.db #0x00	; 0
    00000167 00                     435 	.db #0x00	; 0
                         00000168   436 G$globe_metasprites$0_0$0 == .
    00000168                        437 _globe_metasprites:
    00000168r6Cr00                  438 	.dw _globe1
    0000016Ar90r00                  439 	.dw _globe2
    0000016CrB4r00                  440 	.dw _globe3
    0000016ErD8r00                  441 	.dw _globe4
    00000170rFCr00                  442 	.dw _globe5
    00000172r20r01                  443 	.dw _globe6
    00000174r44r01                  444 	.dw _globe7
                         00000176   445 	G$GameTitleUpdate$0$0	= .
                                    446 	.globl	G$GameTitleUpdate$0$0
                         00000176   447 	C$GameTitle.c$108$1_0$172	= .
                                    448 	.globl	C$GameTitle.c$108$1_0$172
                                    449 ;src\GameTitle.c:108: uint8_t GameTitleUpdate(void)
                                    450 ;	---------------------------------
                                    451 ; Function GameTitleUpdate
                                    452 ; ---------------------------------
    00000176                        453 _GameTitleUpdate::
                         00000176   454 	C$GameTitle.c$110$1_0$172	= .
                                    455 	.globl	C$GameTitle.c$110$1_0$172
                                    456 ;src\GameTitle.c:110: joypadPrevious = joypadCurrent;
    00000176 FAr00r00         [16]  457 	ld	a, (#_joypadCurrent)
    00000179 EAr00r00         [16]  458 	ld	(#_joypadPrevious),a
                         0000017C   459 	C$GameTitle.c$111$1_0$172	= .
                                    460 	.globl	C$GameTitle.c$111$1_0$172
                                    461 ;src\GameTitle.c:111: joypadCurrent = joypad();
    0000017C CDr00r00         [24]  462 	call	_joypad
    0000017F EAr00r00         [16]  463 	ld	(#_joypadCurrent),a
                         00000182   464 	C$GameTitle.c$112$1_0$172	= .
                                    465 	.globl	C$GameTitle.c$112$1_0$172
                                    466 ;src\GameTitle.c:112: timer++;
    00000182 21r00r00         [12]  467 	ld	hl, #_timer
    00000185 34               [12]  468 	inc	(hl)
                         00000186   469 	C$GameTitle.c$113$1_0$172	= .
                                    470 	.globl	C$GameTitle.c$113$1_0$172
                                    471 ;src\GameTitle.c:113: if (timer == 60)
    00000186 7E               [ 8]  472 	ld	a, (hl)
    00000187 D6 3C            [ 8]  473 	sub	a, #0x3c
    00000189 20 09            [12]  474 	jr	NZ, 00102$
                         0000018B   475 	C$GameTitle.c$115$2_0$173	= .
                                    476 	.globl	C$GameTitle.c$115$2_0$173
                                    477 ;src\GameTitle.c:115: frame++; 
    0000018B 21r01r00         [12]  478 	ld	hl, #_frame
    0000018E 34               [12]  479 	inc	(hl)
                         0000018F   480 	C$GameTitle.c$116$2_0$173	= .
                                    481 	.globl	C$GameTitle.c$116$2_0$173
                                    482 ;src\GameTitle.c:116: timer = 0;
    0000018F 21r00r00         [12]  483 	ld	hl, #_timer
    00000192 36 00            [12]  484 	ld	(hl), #0x00
    00000194                        485 00102$:
                         00000194   486 	C$GameTitle.c$118$1_0$172	= .
                                    487 	.globl	C$GameTitle.c$118$1_0$172
                                    488 ;src\GameTitle.c:118: if (frame >= 7) frame = 0;
    00000194 21r01r00         [12]  489 	ld	hl, #_frame
    00000197 7E               [ 8]  490 	ld	a, (hl)
    00000198 D6 07            [ 8]  491 	sub	a, #0x07
    0000019A 38 02            [12]  492 	jr	C, 00104$
    0000019C 36 00            [12]  493 	ld	(hl), #0x00
    0000019E                        494 00104$:
                                    495 ;src\GameTitle.c:119: move_metasprite(globe_metasprites[frame], 0, 0, 88, 64);
    0000019E 01r68r01         [12]  496 	ld	bc, #_globe_metasprites+0
    000001A1 21r01r00         [12]  497 	ld	hl, #_frame
    000001A4 6E               [ 8]  498 	ld	l, (hl)
                                    499 ;	spillPairReg hl
                                    500 ;	spillPairReg hl
    000001A5 AF               [ 4]  501 	xor	a, a
    000001A6 67               [ 4]  502 	ld	h, a
    000001A7 29               [ 8]  503 	add	hl, hl
    000001A8 09               [ 8]  504 	add	hl, bc
    000001A9 2A               [ 8]  505 	ld	a, (hl+)
    000001AA 6E               [ 8]  506 	ld	l, (hl)
                                    507 ;	spillPairReg hl
                                    508 ;c:\gbdk\include\gb\metasprites.h:169: __current_metasprite = metasprite;
    000001AB 5F               [ 4]  509 	ld	e, a
    000001AC 55               [ 4]  510 	ld	d, l
    000001AD 21r00r00         [12]  511 	ld	hl, #___current_metasprite
    000001B0 7B               [ 4]  512 	ld	a, e
    000001B1 22               [ 8]  513 	ld	(hl+), a
    000001B2 72               [ 8]  514 	ld	(hl), d
                                    515 ;c:\gbdk\include\gb\metasprites.h:170: __current_base_tile = base_tile;
    000001B3 21r00r00         [12]  516 	ld	hl, #___current_base_tile
    000001B6 36 00            [12]  517 	ld	(hl), #0x00
                                    518 ;c:\gbdk\include\gb\metasprites.h:171: __current_base_prop = 0;
    000001B8 21r00r00         [12]  519 	ld	hl, #___current_base_prop
    000001BB 36 00            [12]  520 	ld	(hl), #0x00
                                    521 ;c:\gbdk\include\gb\metasprites.h:172: return __move_metasprite(base_sprite, (y << 8) | (uint8_t)x);
    000001BD C5               [16]  522 	push	bc
    000001BE 11 58 40         [12]  523 	ld	de, #0x4058
    000001C1 AF               [ 4]  524 	xor	a, a
    000001C2 CDr00r00         [24]  525 	call	___move_metasprite
    000001C5 C1               [12]  526 	pop	bc
                         000001C6   527 	C$GameTitle.c$120$1_0$172	= .
                                    528 	.globl	C$GameTitle.c$120$1_0$172
                                    529 ;src\GameTitle.c:120: if (joypadCurrent & J_START)
    000001C6 21r00r00         [12]  530 	ld	hl, #_joypadCurrent
    000001C9 5E               [ 8]  531 	ld	e, (hl)
    000001CA CB 7B            [ 8]  532 	bit	7, e
    000001CC 28 2A            [12]  533 	jr	Z, 00106$
                         000001CE   534 	C$GameTitle.c$122$2_0$174	= .
                                    535 	.globl	C$GameTitle.c$122$2_0$174
                                    536 ;src\GameTitle.c:122: fadeToBlack(10);
    000001CE C5               [16]  537 	push	bc
    000001CF 3E 0A            [ 8]  538 	ld	a, #0x0a
    000001D1 CDr00r00         [24]  539 	call	_fadeToBlack
    000001D4 C1               [12]  540 	pop	bc
                                    541 ;src\GameTitle.c:123: move_metasprite(globe_metasprites[frame], 0, 0, -80, -80);
    000001D5 21r01r00         [12]  542 	ld	hl, #_frame
    000001D8 6E               [ 8]  543 	ld	l, (hl)
                                    544 ;	spillPairReg hl
                                    545 ;	spillPairReg hl
    000001D9 AF               [ 4]  546 	xor	a, a
    000001DA 67               [ 4]  547 	ld	h, a
    000001DB 29               [ 8]  548 	add	hl, hl
    000001DC 09               [ 8]  549 	add	hl, bc
    000001DD 2A               [ 8]  550 	ld	a, (hl+)
    000001DE 4E               [ 8]  551 	ld	c, (hl)
                                    552 ;c:\gbdk\include\gb\metasprites.h:169: __current_metasprite = metasprite;
    000001DF 21r00r00         [12]  553 	ld	hl, #___current_metasprite
    000001E2 22               [ 8]  554 	ld	(hl+), a
    000001E3 71               [ 8]  555 	ld	(hl), c
                                    556 ;c:\gbdk\include\gb\metasprites.h:170: __current_base_tile = base_tile;
    000001E4 21r00r00         [12]  557 	ld	hl, #___current_base_tile
    000001E7 36 00            [12]  558 	ld	(hl), #0x00
                                    559 ;c:\gbdk\include\gb\metasprites.h:171: __current_base_prop = 0;
    000001E9 21r00r00         [12]  560 	ld	hl, #___current_base_prop
    000001EC 36 00            [12]  561 	ld	(hl), #0x00
                                    562 ;c:\gbdk\include\gb\metasprites.h:172: return __move_metasprite(base_sprite, (y << 8) | (uint8_t)x);
    000001EE 11 B0 B0         [12]  563 	ld	de, #0xb0b0
    000001F1 AF               [ 4]  564 	xor	a, a
    000001F2 CDr00r00         [24]  565 	call	___move_metasprite
                         000001F5   566 	C$GameTitle.c$124$2_0$174	= .
                                    567 	.globl	C$GameTitle.c$124$2_0$174
                                    568 ;src\GameTitle.c:124: return COREGAMELOOP;
    000001F5 3E 02            [ 8]  569 	ld	a, #0x02
    000001F7 C9               [16]  570 	ret
    000001F8                        571 00106$:
                         000001F8   572 	C$GameTitle.c$126$1_0$172	= .
                                    573 	.globl	C$GameTitle.c$126$1_0$172
                                    574 ;src\GameTitle.c:126: if (joypadCurrent & J_SELECT)
    000001F8 CB 73            [ 8]  575 	bit	6, e
    000001FA 28 2A            [12]  576 	jr	Z, 00108$
                         000001FC   577 	C$GameTitle.c$128$2_0$175	= .
                                    578 	.globl	C$GameTitle.c$128$2_0$175
                                    579 ;src\GameTitle.c:128: fadeToBlack(10);
    000001FC C5               [16]  580 	push	bc
    000001FD 3E 0A            [ 8]  581 	ld	a, #0x0a
    000001FF CDr00r00         [24]  582 	call	_fadeToBlack
    00000202 C1               [12]  583 	pop	bc
                                    584 ;src\GameTitle.c:129: move_metasprite(globe_metasprites[frame], 0, 0, -80, -80);
    00000203 21r01r00         [12]  585 	ld	hl, #_frame
    00000206 6E               [ 8]  586 	ld	l, (hl)
                                    587 ;	spillPairReg hl
                                    588 ;	spillPairReg hl
    00000207 26 00            [ 8]  589 	ld	h, #0x00
                                    590 ;	spillPairReg hl
                                    591 ;	spillPairReg hl
    00000209 29               [ 8]  592 	add	hl, hl
    0000020A 09               [ 8]  593 	add	hl, bc
    0000020B 2A               [ 8]  594 	ld	a, (hl+)
    0000020C 4E               [ 8]  595 	ld	c, (hl)
                                    596 ;c:\gbdk\include\gb\metasprites.h:169: __current_metasprite = metasprite;
    0000020D 21r00r00         [12]  597 	ld	hl, #___current_metasprite
    00000210 22               [ 8]  598 	ld	(hl+), a
    00000211 71               [ 8]  599 	ld	(hl), c
                                    600 ;c:\gbdk\include\gb\metasprites.h:170: __current_base_tile = base_tile;
    00000212 21r00r00         [12]  601 	ld	hl, #___current_base_tile
    00000215 36 00            [12]  602 	ld	(hl), #0x00
                                    603 ;c:\gbdk\include\gb\metasprites.h:171: __current_base_prop = 0;
    00000217 21r00r00         [12]  604 	ld	hl, #___current_base_prop
    0000021A 36 00            [12]  605 	ld	(hl), #0x00
                                    606 ;c:\gbdk\include\gb\metasprites.h:172: return __move_metasprite(base_sprite, (y << 8) | (uint8_t)x);
    0000021C 11 B0 B0         [12]  607 	ld	de, #0xb0b0
    0000021F AF               [ 4]  608 	xor	a, a
    00000220 CDr00r00         [24]  609 	call	___move_metasprite
                         00000223   610 	C$GameTitle.c$130$2_0$175	= .
                                    611 	.globl	C$GameTitle.c$130$2_0$175
                                    612 ;src\GameTitle.c:130: return GAMEJOHNDOE;
    00000223 3E 03            [ 8]  613 	ld	a, #0x03
    00000225 C9               [16]  614 	ret
    00000226                        615 00108$:
                         00000226   616 	C$GameTitle.c$132$1_0$172	= .
                                    617 	.globl	C$GameTitle.c$132$1_0$172
                                    618 ;src\GameTitle.c:132: if (joypadCurrent & J_B)
    00000226 CB 6B            [ 8]  619 	bit	5, e
    00000228 28 3E            [12]  620 	jr	Z, 00110$
                         0000022A   621 	C$GameTitle.c$134$2_0$176	= .
                                    622 	.globl	C$GameTitle.c$134$2_0$176
                                    623 ;src\GameTitle.c:134: fadeToBlack(3);
    0000022A C5               [16]  624 	push	bc
    0000022B 3E 03            [ 8]  625 	ld	a, #0x03
    0000022D CDr00r00         [24]  626 	call	_fadeToBlack
    00000230 3E 03            [ 8]  627 	ld	a, #0x03
    00000232 CDr00r00         [24]  628 	call	_fadeFromBlack
    00000235 3E 03            [ 8]  629 	ld	a, #0x03
    00000237 CDr00r00         [24]  630 	call	_fadeToBlack
    0000023A 3E 03            [ 8]  631 	ld	a, #0x03
    0000023C CDr00r00         [24]  632 	call	_fadeFromBlack
    0000023F 3E 03            [ 8]  633 	ld	a, #0x03
    00000241 CDr00r00         [24]  634 	call	_fadeToBlack
    00000244 C1               [12]  635 	pop	bc
                                    636 ;src\GameTitle.c:139: move_metasprite(globe_metasprites[frame], 0, 0, -80, -80);
    00000245 21r01r00         [12]  637 	ld	hl, #_frame
    00000248 6E               [ 8]  638 	ld	l, (hl)
                                    639 ;	spillPairReg hl
                                    640 ;	spillPairReg hl
    00000249 AF               [ 4]  641 	xor	a, a
    0000024A 67               [ 4]  642 	ld	h, a
    0000024B 29               [ 8]  643 	add	hl, hl
    0000024C 09               [ 8]  644 	add	hl, bc
    0000024D 2A               [ 8]  645 	ld	a, (hl+)
    0000024E 4E               [ 8]  646 	ld	c, (hl)
                                    647 ;c:\gbdk\include\gb\metasprites.h:169: __current_metasprite = metasprite;
    0000024F 21r00r00         [12]  648 	ld	hl, #___current_metasprite
    00000252 22               [ 8]  649 	ld	(hl+), a
    00000253 71               [ 8]  650 	ld	(hl), c
                                    651 ;c:\gbdk\include\gb\metasprites.h:170: __current_base_tile = base_tile;
    00000254 21r00r00         [12]  652 	ld	hl, #___current_base_tile
    00000257 36 00            [12]  653 	ld	(hl), #0x00
                                    654 ;c:\gbdk\include\gb\metasprites.h:171: __current_base_prop = 0;
    00000259 21r00r00         [12]  655 	ld	hl, #___current_base_prop
    0000025C 36 00            [12]  656 	ld	(hl), #0x00
                                    657 ;c:\gbdk\include\gb\metasprites.h:172: return __move_metasprite(base_sprite, (y << 8) | (uint8_t)x);
    0000025E 11 B0 B0         [12]  658 	ld	de, #0xb0b0
    00000261 AF               [ 4]  659 	xor	a, a
    00000262 CDr00r00         [24]  660 	call	___move_metasprite
                         00000265   661 	C$GameTitle.c$140$2_0$176	= .
                                    662 	.globl	C$GameTitle.c$140$2_0$176
                                    663 ;src\GameTitle.c:140: return BATTLE;
    00000265 3E 05            [ 8]  664 	ld	a, #0x05
    00000267 C9               [16]  665 	ret
    00000268                        666 00110$:
                         00000268   667 	C$GameTitle.c$142$1_0$172	= .
                                    668 	.globl	C$GameTitle.c$142$1_0$172
                                    669 ;src\GameTitle.c:142: if (joypadCurrent & J_A)
    00000268 CB 63            [ 8]  670 	bit	4, e
    0000026A 28 2A            [12]  671 	jr	Z, 00112$
                         0000026C   672 	C$GameTitle.c$144$2_0$177	= .
                                    673 	.globl	C$GameTitle.c$144$2_0$177
                                    674 ;src\GameTitle.c:144: fadeToBlack(10);
    0000026C C5               [16]  675 	push	bc
    0000026D 3E 0A            [ 8]  676 	ld	a, #0x0a
    0000026F CDr00r00         [24]  677 	call	_fadeToBlack
    00000272 C1               [12]  678 	pop	bc
                                    679 ;src\GameTitle.c:145: move_metasprite(globe_metasprites[frame], 0, 0, -80, -80);
    00000273 21r01r00         [12]  680 	ld	hl, #_frame
    00000276 6E               [ 8]  681 	ld	l, (hl)
                                    682 ;	spillPairReg hl
                                    683 ;	spillPairReg hl
    00000277 AF               [ 4]  684 	xor	a, a
    00000278 67               [ 4]  685 	ld	h, a
    00000279 29               [ 8]  686 	add	hl, hl
    0000027A 09               [ 8]  687 	add	hl, bc
    0000027B 2A               [ 8]  688 	ld	a, (hl+)
    0000027C 4E               [ 8]  689 	ld	c, (hl)
                                    690 ;c:\gbdk\include\gb\metasprites.h:169: __current_metasprite = metasprite;
    0000027D 21r00r00         [12]  691 	ld	hl, #___current_metasprite
    00000280 22               [ 8]  692 	ld	(hl+), a
    00000281 71               [ 8]  693 	ld	(hl), c
                                    694 ;c:\gbdk\include\gb\metasprites.h:170: __current_base_tile = base_tile;
    00000282 21r00r00         [12]  695 	ld	hl, #___current_base_tile
    00000285 36 00            [12]  696 	ld	(hl), #0x00
                                    697 ;c:\gbdk\include\gb\metasprites.h:171: __current_base_prop = 0;
    00000287 21r00r00         [12]  698 	ld	hl, #___current_base_prop
    0000028A 36 00            [12]  699 	ld	(hl), #0x00
                                    700 ;c:\gbdk\include\gb\metasprites.h:172: return __move_metasprite(base_sprite, (y << 8) | (uint8_t)x);
    0000028C 11 B0 B0         [12]  701 	ld	de, #0xb0b0
    0000028F AF               [ 4]  702 	xor	a, a
    00000290 CDr00r00         [24]  703 	call	___move_metasprite
                         00000293   704 	C$GameTitle.c$146$2_0$177	= .
                                    705 	.globl	C$GameTitle.c$146$2_0$177
                                    706 ;src\GameTitle.c:146: return BESTIARY;
    00000293 3E 04            [ 8]  707 	ld	a, #0x04
    00000295 C9               [16]  708 	ret
    00000296                        709 00112$:
                         00000296   710 	C$GameTitle.c$149$1_0$172	= .
                                    711 	.globl	C$GameTitle.c$149$1_0$172
                                    712 ;src\GameTitle.c:149: return GAMETITLE;
    00000296 3E 01            [ 8]  713 	ld	a, #0x01
                         00000298   714 	C$GameTitle.c$150$1_0$172	= .
                                    715 	.globl	C$GameTitle.c$150$1_0$172
                                    716 ;src\GameTitle.c:150: }
                         00000298   717 	C$GameTitle.c$150$1_0$172	= .
                                    718 	.globl	C$GameTitle.c$150$1_0$172
                         00000298   719 	XG$GameTitleUpdate$0$0	= .
                                    720 	.globl	XG$GameTitleUpdate$0$0
    00000298 C9               [16]  721 	ret
                                    722 	.area _CODE
                                    723 	.area _INITIALIZER
                         00000000   724 FGameTitle$__xinit_timer$0_0$0 == .
    00000000                        725 __xinit__timer:
    00000000 00                     726 	.db #0x00	; 0
                         00000001   727 FGameTitle$__xinit_frame$0_0$0 == .
    00000001                        728 __xinit__frame:
    00000001 00                     729 	.db #0x00	; 0
                                    730 	.area _CABS (ABS)
