                                      1 ;--------------------------------------------------------
                                      2 ; File Created by SDCC : free open source ISO C Compiler 
                                      3 ; Version 4.4.1 #14650 (MINGW64)
                                      4 ;--------------------------------------------------------
                                      5 	.module Ghost_Map
                                      6 	.optsdcc -msm83
                                      7 	
                                      8 ;--------------------------------------------------------
                                      9 ; Public variables in this module
                                     10 ;--------------------------------------------------------
                                     11 	.globl _Ghost_Map
                                     12 ;--------------------------------------------------------
                                     13 ; special function registers
                                     14 ;--------------------------------------------------------
                                     15 ;--------------------------------------------------------
                                     16 ; ram data
                                     17 ;--------------------------------------------------------
                                     18 	.area _DATA
                                     19 ;--------------------------------------------------------
                                     20 ; ram data
                                     21 ;--------------------------------------------------------
                                     22 	.area _INITIALIZED
                                     23 ;--------------------------------------------------------
                                     24 ; absolute external ram data
                                     25 ;--------------------------------------------------------
                                     26 	.area _DABS (ABS)
                                     27 ;--------------------------------------------------------
                                     28 ; global & static initialisations
                                     29 ;--------------------------------------------------------
                                     30 	.area _HOME
                                     31 	.area _GSINIT
                                     32 	.area _GSFINAL
                                     33 	.area _GSINIT
                                     34 ;--------------------------------------------------------
                                     35 ; Home
                                     36 ;--------------------------------------------------------
                                     37 	.area _HOME
                                     38 	.area _HOME
                                     39 ;--------------------------------------------------------
                                     40 ; code
                                     41 ;--------------------------------------------------------
                                     42 	.area _CODE_5
                                     43 	.area _CODE_5
                         00000000    44 G$Ghost_Map$0_0$0 == .
    00000000                         45 _Ghost_Map:
    00000000 80                      46 	.db #0x80	; 128
    00000001 85                      47 	.db #0x85	; 133
    00000002 8A                      48 	.db #0x8a	; 138
    00000003 80                      49 	.db #0x80	; 128
    00000004 81                      50 	.db #0x81	; 129
    00000005 86                      51 	.db #0x86	; 134
    00000006 8B                      52 	.db #0x8b	; 139
    00000007 8F                      53 	.db #0x8f	; 143
    00000008 82                      54 	.db #0x82	; 130
    00000009 87                      55 	.db #0x87	; 135
    0000000A 8C                      56 	.db #0x8c	; 140
    0000000B 90                      57 	.db #0x90	; 144
    0000000C 83                      58 	.db #0x83	; 131
    0000000D 88                      59 	.db #0x88	; 136
    0000000E 8D                      60 	.db #0x8d	; 141
    0000000F 91                      61 	.db #0x91	; 145
    00000010 84                      62 	.db #0x84	; 132
    00000011 89                      63 	.db #0x89	; 137
    00000012 8E                      64 	.db #0x8e	; 142
    00000013 92                      65 	.db #0x92	; 146
                                     66 	.area _INITIALIZER
                                     67 	.area _CABS (ABS)
