                                      1 ;--------------------------------------------------------
                                      2 ; File Created by SDCC : free open source ISO C Compiler 
                                      3 ; Version 4.4.1 #14650 (MINGW64)
                                      4 ;--------------------------------------------------------
                                      5 	.module Ghost_Tiles
                                      6 	.optsdcc -msm83
                                      7 	
                                      8 ;--------------------------------------------------------
                                      9 ; Public variables in this module
                                     10 ;--------------------------------------------------------
                                     11 	.globl _Ghost_Tiles
                                     12 ;--------------------------------------------------------
                                     13 ; special function registers
                                     14 ;--------------------------------------------------------
                                     15 ;--------------------------------------------------------
                                     16 ; ram data
                                     17 ;--------------------------------------------------------
                                     18 	.area _DATA
                                     19 ;--------------------------------------------------------
                                     20 ; ram data
                                     21 ;--------------------------------------------------------
                                     22 	.area _INITIALIZED
                                     23 ;--------------------------------------------------------
                                     24 ; absolute external ram data
                                     25 ;--------------------------------------------------------
                                     26 	.area _DABS (ABS)
                                     27 ;--------------------------------------------------------
                                     28 ; global & static initialisations
                                     29 ;--------------------------------------------------------
                                     30 	.area _HOME
                                     31 	.area _GSINIT
                                     32 	.area _GSFINAL
                                     33 	.area _GSINIT
                                     34 ;--------------------------------------------------------
                                     35 ; Home
                                     36 ;--------------------------------------------------------
                                     37 	.area _HOME
                                     38 	.area _HOME
                                     39 ;--------------------------------------------------------
                                     40 ; code
                                     41 ;--------------------------------------------------------
                                     42 	.area _CODE_5
                                     43 	.area _CODE_5
                         00000000    44 G$Ghost_Tiles$0_0$0 == .
    00000000                         45 _Ghost_Tiles:
    00000000 00                      46 	.db #0x00	; 0
    00000001 00                      47 	.db #0x00	; 0
    00000002 00                      48 	.db #0x00	; 0
    00000003 00                      49 	.db #0x00	; 0
    00000004 00                      50 	.db #0x00	; 0
    00000005 00                      51 	.db #0x00	; 0
    00000006 00                      52 	.db #0x00	; 0
    00000007 00                      53 	.db #0x00	; 0
    00000008 00                      54 	.db #0x00	; 0
    00000009 00                      55 	.db #0x00	; 0
    0000000A 00                      56 	.db #0x00	; 0
    0000000B 00                      57 	.db #0x00	; 0
    0000000C 00                      58 	.db #0x00	; 0
    0000000D 00                      59 	.db #0x00	; 0
    0000000E 00                      60 	.db #0x00	; 0
    0000000F 00                      61 	.db #0x00	; 0
    00000010 01                      62 	.db #0x01	; 1
    00000011 01                      63 	.db #0x01	; 1
    00000012 01                      64 	.db #0x01	; 1
    00000013 01                      65 	.db #0x01	; 1
    00000014 02                      66 	.db #0x02	; 2
    00000015 02                      67 	.db #0x02	; 2
    00000016 02                      68 	.db #0x02	; 2
    00000017 02                      69 	.db #0x02	; 2
    00000018 02                      70 	.db #0x02	; 2
    00000019 02                      71 	.db #0x02	; 2
    0000001A 05                      72 	.db #0x05	; 5
    0000001B 06                      73 	.db #0x06	; 6
    0000001C 05                      74 	.db #0x05	; 5
    0000001D 06                      75 	.db #0x06	; 6
    0000001E 05                      76 	.db #0x05	; 5
    0000001F 06                      77 	.db #0x06	; 6
    00000020 05                      78 	.db #0x05	; 5
    00000021 06                      79 	.db #0x06	; 6
    00000022 05                      80 	.db #0x05	; 5
    00000023 06                      81 	.db #0x06	; 6
    00000024 55                      82 	.db #0x55	; 85	'U'
    00000025 56                      83 	.db #0x56	; 86	'V'
    00000026 BD                      84 	.db #0xbd	; 189
    00000027 AE                      85 	.db #0xae	; 174
    00000028 B5                      86 	.db #0xb5	; 181
    00000029 8E                      87 	.db #0x8e	; 142
    0000002A 55                      88 	.db #0x55	; 85	'U'
    0000002B 4E                      89 	.db #0x4e	; 78	'N'
    0000002C 3D                      90 	.db #0x3d	; 61
    0000002D 26                      91 	.db #0x26	; 38
    0000002E 1E                      92 	.db #0x1e	; 30
    0000002F 13                      93 	.db #0x13	; 19
    00000030 0E                      94 	.db #0x0e	; 14
    00000031 0F                      95 	.db #0x0f	; 15
    00000032 02                      96 	.db #0x02	; 2
    00000033 03                      97 	.db #0x03	; 3
    00000034 02                      98 	.db #0x02	; 2
    00000035 03                      99 	.db #0x03	; 3
    00000036 02                     100 	.db #0x02	; 2
    00000037 03                     101 	.db #0x03	; 3
    00000038 05                     102 	.db #0x05	; 5
    00000039 06                     103 	.db #0x06	; 6
    0000003A 05                     104 	.db #0x05	; 5
    0000003B 06                     105 	.db #0x06	; 6
    0000003C 1A                     106 	.db #0x1a	; 26
    0000003D 1C                     107 	.db #0x1c	; 28
    0000003E 26                     108 	.db #0x26	; 38
    0000003F 38                     109 	.db #0x38	; 56	'8'
    00000040 4F                     110 	.db #0x4f	; 79	'O'
    00000041 70                     111 	.db #0x70	; 112	'p'
    00000042 4F                     112 	.db #0x4f	; 79	'O'
    00000043 60                     113 	.db #0x60	; 96
    00000044 47                     114 	.db #0x47	; 71	'G'
    00000045 60                     115 	.db #0x60	; 96
    00000046 27                     116 	.db #0x27	; 39
    00000047 3B                     117 	.db #0x3b	; 59
    00000048 1C                     118 	.db #0x1c	; 28
    00000049 1C                     119 	.db #0x1c	; 28
    0000004A 00                     120 	.db #0x00	; 0
    0000004B 00                     121 	.db #0x00	; 0
    0000004C 00                     122 	.db #0x00	; 0
    0000004D 00                     123 	.db #0x00	; 0
    0000004E 00                     124 	.db #0x00	; 0
    0000004F 00                     125 	.db #0x00	; 0
    00000050 00                     126 	.db #0x00	; 0
    00000051 00                     127 	.db #0x00	; 0
    00000052 00                     128 	.db #0x00	; 0
    00000053 00                     129 	.db #0x00	; 0
    00000054 00                     130 	.db #0x00	; 0
    00000055 00                     131 	.db #0x00	; 0
    00000056 07                     132 	.db #0x07	; 7
    00000057 07                     133 	.db #0x07	; 7
    00000058 18                     134 	.db #0x18	; 24
    00000059 18                     135 	.db #0x18	; 24
    0000005A 23                     136 	.db #0x23	; 35
    0000005B 20                     137 	.db #0x20	; 32
    0000005C 4F                     138 	.db #0x4f	; 79	'O'
    0000005D 50                     139 	.db #0x50	; 80	'P'
    0000005E 93                     140 	.db #0x93	; 147
    0000005F A2                     141 	.db #0xa2	; 162
    00000060 31                     142 	.db #0x31	; 49	'1'
    00000061 01                     143 	.db #0x01	; 1
    00000062 25                     144 	.db #0x25	; 37
    00000063 05                     145 	.db #0x05	; 5
    00000064 73                     146 	.db #0x73	; 115	's'
    00000065 03                     147 	.db #0x03	; 3
    00000066 7F                     148 	.db #0x7f	; 127
    00000067 06                     149 	.db #0x06	; 6
    00000068 7F                     150 	.db #0x7f	; 127
    00000069 00                     151 	.db #0x00	; 0
    0000006A 7C                     152 	.db #0x7c	; 124
    0000006B 00                     153 	.db #0x00	; 0
    0000006C 78                     154 	.db #0x78	; 120	'x'
    0000006D 01                     155 	.db #0x01	; 1
    0000006E 1C                     156 	.db #0x1c	; 28
    0000006F 67                     157 	.db #0x67	; 103	'g'
    00000070 A7                     158 	.db #0xa7	; 167
    00000071 B9                     159 	.db #0xb9	; 185
    00000072 E8                     160 	.db #0xe8	; 232
    00000073 EB                     161 	.db #0xeb	; 235
    00000074 7E                     162 	.db #0x7e	; 126
    00000075 7E                     163 	.db #0x7e	; 126
    00000076 1F                     164 	.db #0x1f	; 31
    00000077 7F                     165 	.db #0x7f	; 127
    00000078 03                     166 	.db #0x03	; 3
    00000079 3F                     167 	.db #0x3f	; 63
    0000007A 3C                     168 	.db #0x3c	; 60
    0000007B 03                     169 	.db #0x03	; 3
    0000007C 3F                     170 	.db #0x3f	; 63
    0000007D 00                     171 	.db #0x00	; 0
    0000007E 3F                     172 	.db #0x3f	; 63
    0000007F 00                     173 	.db #0x00	; 0
    00000080 3F                     174 	.db #0x3f	; 63
    00000081 00                     175 	.db #0x00	; 0
    00000082 3F                     176 	.db #0x3f	; 63
    00000083 00                     177 	.db #0x00	; 0
    00000084 3F                     178 	.db #0x3f	; 63
    00000085 00                     179 	.db #0x00	; 0
    00000086 3F                     180 	.db #0x3f	; 63
    00000087 00                     181 	.db #0x00	; 0
    00000088 3F                     182 	.db #0x3f	; 63
    00000089 00                     183 	.db #0x00	; 0
    0000008A 7F                     184 	.db #0x7f	; 127
    0000008B 00                     185 	.db #0x00	; 0
    0000008C 7F                     186 	.db #0x7f	; 127
    0000008D 00                     187 	.db #0x00	; 0
    0000008E FF                     188 	.db #0xff	; 255
    0000008F 00                     189 	.db #0x00	; 0
    00000090 FF                     190 	.db #0xff	; 255
    00000091 00                     191 	.db #0x00	; 0
    00000092 BE                     192 	.db #0xbe	; 190
    00000093 01                     193 	.db #0x01	; 1
    00000094 9B                     194 	.db #0x9b	; 155
    00000095 87                     195 	.db #0x87	; 135
    00000096 44                     196 	.db #0x44	; 68	'D'
    00000097 4C                     197 	.db #0x4c	; 76	'L'
    00000098 38                     198 	.db #0x38	; 56	'8'
    00000099 38                     199 	.db #0x38	; 56	'8'
    0000009A 00                     200 	.db #0x00	; 0
    0000009B 00                     201 	.db #0x00	; 0
    0000009C 00                     202 	.db #0x00	; 0
    0000009D 00                     203 	.db #0x00	; 0
    0000009E 00                     204 	.db #0x00	; 0
    0000009F 00                     205 	.db #0x00	; 0
    000000A0 00                     206 	.db #0x00	; 0
    000000A1 00                     207 	.db #0x00	; 0
    000000A2 00                     208 	.db #0x00	; 0
    000000A3 00                     209 	.db #0x00	; 0
    000000A4 00                     210 	.db #0x00	; 0
    000000A5 00                     211 	.db #0x00	; 0
    000000A6 E0                     212 	.db #0xe0	; 224
    000000A7 E0                     213 	.db #0xe0	; 224
    000000A8 18                     214 	.db #0x18	; 24
    000000A9 F8                     215 	.db #0xf8	; 248
    000000AA E4                     216 	.db #0xe4	; 228
    000000AB 1C                     217 	.db #0x1c	; 28
    000000AC FA                     218 	.db #0xfa	; 250
    000000AD 06                     219 	.db #0x06	; 6
    000000AE 9D                     220 	.db #0x9d	; 157
    000000AF 13                     221 	.db #0x13	; 19
    000000B0 0D                     222 	.db #0x0d	; 13
    000000B1 0B                     223 	.db #0x0b	; 11
    000000B2 4E                     224 	.db #0x4e	; 78	'N'
    000000B3 49                     225 	.db #0x49	; 73	'I'
    000000B4 9E                     226 	.db #0x9e	; 158
    000000B5 19                     227 	.db #0x19	; 25
    000000B6 FE                     228 	.db #0xfe	; 254
    000000B7 31                     229 	.db #0x31	; 49	'1'
    000000B8 FF                     230 	.db #0xff	; 255
    000000B9 00                     231 	.db #0x00	; 0
    000000BA 7F                     232 	.db #0x7f	; 127
    000000BB 00                     233 	.db #0x00	; 0
    000000BC 7F                     234 	.db #0x7f	; 127
    000000BD 83                     235 	.db #0x83	; 131
    000000BE 78                     236 	.db #0x78	; 120	'x'
    000000BF C6                     237 	.db #0xc6	; 198
    000000C0 E2                     238 	.db #0xe2	; 226
    000000C1 9A                     239 	.db #0x9a	; 154
    000000C2 0E                     240 	.db #0x0e	; 14
    000000C3 EF                     241 	.db #0xef	; 239
    000000C4 BD                     242 	.db #0xbd	; 189
    000000C5 BE                     243 	.db #0xbe	; 190
    000000C6 F9                     244 	.db #0xf9	; 249
    000000C7 FE                     245 	.db #0xfe	; 254
    000000C8 E7                     246 	.db #0xe7	; 231
    000000C9 F9                     247 	.db #0xf9	; 249
    000000CA 1F                     248 	.db #0x1f	; 31
    000000CB E6                     249 	.db #0xe6	; 230
    000000CC FF                     250 	.db #0xff	; 255
    000000CD 08                     251 	.db #0x08	; 8
    000000CE FE                     252 	.db #0xfe	; 254
    000000CF F1                     253 	.db #0xf1	; 241
    000000D0 FE                     254 	.db #0xfe	; 254
    000000D1 01                     255 	.db #0x01	; 1
    000000D2 FE                     256 	.db #0xfe	; 254
    000000D3 01                     257 	.db #0x01	; 1
    000000D4 FE                     258 	.db #0xfe	; 254
    000000D5 01                     259 	.db #0x01	; 1
    000000D6 FF                     260 	.db #0xff	; 255
    000000D7 00                     261 	.db #0x00	; 0
    000000D8 FF                     262 	.db #0xff	; 255
    000000D9 00                     263 	.db #0x00	; 0
    000000DA FF                     264 	.db #0xff	; 255
    000000DB 00                     265 	.db #0x00	; 0
    000000DC FF                     266 	.db #0xff	; 255
    000000DD 00                     267 	.db #0x00	; 0
    000000DE FF                     268 	.db #0xff	; 255
    000000DF 00                     269 	.db #0x00	; 0
    000000E0 FF                     270 	.db #0xff	; 255
    000000E1 00                     271 	.db #0x00	; 0
    000000E2 BD                     272 	.db #0xbd	; 189
    000000E3 82                     273 	.db #0x82	; 130
    000000E4 9B                     274 	.db #0x9b	; 155
    000000E5 87                     275 	.db #0x87	; 135
    000000E6 44                     276 	.db #0x44	; 68	'D'
    000000E7 4C                     277 	.db #0x4c	; 76	'L'
    000000E8 38                     278 	.db #0x38	; 56	'8'
    000000E9 38                     279 	.db #0x38	; 56	'8'
    000000EA 00                     280 	.db #0x00	; 0
    000000EB 00                     281 	.db #0x00	; 0
    000000EC 00                     282 	.db #0x00	; 0
    000000ED 00                     283 	.db #0x00	; 0
    000000EE 00                     284 	.db #0x00	; 0
    000000EF 00                     285 	.db #0x00	; 0
    000000F0 00                     286 	.db #0x00	; 0
    000000F1 00                     287 	.db #0x00	; 0
    000000F2 80                     288 	.db #0x80	; 128
    000000F3 80                     289 	.db #0x80	; 128
    000000F4 80                     290 	.db #0x80	; 128
    000000F5 80                     291 	.db #0x80	; 128
    000000F6 80                     292 	.db #0x80	; 128
    000000F7 80                     293 	.db #0x80	; 128
    000000F8 40                     294 	.db #0x40	; 64
    000000F9 C0                     295 	.db #0xc0	; 192
    000000FA 40                     296 	.db #0x40	; 64
    000000FB C0                     297 	.db #0xc0	; 192
    000000FC 40                     298 	.db #0x40	; 64
    000000FD C0                     299 	.db #0xc0	; 192
    000000FE 80                     300 	.db #0x80	; 128
    000000FF 80                     301 	.db #0x80	; 128
    00000100 40                     302 	.db #0x40	; 64
    00000101 C0                     303 	.db #0xc0	; 192
    00000102 4A                     304 	.db #0x4a	; 74	'J'
    00000103 CA                     305 	.db #0xca	; 202
    00000104 5F                     306 	.db #0x5f	; 95
    00000105 D5                     307 	.db #0xd5	; 213
    00000106 AF                     308 	.db #0xaf	; 175
    00000107 B1                     309 	.db #0xb1	; 177
    00000108 6E                     310 	.db #0x6e	; 110	'n'
    00000109 F2                     311 	.db #0xf2	; 242
    0000010A 7C                     312 	.db #0x7c	; 124
    0000010B E4                     313 	.db #0xe4	; 228
    0000010C 78                     314 	.db #0x78	; 120	'x'
    0000010D C8                     315 	.db #0xc8	; 200
    0000010E 70                     316 	.db #0x70	; 112	'p'
    0000010F F0                     317 	.db #0xf0	; 240
    00000110 40                     318 	.db #0x40	; 64
    00000111 C0                     319 	.db #0xc0	; 192
    00000112 40                     320 	.db #0x40	; 64
    00000113 C0                     321 	.db #0xc0	; 192
    00000114 40                     322 	.db #0x40	; 64
    00000115 C0                     323 	.db #0xc0	; 192
    00000116 20                     324 	.db #0x20	; 32
    00000117 E0                     325 	.db #0xe0	; 224
    00000118 A0                     326 	.db #0xa0	; 160
    00000119 60                     327 	.db #0x60	; 96
    0000011A A0                     328 	.db #0xa0	; 160
    0000011B 60                     329 	.db #0x60	; 96
    0000011C A0                     330 	.db #0xa0	; 160
    0000011D 60                     331 	.db #0x60	; 96
    0000011E D0                     332 	.db #0xd0	; 208
    0000011F 30                     333 	.db #0x30	; 48	'0'
    00000120 E8                     334 	.db #0xe8	; 232
    00000121 18                     335 	.db #0x18	; 24
    00000122 74                     336 	.db #0x74	; 116	't'
    00000123 0C                     337 	.db #0x0c	; 12
    00000124 34                     338 	.db #0x34	; 52	'4'
    00000125 0C                     339 	.db #0x0c	; 12
    00000126 C8                     340 	.db #0xc8	; 200
    00000127 D8                     341 	.db #0xd8	; 216
    00000128 30                     342 	.db #0x30	; 48	'0'
    00000129 30                     343 	.db #0x30	; 48	'0'
    0000012A 00                     344 	.db #0x00	; 0
    0000012B 00                     345 	.db #0x00	; 0
    0000012C 00                     346 	.db #0x00	; 0
    0000012D 00                     347 	.db #0x00	; 0
    0000012E 00                     348 	.db #0x00	; 0
    0000012F 00                     349 	.db #0x00	; 0
    00000130 00                     350 	.db #0x00	; 0
    00000131 00                     351 	.db #0x00	; 0
    00000132 00                     352 	.db #0x00	; 0
    00000133 00                     353 	.db #0x00	; 0
    00000134 00                     354 	.db #0x00	; 0
    00000135 00                     355 	.db #0x00	; 0
    00000136 00                     356 	.db #0x00	; 0
    00000137 00                     357 	.db #0x00	; 0
    00000138 00                     358 	.db #0x00	; 0
    00000139 00                     359 	.db #0x00	; 0
    0000013A 00                     360 	.db #0x00	; 0
    0000013B 00                     361 	.db #0x00	; 0
    0000013C 00                     362 	.db #0x00	; 0
    0000013D 00                     363 	.db #0x00	; 0
    0000013E 00                     364 	.db #0x00	; 0
    0000013F 00                     365 	.db #0x00	; 0
                                    366 	.area _INITIALIZER
                                    367 	.area _CABS (ABS)
