                                      1 ;--------------------------------------------------------
                                      2 ; File Created by SDCC : free open source ISO C Compiler 
                                      3 ; Version 4.2.2 #13350 (MINGW64)
                                      4 ;--------------------------------------------------------
                                      5 	.module Gypsy_Tiles
                                      6 	.optsdcc -msm83
                                      7 	
                                      8 ;--------------------------------------------------------
                                      9 ; Public variables in this module
                                     10 ;--------------------------------------------------------
                                     11 	.globl _GypsyTiles
                                     12 ;--------------------------------------------------------
                                     13 ; special function registers
                                     14 ;--------------------------------------------------------
                                     15 ;--------------------------------------------------------
                                     16 ; ram data
                                     17 ;--------------------------------------------------------
                                     18 	.area _DATA
                                     19 ;--------------------------------------------------------
                                     20 ; ram data
                                     21 ;--------------------------------------------------------
                                     22 	.area _INITIALIZED
                                     23 ;--------------------------------------------------------
                                     24 ; absolute external ram data
                                     25 ;--------------------------------------------------------
                                     26 	.area _DABS (ABS)
                                     27 ;--------------------------------------------------------
                                     28 ; global & static initialisations
                                     29 ;--------------------------------------------------------
                                     30 	.area _HOME
                                     31 	.area _GSINIT
                                     32 	.area _GSFINAL
                                     33 	.area _GSINIT
                                     34 ;--------------------------------------------------------
                                     35 ; Home
                                     36 ;--------------------------------------------------------
                                     37 	.area _HOME
                                     38 	.area _HOME
                                     39 ;--------------------------------------------------------
                                     40 ; code
                                     41 ;--------------------------------------------------------
                                     42 	.area _CODE
                                     43 	.area _CODE
                           000000    44 G$GypsyTiles$0_0$0 == .
      000000                         45 _GypsyTiles:
      000000 00                      46 	.db #0x00	; 0
      000001 00                      47 	.db #0x00	; 0
      000002 00                      48 	.db #0x00	; 0
      000003 00                      49 	.db #0x00	; 0
      000004 00                      50 	.db #0x00	; 0
      000005 00                      51 	.db #0x00	; 0
      000006 00                      52 	.db #0x00	; 0
      000007 00                      53 	.db #0x00	; 0
      000008 01                      54 	.db #0x01	; 1
      000009 01                      55 	.db #0x01	; 1
      00000A 18                      56 	.db #0x18	; 24
      00000B 18                      57 	.db #0x18	; 24
      00000C 3C                      58 	.db #0x3c	; 60
      00000D 3C                      59 	.db #0x3c	; 60
      00000E 0E                      60 	.db #0x0e	; 14
      00000F 0E                      61 	.db #0x0e	; 14
      000010 0A                      62 	.db #0x0a	; 10
      000011 0A                      63 	.db #0x0a	; 10
      000012 0B                      64 	.db #0x0b	; 11
      000013 0B                      65 	.db #0x0b	; 11
      000014 0A                      66 	.db #0x0a	; 10
      000015 0A                      67 	.db #0x0a	; 10
      000016 07                      68 	.db #0x07	; 7
      000017 07                      69 	.db #0x07	; 7
      000018 00                      70 	.db #0x00	; 0
      000019 00                      71 	.db #0x00	; 0
      00001A 00                      72 	.db #0x00	; 0
      00001B 00                      73 	.db #0x00	; 0
      00001C 00                      74 	.db #0x00	; 0
      00001D 00                      75 	.db #0x00	; 0
      00001E 00                      76 	.db #0x00	; 0
      00001F 00                      77 	.db #0x00	; 0
      000020 01                      78 	.db #0x01	; 1
      000021 01                      79 	.db #0x01	; 1
      000022 01                      80 	.db #0x01	; 1
      000023 01                      81 	.db #0x01	; 1
      000024 02                      82 	.db #0x02	; 2
      000025 02                      83 	.db #0x02	; 2
      000026 06                      84 	.db #0x06	; 6
      000027 06                      85 	.db #0x06	; 6
      000028 04                      86 	.db #0x04	; 4
      000029 04                      87 	.db #0x04	; 4
      00002A 04                      88 	.db #0x04	; 4
      00002B 04                      89 	.db #0x04	; 4
      00002C 08                      90 	.db #0x08	; 8
      00002D 08                      91 	.db #0x08	; 8
      00002E 08                      92 	.db #0x08	; 8
      00002F 08                      93 	.db #0x08	; 8
      000030 08                      94 	.db #0x08	; 8
      000031 08                      95 	.db #0x08	; 8
      000032 10                      96 	.db #0x10	; 16
      000033 10                      97 	.db #0x10	; 16
      000034 10                      98 	.db #0x10	; 16
      000035 10                      99 	.db #0x10	; 16
      000036 10                     100 	.db #0x10	; 16
      000037 10                     101 	.db #0x10	; 16
      000038 10                     102 	.db #0x10	; 16
      000039 10                     103 	.db #0x10	; 16
      00003A 10                     104 	.db #0x10	; 16
      00003B 10                     105 	.db #0x10	; 16
      00003C 10                     106 	.db #0x10	; 16
      00003D 10                     107 	.db #0x10	; 16
      00003E 08                     108 	.db #0x08	; 8
      00003F 08                     109 	.db #0x08	; 8
      000040 0C                     110 	.db #0x0c	; 12
      000041 0C                     111 	.db #0x0c	; 12
      000042 04                     112 	.db #0x04	; 4
      000043 04                     113 	.db #0x04	; 4
      000044 02                     114 	.db #0x02	; 2
      000045 02                     115 	.db #0x02	; 2
      000046 00                     116 	.db #0x00	; 0
      000047 00                     117 	.db #0x00	; 0
      000048 00                     118 	.db #0x00	; 0
      000049 00                     119 	.db #0x00	; 0
      00004A 00                     120 	.db #0x00	; 0
      00004B 00                     121 	.db #0x00	; 0
      00004C 00                     122 	.db #0x00	; 0
      00004D 00                     123 	.db #0x00	; 0
      00004E 01                     124 	.db #0x01	; 1
      00004F 01                     125 	.db #0x01	; 1
      000050 00                     126 	.db #0x00	; 0
      000051 00                     127 	.db #0x00	; 0
      000052 00                     128 	.db #0x00	; 0
      000053 00                     129 	.db #0x00	; 0
      000054 00                     130 	.db #0x00	; 0
      000055 00                     131 	.db #0x00	; 0
      000056 00                     132 	.db #0x00	; 0
      000057 00                     133 	.db #0x00	; 0
      000058 00                     134 	.db #0x00	; 0
      000059 00                     135 	.db #0x00	; 0
      00005A 01                     136 	.db #0x01	; 1
      00005B 01                     137 	.db #0x01	; 1
      00005C 01                     138 	.db #0x01	; 1
      00005D 00                     139 	.db #0x00	; 0
      00005E 00                     140 	.db #0x00	; 0
      00005F 00                     141 	.db #0x00	; 0
      000060 01                     142 	.db #0x01	; 1
      000061 00                     143 	.db #0x00	; 0
      000062 00                     144 	.db #0x00	; 0
      000063 00                     145 	.db #0x00	; 0
      000064 00                     146 	.db #0x00	; 0
      000065 00                     147 	.db #0x00	; 0
      000066 00                     148 	.db #0x00	; 0
      000067 00                     149 	.db #0x00	; 0
      000068 00                     150 	.db #0x00	; 0
      000069 00                     151 	.db #0x00	; 0
      00006A 00                     152 	.db #0x00	; 0
      00006B 00                     153 	.db #0x00	; 0
      00006C 18                     154 	.db #0x18	; 24
      00006D 18                     155 	.db #0x18	; 24
      00006E 18                     156 	.db #0x18	; 24
      00006F 18                     157 	.db #0x18	; 24
      000070 18                     158 	.db #0x18	; 24
      000071 18                     159 	.db #0x18	; 24
      000072 28                     160 	.db #0x28	; 40
      000073 28                     161 	.db #0x28	; 40
      000074 50                     162 	.db #0x50	; 80	'P'
      000075 50                     163 	.db #0x50	; 80	'P'
      000076 A0                     164 	.db #0xa0	; 160
      000077 A0                     165 	.db #0xa0	; 160
      000078 E0                     166 	.db #0xe0	; 224
      000079 E0                     167 	.db #0xe0	; 224
      00007A 51                     168 	.db #0x51	; 81	'Q'
      00007B 51                     169 	.db #0x51	; 81	'Q'
      00007C 53                     170 	.db #0x53	; 83	'S'
      00007D 52                     171 	.db #0x52	; 82	'R'
      00007E 2B                     172 	.db #0x2b	; 43
      00007F 2A                     173 	.db #0x2a	; 42
      000080 1D                     174 	.db #0x1d	; 29
      000081 19                     175 	.db #0x19	; 25
      000082 CC                     176 	.db #0xcc	; 204
      000083 CC                     177 	.db #0xcc	; 204
      000084 35                     178 	.db #0x35	; 53	'5'
      000085 34                     179 	.db #0x34	; 52	'4'
      000086 D1                     180 	.db #0xd1	; 209
      000087 D1                     181 	.db #0xd1	; 209
      000088 21                     182 	.db #0x21	; 33
      000089 21                     183 	.db #0x21	; 33
      00008A 40                     184 	.db #0x40	; 64
      00008B 40                     185 	.db #0x40	; 64
      00008C 80                     186 	.db #0x80	; 128
      00008D 80                     187 	.db #0x80	; 128
      00008E 80                     188 	.db #0x80	; 128
      00008F 80                     189 	.db #0x80	; 128
      000090 00                     190 	.db #0x00	; 0
      000091 00                     191 	.db #0x00	; 0
      000092 07                     192 	.db #0x07	; 7
      000093 07                     193 	.db #0x07	; 7
      000094 F8                     194 	.db #0xf8	; 248
      000095 F8                     195 	.db #0xf8	; 248
      000096 10                     196 	.db #0x10	; 16
      000097 10                     197 	.db #0x10	; 16
      000098 18                     198 	.db #0x18	; 24
      000099 18                     199 	.db #0x18	; 24
      00009A 0C                     200 	.db #0x0c	; 12
      00009B 0C                     201 	.db #0x0c	; 12
      00009C 7E                     202 	.db #0x7e	; 126
      00009D 7E                     203 	.db #0x7e	; 126
      00009E FA                     204 	.db #0xfa	; 250
      00009F FA                     205 	.db #0xfa	; 250
      0000A0 00                     206 	.db #0x00	; 0
      0000A1 00                     207 	.db #0x00	; 0
      0000A2 00                     208 	.db #0x00	; 0
      0000A3 00                     209 	.db #0x00	; 0
      0000A4 A0                     210 	.db #0xa0	; 160
      0000A5 A0                     211 	.db #0xa0	; 160
      0000A6 60                     212 	.db #0x60	; 96
      0000A7 60                     213 	.db #0x60	; 96
      0000A8 F0                     214 	.db #0xf0	; 240
      0000A9 60                     215 	.db #0x60	; 96
      0000AA F1                     216 	.db #0xf1	; 241
      0000AB F1                     217 	.db #0xf1	; 241
      0000AC 91                     218 	.db #0x91	; 145
      0000AD 71                     219 	.db #0x71	; 113	'q'
      0000AE F1                     220 	.db #0xf1	; 241
      0000AF F9                     221 	.db #0xf9	; 249
      0000B0 CA                     222 	.db #0xca	; 202
      0000B1 3B                     223 	.db #0x3b	; 59
      0000B2 FB                     224 	.db #0xfb	; 251
      0000B3 FB                     225 	.db #0xfb	; 251
      0000B4 8A                     226 	.db #0x8a	; 138
      0000B5 7B                     227 	.db #0x7b	; 123
      0000B6 FB                     228 	.db #0xfb	; 251
      0000B7 FB                     229 	.db #0xfb	; 251
      0000B8 EA                     230 	.db #0xea	; 234
      0000B9 1B                     231 	.db #0x1b	; 27
      0000BA 7B                     232 	.db #0x7b	; 123
      0000BB 7B                     233 	.db #0x7b	; 123
      0000BC 1F                     234 	.db #0x1f	; 31
      0000BD 1F                     235 	.db #0x1f	; 31
      0000BE 27                     236 	.db #0x27	; 39
      0000BF 38                     237 	.db #0x38	; 56	'8'
      0000C0 70                     238 	.db #0x70	; 112	'p'
      0000C1 4F                     239 	.db #0x4f	; 79	'O'
      0000C2 CE                     240 	.db #0xce	; 206
      0000C3 7F                     241 	.db #0x7f	; 127
      0000C4 71                     242 	.db #0x71	; 113	'q'
      0000C5 F1                     243 	.db #0xf1	; 241
      0000C6 DB                     244 	.db #0xdb	; 219
      0000C7 8A                     245 	.db #0x8a	; 138
      0000C8 AA                     246 	.db #0xaa	; 170
      0000C9 AA                     247 	.db #0xaa	; 170
      0000CA DB                     248 	.db #0xdb	; 219
      0000CB 8A                     249 	.db #0x8a	; 138
      0000CC E0                     250 	.db #0xe0	; 224
      0000CD 6A                     251 	.db #0x6a	; 106	'j'
      0000CE DF                     252 	.db #0xdf	; 223
      0000CF 5B                     253 	.db #0x5b	; 91
      0000D0 80                     254 	.db #0x80	; 128
      0000D1 80                     255 	.db #0x80	; 128
      0000D2 00                     256 	.db #0x00	; 0
      0000D3 00                     257 	.db #0x00	; 0
      0000D4 00                     258 	.db #0x00	; 0
      0000D5 00                     259 	.db #0x00	; 0
      0000D6 12                     260 	.db #0x12	; 18
      0000D7 00                     261 	.db #0x00	; 0
      0000D8 12                     262 	.db #0x12	; 18
      0000D9 12                     263 	.db #0x12	; 18
      0000DA 12                     264 	.db #0x12	; 18
      0000DB 12                     265 	.db #0x12	; 18
      0000DC 04                     266 	.db #0x04	; 4
      0000DD 04                     267 	.db #0x04	; 4
      0000DE 04                     268 	.db #0x04	; 4
      0000DF 04                     269 	.db #0x04	; 4
      0000E0 06                     270 	.db #0x06	; 6
      0000E1 06                     271 	.db #0x06	; 6
      0000E2 02                     272 	.db #0x02	; 2
      0000E3 02                     273 	.db #0x02	; 2
      0000E4 06                     274 	.db #0x06	; 6
      0000E5 06                     275 	.db #0x06	; 6
      0000E6 02                     276 	.db #0x02	; 2
      0000E7 02                     277 	.db #0x02	; 2
      0000E8 02                     278 	.db #0x02	; 2
      0000E9 02                     279 	.db #0x02	; 2
      0000EA 02                     280 	.db #0x02	; 2
      0000EB 02                     281 	.db #0x02	; 2
      0000EC 02                     282 	.db #0x02	; 2
      0000ED 02                     283 	.db #0x02	; 2
      0000EE 02                     284 	.db #0x02	; 2
      0000EF 02                     285 	.db #0x02	; 2
      0000F0 02                     286 	.db #0x02	; 2
      0000F1 02                     287 	.db #0x02	; 2
      0000F2 02                     288 	.db #0x02	; 2
      0000F3 02                     289 	.db #0x02	; 2
      0000F4 00                     290 	.db #0x00	; 0
      0000F5 00                     291 	.db #0x00	; 0
      0000F6 04                     292 	.db #0x04	; 4
      0000F7 04                     293 	.db #0x04	; 4
      0000F8 08                     294 	.db #0x08	; 8
      0000F9 08                     295 	.db #0x08	; 8
      0000FA 10                     296 	.db #0x10	; 16
      0000FB 10                     297 	.db #0x10	; 16
      0000FC 30                     298 	.db #0x30	; 48	'0'
      0000FD 30                     299 	.db #0x30	; 48	'0'
      0000FE 40                     300 	.db #0x40	; 64
      0000FF 40                     301 	.db #0x40	; 64
      000100 E0                     302 	.db #0xe0	; 224
      000101 E0                     303 	.db #0xe0	; 224
      000102 30                     304 	.db #0x30	; 48	'0'
      000103 30                     305 	.db #0x30	; 48	'0'
      000104 1F                     306 	.db #0x1f	; 31
      000105 1F                     307 	.db #0x1f	; 31
      000106 00                     308 	.db #0x00	; 0
      000107 00                     309 	.db #0x00	; 0
      000108 00                     310 	.db #0x00	; 0
      000109 00                     311 	.db #0x00	; 0
      00010A 00                     312 	.db #0x00	; 0
      00010B 00                     313 	.db #0x00	; 0
      00010C 00                     314 	.db #0x00	; 0
      00010D 00                     315 	.db #0x00	; 0
      00010E 00                     316 	.db #0x00	; 0
      00010F 00                     317 	.db #0x00	; 0
      000110 00                     318 	.db #0x00	; 0
      000111 00                     319 	.db #0x00	; 0
      000112 00                     320 	.db #0x00	; 0
      000113 00                     321 	.db #0x00	; 0
      000114 A0                     322 	.db #0xa0	; 160
      000115 A0                     323 	.db #0xa0	; 160
      000116 C0                     324 	.db #0xc0	; 192
      000117 C0                     325 	.db #0xc0	; 192
      000118 E0                     326 	.db #0xe0	; 224
      000119 C0                     327 	.db #0xc0	; 192
      00011A F0                     328 	.db #0xf0	; 240
      00011B F0                     329 	.db #0xf0	; 240
      00011C 30                     330 	.db #0x30	; 48	'0'
      00011D C0                     331 	.db #0xc0	; 192
      00011E E0                     332 	.db #0xe0	; 224
      00011F E0                     333 	.db #0xe0	; 224
      000120 70                     334 	.db #0x70	; 112	'p'
      000121 80                     335 	.db #0x80	; 128
      000122 E0                     336 	.db #0xe0	; 224
      000123 E0                     337 	.db #0xe0	; 224
      000124 20                     338 	.db #0x20	; 32
      000125 C0                     339 	.db #0xc0	; 192
      000126 E0                     340 	.db #0xe0	; 224
      000127 E0                     341 	.db #0xe0	; 224
      000128 E0                     342 	.db #0xe0	; 224
      000129 00                     343 	.db #0x00	; 0
      00012A C8                     344 	.db #0xc8	; 200
      00012B C8                     345 	.db #0xc8	; 200
      00012C 18                     346 	.db #0x18	; 24
      00012D 18                     347 	.db #0x18	; 24
      00012E 98                     348 	.db #0x98	; 152
      00012F 98                     349 	.db #0x98	; 152
      000130 54                     350 	.db #0x54	; 84	'T'
      000131 D4                     351 	.db #0xd4	; 212
      000132 6A                     352 	.db #0x6a	; 106	'j'
      000133 CA                     353 	.db #0xca	; 202
      000134 C5                     354 	.db #0xc5	; 197
      000135 E5                     355 	.db #0xe5	; 229
      000136 67                     356 	.db #0x67	; 103	'g'
      000137 27                     357 	.db #0x27	; 39
      000138 AA                     358 	.db #0xaa	; 170
      000139 AA                     359 	.db #0xaa	; 170
      00013A 72                     360 	.db #0x72	; 114	'r'
      00013B 32                     361 	.db #0x32	; 50	'2'
      00013C FC                     362 	.db #0xfc	; 252
      00013D CC                     363 	.db #0xcc	; 204
      00013E 78                     364 	.db #0x78	; 120	'x'
      00013F 48                     365 	.db #0x48	; 72	'H'
      000140 38                     366 	.db #0x38	; 56	'8'
      000141 30                     367 	.db #0x30	; 48	'0'
      000142 1D                     368 	.db #0x1d	; 29
      000143 19                     369 	.db #0x19	; 25
      000144 57                     370 	.db #0x57	; 87	'W'
      000145 16                     371 	.db #0x16	; 22
      000146 43                     372 	.db #0x43	; 67	'C'
      000147 43                     373 	.db #0x43	; 67	'C'
      000148 42                     374 	.db #0x42	; 66	'B'
      000149 42                     375 	.db #0x42	; 66	'B'
      00014A 01                     376 	.db #0x01	; 1
      00014B 01                     377 	.db #0x01	; 1
      00014C 01                     378 	.db #0x01	; 1
      00014D 01                     379 	.db #0x01	; 1
      00014E 00                     380 	.db #0x00	; 0
      00014F 00                     381 	.db #0x00	; 0
      000150 00                     382 	.db #0x00	; 0
      000151 00                     383 	.db #0x00	; 0
      000152 00                     384 	.db #0x00	; 0
      000153 00                     385 	.db #0x00	; 0
      000154 01                     386 	.db #0x01	; 1
      000155 01                     387 	.db #0x01	; 1
      000156 E3                     388 	.db #0xe3	; 227
      000157 E3                     389 	.db #0xe3	; 227
      000158 3C                     390 	.db #0x3c	; 60
      000159 3C                     391 	.db #0x3c	; 60
      00015A 60                     392 	.db #0x60	; 96
      00015B 60                     393 	.db #0x60	; 96
      00015C FC                     394 	.db #0xfc	; 252
      00015D FC                     395 	.db #0xfc	; 252
      00015E DF                     396 	.db #0xdf	; 223
      00015F DF                     397 	.db #0xdf	; 223
      000160 00                     398 	.db #0x00	; 0
      000161 00                     399 	.db #0x00	; 0
      000162 00                     400 	.db #0x00	; 0
      000163 00                     401 	.db #0x00	; 0
      000164 07                     402 	.db #0x07	; 7
      000165 06                     403 	.db #0x06	; 6
      000166 0F                     404 	.db #0x0f	; 15
      000167 09                     405 	.db #0x09	; 9
      000168 1C                     406 	.db #0x1c	; 28
      000169 1C                     407 	.db #0x1c	; 28
      00016A 1C                     408 	.db #0x1c	; 28
      00016B 1C                     409 	.db #0x1c	; 28
      00016C 14                     410 	.db #0x14	; 20
      00016D 1C                     411 	.db #0x1c	; 28
      00016E 14                     412 	.db #0x14	; 20
      00016F 1C                     413 	.db #0x1c	; 28
      000170 14                     414 	.db #0x14	; 20
      000171 1C                     415 	.db #0x1c	; 28
      000172 F2                     416 	.db #0xf2	; 242
      000173 FA                     417 	.db #0xfa	; 250
      000174 9A                     418 	.db #0x9a	; 154
      000175 0A                     419 	.db #0x0a	; 10
      000176 F2                     420 	.db #0xf2	; 242
      000177 F2                     421 	.db #0xf2	; 242
      000178 01                     422 	.db #0x01	; 1
      000179 03                     423 	.db #0x03	; 3
      00017A 01                     424 	.db #0x01	; 1
      00017B 01                     425 	.db #0x01	; 1
      00017C 01                     426 	.db #0x01	; 1
      00017D 01                     427 	.db #0x01	; 1
      00017E 81                     428 	.db #0x81	; 129
      00017F 81                     429 	.db #0x81	; 129
      000180 83                     430 	.db #0x83	; 131
      000181 83                     431 	.db #0x83	; 131
      000182 82                     432 	.db #0x82	; 130
      000183 82                     433 	.db #0x82	; 130
      000184 03                     434 	.db #0x03	; 3
      000185 03                     435 	.db #0x03	; 3
      000186 42                     436 	.db #0x42	; 66	'B'
      000187 42                     437 	.db #0x42	; 66	'B'
      000188 42                     438 	.db #0x42	; 66	'B'
      000189 42                     439 	.db #0x42	; 66	'B'
      00018A 43                     440 	.db #0x43	; 67	'C'
      00018B 43                     441 	.db #0x43	; 67	'C'
      00018C 00                     442 	.db #0x00	; 0
      00018D 00                     443 	.db #0x00	; 0
      00018E 60                     444 	.db #0x60	; 96
      00018F 60                     445 	.db #0x60	; 96
      000190 20                     446 	.db #0x20	; 32
      000191 20                     447 	.db #0x20	; 32
      000192 20                     448 	.db #0x20	; 32
      000193 20                     449 	.db #0x20	; 32
      000194 20                     450 	.db #0x20	; 32
      000195 20                     451 	.db #0x20	; 32
      000196 20                     452 	.db #0x20	; 32
      000197 20                     453 	.db #0x20	; 32
      000198 20                     454 	.db #0x20	; 32
      000199 20                     455 	.db #0x20	; 32
      00019A 20                     456 	.db #0x20	; 32
      00019B 20                     457 	.db #0x20	; 32
      00019C 00                     458 	.db #0x00	; 0
      00019D 00                     459 	.db #0x00	; 0
      00019E 40                     460 	.db #0x40	; 64
      00019F 40                     461 	.db #0x40	; 64
      0001A0 40                     462 	.db #0x40	; 64
      0001A1 40                     463 	.db #0x40	; 64
      0001A2 C0                     464 	.db #0xc0	; 192
      0001A3 C0                     465 	.db #0xc0	; 192
      0001A4 80                     466 	.db #0x80	; 128
      0001A5 80                     467 	.db #0x80	; 128
      0001A6 80                     468 	.db #0x80	; 128
      0001A7 80                     469 	.db #0x80	; 128
      0001A8 00                     470 	.db #0x00	; 0
      0001A9 00                     471 	.db #0x00	; 0
      0001AA 00                     472 	.db #0x00	; 0
      0001AB 00                     473 	.db #0x00	; 0
      0001AC 00                     474 	.db #0x00	; 0
      0001AD 00                     475 	.db #0x00	; 0
      0001AE 00                     476 	.db #0x00	; 0
      0001AF 00                     477 	.db #0x00	; 0
      0001B0 00                     478 	.db #0x00	; 0
      0001B1 00                     479 	.db #0x00	; 0
      0001B2 00                     480 	.db #0x00	; 0
      0001B3 00                     481 	.db #0x00	; 0
      0001B4 00                     482 	.db #0x00	; 0
      0001B5 00                     483 	.db #0x00	; 0
      0001B6 C0                     484 	.db #0xc0	; 192
      0001B7 80                     485 	.db #0x80	; 128
      0001B8 60                     486 	.db #0x60	; 96
      0001B9 40                     487 	.db #0x40	; 64
      0001BA 20                     488 	.db #0x20	; 32
      0001BB 20                     489 	.db #0x20	; 32
      0001BC 20                     490 	.db #0x20	; 32
      0001BD 20                     491 	.db #0x20	; 32
      0001BE 20                     492 	.db #0x20	; 32
      0001BF 20                     493 	.db #0x20	; 32
      0001C0 30                     494 	.db #0x30	; 48	'0'
      0001C1 30                     495 	.db #0x30	; 48	'0'
      0001C2 30                     496 	.db #0x30	; 48	'0'
      0001C3 10                     497 	.db #0x10	; 16
      0001C4 10                     498 	.db #0x10	; 16
      0001C5 10                     499 	.db #0x10	; 16
      0001C6 10                     500 	.db #0x10	; 16
      0001C7 10                     501 	.db #0x10	; 16
      0001C8 10                     502 	.db #0x10	; 16
      0001C9 10                     503 	.db #0x10	; 16
      0001CA 10                     504 	.db #0x10	; 16
      0001CB 10                     505 	.db #0x10	; 16
      0001CC 18                     506 	.db #0x18	; 24
      0001CD 18                     507 	.db #0x18	; 24
      0001CE 78                     508 	.db #0x78	; 120	'x'
      0001CF 68                     509 	.db #0x68	; 104	'h'
      0001D0 98                     510 	.db #0x98	; 152
      0001D1 98                     511 	.db #0x98	; 152
      0001D2 64                     512 	.db #0x64	; 100	'd'
      0001D3 64                     513 	.db #0x64	; 100	'd'
      0001D4 A4                     514 	.db #0xa4	; 164
      0001D5 E4                     515 	.db #0xe4	; 228
      0001D6 46                     516 	.db #0x46	; 70	'F'
      0001D7 44                     517 	.db #0x44	; 68	'D'
      0001D8 1E                     518 	.db #0x1e	; 30
      0001D9 0E                     519 	.db #0x0e	; 14
      0001DA F0                     520 	.db #0xf0	; 240
      0001DB F8                     521 	.db #0xf8	; 248
      0001DC 00                     522 	.db #0x00	; 0
      0001DD 00                     523 	.db #0x00	; 0
      0001DE 00                     524 	.db #0x00	; 0
      0001DF 00                     525 	.db #0x00	; 0
      0001E0 00                     526 	.db #0x00	; 0
      0001E1 00                     527 	.db #0x00	; 0
      0001E2 00                     528 	.db #0x00	; 0
      0001E3 00                     529 	.db #0x00	; 0
      0001E4 00                     530 	.db #0x00	; 0
      0001E5 00                     531 	.db #0x00	; 0
      0001E6 00                     532 	.db #0x00	; 0
      0001E7 00                     533 	.db #0x00	; 0
      0001E8 00                     534 	.db #0x00	; 0
      0001E9 00                     535 	.db #0x00	; 0
      0001EA 00                     536 	.db #0x00	; 0
      0001EB 00                     537 	.db #0x00	; 0
      0001EC 00                     538 	.db #0x00	; 0
      0001ED 00                     539 	.db #0x00	; 0
      0001EE 00                     540 	.db #0x00	; 0
      0001EF 00                     541 	.db #0x00	; 0
                                    542 	.area _INITIALIZER
                                    543 	.area _CABS (ABS)
