                                      1 ;--------------------------------------------------------
                                      2 ; File Created by SDCC : free open source ISO C Compiler 
                                      3 ; Version 4.2.2 #13350 (MINGW64)
                                      4 ;--------------------------------------------------------
                                      5 	.module Gypsy_Map
                                      6 	.optsdcc -msm83
                                      7 	
                                      8 ;--------------------------------------------------------
                                      9 ; Public variables in this module
                                     10 ;--------------------------------------------------------
                                     11 	.globl _Gypsy_Map
                                     12 ;--------------------------------------------------------
                                     13 ; special function registers
                                     14 ;--------------------------------------------------------
                                     15 ;--------------------------------------------------------
                                     16 ; ram data
                                     17 ;--------------------------------------------------------
                                     18 	.area _DATA
                                     19 ;--------------------------------------------------------
                                     20 ; ram data
                                     21 ;--------------------------------------------------------
                                     22 	.area _INITIALIZED
                                     23 ;--------------------------------------------------------
                                     24 ; absolute external ram data
                                     25 ;--------------------------------------------------------
                                     26 	.area _DABS (ABS)
                                     27 ;--------------------------------------------------------
                                     28 ; global & static initialisations
                                     29 ;--------------------------------------------------------
                                     30 	.area _HOME
                                     31 	.area _GSINIT
                                     32 	.area _GSFINAL
                                     33 	.area _GSINIT
                                     34 ;--------------------------------------------------------
                                     35 ; Home
                                     36 ;--------------------------------------------------------
                                     37 	.area _HOME
                                     38 	.area _HOME
                                     39 ;--------------------------------------------------------
                                     40 ; code
                                     41 ;--------------------------------------------------------
                                     42 	.area _CODE
                                     43 	.area _CODE
                           000000    44 G$Gypsy_Map$0_0$0 == .
      000000                         45 _Gypsy_Map:
      000000 9E                      46 	.db #0x9e	; 158
      000001 85                      47 	.db #0x85	; 133
      000002 8A                      48 	.db #0x8a	; 138
      000003 91                      49 	.db #0x91	; 145
      000004 9E                      50 	.db #0x9e	; 158
      000005 9E                      51 	.db #0x9e	; 158
      000006 9E                      52 	.db #0x9e	; 158
      000007 86                      53 	.db #0x86	; 134
      000008 8B                      54 	.db #0x8b	; 139
      000009 92                      55 	.db #0x92	; 146
      00000A 9E                      56 	.db #0x9e	; 158
      00000B 9E                      57 	.db #0x9e	; 158
      00000C 80                      58 	.db #0x80	; 128
      00000D 87                      59 	.db #0x87	; 135
      00000E 8C                      60 	.db #0x8c	; 140
      00000F 93                      61 	.db #0x93	; 147
      000010 96                      62 	.db #0x96	; 150
      000011 9B                      63 	.db #0x9b	; 155
      000012 81                      64 	.db #0x81	; 129
      000013 88                      65 	.db #0x88	; 136
      000014 8D                      66 	.db #0x8d	; 141
      000015 94                      67 	.db #0x94	; 148
      000016 97                      68 	.db #0x97	; 151
      000017 9C                      69 	.db #0x9c	; 156
      000018 82                      70 	.db #0x82	; 130
      000019 9E                      71 	.db #0x9e	; 158
      00001A 8E                      72 	.db #0x8e	; 142
      00001B 9E                      73 	.db #0x9e	; 158
      00001C 98                      74 	.db #0x98	; 152
      00001D 9D                      75 	.db #0x9d	; 157
      00001E 83                      76 	.db #0x83	; 131
      00001F 9E                      77 	.db #0x9e	; 158
      000020 8F                      78 	.db #0x8f	; 143
      000021 9E                      79 	.db #0x9e	; 158
      000022 99                      80 	.db #0x99	; 153
      000023 9E                      81 	.db #0x9e	; 158
      000024 84                      82 	.db #0x84	; 132
      000025 89                      83 	.db #0x89	; 137
      000026 90                      84 	.db #0x90	; 144
      000027 95                      85 	.db #0x95	; 149
      000028 9A                      86 	.db #0x9a	; 154
      000029 9E                      87 	.db #0x9e	; 158
                                     88 	.area _INITIALIZER
                                     89 	.area _CABS (ABS)
