                                      1 ;--------------------------------------------------------
                                      2 ; File Created by SDCC : free open source ISO C Compiler 
                                      3 ; Version 4.2.2 #13350 (MINGW64)
                                      4 ;--------------------------------------------------------
                                      5 	.module home_living_room
                                      6 	.optsdcc -msm83
                                      7 	
                                      8 ;--------------------------------------------------------
                                      9 ; Public variables in this module
                                     10 ;--------------------------------------------------------
                                     11 	.globl _Map
                                     12 ;--------------------------------------------------------
                                     13 ; special function registers
                                     14 ;--------------------------------------------------------
                                     15 ;--------------------------------------------------------
                                     16 ; ram data
                                     17 ;--------------------------------------------------------
                                     18 	.area _DATA
                                     19 ;--------------------------------------------------------
                                     20 ; ram data
                                     21 ;--------------------------------------------------------
                                     22 	.area _INITIALIZED
      000000                         23 _Map::
      000000                         24 	.ds 961
                                     25 ;--------------------------------------------------------
                                     26 ; absolute external ram data
                                     27 ;--------------------------------------------------------
                                     28 	.area _DABS (ABS)
                                     29 ;--------------------------------------------------------
                                     30 ; global & static initialisations
                                     31 ;--------------------------------------------------------
                                     32 	.area _HOME
                                     33 	.area _GSINIT
                                     34 	.area _GSFINAL
                                     35 	.area _GSINIT
                                     36 ;--------------------------------------------------------
                                     37 ; Home
                                     38 ;--------------------------------------------------------
                                     39 	.area _HOME
                                     40 	.area _HOME
                                     41 ;--------------------------------------------------------
                                     42 ; code
                                     43 ;--------------------------------------------------------
                                     44 	.area _CODE
                                     45 	.area _CODE
                                     46 	.area _INITIALIZER
      000000                         47 __xinit__Map:
      000000 4C                      48 	.db #0x4c	; 76	'L'
      000001 4C                      49 	.db #0x4c	; 76	'L'
      000002 4C                      50 	.db #0x4c	; 76	'L'
      000003 4C                      51 	.db #0x4c	; 76	'L'
      000004 4C                      52 	.db #0x4c	; 76	'L'
      000005 4C                      53 	.db #0x4c	; 76	'L'
      000006 4C                      54 	.db #0x4c	; 76	'L'
      000007 4C                      55 	.db #0x4c	; 76	'L'
      000008 4C                      56 	.db #0x4c	; 76	'L'
      000009 4C                      57 	.db #0x4c	; 76	'L'
      00000A 4C                      58 	.db #0x4c	; 76	'L'
      00000B 4C                      59 	.db #0x4c	; 76	'L'
      00000C 4C                      60 	.db #0x4c	; 76	'L'
      00000D 4C                      61 	.db #0x4c	; 76	'L'
      00000E 4C                      62 	.db #0x4c	; 76	'L'
      00000F 4C                      63 	.db #0x4c	; 76	'L'
      000010 4C                      64 	.db #0x4c	; 76	'L'
      000011 4C                      65 	.db #0x4c	; 76	'L'
      000012 4C                      66 	.db #0x4c	; 76	'L'
      000013 4C                      67 	.db #0x4c	; 76	'L'
      000014 4C                      68 	.db #0x4c	; 76	'L'
      000015 4C                      69 	.db #0x4c	; 76	'L'
      000016 4C                      70 	.db #0x4c	; 76	'L'
      000017 4C                      71 	.db #0x4c	; 76	'L'
      000018 4C                      72 	.db #0x4c	; 76	'L'
      000019 4C                      73 	.db #0x4c	; 76	'L'
      00001A 4C                      74 	.db #0x4c	; 76	'L'
      00001B 4C                      75 	.db #0x4c	; 76	'L'
      00001C 4C                      76 	.db #0x4c	; 76	'L'
      00001D 4C                      77 	.db #0x4c	; 76	'L'
      00001E 4C                      78 	.db #0x4c	; 76	'L'
      00001F 4C                      79 	.db #0x4c	; 76	'L'
      000020 00                      80 	.db #0x00	; 0
      000021 00                      81 	.db #0x00	; 0
      000022 00                      82 	.db #0x00	; 0
      000023 00                      83 	.db #0x00	; 0
      000024 00                      84 	.db #0x00	; 0
      000025 00                      85 	.db #0x00	; 0
      000026 00                      86 	.db #0x00	; 0
      000027 00                      87 	.db #0x00	; 0
      000028 03                      88 	.db #0x03	; 3
      000029 00                      89 	.db #0x00	; 0
      00002A 00                      90 	.db #0x00	; 0
      00002B 00                      91 	.db #0x00	; 0
      00002C 00                      92 	.db #0x00	; 0
      00002D 00                      93 	.db #0x00	; 0
      00002E 00                      94 	.db #0x00	; 0
      00002F 00                      95 	.db #0x00	; 0
      000030 00                      96 	.db #0x00	; 0
      000031 00                      97 	.db #0x00	; 0
      000032 00                      98 	.db #0x00	; 0
      000033 00                      99 	.db #0x00	; 0
      000034 08                     100 	.db #0x08	; 8
      000035 00                     101 	.db #0x00	; 0
      000036 00                     102 	.db #0x00	; 0
      000037 00                     103 	.db #0x00	; 0
      000038 00                     104 	.db #0x00	; 0
      000039 00                     105 	.db #0x00	; 0
      00003A 00                     106 	.db #0x00	; 0
      00003B 00                     107 	.db #0x00	; 0
      00003C 00                     108 	.db #0x00	; 0
      00003D 4C                     109 	.db #0x4c	; 76	'L'
      00003E 4C                     110 	.db #0x4c	; 76	'L'
      00003F 00                     111 	.db #0x00	; 0
      000040 00                     112 	.db #0x00	; 0
      000041 00                     113 	.db #0x00	; 0
      000042 00                     114 	.db #0x00	; 0
      000043 00                     115 	.db #0x00	; 0
      000044 00                     116 	.db #0x00	; 0
      000045 00                     117 	.db #0x00	; 0
      000046 00                     118 	.db #0x00	; 0
      000047 03                     119 	.db #0x03	; 3
      000048 00                     120 	.db #0x00	; 0
      000049 00                     121 	.db #0x00	; 0
      00004A 00                     122 	.db #0x00	; 0
      00004B 00                     123 	.db #0x00	; 0
      00004C 00                     124 	.db #0x00	; 0
      00004D 00                     125 	.db #0x00	; 0
      00004E 00                     126 	.db #0x00	; 0
      00004F 00                     127 	.db #0x00	; 0
      000050 00                     128 	.db #0x00	; 0
      000051 00                     129 	.db #0x00	; 0
      000052 00                     130 	.db #0x00	; 0
      000053 08                     131 	.db #0x08	; 8
      000054 00                     132 	.db #0x00	; 0
      000055 00                     133 	.db #0x00	; 0
      000056 00                     134 	.db #0x00	; 0
      000057 00                     135 	.db #0x00	; 0
      000058 00                     136 	.db #0x00	; 0
      000059 00                     137 	.db #0x00	; 0
      00005A 00                     138 	.db #0x00	; 0
      00005B 00                     139 	.db #0x00	; 0
      00005C 4C                     140 	.db #0x4c	; 76	'L'
      00005D 4C                     141 	.db #0x4c	; 76	'L'
      00005E 00                     142 	.db #0x00	; 0
      00005F 00                     143 	.db #0x00	; 0
      000060 00                     144 	.db #0x00	; 0
      000061 00                     145 	.db #0x00	; 0
      000062 00                     146 	.db #0x00	; 0
      000063 00                     147 	.db #0x00	; 0
      000064 00                     148 	.db #0x00	; 0
      000065 00                     149 	.db #0x00	; 0
      000066 03                     150 	.db #0x03	; 3
      000067 00                     151 	.db #0x00	; 0
      000068 00                     152 	.db #0x00	; 0
      000069 00                     153 	.db #0x00	; 0
      00006A 00                     154 	.db #0x00	; 0
      00006B 00                     155 	.db #0x00	; 0
      00006C 00                     156 	.db #0x00	; 0
      00006D 00                     157 	.db #0x00	; 0
      00006E 00                     158 	.db #0x00	; 0
      00006F 00                     159 	.db #0x00	; 0
      000070 00                     160 	.db #0x00	; 0
      000071 00                     161 	.db #0x00	; 0
      000072 08                     162 	.db #0x08	; 8
      000073 00                     163 	.db #0x00	; 0
      000074 00                     164 	.db #0x00	; 0
      000075 00                     165 	.db #0x00	; 0
      000076 00                     166 	.db #0x00	; 0
      000077 00                     167 	.db #0x00	; 0
      000078 00                     168 	.db #0x00	; 0
      000079 00                     169 	.db #0x00	; 0
      00007A 00                     170 	.db #0x00	; 0
      00007B 4C                     171 	.db #0x4c	; 76	'L'
      00007C 4C                     172 	.db #0x4c	; 76	'L'
      00007D 00                     173 	.db #0x00	; 0
      00007E 00                     174 	.db #0x00	; 0
      00007F 00                     175 	.db #0x00	; 0
      000080 00                     176 	.db #0x00	; 0
      000081 00                     177 	.db #0x00	; 0
      000082 00                     178 	.db #0x00	; 0
      000083 00                     179 	.db #0x00	; 0
      000084 00                     180 	.db #0x00	; 0
      000085 03                     181 	.db #0x03	; 3
      000086 00                     182 	.db #0x00	; 0
      000087 00                     183 	.db #0x00	; 0
      000088 00                     184 	.db #0x00	; 0
      000089 00                     185 	.db #0x00	; 0
      00008A 1E                     186 	.db #0x1e	; 30
      00008B 20                     187 	.db #0x20	; 32
      00008C 00                     188 	.db #0x00	; 0
      00008D 00                     189 	.db #0x00	; 0
      00008E 18                     190 	.db #0x18	; 24
      00008F 1B                     191 	.db #0x1b	; 27
      000090 00                     192 	.db #0x00	; 0
      000091 08                     193 	.db #0x08	; 8
      000092 00                     194 	.db #0x00	; 0
      000093 00                     195 	.db #0x00	; 0
      000094 00                     196 	.db #0x00	; 0
      000095 00                     197 	.db #0x00	; 0
      000096 00                     198 	.db #0x00	; 0
      000097 00                     199 	.db #0x00	; 0
      000098 00                     200 	.db #0x00	; 0
      000099 00                     201 	.db #0x00	; 0
      00009A 4C                     202 	.db #0x4c	; 76	'L'
      00009B 4C                     203 	.db #0x4c	; 76	'L'
      00009C 00                     204 	.db #0x00	; 0
      00009D 00                     205 	.db #0x00	; 0
      00009E 00                     206 	.db #0x00	; 0
      00009F 00                     207 	.db #0x00	; 0
      0000A0 00                     208 	.db #0x00	; 0
      0000A1 00                     209 	.db #0x00	; 0
      0000A2 00                     210 	.db #0x00	; 0
      0000A3 00                     211 	.db #0x00	; 0
      0000A4 03                     212 	.db #0x03	; 3
      0000A5 00                     213 	.db #0x00	; 0
      0000A6 00                     214 	.db #0x00	; 0
      0000A7 00                     215 	.db #0x00	; 0
      0000A8 00                     216 	.db #0x00	; 0
      0000A9 1F                     217 	.db #0x1f	; 31
      0000AA 21                     218 	.db #0x21	; 33
      0000AB 00                     219 	.db #0x00	; 0
      0000AC 00                     220 	.db #0x00	; 0
      0000AD 19                     221 	.db #0x19	; 25
      0000AE 1C                     222 	.db #0x1c	; 28
      0000AF 00                     223 	.db #0x00	; 0
      0000B0 08                     224 	.db #0x08	; 8
      0000B1 00                     225 	.db #0x00	; 0
      0000B2 00                     226 	.db #0x00	; 0
      0000B3 00                     227 	.db #0x00	; 0
      0000B4 00                     228 	.db #0x00	; 0
      0000B5 00                     229 	.db #0x00	; 0
      0000B6 00                     230 	.db #0x00	; 0
      0000B7 00                     231 	.db #0x00	; 0
      0000B8 00                     232 	.db #0x00	; 0
      0000B9 4C                     233 	.db #0x4c	; 76	'L'
      0000BA 4C                     234 	.db #0x4c	; 76	'L'
      0000BB 00                     235 	.db #0x00	; 0
      0000BC 00                     236 	.db #0x00	; 0
      0000BD 00                     237 	.db #0x00	; 0
      0000BE 00                     238 	.db #0x00	; 0
      0000BF 00                     239 	.db #0x00	; 0
      0000C0 00                     240 	.db #0x00	; 0
      0000C1 00                     241 	.db #0x00	; 0
      0000C2 01                     242 	.db #0x01	; 1
      0000C3 04                     243 	.db #0x04	; 4
      0000C4 05                     244 	.db #0x05	; 5
      0000C5 05                     245 	.db #0x05	; 5
      0000C6 05                     246 	.db #0x05	; 5
      0000C7 05                     247 	.db #0x05	; 5
      0000C8 05                     248 	.db #0x05	; 5
      0000C9 05                     249 	.db #0x05	; 5
      0000CA 05                     250 	.db #0x05	; 5
      0000CB 05                     251 	.db #0x05	; 5
      0000CC 1A                     252 	.db #0x1a	; 26
      0000CD 1D                     253 	.db #0x1d	; 29
      0000CE 05                     254 	.db #0x05	; 5
      0000CF 09                     255 	.db #0x09	; 9
      0000D0 06                     256 	.db #0x06	; 6
      0000D1 00                     257 	.db #0x00	; 0
      0000D2 00                     258 	.db #0x00	; 0
      0000D3 00                     259 	.db #0x00	; 0
      0000D4 00                     260 	.db #0x00	; 0
      0000D5 00                     261 	.db #0x00	; 0
      0000D6 00                     262 	.db #0x00	; 0
      0000D7 00                     263 	.db #0x00	; 0
      0000D8 4C                     264 	.db #0x4c	; 76	'L'
      0000D9 4C                     265 	.db #0x4c	; 76	'L'
      0000DA 00                     266 	.db #0x00	; 0
      0000DB 00                     267 	.db #0x00	; 0
      0000DC 00                     268 	.db #0x00	; 0
      0000DD 00                     269 	.db #0x00	; 0
      0000DE 0D                     270 	.db #0x0d	; 13
      0000DF 00                     271 	.db #0x00	; 0
      0000E0 01                     272 	.db #0x01	; 1
      0000E1 02                     273 	.db #0x02	; 2
      0000E2 00                     274 	.db #0x00	; 0
      0000E3 00                     275 	.db #0x00	; 0
      0000E4 00                     276 	.db #0x00	; 0
      0000E5 00                     277 	.db #0x00	; 0
      0000E6 00                     278 	.db #0x00	; 0
      0000E7 00                     279 	.db #0x00	; 0
      0000E8 00                     280 	.db #0x00	; 0
      0000E9 00                     281 	.db #0x00	; 0
      0000EA 00                     282 	.db #0x00	; 0
      0000EB 00                     283 	.db #0x00	; 0
      0000EC 00                     284 	.db #0x00	; 0
      0000ED 00                     285 	.db #0x00	; 0
      0000EE 00                     286 	.db #0x00	; 0
      0000EF 07                     287 	.db #0x07	; 7
      0000F0 06                     288 	.db #0x06	; 6
      0000F1 00                     289 	.db #0x00	; 0
      0000F2 00                     290 	.db #0x00	; 0
      0000F3 00                     291 	.db #0x00	; 0
      0000F4 00                     292 	.db #0x00	; 0
      0000F5 00                     293 	.db #0x00	; 0
      0000F6 00                     294 	.db #0x00	; 0
      0000F7 4C                     295 	.db #0x4c	; 76	'L'
      0000F8 4C                     296 	.db #0x4c	; 76	'L'
      0000F9 00                     297 	.db #0x00	; 0
      0000FA 00                     298 	.db #0x00	; 0
      0000FB 00                     299 	.db #0x00	; 0
      0000FC 0A                     300 	.db #0x0a	; 10
      0000FD 0E                     301 	.db #0x0e	; 14
      0000FE 01                     302 	.db #0x01	; 1
      0000FF 02                     303 	.db #0x02	; 2
      000100 00                     304 	.db #0x00	; 0
      000101 00                     305 	.db #0x00	; 0
      000102 00                     306 	.db #0x00	; 0
      000103 00                     307 	.db #0x00	; 0
      000104 00                     308 	.db #0x00	; 0
      000105 00                     309 	.db #0x00	; 0
      000106 00                     310 	.db #0x00	; 0
      000107 00                     311 	.db #0x00	; 0
      000108 00                     312 	.db #0x00	; 0
      000109 00                     313 	.db #0x00	; 0
      00010A 00                     314 	.db #0x00	; 0
      00010B 00                     315 	.db #0x00	; 0
      00010C 00                     316 	.db #0x00	; 0
      00010D 00                     317 	.db #0x00	; 0
      00010E 00                     318 	.db #0x00	; 0
      00010F 07                     319 	.db #0x07	; 7
      000110 06                     320 	.db #0x06	; 6
      000111 00                     321 	.db #0x00	; 0
      000112 00                     322 	.db #0x00	; 0
      000113 00                     323 	.db #0x00	; 0
      000114 00                     324 	.db #0x00	; 0
      000115 00                     325 	.db #0x00	; 0
      000116 4C                     326 	.db #0x4c	; 76	'L'
      000117 4C                     327 	.db #0x4c	; 76	'L'
      000118 00                     328 	.db #0x00	; 0
      000119 00                     329 	.db #0x00	; 0
      00011A 00                     330 	.db #0x00	; 0
      00011B 0B                     331 	.db #0x0b	; 11
      00011C 0F                     332 	.db #0x0f	; 15
      00011D 02                     333 	.db #0x02	; 2
      00011E 00                     334 	.db #0x00	; 0
      00011F 00                     335 	.db #0x00	; 0
      000120 00                     336 	.db #0x00	; 0
      000121 00                     337 	.db #0x00	; 0
      000122 00                     338 	.db #0x00	; 0
      000123 00                     339 	.db #0x00	; 0
      000124 00                     340 	.db #0x00	; 0
      000125 00                     341 	.db #0x00	; 0
      000126 00                     342 	.db #0x00	; 0
      000127 00                     343 	.db #0x00	; 0
      000128 00                     344 	.db #0x00	; 0
      000129 00                     345 	.db #0x00	; 0
      00012A 00                     346 	.db #0x00	; 0
      00012B 00                     347 	.db #0x00	; 0
      00012C 00                     348 	.db #0x00	; 0
      00012D 00                     349 	.db #0x00	; 0
      00012E 00                     350 	.db #0x00	; 0
      00012F 07                     351 	.db #0x07	; 7
      000130 06                     352 	.db #0x06	; 6
      000131 00                     353 	.db #0x00	; 0
      000132 00                     354 	.db #0x00	; 0
      000133 00                     355 	.db #0x00	; 0
      000134 00                     356 	.db #0x00	; 0
      000135 4C                     357 	.db #0x4c	; 76	'L'
      000136 4C                     358 	.db #0x4c	; 76	'L'
      000137 00                     359 	.db #0x00	; 0
      000138 00                     360 	.db #0x00	; 0
      000139 00                     361 	.db #0x00	; 0
      00013A 0C                     362 	.db #0x0c	; 12
      00013B 10                     363 	.db #0x10	; 16
      00013C 00                     364 	.db #0x00	; 0
      00013D 00                     365 	.db #0x00	; 0
      00013E 00                     366 	.db #0x00	; 0
      00013F 00                     367 	.db #0x00	; 0
      000140 00                     368 	.db #0x00	; 0
      000141 00                     369 	.db #0x00	; 0
      000142 00                     370 	.db #0x00	; 0
      000143 00                     371 	.db #0x00	; 0
      000144 00                     372 	.db #0x00	; 0
      000145 00                     373 	.db #0x00	; 0
      000146 00                     374 	.db #0x00	; 0
      000147 00                     375 	.db #0x00	; 0
      000148 00                     376 	.db #0x00	; 0
      000149 00                     377 	.db #0x00	; 0
      00014A 00                     378 	.db #0x00	; 0
      00014B 00                     379 	.db #0x00	; 0
      00014C 00                     380 	.db #0x00	; 0
      00014D 00                     381 	.db #0x00	; 0
      00014E 00                     382 	.db #0x00	; 0
      00014F 07                     383 	.db #0x07	; 7
      000150 06                     384 	.db #0x06	; 6
      000151 00                     385 	.db #0x00	; 0
      000152 00                     386 	.db #0x00	; 0
      000153 00                     387 	.db #0x00	; 0
      000154 4C                     388 	.db #0x4c	; 76	'L'
      000155 4C                     389 	.db #0x4c	; 76	'L'
      000156 00                     390 	.db #0x00	; 0
      000157 00                     391 	.db #0x00	; 0
      000158 01                     392 	.db #0x01	; 1
      000159 02                     393 	.db #0x02	; 2
      00015A 00                     394 	.db #0x00	; 0
      00015B 00                     395 	.db #0x00	; 0
      00015C 00                     396 	.db #0x00	; 0
      00015D 00                     397 	.db #0x00	; 0
      00015E 00                     398 	.db #0x00	; 0
      00015F 00                     399 	.db #0x00	; 0
      000160 00                     400 	.db #0x00	; 0
      000161 00                     401 	.db #0x00	; 0
      000162 00                     402 	.db #0x00	; 0
      000163 00                     403 	.db #0x00	; 0
      000164 00                     404 	.db #0x00	; 0
      000165 00                     405 	.db #0x00	; 0
      000166 00                     406 	.db #0x00	; 0
      000167 00                     407 	.db #0x00	; 0
      000168 00                     408 	.db #0x00	; 0
      000169 00                     409 	.db #0x00	; 0
      00016A 00                     410 	.db #0x00	; 0
      00016B 00                     411 	.db #0x00	; 0
      00016C 00                     412 	.db #0x00	; 0
      00016D 00                     413 	.db #0x00	; 0
      00016E 00                     414 	.db #0x00	; 0
      00016F 07                     415 	.db #0x07	; 7
      000170 06                     416 	.db #0x06	; 6
      000171 00                     417 	.db #0x00	; 0
      000172 00                     418 	.db #0x00	; 0
      000173 4C                     419 	.db #0x4c	; 76	'L'
      000174 4C                     420 	.db #0x4c	; 76	'L'
      000175 00                     421 	.db #0x00	; 0
      000176 01                     422 	.db #0x01	; 1
      000177 02                     423 	.db #0x02	; 2
      000178 00                     424 	.db #0x00	; 0
      000179 00                     425 	.db #0x00	; 0
      00017A 00                     426 	.db #0x00	; 0
      00017B 00                     427 	.db #0x00	; 0
      00017C 00                     428 	.db #0x00	; 0
      00017D 00                     429 	.db #0x00	; 0
      00017E 00                     430 	.db #0x00	; 0
      00017F 00                     431 	.db #0x00	; 0
      000180 00                     432 	.db #0x00	; 0
      000181 00                     433 	.db #0x00	; 0
      000182 00                     434 	.db #0x00	; 0
      000183 00                     435 	.db #0x00	; 0
      000184 00                     436 	.db #0x00	; 0
      000185 00                     437 	.db #0x00	; 0
      000186 00                     438 	.db #0x00	; 0
      000187 00                     439 	.db #0x00	; 0
      000188 00                     440 	.db #0x00	; 0
      000189 00                     441 	.db #0x00	; 0
      00018A 00                     442 	.db #0x00	; 0
      00018B 00                     443 	.db #0x00	; 0
      00018C 00                     444 	.db #0x00	; 0
      00018D 00                     445 	.db #0x00	; 0
      00018E 00                     446 	.db #0x00	; 0
      00018F 07                     447 	.db #0x07	; 7
      000190 06                     448 	.db #0x06	; 6
      000191 00                     449 	.db #0x00	; 0
      000192 4C                     450 	.db #0x4c	; 76	'L'
      000193 4C                     451 	.db #0x4c	; 76	'L'
      000194 01                     452 	.db #0x01	; 1
      000195 02                     453 	.db #0x02	; 2
      000196 00                     454 	.db #0x00	; 0
      000197 00                     455 	.db #0x00	; 0
      000198 00                     456 	.db #0x00	; 0
      000199 00                     457 	.db #0x00	; 0
      00019A 00                     458 	.db #0x00	; 0
      00019B 00                     459 	.db #0x00	; 0
      00019C 00                     460 	.db #0x00	; 0
      00019D 00                     461 	.db #0x00	; 0
      00019E 00                     462 	.db #0x00	; 0
      00019F 00                     463 	.db #0x00	; 0
      0001A0 00                     464 	.db #0x00	; 0
      0001A1 00                     465 	.db #0x00	; 0
      0001A2 00                     466 	.db #0x00	; 0
      0001A3 00                     467 	.db #0x00	; 0
      0001A4 00                     468 	.db #0x00	; 0
      0001A5 00                     469 	.db #0x00	; 0
      0001A6 00                     470 	.db #0x00	; 0
      0001A7 00                     471 	.db #0x00	; 0
      0001A8 00                     472 	.db #0x00	; 0
      0001A9 00                     473 	.db #0x00	; 0
      0001AA 00                     474 	.db #0x00	; 0
      0001AB 00                     475 	.db #0x00	; 0
      0001AC 00                     476 	.db #0x00	; 0
      0001AD 00                     477 	.db #0x00	; 0
      0001AE 00                     478 	.db #0x00	; 0
      0001AF 07                     479 	.db #0x07	; 7
      0001B0 06                     480 	.db #0x06	; 6
      0001B1 4C                     481 	.db #0x4c	; 76	'L'
      0001B2 4C                     482 	.db #0x4c	; 76	'L'
      0001B3 02                     483 	.db #0x02	; 2
      0001B4 00                     484 	.db #0x00	; 0
      0001B5 00                     485 	.db #0x00	; 0
      0001B6 00                     486 	.db #0x00	; 0
      0001B7 00                     487 	.db #0x00	; 0
      0001B8 00                     488 	.db #0x00	; 0
      0001B9 00                     489 	.db #0x00	; 0
      0001BA 00                     490 	.db #0x00	; 0
      0001BB 00                     491 	.db #0x00	; 0
      0001BC 00                     492 	.db #0x00	; 0
      0001BD 00                     493 	.db #0x00	; 0
      0001BE 00                     494 	.db #0x00	; 0
      0001BF 00                     495 	.db #0x00	; 0
      0001C0 00                     496 	.db #0x00	; 0
      0001C1 00                     497 	.db #0x00	; 0
      0001C2 00                     498 	.db #0x00	; 0
      0001C3 00                     499 	.db #0x00	; 0
      0001C4 00                     500 	.db #0x00	; 0
      0001C5 00                     501 	.db #0x00	; 0
      0001C6 00                     502 	.db #0x00	; 0
      0001C7 00                     503 	.db #0x00	; 0
      0001C8 00                     504 	.db #0x00	; 0
      0001C9 00                     505 	.db #0x00	; 0
      0001CA 00                     506 	.db #0x00	; 0
      0001CB 00                     507 	.db #0x00	; 0
      0001CC 00                     508 	.db #0x00	; 0
      0001CD 00                     509 	.db #0x00	; 0
      0001CE 00                     510 	.db #0x00	; 0
      0001CF 07                     511 	.db #0x07	; 7
      0001D0 4C                     512 	.db #0x4c	; 76	'L'
      0001D1 4C                     513 	.db #0x4c	; 76	'L'
      0001D2 4C                     514 	.db #0x4c	; 76	'L'
      0001D3 4C                     515 	.db #0x4c	; 76	'L'
      0001D4 4C                     516 	.db #0x4c	; 76	'L'
      0001D5 4C                     517 	.db #0x4c	; 76	'L'
      0001D6 4C                     518 	.db #0x4c	; 76	'L'
      0001D7 4C                     519 	.db #0x4c	; 76	'L'
      0001D8 4C                     520 	.db #0x4c	; 76	'L'
      0001D9 4C                     521 	.db #0x4c	; 76	'L'
      0001DA 4C                     522 	.db #0x4c	; 76	'L'
      0001DB 4C                     523 	.db #0x4c	; 76	'L'
      0001DC 4C                     524 	.db #0x4c	; 76	'L'
      0001DD 4C                     525 	.db #0x4c	; 76	'L'
      0001DE 4C                     526 	.db #0x4c	; 76	'L'
      0001DF 4C                     527 	.db #0x4c	; 76	'L'
      0001E0 4C                     528 	.db #0x4c	; 76	'L'
      0001E1 4C                     529 	.db #0x4c	; 76	'L'
      0001E2 4C                     530 	.db #0x4c	; 76	'L'
      0001E3 4C                     531 	.db #0x4c	; 76	'L'
      0001E4 4C                     532 	.db #0x4c	; 76	'L'
      0001E5 4C                     533 	.db #0x4c	; 76	'L'
      0001E6 4C                     534 	.db #0x4c	; 76	'L'
      0001E7 4C                     535 	.db #0x4c	; 76	'L'
      0001E8 4C                     536 	.db #0x4c	; 76	'L'
      0001E9 4C                     537 	.db #0x4c	; 76	'L'
      0001EA 4C                     538 	.db #0x4c	; 76	'L'
      0001EB 4C                     539 	.db #0x4c	; 76	'L'
      0001EC 4C                     540 	.db #0x4c	; 76	'L'
      0001ED 4C                     541 	.db #0x4c	; 76	'L'
      0001EE 4C                     542 	.db #0x4c	; 76	'L'
      0001EF 4C                     543 	.db #0x4c	; 76	'L'
      0001F0 4C                     544 	.db #0x4c	; 76	'L'
      0001F1 4C                     545 	.db #0x4c	; 76	'L'
      0001F2 4C                     546 	.db #0x4c	; 76	'L'
      0001F3 4C                     547 	.db #0x4c	; 76	'L'
      0001F4 4C                     548 	.db #0x4c	; 76	'L'
      0001F5 4C                     549 	.db #0x4c	; 76	'L'
      0001F6 4C                     550 	.db #0x4c	; 76	'L'
      0001F7 4C                     551 	.db #0x4c	; 76	'L'
      0001F8 4C                     552 	.db #0x4c	; 76	'L'
      0001F9 4C                     553 	.db #0x4c	; 76	'L'
      0001FA 4C                     554 	.db #0x4c	; 76	'L'
      0001FB 4C                     555 	.db #0x4c	; 76	'L'
      0001FC 4C                     556 	.db #0x4c	; 76	'L'
      0001FD 4C                     557 	.db #0x4c	; 76	'L'
      0001FE 4C                     558 	.db #0x4c	; 76	'L'
      0001FF 4C                     559 	.db #0x4c	; 76	'L'
      000200 4C                     560 	.db #0x4c	; 76	'L'
      000201 4C                     561 	.db #0x4c	; 76	'L'
      000202 4C                     562 	.db #0x4c	; 76	'L'
      000203 4C                     563 	.db #0x4c	; 76	'L'
      000204 4C                     564 	.db #0x4c	; 76	'L'
      000205 4C                     565 	.db #0x4c	; 76	'L'
      000206 4C                     566 	.db #0x4c	; 76	'L'
      000207 4C                     567 	.db #0x4c	; 76	'L'
      000208 4C                     568 	.db #0x4c	; 76	'L'
      000209 4C                     569 	.db #0x4c	; 76	'L'
      00020A 4C                     570 	.db #0x4c	; 76	'L'
      00020B 4C                     571 	.db #0x4c	; 76	'L'
      00020C 4C                     572 	.db #0x4c	; 76	'L'
      00020D 4C                     573 	.db #0x4c	; 76	'L'
      00020E 4C                     574 	.db #0x4c	; 76	'L'
      00020F 4C                     575 	.db #0x4c	; 76	'L'
      000210 4C                     576 	.db #0x4c	; 76	'L'
      000211 4C                     577 	.db #0x4c	; 76	'L'
      000212 4C                     578 	.db #0x4c	; 76	'L'
      000213 4C                     579 	.db #0x4c	; 76	'L'
      000214 4C                     580 	.db #0x4c	; 76	'L'
      000215 4C                     581 	.db #0x4c	; 76	'L'
      000216 4C                     582 	.db #0x4c	; 76	'L'
      000217 4C                     583 	.db #0x4c	; 76	'L'
      000218 4C                     584 	.db #0x4c	; 76	'L'
      000219 4C                     585 	.db #0x4c	; 76	'L'
      00021A 4C                     586 	.db #0x4c	; 76	'L'
      00021B 4C                     587 	.db #0x4c	; 76	'L'
      00021C 4C                     588 	.db #0x4c	; 76	'L'
      00021D 4C                     589 	.db #0x4c	; 76	'L'
      00021E 4C                     590 	.db #0x4c	; 76	'L'
      00021F 4C                     591 	.db #0x4c	; 76	'L'
      000220 4C                     592 	.db #0x4c	; 76	'L'
      000221 4C                     593 	.db #0x4c	; 76	'L'
      000222 4C                     594 	.db #0x4c	; 76	'L'
      000223 4C                     595 	.db #0x4c	; 76	'L'
      000224 4C                     596 	.db #0x4c	; 76	'L'
      000225 4C                     597 	.db #0x4c	; 76	'L'
      000226 4C                     598 	.db #0x4c	; 76	'L'
      000227 4C                     599 	.db #0x4c	; 76	'L'
      000228 4C                     600 	.db #0x4c	; 76	'L'
      000229 4C                     601 	.db #0x4c	; 76	'L'
      00022A 4C                     602 	.db #0x4c	; 76	'L'
      00022B 4C                     603 	.db #0x4c	; 76	'L'
      00022C 4C                     604 	.db #0x4c	; 76	'L'
      00022D 4C                     605 	.db #0x4c	; 76	'L'
      00022E 4C                     606 	.db #0x4c	; 76	'L'
      00022F 4C                     607 	.db #0x4c	; 76	'L'
      000230 4C                     608 	.db #0x4c	; 76	'L'
      000231 4C                     609 	.db #0x4c	; 76	'L'
      000232 4C                     610 	.db #0x4c	; 76	'L'
      000233 4C                     611 	.db #0x4c	; 76	'L'
      000234 4C                     612 	.db #0x4c	; 76	'L'
      000235 4C                     613 	.db #0x4c	; 76	'L'
      000236 4C                     614 	.db #0x4c	; 76	'L'
      000237 4C                     615 	.db #0x4c	; 76	'L'
      000238 4C                     616 	.db #0x4c	; 76	'L'
      000239 4C                     617 	.db #0x4c	; 76	'L'
      00023A 4C                     618 	.db #0x4c	; 76	'L'
      00023B 4C                     619 	.db #0x4c	; 76	'L'
      00023C 4C                     620 	.db #0x4c	; 76	'L'
      00023D 4C                     621 	.db #0x4c	; 76	'L'
      00023E 4C                     622 	.db #0x4c	; 76	'L'
      00023F 4C                     623 	.db #0x4c	; 76	'L'
      000240 4C                     624 	.db #0x4c	; 76	'L'
      000241 4C                     625 	.db #0x4c	; 76	'L'
      000242 4C                     626 	.db #0x4c	; 76	'L'
      000243 4C                     627 	.db #0x4c	; 76	'L'
      000244 4C                     628 	.db #0x4c	; 76	'L'
      000245 4C                     629 	.db #0x4c	; 76	'L'
      000246 4C                     630 	.db #0x4c	; 76	'L'
      000247 4C                     631 	.db #0x4c	; 76	'L'
      000248 4C                     632 	.db #0x4c	; 76	'L'
      000249 4C                     633 	.db #0x4c	; 76	'L'
      00024A 4C                     634 	.db #0x4c	; 76	'L'
      00024B 4C                     635 	.db #0x4c	; 76	'L'
      00024C 4C                     636 	.db #0x4c	; 76	'L'
      00024D 4C                     637 	.db #0x4c	; 76	'L'
      00024E 4C                     638 	.db #0x4c	; 76	'L'
      00024F 4C                     639 	.db #0x4c	; 76	'L'
      000250 4C                     640 	.db #0x4c	; 76	'L'
      000251 4C                     641 	.db #0x4c	; 76	'L'
      000252 4C                     642 	.db #0x4c	; 76	'L'
      000253 4C                     643 	.db #0x4c	; 76	'L'
      000254 4C                     644 	.db #0x4c	; 76	'L'
      000255 4C                     645 	.db #0x4c	; 76	'L'
      000256 4C                     646 	.db #0x4c	; 76	'L'
      000257 4C                     647 	.db #0x4c	; 76	'L'
      000258 4C                     648 	.db #0x4c	; 76	'L'
      000259 4C                     649 	.db #0x4c	; 76	'L'
      00025A 4C                     650 	.db #0x4c	; 76	'L'
      00025B 4C                     651 	.db #0x4c	; 76	'L'
      00025C 4C                     652 	.db #0x4c	; 76	'L'
      00025D 4C                     653 	.db #0x4c	; 76	'L'
      00025E 4C                     654 	.db #0x4c	; 76	'L'
      00025F 4C                     655 	.db #0x4c	; 76	'L'
      000260 4C                     656 	.db #0x4c	; 76	'L'
      000261 4C                     657 	.db #0x4c	; 76	'L'
      000262 4C                     658 	.db #0x4c	; 76	'L'
      000263 4C                     659 	.db #0x4c	; 76	'L'
      000264 4C                     660 	.db #0x4c	; 76	'L'
      000265 4C                     661 	.db #0x4c	; 76	'L'
      000266 4C                     662 	.db #0x4c	; 76	'L'
      000267 4C                     663 	.db #0x4c	; 76	'L'
      000268 4C                     664 	.db #0x4c	; 76	'L'
      000269 4C                     665 	.db #0x4c	; 76	'L'
      00026A 4C                     666 	.db #0x4c	; 76	'L'
      00026B 4C                     667 	.db #0x4c	; 76	'L'
      00026C 4C                     668 	.db #0x4c	; 76	'L'
      00026D 4C                     669 	.db #0x4c	; 76	'L'
      00026E 4C                     670 	.db #0x4c	; 76	'L'
      00026F 4C                     671 	.db #0x4c	; 76	'L'
      000270 4C                     672 	.db #0x4c	; 76	'L'
      000271 4C                     673 	.db #0x4c	; 76	'L'
      000272 4C                     674 	.db #0x4c	; 76	'L'
      000273 4C                     675 	.db #0x4c	; 76	'L'
      000274 4C                     676 	.db #0x4c	; 76	'L'
      000275 4C                     677 	.db #0x4c	; 76	'L'
      000276 4C                     678 	.db #0x4c	; 76	'L'
      000277 4C                     679 	.db #0x4c	; 76	'L'
      000278 4C                     680 	.db #0x4c	; 76	'L'
      000279 4C                     681 	.db #0x4c	; 76	'L'
      00027A 4C                     682 	.db #0x4c	; 76	'L'
      00027B 4C                     683 	.db #0x4c	; 76	'L'
      00027C 4C                     684 	.db #0x4c	; 76	'L'
      00027D 4C                     685 	.db #0x4c	; 76	'L'
      00027E 4C                     686 	.db #0x4c	; 76	'L'
      00027F 4C                     687 	.db #0x4c	; 76	'L'
      000280 4C                     688 	.db #0x4c	; 76	'L'
      000281 4C                     689 	.db #0x4c	; 76	'L'
      000282 4C                     690 	.db #0x4c	; 76	'L'
      000283 4C                     691 	.db #0x4c	; 76	'L'
      000284 4C                     692 	.db #0x4c	; 76	'L'
      000285 4C                     693 	.db #0x4c	; 76	'L'
      000286 4C                     694 	.db #0x4c	; 76	'L'
      000287 4C                     695 	.db #0x4c	; 76	'L'
      000288 4C                     696 	.db #0x4c	; 76	'L'
      000289 4C                     697 	.db #0x4c	; 76	'L'
      00028A 4C                     698 	.db #0x4c	; 76	'L'
      00028B 4C                     699 	.db #0x4c	; 76	'L'
      00028C 4C                     700 	.db #0x4c	; 76	'L'
      00028D 4C                     701 	.db #0x4c	; 76	'L'
      00028E 4C                     702 	.db #0x4c	; 76	'L'
      00028F 4C                     703 	.db #0x4c	; 76	'L'
      000290 4C                     704 	.db #0x4c	; 76	'L'
      000291 4C                     705 	.db #0x4c	; 76	'L'
      000292 4C                     706 	.db #0x4c	; 76	'L'
      000293 4C                     707 	.db #0x4c	; 76	'L'
      000294 4C                     708 	.db #0x4c	; 76	'L'
      000295 4C                     709 	.db #0x4c	; 76	'L'
      000296 4C                     710 	.db #0x4c	; 76	'L'
      000297 4C                     711 	.db #0x4c	; 76	'L'
      000298 4C                     712 	.db #0x4c	; 76	'L'
      000299 4C                     713 	.db #0x4c	; 76	'L'
      00029A 4C                     714 	.db #0x4c	; 76	'L'
      00029B 4C                     715 	.db #0x4c	; 76	'L'
      00029C 4C                     716 	.db #0x4c	; 76	'L'
      00029D 4C                     717 	.db #0x4c	; 76	'L'
      00029E 4C                     718 	.db #0x4c	; 76	'L'
      00029F 4C                     719 	.db #0x4c	; 76	'L'
      0002A0 4C                     720 	.db #0x4c	; 76	'L'
      0002A1 4C                     721 	.db #0x4c	; 76	'L'
      0002A2 4C                     722 	.db #0x4c	; 76	'L'
      0002A3 4C                     723 	.db #0x4c	; 76	'L'
      0002A4 4C                     724 	.db #0x4c	; 76	'L'
      0002A5 4C                     725 	.db #0x4c	; 76	'L'
      0002A6 4C                     726 	.db #0x4c	; 76	'L'
      0002A7 4C                     727 	.db #0x4c	; 76	'L'
      0002A8 4C                     728 	.db #0x4c	; 76	'L'
      0002A9 4C                     729 	.db #0x4c	; 76	'L'
      0002AA 4C                     730 	.db #0x4c	; 76	'L'
      0002AB 4C                     731 	.db #0x4c	; 76	'L'
      0002AC 4C                     732 	.db #0x4c	; 76	'L'
      0002AD 4C                     733 	.db #0x4c	; 76	'L'
      0002AE 4C                     734 	.db #0x4c	; 76	'L'
      0002AF 4C                     735 	.db #0x4c	; 76	'L'
      0002B0 4C                     736 	.db #0x4c	; 76	'L'
      0002B1 4C                     737 	.db #0x4c	; 76	'L'
      0002B2 4C                     738 	.db #0x4c	; 76	'L'
      0002B3 4C                     739 	.db #0x4c	; 76	'L'
      0002B4 4C                     740 	.db #0x4c	; 76	'L'
      0002B5 4C                     741 	.db #0x4c	; 76	'L'
      0002B6 4C                     742 	.db #0x4c	; 76	'L'
      0002B7 4C                     743 	.db #0x4c	; 76	'L'
      0002B8 4C                     744 	.db #0x4c	; 76	'L'
      0002B9 4C                     745 	.db #0x4c	; 76	'L'
      0002BA 4C                     746 	.db #0x4c	; 76	'L'
      0002BB 4C                     747 	.db #0x4c	; 76	'L'
      0002BC 4C                     748 	.db #0x4c	; 76	'L'
      0002BD 4C                     749 	.db #0x4c	; 76	'L'
      0002BE 4C                     750 	.db #0x4c	; 76	'L'
      0002BF 4C                     751 	.db #0x4c	; 76	'L'
      0002C0 4C                     752 	.db #0x4c	; 76	'L'
      0002C1 4C                     753 	.db #0x4c	; 76	'L'
      0002C2 4C                     754 	.db #0x4c	; 76	'L'
      0002C3 4C                     755 	.db #0x4c	; 76	'L'
      0002C4 4C                     756 	.db #0x4c	; 76	'L'
      0002C5 4C                     757 	.db #0x4c	; 76	'L'
      0002C6 4C                     758 	.db #0x4c	; 76	'L'
      0002C7 4C                     759 	.db #0x4c	; 76	'L'
      0002C8 4C                     760 	.db #0x4c	; 76	'L'
      0002C9 4C                     761 	.db #0x4c	; 76	'L'
      0002CA 4C                     762 	.db #0x4c	; 76	'L'
      0002CB 4C                     763 	.db #0x4c	; 76	'L'
      0002CC 4C                     764 	.db #0x4c	; 76	'L'
      0002CD 4C                     765 	.db #0x4c	; 76	'L'
      0002CE 4C                     766 	.db #0x4c	; 76	'L'
      0002CF 4C                     767 	.db #0x4c	; 76	'L'
      0002D0 4C                     768 	.db #0x4c	; 76	'L'
      0002D1 4C                     769 	.db #0x4c	; 76	'L'
      0002D2 4C                     770 	.db #0x4c	; 76	'L'
      0002D3 4C                     771 	.db #0x4c	; 76	'L'
      0002D4 4C                     772 	.db #0x4c	; 76	'L'
      0002D5 4C                     773 	.db #0x4c	; 76	'L'
      0002D6 4C                     774 	.db #0x4c	; 76	'L'
      0002D7 4C                     775 	.db #0x4c	; 76	'L'
      0002D8 4C                     776 	.db #0x4c	; 76	'L'
      0002D9 4C                     777 	.db #0x4c	; 76	'L'
      0002DA 4C                     778 	.db #0x4c	; 76	'L'
      0002DB 4C                     779 	.db #0x4c	; 76	'L'
      0002DC 4C                     780 	.db #0x4c	; 76	'L'
      0002DD 4C                     781 	.db #0x4c	; 76	'L'
      0002DE 4C                     782 	.db #0x4c	; 76	'L'
      0002DF 4C                     783 	.db #0x4c	; 76	'L'
      0002E0 4C                     784 	.db #0x4c	; 76	'L'
      0002E1 4C                     785 	.db #0x4c	; 76	'L'
      0002E2 4C                     786 	.db #0x4c	; 76	'L'
      0002E3 4C                     787 	.db #0x4c	; 76	'L'
      0002E4 4C                     788 	.db #0x4c	; 76	'L'
      0002E5 4C                     789 	.db #0x4c	; 76	'L'
      0002E6 4C                     790 	.db #0x4c	; 76	'L'
      0002E7 4C                     791 	.db #0x4c	; 76	'L'
      0002E8 4C                     792 	.db #0x4c	; 76	'L'
      0002E9 4C                     793 	.db #0x4c	; 76	'L'
      0002EA 4C                     794 	.db #0x4c	; 76	'L'
      0002EB 4C                     795 	.db #0x4c	; 76	'L'
      0002EC 4C                     796 	.db #0x4c	; 76	'L'
      0002ED 4C                     797 	.db #0x4c	; 76	'L'
      0002EE 4C                     798 	.db #0x4c	; 76	'L'
      0002EF 4C                     799 	.db #0x4c	; 76	'L'
      0002F0 4C                     800 	.db #0x4c	; 76	'L'
      0002F1 4C                     801 	.db #0x4c	; 76	'L'
      0002F2 4C                     802 	.db #0x4c	; 76	'L'
      0002F3 4C                     803 	.db #0x4c	; 76	'L'
      0002F4 4C                     804 	.db #0x4c	; 76	'L'
      0002F5 4C                     805 	.db #0x4c	; 76	'L'
      0002F6 4C                     806 	.db #0x4c	; 76	'L'
      0002F7 4C                     807 	.db #0x4c	; 76	'L'
      0002F8 4C                     808 	.db #0x4c	; 76	'L'
      0002F9 4C                     809 	.db #0x4c	; 76	'L'
      0002FA 4C                     810 	.db #0x4c	; 76	'L'
      0002FB 4C                     811 	.db #0x4c	; 76	'L'
      0002FC 4C                     812 	.db #0x4c	; 76	'L'
      0002FD 4C                     813 	.db #0x4c	; 76	'L'
      0002FE 4C                     814 	.db #0x4c	; 76	'L'
      0002FF 4C                     815 	.db #0x4c	; 76	'L'
      000300 4C                     816 	.db #0x4c	; 76	'L'
      000301 4C                     817 	.db #0x4c	; 76	'L'
      000302 4C                     818 	.db #0x4c	; 76	'L'
      000303 4C                     819 	.db #0x4c	; 76	'L'
      000304 4C                     820 	.db #0x4c	; 76	'L'
      000305 4C                     821 	.db #0x4c	; 76	'L'
      000306 4C                     822 	.db #0x4c	; 76	'L'
      000307 4C                     823 	.db #0x4c	; 76	'L'
      000308 4C                     824 	.db #0x4c	; 76	'L'
      000309 4C                     825 	.db #0x4c	; 76	'L'
      00030A 4C                     826 	.db #0x4c	; 76	'L'
      00030B 4C                     827 	.db #0x4c	; 76	'L'
      00030C 4C                     828 	.db #0x4c	; 76	'L'
      00030D 4C                     829 	.db #0x4c	; 76	'L'
      00030E 4C                     830 	.db #0x4c	; 76	'L'
      00030F 4C                     831 	.db #0x4c	; 76	'L'
      000310 4C                     832 	.db #0x4c	; 76	'L'
      000311 4C                     833 	.db #0x4c	; 76	'L'
      000312 4C                     834 	.db #0x4c	; 76	'L'
      000313 4C                     835 	.db #0x4c	; 76	'L'
      000314 4C                     836 	.db #0x4c	; 76	'L'
      000315 4C                     837 	.db #0x4c	; 76	'L'
      000316 4C                     838 	.db #0x4c	; 76	'L'
      000317 4C                     839 	.db #0x4c	; 76	'L'
      000318 4C                     840 	.db #0x4c	; 76	'L'
      000319 4C                     841 	.db #0x4c	; 76	'L'
      00031A 4C                     842 	.db #0x4c	; 76	'L'
      00031B 4C                     843 	.db #0x4c	; 76	'L'
      00031C 4C                     844 	.db #0x4c	; 76	'L'
      00031D 4C                     845 	.db #0x4c	; 76	'L'
      00031E 4C                     846 	.db #0x4c	; 76	'L'
      00031F 4C                     847 	.db #0x4c	; 76	'L'
      000320 4C                     848 	.db #0x4c	; 76	'L'
      000321 4C                     849 	.db #0x4c	; 76	'L'
      000322 4C                     850 	.db #0x4c	; 76	'L'
      000323 4C                     851 	.db #0x4c	; 76	'L'
      000324 4C                     852 	.db #0x4c	; 76	'L'
      000325 4C                     853 	.db #0x4c	; 76	'L'
      000326 4C                     854 	.db #0x4c	; 76	'L'
      000327 4C                     855 	.db #0x4c	; 76	'L'
      000328 4C                     856 	.db #0x4c	; 76	'L'
      000329 4C                     857 	.db #0x4c	; 76	'L'
      00032A 4C                     858 	.db #0x4c	; 76	'L'
      00032B 4C                     859 	.db #0x4c	; 76	'L'
      00032C 4C                     860 	.db #0x4c	; 76	'L'
      00032D 4C                     861 	.db #0x4c	; 76	'L'
      00032E 4C                     862 	.db #0x4c	; 76	'L'
      00032F 4C                     863 	.db #0x4c	; 76	'L'
      000330 4C                     864 	.db #0x4c	; 76	'L'
      000331 4C                     865 	.db #0x4c	; 76	'L'
      000332 4C                     866 	.db #0x4c	; 76	'L'
      000333 4C                     867 	.db #0x4c	; 76	'L'
      000334 4C                     868 	.db #0x4c	; 76	'L'
      000335 4C                     869 	.db #0x4c	; 76	'L'
      000336 4C                     870 	.db #0x4c	; 76	'L'
      000337 4C                     871 	.db #0x4c	; 76	'L'
      000338 4C                     872 	.db #0x4c	; 76	'L'
      000339 4C                     873 	.db #0x4c	; 76	'L'
      00033A 4C                     874 	.db #0x4c	; 76	'L'
      00033B 4C                     875 	.db #0x4c	; 76	'L'
      00033C 4C                     876 	.db #0x4c	; 76	'L'
      00033D 4C                     877 	.db #0x4c	; 76	'L'
      00033E 4C                     878 	.db #0x4c	; 76	'L'
      00033F 4C                     879 	.db #0x4c	; 76	'L'
      000340 4C                     880 	.db #0x4c	; 76	'L'
      000341 4C                     881 	.db #0x4c	; 76	'L'
      000342 4C                     882 	.db #0x4c	; 76	'L'
      000343 4C                     883 	.db #0x4c	; 76	'L'
      000344 4C                     884 	.db #0x4c	; 76	'L'
      000345 4C                     885 	.db #0x4c	; 76	'L'
      000346 4C                     886 	.db #0x4c	; 76	'L'
      000347 4C                     887 	.db #0x4c	; 76	'L'
      000348 4C                     888 	.db #0x4c	; 76	'L'
      000349 4C                     889 	.db #0x4c	; 76	'L'
      00034A 4C                     890 	.db #0x4c	; 76	'L'
      00034B 4C                     891 	.db #0x4c	; 76	'L'
      00034C 4C                     892 	.db #0x4c	; 76	'L'
      00034D 4C                     893 	.db #0x4c	; 76	'L'
      00034E 4C                     894 	.db #0x4c	; 76	'L'
      00034F 4C                     895 	.db #0x4c	; 76	'L'
      000350 4C                     896 	.db #0x4c	; 76	'L'
      000351 4C                     897 	.db #0x4c	; 76	'L'
      000352 4C                     898 	.db #0x4c	; 76	'L'
      000353 4C                     899 	.db #0x4c	; 76	'L'
      000354 4C                     900 	.db #0x4c	; 76	'L'
      000355 4C                     901 	.db #0x4c	; 76	'L'
      000356 4C                     902 	.db #0x4c	; 76	'L'
      000357 4C                     903 	.db #0x4c	; 76	'L'
      000358 4C                     904 	.db #0x4c	; 76	'L'
      000359 4C                     905 	.db #0x4c	; 76	'L'
      00035A 4C                     906 	.db #0x4c	; 76	'L'
      00035B 4C                     907 	.db #0x4c	; 76	'L'
      00035C 4C                     908 	.db #0x4c	; 76	'L'
      00035D 4C                     909 	.db #0x4c	; 76	'L'
      00035E 4C                     910 	.db #0x4c	; 76	'L'
      00035F 4C                     911 	.db #0x4c	; 76	'L'
      000360 4C                     912 	.db #0x4c	; 76	'L'
      000361 4C                     913 	.db #0x4c	; 76	'L'
      000362 4C                     914 	.db #0x4c	; 76	'L'
      000363 4C                     915 	.db #0x4c	; 76	'L'
      000364 4C                     916 	.db #0x4c	; 76	'L'
      000365 4C                     917 	.db #0x4c	; 76	'L'
      000366 4C                     918 	.db #0x4c	; 76	'L'
      000367 4C                     919 	.db #0x4c	; 76	'L'
      000368 4C                     920 	.db #0x4c	; 76	'L'
      000369 4C                     921 	.db #0x4c	; 76	'L'
      00036A 4C                     922 	.db #0x4c	; 76	'L'
      00036B 4C                     923 	.db #0x4c	; 76	'L'
      00036C 4C                     924 	.db #0x4c	; 76	'L'
      00036D 4C                     925 	.db #0x4c	; 76	'L'
      00036E 4C                     926 	.db #0x4c	; 76	'L'
      00036F 4C                     927 	.db #0x4c	; 76	'L'
      000370 4C                     928 	.db #0x4c	; 76	'L'
      000371 4C                     929 	.db #0x4c	; 76	'L'
      000372 4C                     930 	.db #0x4c	; 76	'L'
      000373 4C                     931 	.db #0x4c	; 76	'L'
      000374 4C                     932 	.db #0x4c	; 76	'L'
      000375 4C                     933 	.db #0x4c	; 76	'L'
      000376 4C                     934 	.db #0x4c	; 76	'L'
      000377 4C                     935 	.db #0x4c	; 76	'L'
      000378 4C                     936 	.db #0x4c	; 76	'L'
      000379 4C                     937 	.db #0x4c	; 76	'L'
      00037A 4C                     938 	.db #0x4c	; 76	'L'
      00037B 4C                     939 	.db #0x4c	; 76	'L'
      00037C 4C                     940 	.db #0x4c	; 76	'L'
      00037D 4C                     941 	.db #0x4c	; 76	'L'
      00037E 4C                     942 	.db #0x4c	; 76	'L'
      00037F 4C                     943 	.db #0x4c	; 76	'L'
      000380 4C                     944 	.db #0x4c	; 76	'L'
      000381 4C                     945 	.db #0x4c	; 76	'L'
      000382 4C                     946 	.db #0x4c	; 76	'L'
      000383 4C                     947 	.db #0x4c	; 76	'L'
      000384 4C                     948 	.db #0x4c	; 76	'L'
      000385 4C                     949 	.db #0x4c	; 76	'L'
      000386 4C                     950 	.db #0x4c	; 76	'L'
      000387 4C                     951 	.db #0x4c	; 76	'L'
      000388 4C                     952 	.db #0x4c	; 76	'L'
      000389 4C                     953 	.db #0x4c	; 76	'L'
      00038A 4C                     954 	.db #0x4c	; 76	'L'
      00038B 4C                     955 	.db #0x4c	; 76	'L'
      00038C 4C                     956 	.db #0x4c	; 76	'L'
      00038D 4C                     957 	.db #0x4c	; 76	'L'
      00038E 4C                     958 	.db #0x4c	; 76	'L'
      00038F 4C                     959 	.db #0x4c	; 76	'L'
      000390 4C                     960 	.db #0x4c	; 76	'L'
      000391 4C                     961 	.db #0x4c	; 76	'L'
      000392 4C                     962 	.db #0x4c	; 76	'L'
      000393 4C                     963 	.db #0x4c	; 76	'L'
      000394 4C                     964 	.db #0x4c	; 76	'L'
      000395 4C                     965 	.db #0x4c	; 76	'L'
      000396 4C                     966 	.db #0x4c	; 76	'L'
      000397 4C                     967 	.db #0x4c	; 76	'L'
      000398 4C                     968 	.db #0x4c	; 76	'L'
      000399 4C                     969 	.db #0x4c	; 76	'L'
      00039A 4C                     970 	.db #0x4c	; 76	'L'
      00039B 4C                     971 	.db #0x4c	; 76	'L'
      00039C 4C                     972 	.db #0x4c	; 76	'L'
      00039D 4C                     973 	.db #0x4c	; 76	'L'
      00039E 4C                     974 	.db #0x4c	; 76	'L'
      00039F 4C                     975 	.db #0x4c	; 76	'L'
      0003A0 4C                     976 	.db #0x4c	; 76	'L'
      0003A1 4C                     977 	.db #0x4c	; 76	'L'
      0003A2 4C                     978 	.db #0x4c	; 76	'L'
      0003A3 4C                     979 	.db #0x4c	; 76	'L'
      0003A4 4C                     980 	.db #0x4c	; 76	'L'
      0003A5 4C                     981 	.db #0x4c	; 76	'L'
      0003A6 4C                     982 	.db #0x4c	; 76	'L'
      0003A7 4C                     983 	.db #0x4c	; 76	'L'
      0003A8 4C                     984 	.db #0x4c	; 76	'L'
      0003A9 4C                     985 	.db #0x4c	; 76	'L'
      0003AA 4C                     986 	.db #0x4c	; 76	'L'
      0003AB 4C                     987 	.db #0x4c	; 76	'L'
      0003AC 4C                     988 	.db #0x4c	; 76	'L'
      0003AD 4C                     989 	.db #0x4c	; 76	'L'
      0003AE 4C                     990 	.db #0x4c	; 76	'L'
      0003AF 4C                     991 	.db #0x4c	; 76	'L'
      0003B0 4C                     992 	.db #0x4c	; 76	'L'
      0003B1 4C                     993 	.db #0x4c	; 76	'L'
      0003B2 4C                     994 	.db #0x4c	; 76	'L'
      0003B3 4C                     995 	.db #0x4c	; 76	'L'
      0003B4 4C                     996 	.db #0x4c	; 76	'L'
      0003B5 4C                     997 	.db #0x4c	; 76	'L'
      0003B6 4C                     998 	.db #0x4c	; 76	'L'
      0003B7 4C                     999 	.db #0x4c	; 76	'L'
      0003B8 4C                    1000 	.db #0x4c	; 76	'L'
      0003B9 4C                    1001 	.db #0x4c	; 76	'L'
      0003BA 4C                    1002 	.db #0x4c	; 76	'L'
      0003BB 4C                    1003 	.db #0x4c	; 76	'L'
      0003BC 4C                    1004 	.db #0x4c	; 76	'L'
      0003BD 4C                    1005 	.db #0x4c	; 76	'L'
      0003BE 4C                    1006 	.db #0x4c	; 76	'L'
      0003BF 4C                    1007 	.db #0x4c	; 76	'L'
      0003C0 4C                    1008 	.db #0x4c	; 76	'L'
                                   1009 	.area _CABS (ABS)
