                                      1 ;--------------------------------------------------------
                                      2 ; File Created by SDCC : free open source ISO C Compiler 
                                      3 ; Version 4.2.2 #13350 (MINGW64)
                                      4 ;--------------------------------------------------------
                                      5 	.module indoor_tiles
                                      6 	.optsdcc -msm83
                                      7 	
                                      8 ;--------------------------------------------------------
                                      9 ; Public variables in this module
                                     10 ;--------------------------------------------------------
                                     11 	.globl _IndoorTiles
                                     12 ;--------------------------------------------------------
                                     13 ; special function registers
                                     14 ;--------------------------------------------------------
                                     15 ;--------------------------------------------------------
                                     16 ; ram data
                                     17 ;--------------------------------------------------------
                                     18 	.area _DATA
                                     19 ;--------------------------------------------------------
                                     20 ; ram data
                                     21 ;--------------------------------------------------------
                                     22 	.area _INITIALIZED
      000000                         23 _IndoorTiles::
      000000                         24 	.ds 1264
                                     25 ;--------------------------------------------------------
                                     26 ; absolute external ram data
                                     27 ;--------------------------------------------------------
                                     28 	.area _DABS (ABS)
                                     29 ;--------------------------------------------------------
                                     30 ; global & static initialisations
                                     31 ;--------------------------------------------------------
                                     32 	.area _HOME
                                     33 	.area _GSINIT
                                     34 	.area _GSFINAL
                                     35 	.area _GSINIT
                                     36 ;--------------------------------------------------------
                                     37 ; Home
                                     38 ;--------------------------------------------------------
                                     39 	.area _HOME
                                     40 	.area _HOME
                                     41 ;--------------------------------------------------------
                                     42 ; code
                                     43 ;--------------------------------------------------------
                                     44 	.area _CODE
                                     45 	.area _CODE
                                     46 	.area _INITIALIZER
      000000                         47 __xinit__IndoorTiles:
      000000 00                      48 	.db #0x00	; 0
      000001 00                      49 	.db #0x00	; 0
      000002 00                      50 	.db #0x00	; 0
      000003 00                      51 	.db #0x00	; 0
      000004 00                      52 	.db #0x00	; 0
      000005 00                      53 	.db #0x00	; 0
      000006 00                      54 	.db #0x00	; 0
      000007 00                      55 	.db #0x00	; 0
      000008 00                      56 	.db #0x00	; 0
      000009 00                      57 	.db #0x00	; 0
      00000A 00                      58 	.db #0x00	; 0
      00000B 00                      59 	.db #0x00	; 0
      00000C 00                      60 	.db #0x00	; 0
      00000D 00                      61 	.db #0x00	; 0
      00000E 00                      62 	.db #0x00	; 0
      00000F 00                      63 	.db #0x00	; 0
      000010 00                      64 	.db #0x00	; 0
      000011 00                      65 	.db #0x00	; 0
      000012 00                      66 	.db #0x00	; 0
      000013 00                      67 	.db #0x00	; 0
      000014 00                      68 	.db #0x00	; 0
      000015 00                      69 	.db #0x00	; 0
      000016 00                      70 	.db #0x00	; 0
      000017 00                      71 	.db #0x00	; 0
      000018 00                      72 	.db #0x00	; 0
      000019 00                      73 	.db #0x00	; 0
      00001A 01                      74 	.db #0x01	; 1
      00001B 01                      75 	.db #0x01	; 1
      00001C 02                      76 	.db #0x02	; 2
      00001D 02                      77 	.db #0x02	; 2
      00001E 04                      78 	.db #0x04	; 4
      00001F 04                      79 	.db #0x04	; 4
      000020 09                      80 	.db #0x09	; 9
      000021 09                      81 	.db #0x09	; 9
      000022 12                      82 	.db #0x12	; 18
      000023 12                      83 	.db #0x12	; 18
      000024 24                      84 	.db #0x24	; 36
      000025 24                      85 	.db #0x24	; 36
      000026 48                      86 	.db #0x48	; 72	'H'
      000027 48                      87 	.db #0x48	; 72	'H'
      000028 90                      88 	.db #0x90	; 144
      000029 90                      89 	.db #0x90	; 144
      00002A 20                      90 	.db #0x20	; 32
      00002B 20                      91 	.db #0x20	; 32
      00002C 40                      92 	.db #0x40	; 64
      00002D 40                      93 	.db #0x40	; 64
      00002E 80                      94 	.db #0x80	; 128
      00002F 80                      95 	.db #0x80	; 128
      000030 80                      96 	.db #0x80	; 128
      000031 80                      97 	.db #0x80	; 128
      000032 80                      98 	.db #0x80	; 128
      000033 80                      99 	.db #0x80	; 128
      000034 80                     100 	.db #0x80	; 128
      000035 80                     101 	.db #0x80	; 128
      000036 80                     102 	.db #0x80	; 128
      000037 80                     103 	.db #0x80	; 128
      000038 80                     104 	.db #0x80	; 128
      000039 80                     105 	.db #0x80	; 128
      00003A 80                     106 	.db #0x80	; 128
      00003B 80                     107 	.db #0x80	; 128
      00003C 80                     108 	.db #0x80	; 128
      00003D 80                     109 	.db #0x80	; 128
      00003E 80                     110 	.db #0x80	; 128
      00003F 80                     111 	.db #0x80	; 128
      000040 80                     112 	.db #0x80	; 128
      000041 80                     113 	.db #0x80	; 128
      000042 80                     114 	.db #0x80	; 128
      000043 80                     115 	.db #0x80	; 128
      000044 80                     116 	.db #0x80	; 128
      000045 80                     117 	.db #0x80	; 128
      000046 80                     118 	.db #0x80	; 128
      000047 80                     119 	.db #0x80	; 128
      000048 FF                     120 	.db #0xff	; 255
      000049 FF                     121 	.db #0xff	; 255
      00004A 80                     122 	.db #0x80	; 128
      00004B 80                     123 	.db #0x80	; 128
      00004C 80                     124 	.db #0x80	; 128
      00004D 80                     125 	.db #0x80	; 128
      00004E FF                     126 	.db #0xff	; 255
      00004F FF                     127 	.db #0xff	; 255
      000050 00                     128 	.db #0x00	; 0
      000051 00                     129 	.db #0x00	; 0
      000052 00                     130 	.db #0x00	; 0
      000053 00                     131 	.db #0x00	; 0
      000054 00                     132 	.db #0x00	; 0
      000055 00                     133 	.db #0x00	; 0
      000056 00                     134 	.db #0x00	; 0
      000057 00                     135 	.db #0x00	; 0
      000058 FF                     136 	.db #0xff	; 255
      000059 FF                     137 	.db #0xff	; 255
      00005A 00                     138 	.db #0x00	; 0
      00005B 00                     139 	.db #0x00	; 0
      00005C 00                     140 	.db #0x00	; 0
      00005D 00                     141 	.db #0x00	; 0
      00005E FF                     142 	.db #0xff	; 255
      00005F FF                     143 	.db #0xff	; 255
      000060 00                     144 	.db #0x00	; 0
      000061 00                     145 	.db #0x00	; 0
      000062 00                     146 	.db #0x00	; 0
      000063 00                     147 	.db #0x00	; 0
      000064 00                     148 	.db #0x00	; 0
      000065 00                     149 	.db #0x00	; 0
      000066 00                     150 	.db #0x00	; 0
      000067 00                     151 	.db #0x00	; 0
      000068 00                     152 	.db #0x00	; 0
      000069 00                     153 	.db #0x00	; 0
      00006A 80                     154 	.db #0x80	; 128
      00006B 80                     155 	.db #0x80	; 128
      00006C 40                     156 	.db #0x40	; 64
      00006D 40                     157 	.db #0x40	; 64
      00006E 20                     158 	.db #0x20	; 32
      00006F 20                     159 	.db #0x20	; 32
      000070 90                     160 	.db #0x90	; 144
      000071 90                     161 	.db #0x90	; 144
      000072 48                     162 	.db #0x48	; 72	'H'
      000073 48                     163 	.db #0x48	; 72	'H'
      000074 24                     164 	.db #0x24	; 36
      000075 24                     165 	.db #0x24	; 36
      000076 12                     166 	.db #0x12	; 18
      000077 12                     167 	.db #0x12	; 18
      000078 09                     168 	.db #0x09	; 9
      000079 09                     169 	.db #0x09	; 9
      00007A 04                     170 	.db #0x04	; 4
      00007B 04                     171 	.db #0x04	; 4
      00007C 02                     172 	.db #0x02	; 2
      00007D 02                     173 	.db #0x02	; 2
      00007E 01                     174 	.db #0x01	; 1
      00007F 01                     175 	.db #0x01	; 1
      000080 01                     176 	.db #0x01	; 1
      000081 01                     177 	.db #0x01	; 1
      000082 01                     178 	.db #0x01	; 1
      000083 01                     179 	.db #0x01	; 1
      000084 01                     180 	.db #0x01	; 1
      000085 01                     181 	.db #0x01	; 1
      000086 01                     182 	.db #0x01	; 1
      000087 01                     183 	.db #0x01	; 1
      000088 01                     184 	.db #0x01	; 1
      000089 01                     185 	.db #0x01	; 1
      00008A 01                     186 	.db #0x01	; 1
      00008B 01                     187 	.db #0x01	; 1
      00008C 01                     188 	.db #0x01	; 1
      00008D 01                     189 	.db #0x01	; 1
      00008E 01                     190 	.db #0x01	; 1
      00008F 01                     191 	.db #0x01	; 1
      000090 01                     192 	.db #0x01	; 1
      000091 01                     193 	.db #0x01	; 1
      000092 01                     194 	.db #0x01	; 1
      000093 01                     195 	.db #0x01	; 1
      000094 01                     196 	.db #0x01	; 1
      000095 01                     197 	.db #0x01	; 1
      000096 01                     198 	.db #0x01	; 1
      000097 01                     199 	.db #0x01	; 1
      000098 FF                     200 	.db #0xff	; 255
      000099 FF                     201 	.db #0xff	; 255
      00009A 01                     202 	.db #0x01	; 1
      00009B 01                     203 	.db #0x01	; 1
      00009C 01                     204 	.db #0x01	; 1
      00009D 01                     205 	.db #0x01	; 1
      00009E FF                     206 	.db #0xff	; 255
      00009F FF                     207 	.db #0xff	; 255
      0000A0 01                     208 	.db #0x01	; 1
      0000A1 01                     209 	.db #0x01	; 1
      0000A2 02                     210 	.db #0x02	; 2
      0000A3 03                     211 	.db #0x03	; 3
      0000A4 04                     212 	.db #0x04	; 4
      0000A5 07                     213 	.db #0x07	; 7
      0000A6 04                     214 	.db #0x04	; 4
      0000A7 07                     215 	.db #0x07	; 7
      0000A8 04                     216 	.db #0x04	; 4
      0000A9 07                     217 	.db #0x07	; 7
      0000AA 04                     218 	.db #0x04	; 4
      0000AB 07                     219 	.db #0x07	; 7
      0000AC 04                     220 	.db #0x04	; 4
      0000AD 07                     221 	.db #0x07	; 7
      0000AE 04                     222 	.db #0x04	; 4
      0000AF 07                     223 	.db #0x07	; 7
      0000B0 04                     224 	.db #0x04	; 4
      0000B1 07                     225 	.db #0x07	; 7
      0000B2 04                     226 	.db #0x04	; 4
      0000B3 07                     227 	.db #0x07	; 7
      0000B4 04                     228 	.db #0x04	; 4
      0000B5 07                     229 	.db #0x07	; 7
      0000B6 04                     230 	.db #0x04	; 4
      0000B7 07                     231 	.db #0x07	; 7
      0000B8 04                     232 	.db #0x04	; 4
      0000B9 07                     233 	.db #0x07	; 7
      0000BA 04                     234 	.db #0x04	; 4
      0000BB 07                     235 	.db #0x07	; 7
      0000BC 04                     236 	.db #0x04	; 4
      0000BD 07                     237 	.db #0x07	; 7
      0000BE 04                     238 	.db #0x04	; 4
      0000BF 07                     239 	.db #0x07	; 7
      0000C0 04                     240 	.db #0x04	; 4
      0000C1 07                     241 	.db #0x07	; 7
      0000C2 04                     242 	.db #0x04	; 4
      0000C3 07                     243 	.db #0x07	; 7
      0000C4 04                     244 	.db #0x04	; 4
      0000C5 07                     245 	.db #0x07	; 7
      0000C6 04                     246 	.db #0x04	; 4
      0000C7 07                     247 	.db #0x07	; 7
      0000C8 04                     248 	.db #0x04	; 4
      0000C9 07                     249 	.db #0x07	; 7
      0000CA 04                     250 	.db #0x04	; 4
      0000CB 07                     251 	.db #0x07	; 7
      0000CC 05                     252 	.db #0x05	; 5
      0000CD 07                     253 	.db #0x07	; 7
      0000CE 07                     254 	.db #0x07	; 7
      0000CF 07                     255 	.db #0x07	; 7
      0000D0 01                     256 	.db #0x01	; 1
      0000D1 01                     257 	.db #0x01	; 1
      0000D2 03                     258 	.db #0x03	; 3
      0000D3 03                     259 	.db #0x03	; 3
      0000D4 07                     260 	.db #0x07	; 7
      0000D5 07                     261 	.db #0x07	; 7
      0000D6 0B                     262 	.db #0x0b	; 11
      0000D7 0F                     263 	.db #0x0f	; 15
      0000D8 13                     264 	.db #0x13	; 19
      0000D9 1F                     265 	.db #0x1f	; 31
      0000DA 23                     266 	.db #0x23	; 35
      0000DB 3F                     267 	.db #0x3f	; 63
      0000DC 43                     268 	.db #0x43	; 67	'C'
      0000DD 7F                     269 	.db #0x7f	; 127
      0000DE 83                     270 	.db #0x83	; 131
      0000DF FF                     271 	.db #0xff	; 255
      0000E0 03                     272 	.db #0x03	; 3
      0000E1 FF                     273 	.db #0xff	; 255
      0000E2 03                     274 	.db #0x03	; 3
      0000E3 FF                     275 	.db #0xff	; 255
      0000E4 03                     276 	.db #0x03	; 3
      0000E5 FF                     277 	.db #0xff	; 255
      0000E6 03                     278 	.db #0x03	; 3
      0000E7 FF                     279 	.db #0xff	; 255
      0000E8 03                     280 	.db #0x03	; 3
      0000E9 FF                     281 	.db #0xff	; 255
      0000EA 03                     282 	.db #0x03	; 3
      0000EB FF                     283 	.db #0xff	; 255
      0000EC 03                     284 	.db #0x03	; 3
      0000ED FF                     285 	.db #0xff	; 255
      0000EE 03                     286 	.db #0x03	; 3
      0000EF FF                     287 	.db #0xff	; 255
      0000F0 0B                     288 	.db #0x0b	; 11
      0000F1 FB                     289 	.db #0xfb	; 251
      0000F2 0F                     290 	.db #0x0f	; 15
      0000F3 FF                     291 	.db #0xff	; 255
      0000F4 03                     292 	.db #0x03	; 3
      0000F5 FF                     293 	.db #0xff	; 255
      0000F6 03                     294 	.db #0x03	; 3
      0000F7 FF                     295 	.db #0xff	; 255
      0000F8 03                     296 	.db #0x03	; 3
      0000F9 FF                     297 	.db #0xff	; 255
      0000FA 03                     298 	.db #0x03	; 3
      0000FB FF                     299 	.db #0xff	; 255
      0000FC 03                     300 	.db #0x03	; 3
      0000FD FF                     301 	.db #0xff	; 255
      0000FE 03                     302 	.db #0x03	; 3
      0000FF FF                     303 	.db #0xff	; 255
      000100 07                     304 	.db #0x07	; 7
      000101 FF                     305 	.db #0xff	; 255
      000102 0E                     306 	.db #0x0e	; 14
      000103 FE                     307 	.db #0xfe	; 254
      000104 1C                     308 	.db #0x1c	; 28
      000105 FC                     309 	.db #0xfc	; 252
      000106 38                     310 	.db #0x38	; 56	'8'
      000107 F8                     311 	.db #0xf8	; 248
      000108 70                     312 	.db #0x70	; 112	'p'
      000109 F0                     313 	.db #0xf0	; 240
      00010A E0                     314 	.db #0xe0	; 224
      00010B E0                     315 	.db #0xe0	; 224
      00010C C0                     316 	.db #0xc0	; 192
      00010D C0                     317 	.db #0xc0	; 192
      00010E 80                     318 	.db #0x80	; 128
      00010F 80                     319 	.db #0x80	; 128
      000110 80                     320 	.db #0x80	; 128
      000111 80                     321 	.db #0x80	; 128
      000112 40                     322 	.db #0x40	; 64
      000113 C0                     323 	.db #0xc0	; 192
      000114 20                     324 	.db #0x20	; 32
      000115 E0                     325 	.db #0xe0	; 224
      000116 20                     326 	.db #0x20	; 32
      000117 E0                     327 	.db #0xe0	; 224
      000118 20                     328 	.db #0x20	; 32
      000119 E0                     329 	.db #0xe0	; 224
      00011A 20                     330 	.db #0x20	; 32
      00011B E0                     331 	.db #0xe0	; 224
      00011C 20                     332 	.db #0x20	; 32
      00011D E0                     333 	.db #0xe0	; 224
      00011E 20                     334 	.db #0x20	; 32
      00011F E0                     335 	.db #0xe0	; 224
      000120 20                     336 	.db #0x20	; 32
      000121 E0                     337 	.db #0xe0	; 224
      000122 20                     338 	.db #0x20	; 32
      000123 E0                     339 	.db #0xe0	; 224
      000124 20                     340 	.db #0x20	; 32
      000125 E0                     341 	.db #0xe0	; 224
      000126 20                     342 	.db #0x20	; 32
      000127 E0                     343 	.db #0xe0	; 224
      000128 20                     344 	.db #0x20	; 32
      000129 E0                     345 	.db #0xe0	; 224
      00012A 20                     346 	.db #0x20	; 32
      00012B E0                     347 	.db #0xe0	; 224
      00012C 20                     348 	.db #0x20	; 32
      00012D E0                     349 	.db #0xe0	; 224
      00012E 20                     350 	.db #0x20	; 32
      00012F E0                     351 	.db #0xe0	; 224
      000130 20                     352 	.db #0x20	; 32
      000131 E0                     353 	.db #0xe0	; 224
      000132 20                     354 	.db #0x20	; 32
      000133 E0                     355 	.db #0xe0	; 224
      000134 20                     356 	.db #0x20	; 32
      000135 E0                     357 	.db #0xe0	; 224
      000136 20                     358 	.db #0x20	; 32
      000137 E0                     359 	.db #0xe0	; 224
      000138 20                     360 	.db #0x20	; 32
      000139 E0                     361 	.db #0xe0	; 224
      00013A 20                     362 	.db #0x20	; 32
      00013B E0                     363 	.db #0xe0	; 224
      00013C A0                     364 	.db #0xa0	; 160
      00013D E0                     365 	.db #0xe0	; 224
      00013E E0                     366 	.db #0xe0	; 224
      00013F E0                     367 	.db #0xe0	; 224
      000140 80                     368 	.db #0x80	; 128
      000141 80                     369 	.db #0x80	; 128
      000142 C0                     370 	.db #0xc0	; 192
      000143 C0                     371 	.db #0xc0	; 192
      000144 E0                     372 	.db #0xe0	; 224
      000145 E0                     373 	.db #0xe0	; 224
      000146 D0                     374 	.db #0xd0	; 208
      000147 F0                     375 	.db #0xf0	; 240
      000148 C8                     376 	.db #0xc8	; 200
      000149 F8                     377 	.db #0xf8	; 248
      00014A C4                     378 	.db #0xc4	; 196
      00014B FC                     379 	.db #0xfc	; 252
      00014C C2                     380 	.db #0xc2	; 194
      00014D FE                     381 	.db #0xfe	; 254
      00014E C1                     382 	.db #0xc1	; 193
      00014F FF                     383 	.db #0xff	; 255
      000150 C0                     384 	.db #0xc0	; 192
      000151 FF                     385 	.db #0xff	; 255
      000152 C0                     386 	.db #0xc0	; 192
      000153 FF                     387 	.db #0xff	; 255
      000154 C0                     388 	.db #0xc0	; 192
      000155 FF                     389 	.db #0xff	; 255
      000156 C0                     390 	.db #0xc0	; 192
      000157 FF                     391 	.db #0xff	; 255
      000158 C0                     392 	.db #0xc0	; 192
      000159 FF                     393 	.db #0xff	; 255
      00015A C0                     394 	.db #0xc0	; 192
      00015B FF                     395 	.db #0xff	; 255
      00015C C0                     396 	.db #0xc0	; 192
      00015D FF                     397 	.db #0xff	; 255
      00015E C0                     398 	.db #0xc0	; 192
      00015F FF                     399 	.db #0xff	; 255
      000160 D0                     400 	.db #0xd0	; 208
      000161 DF                     401 	.db #0xdf	; 223
      000162 F0                     402 	.db #0xf0	; 240
      000163 FF                     403 	.db #0xff	; 255
      000164 C0                     404 	.db #0xc0	; 192
      000165 FF                     405 	.db #0xff	; 255
      000166 C0                     406 	.db #0xc0	; 192
      000167 FF                     407 	.db #0xff	; 255
      000168 C0                     408 	.db #0xc0	; 192
      000169 FF                     409 	.db #0xff	; 255
      00016A C0                     410 	.db #0xc0	; 192
      00016B FF                     411 	.db #0xff	; 255
      00016C C0                     412 	.db #0xc0	; 192
      00016D FF                     413 	.db #0xff	; 255
      00016E C0                     414 	.db #0xc0	; 192
      00016F FF                     415 	.db #0xff	; 255
      000170 E0                     416 	.db #0xe0	; 224
      000171 FF                     417 	.db #0xff	; 255
      000172 70                     418 	.db #0x70	; 112	'p'
      000173 7F                     419 	.db #0x7f	; 127
      000174 38                     420 	.db #0x38	; 56	'8'
      000175 3F                     421 	.db #0x3f	; 63
      000176 1C                     422 	.db #0x1c	; 28
      000177 1F                     423 	.db #0x1f	; 31
      000178 0E                     424 	.db #0x0e	; 14
      000179 0F                     425 	.db #0x0f	; 15
      00017A 07                     426 	.db #0x07	; 7
      00017B 07                     427 	.db #0x07	; 7
      00017C 03                     428 	.db #0x03	; 3
      00017D 03                     429 	.db #0x03	; 3
      00017E 01                     430 	.db #0x01	; 1
      00017F 01                     431 	.db #0x01	; 1
      000180 FF                     432 	.db #0xff	; 255
      000181 FF                     433 	.db #0xff	; 255
      000182 80                     434 	.db #0x80	; 128
      000183 FF                     435 	.db #0xff	; 255
      000184 80                     436 	.db #0x80	; 128
      000185 FF                     437 	.db #0xff	; 255
      000186 80                     438 	.db #0x80	; 128
      000187 FF                     439 	.db #0xff	; 255
      000188 80                     440 	.db #0x80	; 128
      000189 FF                     441 	.db #0xff	; 255
      00018A 80                     442 	.db #0x80	; 128
      00018B FF                     443 	.db #0xff	; 255
      00018C 80                     444 	.db #0x80	; 128
      00018D FF                     445 	.db #0xff	; 255
      00018E 80                     446 	.db #0x80	; 128
      00018F FF                     447 	.db #0xff	; 255
      000190 80                     448 	.db #0x80	; 128
      000191 FF                     449 	.db #0xff	; 255
      000192 80                     450 	.db #0x80	; 128
      000193 FF                     451 	.db #0xff	; 255
      000194 80                     452 	.db #0x80	; 128
      000195 FF                     453 	.db #0xff	; 255
      000196 80                     454 	.db #0x80	; 128
      000197 FF                     455 	.db #0xff	; 255
      000198 80                     456 	.db #0x80	; 128
      000199 FF                     457 	.db #0xff	; 255
      00019A 80                     458 	.db #0x80	; 128
      00019B FF                     459 	.db #0xff	; 255
      00019C 80                     460 	.db #0x80	; 128
      00019D FF                     461 	.db #0xff	; 255
      00019E 80                     462 	.db #0x80	; 128
      00019F FF                     463 	.db #0xff	; 255
      0001A0 80                     464 	.db #0x80	; 128
      0001A1 FF                     465 	.db #0xff	; 255
      0001A2 80                     466 	.db #0x80	; 128
      0001A3 FF                     467 	.db #0xff	; 255
      0001A4 80                     468 	.db #0x80	; 128
      0001A5 FF                     469 	.db #0xff	; 255
      0001A6 80                     470 	.db #0x80	; 128
      0001A7 FF                     471 	.db #0xff	; 255
      0001A8 80                     472 	.db #0x80	; 128
      0001A9 FF                     473 	.db #0xff	; 255
      0001AA 80                     474 	.db #0x80	; 128
      0001AB FF                     475 	.db #0xff	; 255
      0001AC FF                     476 	.db #0xff	; 255
      0001AD FF                     477 	.db #0xff	; 255
      0001AE FF                     478 	.db #0xff	; 255
      0001AF FF                     479 	.db #0xff	; 255
      0001B0 FF                     480 	.db #0xff	; 255
      0001B1 FF                     481 	.db #0xff	; 255
      0001B2 03                     482 	.db #0x03	; 3
      0001B3 FF                     483 	.db #0xff	; 255
      0001B4 03                     484 	.db #0x03	; 3
      0001B5 FF                     485 	.db #0xff	; 255
      0001B6 03                     486 	.db #0x03	; 3
      0001B7 FF                     487 	.db #0xff	; 255
      0001B8 03                     488 	.db #0x03	; 3
      0001B9 FF                     489 	.db #0xff	; 255
      0001BA 03                     490 	.db #0x03	; 3
      0001BB FF                     491 	.db #0xff	; 255
      0001BC 03                     492 	.db #0x03	; 3
      0001BD FF                     493 	.db #0xff	; 255
      0001BE 03                     494 	.db #0x03	; 3
      0001BF FF                     495 	.db #0xff	; 255
      0001C0 03                     496 	.db #0x03	; 3
      0001C1 FF                     497 	.db #0xff	; 255
      0001C2 03                     498 	.db #0x03	; 3
      0001C3 FF                     499 	.db #0xff	; 255
      0001C4 03                     500 	.db #0x03	; 3
      0001C5 FF                     501 	.db #0xff	; 255
      0001C6 03                     502 	.db #0x03	; 3
      0001C7 FF                     503 	.db #0xff	; 255
      0001C8 03                     504 	.db #0x03	; 3
      0001C9 FF                     505 	.db #0xff	; 255
      0001CA 13                     506 	.db #0x13	; 19
      0001CB F7                     507 	.db #0xf7	; 247
      0001CC 1B                     508 	.db #0x1b	; 27
      0001CD FF                     509 	.db #0xff	; 255
      0001CE 03                     510 	.db #0x03	; 3
      0001CF FF                     511 	.db #0xff	; 255
      0001D0 03                     512 	.db #0x03	; 3
      0001D1 FF                     513 	.db #0xff	; 255
      0001D2 03                     514 	.db #0x03	; 3
      0001D3 FF                     515 	.db #0xff	; 255
      0001D4 03                     516 	.db #0x03	; 3
      0001D5 FF                     517 	.db #0xff	; 255
      0001D6 03                     518 	.db #0x03	; 3
      0001D7 FF                     519 	.db #0xff	; 255
      0001D8 03                     520 	.db #0x03	; 3
      0001D9 FF                     521 	.db #0xff	; 255
      0001DA 03                     522 	.db #0x03	; 3
      0001DB FF                     523 	.db #0xff	; 255
      0001DC FF                     524 	.db #0xff	; 255
      0001DD FF                     525 	.db #0xff	; 255
      0001DE FF                     526 	.db #0xff	; 255
      0001DF FF                     527 	.db #0xff	; 255
      0001E0 00                     528 	.db #0x00	; 0
      0001E1 00                     529 	.db #0x00	; 0
      0001E2 00                     530 	.db #0x00	; 0
      0001E3 00                     531 	.db #0x00	; 0
      0001E4 00                     532 	.db #0x00	; 0
      0001E5 00                     533 	.db #0x00	; 0
      0001E6 3F                     534 	.db #0x3f	; 63
      0001E7 3F                     535 	.db #0x3f	; 63
      0001E8 37                     536 	.db #0x37	; 55	'7'
      0001E9 31                     537 	.db #0x31	; 49	'1'
      0001EA 3D                     538 	.db #0x3d	; 61
      0001EB 31                     539 	.db #0x31	; 49	'1'
      0001EC 3B                     540 	.db #0x3b	; 59
      0001ED 31                     541 	.db #0x31	; 49	'1'
      0001EE 35                     542 	.db #0x35	; 53	'5'
      0001EF 31                     543 	.db #0x31	; 49	'1'
      0001F0 3F                     544 	.db #0x3f	; 63
      0001F1 3F                     545 	.db #0x3f	; 63
      0001F2 3D                     546 	.db #0x3d	; 61
      0001F3 31                     547 	.db #0x31	; 49	'1'
      0001F4 3B                     548 	.db #0x3b	; 59
      0001F5 31                     549 	.db #0x31	; 49	'1'
      0001F6 37                     550 	.db #0x37	; 55	'7'
      0001F7 31                     551 	.db #0x31	; 49	'1'
      0001F8 3F                     552 	.db #0x3f	; 63
      0001F9 3F                     553 	.db #0x3f	; 63
      0001FA 3F                     554 	.db #0x3f	; 63
      0001FB 3F                     555 	.db #0x3f	; 63
      0001FC 00                     556 	.db #0x00	; 0
      0001FD 00                     557 	.db #0x00	; 0
      0001FE 00                     558 	.db #0x00	; 0
      0001FF 00                     559 	.db #0x00	; 0
      000200 00                     560 	.db #0x00	; 0
      000201 00                     561 	.db #0x00	; 0
      000202 00                     562 	.db #0x00	; 0
      000203 00                     563 	.db #0x00	; 0
      000204 00                     564 	.db #0x00	; 0
      000205 00                     565 	.db #0x00	; 0
      000206 F8                     566 	.db #0xf8	; 248
      000207 F8                     567 	.db #0xf8	; 248
      000208 38                     568 	.db #0x38	; 56	'8'
      000209 08                     569 	.db #0x08	; 8
      00020A 68                     570 	.db #0x68	; 104	'h'
      00020B 08                     571 	.db #0x08	; 8
      00020C D8                     572 	.db #0xd8	; 216
      00020D 08                     573 	.db #0x08	; 8
      00020E B8                     574 	.db #0xb8	; 184
      00020F 08                     575 	.db #0x08	; 8
      000210 F8                     576 	.db #0xf8	; 248
      000211 F8                     577 	.db #0xf8	; 248
      000212 68                     578 	.db #0x68	; 104	'h'
      000213 08                     579 	.db #0x08	; 8
      000214 D8                     580 	.db #0xd8	; 216
      000215 08                     581 	.db #0x08	; 8
      000216 A8                     582 	.db #0xa8	; 168
      000217 08                     583 	.db #0x08	; 8
      000218 F8                     584 	.db #0xf8	; 248
      000219 F8                     585 	.db #0xf8	; 248
      00021A F8                     586 	.db #0xf8	; 248
      00021B F8                     587 	.db #0xf8	; 248
      00021C 00                     588 	.db #0x00	; 0
      00021D 00                     589 	.db #0x00	; 0
      00021E 00                     590 	.db #0x00	; 0
      00021F 00                     591 	.db #0x00	; 0
      000220 03                     592 	.db #0x03	; 3
      000221 03                     593 	.db #0x03	; 3
      000222 07                     594 	.db #0x07	; 7
      000223 07                     595 	.db #0x07	; 7
      000224 0B                     596 	.db #0x0b	; 11
      000225 0B                     597 	.db #0x0b	; 11
      000226 1B                     598 	.db #0x1b	; 27
      000227 13                     599 	.db #0x13	; 19
      000228 37                     600 	.db #0x37	; 55	'7'
      000229 33                     601 	.db #0x33	; 51	'3'
      00022A 77                     602 	.db #0x77	; 119	'w'
      00022B 57                     603 	.db #0x57	; 87	'W'
      00022C DF                     604 	.db #0xdf	; 223
      00022D 9F                     605 	.db #0x9f	; 159
      00022E DF                     606 	.db #0xdf	; 223
      00022F 9B                     607 	.db #0x9b	; 155
      000230 BB                     608 	.db #0xbb	; 187
      000231 B3                     609 	.db #0xb3	; 179
      000232 FB                     610 	.db #0xfb	; 251
      000233 F3                     611 	.db #0xf3	; 243
      000234 D6                     612 	.db #0xd6	; 214
      000235 D6                     613 	.db #0xd6	; 214
      000236 DC                     614 	.db #0xdc	; 220
      000237 9C                     615 	.db #0x9c	; 156
      000238 B8                     616 	.db #0xb8	; 184
      000239 98                     617 	.db #0x98	; 152
      00023A B0                     618 	.db #0xb0	; 176
      00023B B0                     619 	.db #0xb0	; 176
      00023C E0                     620 	.db #0xe0	; 224
      00023D E0                     621 	.db #0xe0	; 224
      00023E C0                     622 	.db #0xc0	; 192
      00023F C0                     623 	.db #0xc0	; 192
      000240 FF                     624 	.db #0xff	; 255
      000241 FF                     625 	.db #0xff	; 255
      000242 BF                     626 	.db #0xbf	; 191
      000243 80                     627 	.db #0x80	; 128
      000244 5F                     628 	.db #0x5f	; 95
      000245 40                     629 	.db #0x40	; 64
      000246 6F                     630 	.db #0x6f	; 111	'o'
      000247 60                     631 	.db #0x60	; 96
      000248 70                     632 	.db #0x70	; 112	'p'
      000249 50                     633 	.db #0x50	; 80	'P'
      00024A 7F                     634 	.db #0x7f	; 127
      00024B 5F                     635 	.db #0x5f	; 95
      00024C 7F                     636 	.db #0x7f	; 127
      00024D 50                     637 	.db #0x50	; 80	'P'
      00024E 7F                     638 	.db #0x7f	; 127
      00024F 57                     639 	.db #0x57	; 87	'W'
      000250 7C                     640 	.db #0x7c	; 124
      000251 54                     641 	.db #0x54	; 84	'T'
      000252 7D                     642 	.db #0x7d	; 125
      000253 54                     643 	.db #0x54	; 84	'T'
      000254 7D                     644 	.db #0x7d	; 125
      000255 54                     645 	.db #0x54	; 84	'T'
      000256 7F                     646 	.db #0x7f	; 127
      000257 57                     647 	.db #0x57	; 87	'W'
      000258 7F                     648 	.db #0x7f	; 127
      000259 50                     649 	.db #0x50	; 80	'P'
      00025A 7F                     650 	.db #0x7f	; 127
      00025B 57                     651 	.db #0x57	; 87	'W'
      00025C 7C                     652 	.db #0x7c	; 124
      00025D 54                     653 	.db #0x54	; 84	'T'
      00025E 7D                     654 	.db #0x7d	; 125
      00025F 54                     655 	.db #0x54	; 84	'T'
      000260 7D                     656 	.db #0x7d	; 125
      000261 54                     657 	.db #0x54	; 84	'T'
      000262 7F                     658 	.db #0x7f	; 127
      000263 57                     659 	.db #0x57	; 87	'W'
      000264 3F                     660 	.db #0x3f	; 63
      000265 30                     661 	.db #0x30	; 48	'0'
      000266 1F                     662 	.db #0x1f	; 31
      000267 1F                     663 	.db #0x1f	; 31
      000268 00                     664 	.db #0x00	; 0
      000269 00                     665 	.db #0x00	; 0
      00026A 00                     666 	.db #0x00	; 0
      00026B 00                     667 	.db #0x00	; 0
      00026C 00                     668 	.db #0x00	; 0
      00026D 00                     669 	.db #0x00	; 0
      00026E 00                     670 	.db #0x00	; 0
      00026F 00                     671 	.db #0x00	; 0
      000270 FF                     672 	.db #0xff	; 255
      000271 FF                     673 	.db #0xff	; 255
      000272 FF                     674 	.db #0xff	; 255
      000273 00                     675 	.db #0x00	; 0
      000274 FF                     676 	.db #0xff	; 255
      000275 00                     677 	.db #0x00	; 0
      000276 FF                     678 	.db #0xff	; 255
      000277 00                     679 	.db #0x00	; 0
      000278 00                     680 	.db #0x00	; 0
      000279 00                     681 	.db #0x00	; 0
      00027A FF                     682 	.db #0xff	; 255
      00027B FF                     683 	.db #0xff	; 255
      00027C FF                     684 	.db #0xff	; 255
      00027D 00                     685 	.db #0x00	; 0
      00027E FF                     686 	.db #0xff	; 255
      00027F FF                     687 	.db #0xff	; 255
      000280 00                     688 	.db #0x00	; 0
      000281 00                     689 	.db #0x00	; 0
      000282 FF                     690 	.db #0xff	; 255
      000283 18                     691 	.db #0x18	; 24
      000284 FF                     692 	.db #0xff	; 255
      000285 00                     693 	.db #0x00	; 0
      000286 FF                     694 	.db #0xff	; 255
      000287 FF                     695 	.db #0xff	; 255
      000288 FF                     696 	.db #0xff	; 255
      000289 00                     697 	.db #0x00	; 0
      00028A FF                     698 	.db #0xff	; 255
      00028B FF                     699 	.db #0xff	; 255
      00028C 00                     700 	.db #0x00	; 0
      00028D 00                     701 	.db #0x00	; 0
      00028E FF                     702 	.db #0xff	; 255
      00028F 18                     703 	.db #0x18	; 24
      000290 FF                     704 	.db #0xff	; 255
      000291 00                     705 	.db #0x00	; 0
      000292 FF                     706 	.db #0xff	; 255
      000293 FF                     707 	.db #0xff	; 255
      000294 FF                     708 	.db #0xff	; 255
      000295 00                     709 	.db #0x00	; 0
      000296 FF                     710 	.db #0xff	; 255
      000297 FF                     711 	.db #0xff	; 255
      000298 00                     712 	.db #0x00	; 0
      000299 00                     713 	.db #0x00	; 0
      00029A 00                     714 	.db #0x00	; 0
      00029B 00                     715 	.db #0x00	; 0
      00029C 00                     716 	.db #0x00	; 0
      00029D 00                     717 	.db #0x00	; 0
      00029E 00                     718 	.db #0x00	; 0
      00029F 00                     719 	.db #0x00	; 0
      0002A0 00                     720 	.db #0x00	; 0
      0002A1 00                     721 	.db #0x00	; 0
      0002A2 80                     722 	.db #0x80	; 128
      0002A3 80                     723 	.db #0x80	; 128
      0002A4 C0                     724 	.db #0xc0	; 192
      0002A5 40                     725 	.db #0x40	; 64
      0002A6 E0                     726 	.db #0xe0	; 224
      0002A7 20                     727 	.db #0x20	; 32
      0002A8 10                     728 	.db #0x10	; 16
      0002A9 10                     729 	.db #0x10	; 16
      0002AA F0                     730 	.db #0xf0	; 240
      0002AB F0                     731 	.db #0xf0	; 240
      0002AC E0                     732 	.db #0xe0	; 224
      0002AD 20                     733 	.db #0x20	; 32
      0002AE E0                     734 	.db #0xe0	; 224
      0002AF A0                     735 	.db #0xa0	; 160
      0002B0 E0                     736 	.db #0xe0	; 224
      0002B1 A0                     737 	.db #0xa0	; 160
      0002B2 E0                     738 	.db #0xe0	; 224
      0002B3 A0                     739 	.db #0xa0	; 160
      0002B4 E0                     740 	.db #0xe0	; 224
      0002B5 A0                     741 	.db #0xa0	; 160
      0002B6 E0                     742 	.db #0xe0	; 224
      0002B7 A0                     743 	.db #0xa0	; 160
      0002B8 E0                     744 	.db #0xe0	; 224
      0002B9 20                     745 	.db #0x20	; 32
      0002BA E0                     746 	.db #0xe0	; 224
      0002BB A0                     747 	.db #0xa0	; 160
      0002BC E0                     748 	.db #0xe0	; 224
      0002BD A0                     749 	.db #0xa0	; 160
      0002BE E0                     750 	.db #0xe0	; 224
      0002BF A0                     751 	.db #0xa0	; 160
      0002C0 E0                     752 	.db #0xe0	; 224
      0002C1 A0                     753 	.db #0xa0	; 160
      0002C2 E0                     754 	.db #0xe0	; 224
      0002C3 A0                     755 	.db #0xa0	; 160
      0002C4 E0                     756 	.db #0xe0	; 224
      0002C5 20                     757 	.db #0x20	; 32
      0002C6 E0                     758 	.db #0xe0	; 224
      0002C7 E0                     759 	.db #0xe0	; 224
      0002C8 00                     760 	.db #0x00	; 0
      0002C9 00                     761 	.db #0x00	; 0
      0002CA 00                     762 	.db #0x00	; 0
      0002CB 00                     763 	.db #0x00	; 0
      0002CC 00                     764 	.db #0x00	; 0
      0002CD 00                     765 	.db #0x00	; 0
      0002CE 00                     766 	.db #0x00	; 0
      0002CF 00                     767 	.db #0x00	; 0
      0002D0 00                     768 	.db #0x00	; 0
      0002D1 00                     769 	.db #0x00	; 0
      0002D2 00                     770 	.db #0x00	; 0
      0002D3 00                     771 	.db #0x00	; 0
      0002D4 00                     772 	.db #0x00	; 0
      0002D5 00                     773 	.db #0x00	; 0
      0002D6 00                     774 	.db #0x00	; 0
      0002D7 00                     775 	.db #0x00	; 0
      0002D8 00                     776 	.db #0x00	; 0
      0002D9 00                     777 	.db #0x00	; 0
      0002DA 01                     778 	.db #0x01	; 1
      0002DB 01                     779 	.db #0x01	; 1
      0002DC 02                     780 	.db #0x02	; 2
      0002DD 02                     781 	.db #0x02	; 2
      0002DE 05                     782 	.db #0x05	; 5
      0002DF 05                     783 	.db #0x05	; 5
      0002E0 0A                     784 	.db #0x0a	; 10
      0002E1 0B                     785 	.db #0x0b	; 11
      0002E2 14                     786 	.db #0x14	; 20
      0002E3 17                     787 	.db #0x17	; 23
      0002E4 29                     788 	.db #0x29	; 41
      0002E5 2F                     789 	.db #0x2f	; 47
      0002E6 52                     790 	.db #0x52	; 82	'R'
      0002E7 5E                     791 	.db #0x5e	; 94
      0002E8 A4                     792 	.db #0xa4	; 164
      0002E9 BC                     793 	.db #0xbc	; 188
      0002EA C8                     794 	.db #0xc8	; 200
      0002EB F8                     795 	.db #0xf8	; 248
      0002EC C8                     796 	.db #0xc8	; 200
      0002ED F8                     797 	.db #0xf8	; 248
      0002EE C8                     798 	.db #0xc8	; 200
      0002EF FA                     799 	.db #0xfa	; 250
      0002F0 CC                     800 	.db #0xcc	; 204
      0002F1 FD                     801 	.db #0xfd	; 253
      0002F2 DF                     802 	.db #0xdf	; 223
      0002F3 F3                     803 	.db #0xf3	; 243
      0002F4 FF                     804 	.db #0xff	; 255
      0002F5 E1                     805 	.db #0xe1	; 225
      0002F6 FF                     806 	.db #0xff	; 255
      0002F7 FF                     807 	.db #0xff	; 255
      0002F8 FF                     808 	.db #0xff	; 255
      0002F9 C1                     809 	.db #0xc1	; 193
      0002FA FF                     810 	.db #0xff	; 255
      0002FB C1                     811 	.db #0xc1	; 193
      0002FC FF                     812 	.db #0xff	; 255
      0002FD FF                     813 	.db #0xff	; 255
      0002FE 81                     814 	.db #0x81	; 129
      0002FF 81                     815 	.db #0x81	; 129
      000300 00                     816 	.db #0x00	; 0
      000301 00                     817 	.db #0x00	; 0
      000302 00                     818 	.db #0x00	; 0
      000303 00                     819 	.db #0x00	; 0
      000304 30                     820 	.db #0x30	; 48	'0'
      000305 30                     821 	.db #0x30	; 48	'0'
      000306 50                     822 	.db #0x50	; 80	'P'
      000307 50                     823 	.db #0x50	; 80	'P'
      000308 B0                     824 	.db #0xb0	; 176
      000309 B0                     825 	.db #0xb0	; 176
      00030A 50                     826 	.db #0x50	; 80	'P'
      00030B 70                     827 	.db #0x70	; 112	'p'
      00030C 90                     828 	.db #0x90	; 144
      00030D F0                     829 	.db #0xf0	; 240
      00030E 10                     830 	.db #0x10	; 16
      00030F F0                     831 	.db #0xf0	; 240
      000310 78                     832 	.db #0x78	; 120	'x'
      000311 78                     833 	.db #0x78	; 120	'x'
      000312 8F                     834 	.db #0x8f	; 143
      000313 8F                     835 	.db #0x8f	; 143
      000314 07                     836 	.db #0x07	; 7
      000315 25                     837 	.db #0x25	; 37
      000316 06                     838 	.db #0x06	; 6
      000317 26                     839 	.db #0x26	; 38
      000318 04                     840 	.db #0x04	; 4
      000319 4C                     841 	.db #0x4c	; 76	'L'
      00031A 09                     842 	.db #0x09	; 9
      00031B 19                     843 	.db #0x19	; 25
      00031C 13                     844 	.db #0x13	; 19
      00031D 32                     845 	.db #0x32	; 50	'2'
      00031E 27                     846 	.db #0x27	; 39
      00031F 64                     847 	.db #0x64	; 100	'd'
      000320 4F                     848 	.db #0x4f	; 79	'O'
      000321 C8                     849 	.db #0xc8	; 200
      000322 9F                     850 	.db #0x9f	; 159
      000323 90                     851 	.db #0x90	; 144
      000324 3F                     852 	.db #0x3f	; 63
      000325 20                     853 	.db #0x20	; 32
      000326 FF                     854 	.db #0xff	; 255
      000327 FF                     855 	.db #0xff	; 255
      000328 3F                     856 	.db #0x3f	; 63
      000329 20                     857 	.db #0x20	; 32
      00032A 3F                     858 	.db #0x3f	; 63
      00032B 20                     859 	.db #0x20	; 32
      00032C 3F                     860 	.db #0x3f	; 63
      00032D 20                     861 	.db #0x20	; 32
      00032E FF                     862 	.db #0xff	; 255
      00032F FF                     863 	.db #0xff	; 255
      000330 70                     864 	.db #0x70	; 112	'p'
      000331 70                     865 	.db #0x70	; 112	'p'
      000332 9F                     866 	.db #0x9f	; 159
      000333 9F                     867 	.db #0x9f	; 159
      000334 3F                     868 	.db #0x3f	; 63
      000335 20                     869 	.db #0x20	; 32
      000336 7F                     870 	.db #0x7f	; 127
      000337 40                     871 	.db #0x40	; 64
      000338 FF                     872 	.db #0xff	; 255
      000339 80                     873 	.db #0x80	; 128
      00033A FF                     874 	.db #0xff	; 255
      00033B 00                     875 	.db #0x00	; 0
      00033C FF                     876 	.db #0xff	; 255
      00033D 00                     877 	.db #0x00	; 0
      00033E FF                     878 	.db #0xff	; 255
      00033F 01                     879 	.db #0x01	; 1
      000340 FE                     880 	.db #0xfe	; 254
      000341 02                     881 	.db #0x02	; 2
      000342 FD                     882 	.db #0xfd	; 253
      000343 05                     883 	.db #0x05	; 5
      000344 FE                     884 	.db #0xfe	; 254
      000345 07                     885 	.db #0x07	; 7
      000346 FC                     886 	.db #0xfc	; 252
      000347 FF                     887 	.db #0xff	; 255
      000348 FC                     888 	.db #0xfc	; 252
      000349 07                     889 	.db #0x07	; 7
      00034A FC                     890 	.db #0xfc	; 252
      00034B 07                     891 	.db #0x07	; 7
      00034C FD                     892 	.db #0xfd	; 253
      00034D 07                     893 	.db #0x07	; 7
      00034E FE                     894 	.db #0xfe	; 254
      00034F FE                     895 	.db #0xfe	; 254
      000350 03                     896 	.db #0x03	; 3
      000351 03                     897 	.db #0x03	; 3
      000352 FD                     898 	.db #0xfd	; 253
      000353 FD                     899 	.db #0xfd	; 253
      000354 FB                     900 	.db #0xfb	; 251
      000355 0B                     901 	.db #0x0b	; 11
      000356 F5                     902 	.db #0xf5	; 245
      000357 17                     903 	.db #0x17	; 23
      000358 E9                     904 	.db #0xe9	; 233
      000359 2F                     905 	.db #0x2f	; 47
      00035A D1                     906 	.db #0xd1	; 209
      00035B 5F                     907 	.db #0x5f	; 95
      00035C A1                     908 	.db #0xa1	; 161
      00035D BF                     909 	.db #0xbf	; 191
      00035E 42                     910 	.db #0x42	; 66	'B'
      00035F 7E                     911 	.db #0x7e	; 126
      000360 84                     912 	.db #0x84	; 132
      000361 FC                     913 	.db #0xfc	; 252
      000362 08                     914 	.db #0x08	; 8
      000363 F8                     915 	.db #0xf8	; 248
      000364 10                     916 	.db #0x10	; 16
      000365 F0                     917 	.db #0xf0	; 240
      000366 20                     918 	.db #0x20	; 32
      000367 E0                     919 	.db #0xe0	; 224
      000368 40                     920 	.db #0x40	; 64
      000369 C0                     921 	.db #0xc0	; 192
      00036A 80                     922 	.db #0x80	; 128
      00036B 80                     923 	.db #0x80	; 128
      00036C 00                     924 	.db #0x00	; 0
      00036D 00                     925 	.db #0x00	; 0
      00036E 00                     926 	.db #0x00	; 0
      00036F 00                     927 	.db #0x00	; 0
      000370 40                     928 	.db #0x40	; 64
      000371 7F                     929 	.db #0x7f	; 127
      000372 40                     930 	.db #0x40	; 64
      000373 7F                     931 	.db #0x7f	; 127
      000374 40                     932 	.db #0x40	; 64
      000375 7F                     933 	.db #0x7f	; 127
      000376 40                     934 	.db #0x40	; 64
      000377 7F                     935 	.db #0x7f	; 127
      000378 40                     936 	.db #0x40	; 64
      000379 7F                     937 	.db #0x7f	; 127
      00037A 40                     938 	.db #0x40	; 64
      00037B 7F                     939 	.db #0x7f	; 127
      00037C 40                     940 	.db #0x40	; 64
      00037D 7F                     941 	.db #0x7f	; 127
      00037E 40                     942 	.db #0x40	; 64
      00037F 7F                     943 	.db #0x7f	; 127
      000380 60                     944 	.db #0x60	; 96
      000381 7F                     945 	.db #0x7f	; 127
      000382 60                     946 	.db #0x60	; 96
      000383 7F                     947 	.db #0x7f	; 127
      000384 7E                     948 	.db #0x7e	; 126
      000385 7F                     949 	.db #0x7f	; 127
      000386 7E                     950 	.db #0x7e	; 126
      000387 67                     951 	.db #0x67	; 103	'g'
      000388 7B                     952 	.db #0x7b	; 123
      000389 4F                     953 	.db #0x4f	; 79	'O'
      00038A 73                     954 	.db #0x73	; 115	's'
      00038B 5E                     955 	.db #0x5e	; 94
      00038C 67                     956 	.db #0x67	; 103	'g'
      00038D 7C                     957 	.db #0x7c	; 124
      00038E 4F                     958 	.db #0x4f	; 79	'O'
      00038F 79                     959 	.db #0x79	; 121	'y'
      000390 5E                     960 	.db #0x5e	; 94
      000391 73                     961 	.db #0x73	; 115	's'
      000392 7C                     962 	.db #0x7c	; 124
      000393 67                     963 	.db #0x67	; 103	'g'
      000394 79                     964 	.db #0x79	; 121	'y'
      000395 4F                     965 	.db #0x4f	; 79	'O'
      000396 73                     966 	.db #0x73	; 115	's'
      000397 5E                     967 	.db #0x5e	; 94
      000398 67                     968 	.db #0x67	; 103	'g'
      000399 7C                     969 	.db #0x7c	; 124
      00039A 4F                     970 	.db #0x4f	; 79	'O'
      00039B 79                     971 	.db #0x79	; 121	'y'
      00039C 5E                     972 	.db #0x5e	; 94
      00039D 73                     973 	.db #0x73	; 115	's'
      00039E 7C                     974 	.db #0x7c	; 124
      00039F 67                     975 	.db #0x67	; 103	'g'
      0003A0 79                     976 	.db #0x79	; 121	'y'
      0003A1 4F                     977 	.db #0x4f	; 79	'O'
      0003A2 72                     978 	.db #0x72	; 114	'r'
      0003A3 5E                     979 	.db #0x5e	; 94
      0003A4 64                     980 	.db #0x64	; 100	'd'
      0003A5 7C                     981 	.db #0x7c	; 124
      0003A6 48                     982 	.db #0x48	; 72	'H'
      0003A7 78                     983 	.db #0x78	; 120	'x'
      0003A8 50                     984 	.db #0x50	; 80	'P'
      0003A9 70                     985 	.db #0x70	; 112	'p'
      0003AA 60                     986 	.db #0x60	; 96
      0003AB 60                     987 	.db #0x60	; 96
      0003AC 40                     988 	.db #0x40	; 64
      0003AD 40                     989 	.db #0x40	; 64
      0003AE 40                     990 	.db #0x40	; 64
      0003AF 40                     991 	.db #0x40	; 64
      0003B0 02                     992 	.db #0x02	; 2
      0003B1 FE                     993 	.db #0xfe	; 254
      0003B2 02                     994 	.db #0x02	; 2
      0003B3 FE                     995 	.db #0xfe	; 254
      0003B4 02                     996 	.db #0x02	; 2
      0003B5 FE                     997 	.db #0xfe	; 254
      0003B6 02                     998 	.db #0x02	; 2
      0003B7 FE                     999 	.db #0xfe	; 254
      0003B8 02                    1000 	.db #0x02	; 2
      0003B9 FE                    1001 	.db #0xfe	; 254
      0003BA 02                    1002 	.db #0x02	; 2
      0003BB FE                    1003 	.db #0xfe	; 254
      0003BC 02                    1004 	.db #0x02	; 2
      0003BD FE                    1005 	.db #0xfe	; 254
      0003BE 02                    1006 	.db #0x02	; 2
      0003BF FE                    1007 	.db #0xfe	; 254
      0003C0 02                    1008 	.db #0x02	; 2
      0003C1 FE                    1009 	.db #0xfe	; 254
      0003C2 02                    1010 	.db #0x02	; 2
      0003C3 FE                    1011 	.db #0xfe	; 254
      0003C4 02                    1012 	.db #0x02	; 2
      0003C5 FE                    1013 	.db #0xfe	; 254
      0003C6 02                    1014 	.db #0x02	; 2
      0003C7 FE                    1015 	.db #0xfe	; 254
      0003C8 E2                    1016 	.db #0xe2	; 226
      0003C9 FE                    1017 	.db #0xfe	; 254
      0003CA E2                    1018 	.db #0xe2	; 226
      0003CB 7E                    1019 	.db #0x7e	; 126
      0003CC BE                    1020 	.db #0xbe	; 190
      0003CD FE                    1021 	.db #0xfe	; 254
      0003CE 3E                    1022 	.db #0x3e	; 62
      0003CF E6                    1023 	.db #0xe6	; 230
      0003D0 7B                    1024 	.db #0x7b	; 123
      0003D1 CF                    1025 	.db #0xcf	; 207
      0003D2 F2                    1026 	.db #0xf2	; 242
      0003D3 9E                    1027 	.db #0x9e	; 158
      0003D4 E4                    1028 	.db #0xe4	; 228
      0003D5 3C                    1029 	.db #0x3c	; 60
      0003D6 C8                    1030 	.db #0xc8	; 200
      0003D7 78                    1031 	.db #0x78	; 120	'x'
      0003D8 90                    1032 	.db #0x90	; 144
      0003D9 F0                    1033 	.db #0xf0	; 240
      0003DA 20                    1034 	.db #0x20	; 32
      0003DB E0                    1035 	.db #0xe0	; 224
      0003DC 40                    1036 	.db #0x40	; 64
      0003DD C0                    1037 	.db #0xc0	; 192
      0003DE 80                    1038 	.db #0x80	; 128
      0003DF 80                    1039 	.db #0x80	; 128
      0003E0 40                    1040 	.db #0x40	; 64
      0003E1 7F                    1041 	.db #0x7f	; 127
      0003E2 40                    1042 	.db #0x40	; 64
      0003E3 7F                    1043 	.db #0x7f	; 127
      0003E4 40                    1044 	.db #0x40	; 64
      0003E5 7F                    1045 	.db #0x7f	; 127
      0003E6 40                    1046 	.db #0x40	; 64
      0003E7 7F                    1047 	.db #0x7f	; 127
      0003E8 41                    1048 	.db #0x41	; 65	'A'
      0003E9 7F                    1049 	.db #0x7f	; 127
      0003EA 4F                    1050 	.db #0x4f	; 79	'O'
      0003EB 7E                    1051 	.db #0x7e	; 126
      0003EC 5F                    1052 	.db #0x5f	; 95
      0003ED 75                    1053 	.db #0x75	; 117	'u'
      0003EE 7F                    1054 	.db #0x7f	; 127
      0003EF 6A                    1055 	.db #0x6a	; 106	'j'
      0003F0 7F                    1056 	.db #0x7f	; 127
      0003F1 55                    1057 	.db #0x55	; 85	'U'
      0003F2 7E                    1058 	.db #0x7e	; 126
      0003F3 6A                    1059 	.db #0x6a	; 106	'j'
      0003F4 7C                    1060 	.db #0x7c	; 124
      0003F5 54                    1061 	.db #0x54	; 84	'T'
      0003F6 78                    1062 	.db #0x78	; 120	'x'
      0003F7 68                    1063 	.db #0x68	; 104	'h'
      0003F8 70                    1064 	.db #0x70	; 112	'p'
      0003F9 50                    1065 	.db #0x50	; 80	'P'
      0003FA 60                    1066 	.db #0x60	; 96
      0003FB 60                    1067 	.db #0x60	; 96
      0003FC 40                    1068 	.db #0x40	; 64
      0003FD 40                    1069 	.db #0x40	; 64
      0003FE 40                    1070 	.db #0x40	; 64
      0003FF 40                    1071 	.db #0x40	; 64
      000400 03                    1072 	.db #0x03	; 3
      000401 FF                    1073 	.db #0xff	; 255
      000402 0E                    1074 	.db #0x0e	; 14
      000403 FE                    1075 	.db #0xfe	; 254
      000404 1C                    1076 	.db #0x1c	; 28
      000405 F4                    1077 	.db #0xf4	; 244
      000406 F8                    1078 	.db #0xf8	; 248
      000407 E8                    1079 	.db #0xe8	; 232
      000408 F0                    1080 	.db #0xf0	; 240
      000409 50                    1081 	.db #0x50	; 80	'P'
      00040A E0                    1082 	.db #0xe0	; 224
      00040B A0                    1083 	.db #0xa0	; 160
      00040C C0                    1084 	.db #0xc0	; 192
      00040D 40                    1085 	.db #0x40	; 64
      00040E 80                    1086 	.db #0x80	; 128
      00040F 80                    1087 	.db #0x80	; 128
      000410 06                    1088 	.db #0x06	; 6
      000411 FE                    1089 	.db #0xfe	; 254
      000412 06                    1090 	.db #0x06	; 6
      000413 FE                    1091 	.db #0xfe	; 254
      000414 7E                    1092 	.db #0x7e	; 126
      000415 FE                    1093 	.db #0xfe	; 254
      000416 7E                    1094 	.db #0x7e	; 126
      000417 E6                    1095 	.db #0xe6	; 230
      000418 DE                    1096 	.db #0xde	; 222
      000419 F2                    1097 	.db #0xf2	; 242
      00041A CE                    1098 	.db #0xce	; 206
      00041B 7A                    1099 	.db #0x7a	; 122	'z'
      00041C E6                    1100 	.db #0xe6	; 230
      00041D 3E                    1101 	.db #0x3e	; 62
      00041E F2                    1102 	.db #0xf2	; 242
      00041F 9E                    1103 	.db #0x9e	; 158
      000420 7A                    1104 	.db #0x7a	; 122	'z'
      000421 CE                    1105 	.db #0xce	; 206
      000422 3E                    1106 	.db #0x3e	; 62
      000423 E6                    1107 	.db #0xe6	; 230
      000424 9E                    1108 	.db #0x9e	; 158
      000425 F2                    1109 	.db #0xf2	; 242
      000426 CE                    1110 	.db #0xce	; 206
      000427 7A                    1111 	.db #0x7a	; 122	'z'
      000428 E6                    1112 	.db #0xe6	; 230
      000429 3E                    1113 	.db #0x3e	; 62
      00042A F2                    1114 	.db #0xf2	; 242
      00042B 9E                    1115 	.db #0x9e	; 158
      00042C 7A                    1116 	.db #0x7a	; 122	'z'
      00042D CE                    1117 	.db #0xce	; 206
      00042E 3E                    1118 	.db #0x3e	; 62
      00042F E6                    1119 	.db #0xe6	; 230
      000430 9E                    1120 	.db #0x9e	; 158
      000431 F2                    1121 	.db #0xf2	; 242
      000432 4E                    1122 	.db #0x4e	; 78	'N'
      000433 7A                    1123 	.db #0x7a	; 122	'z'
      000434 26                    1124 	.db #0x26	; 38
      000435 3E                    1125 	.db #0x3e	; 62
      000436 12                    1126 	.db #0x12	; 18
      000437 1E                    1127 	.db #0x1e	; 30
      000438 0A                    1128 	.db #0x0a	; 10
      000439 0E                    1129 	.db #0x0e	; 14
      00043A 06                    1130 	.db #0x06	; 6
      00043B 06                    1131 	.db #0x06	; 6
      00043C 02                    1132 	.db #0x02	; 2
      00043D 02                    1133 	.db #0x02	; 2
      00043E 02                    1134 	.db #0x02	; 2
      00043F 02                    1135 	.db #0x02	; 2
      000440 40                    1136 	.db #0x40	; 64
      000441 7F                    1137 	.db #0x7f	; 127
      000442 40                    1138 	.db #0x40	; 64
      000443 7F                    1139 	.db #0x7f	; 127
      000444 40                    1140 	.db #0x40	; 64
      000445 7F                    1141 	.db #0x7f	; 127
      000446 40                    1142 	.db #0x40	; 64
      000447 7F                    1143 	.db #0x7f	; 127
      000448 47                    1144 	.db #0x47	; 71	'G'
      000449 7F                    1145 	.db #0x7f	; 127
      00044A 47                    1146 	.db #0x47	; 71	'G'
      00044B 7E                    1147 	.db #0x7e	; 126
      00044C 7D                    1148 	.db #0x7d	; 125
      00044D 7F                    1149 	.db #0x7f	; 127
      00044E 7C                    1150 	.db #0x7c	; 124
      00044F 67                    1151 	.db #0x67	; 103	'g'
      000450 DE                    1152 	.db #0xde	; 222
      000451 F3                    1153 	.db #0xf3	; 243
      000452 4F                    1154 	.db #0x4f	; 79	'O'
      000453 79                    1155 	.db #0x79	; 121	'y'
      000454 27                    1156 	.db #0x27	; 39
      000455 3C                    1157 	.db #0x3c	; 60
      000456 13                    1158 	.db #0x13	; 19
      000457 1E                    1159 	.db #0x1e	; 30
      000458 09                    1160 	.db #0x09	; 9
      000459 0F                    1161 	.db #0x0f	; 15
      00045A 04                    1162 	.db #0x04	; 4
      00045B 07                    1163 	.db #0x07	; 7
      00045C 02                    1164 	.db #0x02	; 2
      00045D 03                    1165 	.db #0x03	; 3
      00045E 01                    1166 	.db #0x01	; 1
      00045F 01                    1167 	.db #0x01	; 1
      000460 FF                    1168 	.db #0xff	; 255
      000461 FF                    1169 	.db #0xff	; 255
      000462 01                    1170 	.db #0x01	; 1
      000463 01                    1171 	.db #0x01	; 1
      000464 7F                    1172 	.db #0x7f	; 127
      000465 7F                    1173 	.db #0x7f	; 127
      000466 FF                    1174 	.db #0xff	; 255
      000467 FF                    1175 	.db #0xff	; 255
      000468 FF                    1176 	.db #0xff	; 255
      000469 FF                    1177 	.db #0xff	; 255
      00046A 11                    1178 	.db #0x11	; 17
      00046B 11                    1179 	.db #0x11	; 17
      00046C 77                    1180 	.db #0x77	; 119	'w'
      00046D 77                    1181 	.db #0x77	; 119	'w'
      00046E FF                    1182 	.db #0xff	; 255
      00046F FF                    1183 	.db #0xff	; 255
      000470 FF                    1184 	.db #0xff	; 255
      000471 FF                    1185 	.db #0xff	; 255
      000472 0F                    1186 	.db #0x0f	; 15
      000473 0F                    1187 	.db #0x0f	; 15
      000474 7F                    1188 	.db #0x7f	; 127
      000475 7F                    1189 	.db #0x7f	; 127
      000476 FF                    1190 	.db #0xff	; 255
      000477 FF                    1191 	.db #0xff	; 255
      000478 FF                    1192 	.db #0xff	; 255
      000479 FF                    1193 	.db #0xff	; 255
      00047A 3F                    1194 	.db #0x3f	; 63
      00047B 3F                    1195 	.db #0x3f	; 63
      00047C 7F                    1196 	.db #0x7f	; 127
      00047D 7F                    1197 	.db #0x7f	; 127
      00047E FF                    1198 	.db #0xff	; 255
      00047F FF                    1199 	.db #0xff	; 255
      000480 FF                    1200 	.db #0xff	; 255
      000481 FF                    1201 	.db #0xff	; 255
      000482 80                    1202 	.db #0x80	; 128
      000483 80                    1203 	.db #0x80	; 128
      000484 FE                    1204 	.db #0xfe	; 254
      000485 FE                    1205 	.db #0xfe	; 254
      000486 FF                    1206 	.db #0xff	; 255
      000487 FF                    1207 	.db #0xff	; 255
      000488 FF                    1208 	.db #0xff	; 255
      000489 FF                    1209 	.db #0xff	; 255
      00048A 88                    1210 	.db #0x88	; 136
      00048B 88                    1211 	.db #0x88	; 136
      00048C EE                    1212 	.db #0xee	; 238
      00048D EE                    1213 	.db #0xee	; 238
      00048E FF                    1214 	.db #0xff	; 255
      00048F FF                    1215 	.db #0xff	; 255
      000490 FF                    1216 	.db #0xff	; 255
      000491 FF                    1217 	.db #0xff	; 255
      000492 F0                    1218 	.db #0xf0	; 240
      000493 F0                    1219 	.db #0xf0	; 240
      000494 FE                    1220 	.db #0xfe	; 254
      000495 FE                    1221 	.db #0xfe	; 254
      000496 FF                    1222 	.db #0xff	; 255
      000497 FF                    1223 	.db #0xff	; 255
      000498 FF                    1224 	.db #0xff	; 255
      000499 FF                    1225 	.db #0xff	; 255
      00049A FC                    1226 	.db #0xfc	; 252
      00049B FC                    1227 	.db #0xfc	; 252
      00049C FE                    1228 	.db #0xfe	; 254
      00049D FE                    1229 	.db #0xfe	; 254
      00049E FF                    1230 	.db #0xff	; 255
      00049F FF                    1231 	.db #0xff	; 255
      0004A0 FB                    1232 	.db #0xfb	; 251
      0004A1 FB                    1233 	.db #0xfb	; 251
      0004A2 F7                    1234 	.db #0xf7	; 247
      0004A3 F7                    1235 	.db #0xf7	; 247
      0004A4 FF                    1236 	.db #0xff	; 255
      0004A5 F7                    1237 	.db #0xf7	; 247
      0004A6 FF                    1238 	.db #0xff	; 255
      0004A7 F7                    1239 	.db #0xf7	; 247
      0004A8 BF                    1240 	.db #0xbf	; 191
      0004A9 BF                    1241 	.db #0xbf	; 191
      0004AA 7F                    1242 	.db #0x7f	; 127
      0004AB 7F                    1243 	.db #0x7f	; 127
      0004AC FF                    1244 	.db #0xff	; 255
      0004AD 7F                    1245 	.db #0x7f	; 127
      0004AE FF                    1246 	.db #0xff	; 255
      0004AF 7F                    1247 	.db #0x7f	; 127
      0004B0 DF                    1248 	.db #0xdf	; 223
      0004B1 DF                    1249 	.db #0xdf	; 223
      0004B2 EF                    1250 	.db #0xef	; 239
      0004B3 EF                    1251 	.db #0xef	; 239
      0004B4 FF                    1252 	.db #0xff	; 255
      0004B5 EF                    1253 	.db #0xef	; 239
      0004B6 FF                    1254 	.db #0xff	; 255
      0004B7 EF                    1255 	.db #0xef	; 239
      0004B8 FD                    1256 	.db #0xfd	; 253
      0004B9 FD                    1257 	.db #0xfd	; 253
      0004BA FE                    1258 	.db #0xfe	; 254
      0004BB FE                    1259 	.db #0xfe	; 254
      0004BC FF                    1260 	.db #0xff	; 255
      0004BD FE                    1261 	.db #0xfe	; 254
      0004BE FF                    1262 	.db #0xff	; 255
      0004BF FE                    1263 	.db #0xfe	; 254
      0004C0 FF                    1264 	.db #0xff	; 255
      0004C1 FF                    1265 	.db #0xff	; 255
      0004C2 FF                    1266 	.db #0xff	; 255
      0004C3 FF                    1267 	.db #0xff	; 255
      0004C4 FF                    1268 	.db #0xff	; 255
      0004C5 FF                    1269 	.db #0xff	; 255
      0004C6 FF                    1270 	.db #0xff	; 255
      0004C7 FF                    1271 	.db #0xff	; 255
      0004C8 FF                    1272 	.db #0xff	; 255
      0004C9 FF                    1273 	.db #0xff	; 255
      0004CA FF                    1274 	.db #0xff	; 255
      0004CB FF                    1275 	.db #0xff	; 255
      0004CC FF                    1276 	.db #0xff	; 255
      0004CD FF                    1277 	.db #0xff	; 255
      0004CE FF                    1278 	.db #0xff	; 255
      0004CF FF                    1279 	.db #0xff	; 255
      0004D0 00                    1280 	.db #0x00	; 0
      0004D1 00                    1281 	.db #0x00	; 0
      0004D2 00                    1282 	.db #0x00	; 0
      0004D3 00                    1283 	.db #0x00	; 0
      0004D4 00                    1284 	.db #0x00	; 0
      0004D5 00                    1285 	.db #0x00	; 0
      0004D6 00                    1286 	.db #0x00	; 0
      0004D7 00                    1287 	.db #0x00	; 0
      0004D8 00                    1288 	.db #0x00	; 0
      0004D9 00                    1289 	.db #0x00	; 0
      0004DA 00                    1290 	.db #0x00	; 0
      0004DB 00                    1291 	.db #0x00	; 0
      0004DC 00                    1292 	.db #0x00	; 0
      0004DD 00                    1293 	.db #0x00	; 0
      0004DE 00                    1294 	.db #0x00	; 0
      0004DF 00                    1295 	.db #0x00	; 0
      0004E0 00                    1296 	.db #0x00	; 0
      0004E1 00                    1297 	.db #0x00	; 0
      0004E2 00                    1298 	.db #0x00	; 0
      0004E3 00                    1299 	.db #0x00	; 0
      0004E4 00                    1300 	.db #0x00	; 0
      0004E5 00                    1301 	.db #0x00	; 0
      0004E6 00                    1302 	.db #0x00	; 0
      0004E7 00                    1303 	.db #0x00	; 0
      0004E8 00                    1304 	.db #0x00	; 0
      0004E9 00                    1305 	.db #0x00	; 0
      0004EA 00                    1306 	.db #0x00	; 0
      0004EB 00                    1307 	.db #0x00	; 0
      0004EC 00                    1308 	.db #0x00	; 0
      0004ED 00                    1309 	.db #0x00	; 0
      0004EE 00                    1310 	.db #0x00	; 0
      0004EF 00                    1311 	.db #0x00	; 0
                                   1312 	.area _CABS (ABS)
