                                      1 ;--------------------------------------------------------
                                      2 ; File Created by SDCC : free open source ISO C Compiler 
                                      3 ; Version 4.4.1 #14650 (MINGW64)
                                      4 ;--------------------------------------------------------
                                      5 	.module JohnDoe_Map
                                      6 	.optsdcc -msm83
                                      7 	
                                      8 ;--------------------------------------------------------
                                      9 ; Public variables in this module
                                     10 ;--------------------------------------------------------
                                     11 	.globl _JohnDoe_Map
                                     12 ;--------------------------------------------------------
                                     13 ; special function registers
                                     14 ;--------------------------------------------------------
                                     15 ;--------------------------------------------------------
                                     16 ; ram data
                                     17 ;--------------------------------------------------------
                                     18 	.area _DATA
                                     19 ;--------------------------------------------------------
                                     20 ; ram data
                                     21 ;--------------------------------------------------------
                                     22 	.area _INITIALIZED
                                     23 ;--------------------------------------------------------
                                     24 ; absolute external ram data
                                     25 ;--------------------------------------------------------
                                     26 	.area _DABS (ABS)
                                     27 ;--------------------------------------------------------
                                     28 ; global & static initialisations
                                     29 ;--------------------------------------------------------
                                     30 	.area _HOME
                                     31 	.area _GSINIT
                                     32 	.area _GSFINAL
                                     33 	.area _GSINIT
                                     34 ;--------------------------------------------------------
                                     35 ; Home
                                     36 ;--------------------------------------------------------
                                     37 	.area _HOME
                                     38 	.area _HOME
                                     39 ;--------------------------------------------------------
                                     40 ; code
                                     41 ;--------------------------------------------------------
                                     42 	.area _CODE
                                     43 	.area _CODE
                         00000000    44 G$JohnDoe_Map$0_0$0 == .
    00000000                         45 _JohnDoe_Map:
    00000000 00                      46 	.db #0x00	; 0
    00000001 00                      47 	.db #0x00	; 0
    00000002 00                      48 	.db #0x00	; 0
    00000003 00                      49 	.db #0x00	; 0
    00000004 00                      50 	.db #0x00	; 0
    00000005 00                      51 	.db #0x00	; 0
    00000006 00                      52 	.db #0x00	; 0
    00000007 00                      53 	.db #0x00	; 0
    00000008 00                      54 	.db #0x00	; 0
    00000009 00                      55 	.db #0x00	; 0
    0000000A 00                      56 	.db #0x00	; 0
    0000000B 00                      57 	.db #0x00	; 0
    0000000C 00                      58 	.db #0x00	; 0
    0000000D 00                      59 	.db #0x00	; 0
    0000000E 00                      60 	.db #0x00	; 0
    0000000F 00                      61 	.db #0x00	; 0
    00000010 00                      62 	.db #0x00	; 0
    00000011 00                      63 	.db #0x00	; 0
    00000012 00                      64 	.db #0x00	; 0
    00000013 00                      65 	.db #0x00	; 0
    00000014 00                      66 	.db #0x00	; 0
    00000015 00                      67 	.db #0x00	; 0
    00000016 00                      68 	.db #0x00	; 0
    00000017 00                      69 	.db #0x00	; 0
    00000018 00                      70 	.db #0x00	; 0
    00000019 00                      71 	.db #0x00	; 0
    0000001A 00                      72 	.db #0x00	; 0
    0000001B 00                      73 	.db #0x00	; 0
    0000001C 00                      74 	.db #0x00	; 0
    0000001D 00                      75 	.db #0x00	; 0
    0000001E 00                      76 	.db #0x00	; 0
    0000001F 00                      77 	.db #0x00	; 0
    00000020 00                      78 	.db #0x00	; 0
    00000021 00                      79 	.db #0x00	; 0
    00000022 00                      80 	.db #0x00	; 0
    00000023 00                      81 	.db #0x00	; 0
    00000024 00                      82 	.db #0x00	; 0
    00000025 00                      83 	.db #0x00	; 0
    00000026 00                      84 	.db #0x00	; 0
    00000027 00                      85 	.db #0x00	; 0
    00000028 00                      86 	.db #0x00	; 0
    00000029 00                      87 	.db #0x00	; 0
    0000002A 00                      88 	.db #0x00	; 0
    0000002B 00                      89 	.db #0x00	; 0
    0000002C 00                      90 	.db #0x00	; 0
    0000002D 00                      91 	.db #0x00	; 0
    0000002E 00                      92 	.db #0x00	; 0
    0000002F 00                      93 	.db #0x00	; 0
    00000030 00                      94 	.db #0x00	; 0
    00000031 00                      95 	.db #0x00	; 0
    00000032 00                      96 	.db #0x00	; 0
    00000033 00                      97 	.db #0x00	; 0
    00000034 00                      98 	.db #0x00	; 0
    00000035 00                      99 	.db #0x00	; 0
    00000036 00                     100 	.db #0x00	; 0
    00000037 00                     101 	.db #0x00	; 0
    00000038 00                     102 	.db #0x00	; 0
    00000039 00                     103 	.db #0x00	; 0
    0000003A 00                     104 	.db #0x00	; 0
    0000003B 00                     105 	.db #0x00	; 0
    0000003C 00                     106 	.db #0x00	; 0
    0000003D 00                     107 	.db #0x00	; 0
    0000003E 00                     108 	.db #0x00	; 0
    0000003F 00                     109 	.db #0x00	; 0
    00000040 00                     110 	.db #0x00	; 0
    00000041 00                     111 	.db #0x00	; 0
    00000042 00                     112 	.db #0x00	; 0
    00000043 09                     113 	.db #0x09	; 9
    00000044 14                     114 	.db #0x14	; 20
    00000045 00                     115 	.db #0x00	; 0
    00000046 00                     116 	.db #0x00	; 0
    00000047 34                     117 	.db #0x34	; 52	'4'
    00000048 40                     118 	.db #0x40	; 64
    00000049 4A                     119 	.db #0x4a	; 74	'J'
    0000004A 00                     120 	.db #0x00	; 0
    0000004B 00                     121 	.db #0x00	; 0
    0000004C 00                     122 	.db #0x00	; 0
    0000004D 00                     123 	.db #0x00	; 0
    0000004E 00                     124 	.db #0x00	; 0
    0000004F 00                     125 	.db #0x00	; 0
    00000050 00                     126 	.db #0x00	; 0
    00000051 00                     127 	.db #0x00	; 0
    00000052 00                     128 	.db #0x00	; 0
    00000053 00                     129 	.db #0x00	; 0
    00000054 00                     130 	.db #0x00	; 0
    00000055 00                     131 	.db #0x00	; 0
    00000056 00                     132 	.db #0x00	; 0
    00000057 0A                     133 	.db #0x0a	; 10
    00000058 15                     134 	.db #0x15	; 21
    00000059 00                     135 	.db #0x00	; 0
    0000005A 00                     136 	.db #0x00	; 0
    0000005B 35                     137 	.db #0x35	; 53	'5'
    0000005C 41                     138 	.db #0x41	; 65	'A'
    0000005D 4B                     139 	.db #0x4b	; 75	'K'
    0000005E 00                     140 	.db #0x00	; 0
    0000005F 00                     141 	.db #0x00	; 0
    00000060 00                     142 	.db #0x00	; 0
    00000061 00                     143 	.db #0x00	; 0
    00000062 00                     144 	.db #0x00	; 0
    00000063 00                     145 	.db #0x00	; 0
    00000064 00                     146 	.db #0x00	; 0
    00000065 00                     147 	.db #0x00	; 0
    00000066 00                     148 	.db #0x00	; 0
    00000067 00                     149 	.db #0x00	; 0
    00000068 00                     150 	.db #0x00	; 0
    00000069 00                     151 	.db #0x00	; 0
    0000006A 04                     152 	.db #0x04	; 4
    0000006B 0B                     153 	.db #0x0b	; 11
    0000006C 16                     154 	.db #0x16	; 22
    0000006D 20                     155 	.db #0x20	; 32
    0000006E 2A                     156 	.db #0x2a	; 42
    0000006F 36                     157 	.db #0x36	; 54	'6'
    00000070 42                     158 	.db #0x42	; 66	'B'
    00000071 4C                     159 	.db #0x4c	; 76	'L'
    00000072 00                     160 	.db #0x00	; 0
    00000073 00                     161 	.db #0x00	; 0
    00000074 00                     162 	.db #0x00	; 0
    00000075 00                     163 	.db #0x00	; 0
    00000076 00                     164 	.db #0x00	; 0
    00000077 00                     165 	.db #0x00	; 0
    00000078 00                     166 	.db #0x00	; 0
    00000079 00                     167 	.db #0x00	; 0
    0000007A 00                     168 	.db #0x00	; 0
    0000007B 00                     169 	.db #0x00	; 0
    0000007C 00                     170 	.db #0x00	; 0
    0000007D 02                     171 	.db #0x02	; 2
    0000007E 05                     172 	.db #0x05	; 5
    0000007F 0C                     173 	.db #0x0c	; 12
    00000080 17                     174 	.db #0x17	; 23
    00000081 21                     175 	.db #0x21	; 33
    00000082 2B                     176 	.db #0x2b	; 43
    00000083 37                     177 	.db #0x37	; 55	'7'
    00000084 43                     178 	.db #0x43	; 67	'C'
    00000085 00                     179 	.db #0x00	; 0
    00000086 00                     180 	.db #0x00	; 0
    00000087 00                     181 	.db #0x00	; 0
    00000088 00                     182 	.db #0x00	; 0
    00000089 00                     183 	.db #0x00	; 0
    0000008A 00                     184 	.db #0x00	; 0
    0000008B 00                     185 	.db #0x00	; 0
    0000008C 00                     186 	.db #0x00	; 0
    0000008D 00                     187 	.db #0x00	; 0
    0000008E 00                     188 	.db #0x00	; 0
    0000008F 00                     189 	.db #0x00	; 0
    00000090 01                     190 	.db #0x01	; 1
    00000091 03                     191 	.db #0x03	; 3
    00000092 06                     192 	.db #0x06	; 6
    00000093 0D                     193 	.db #0x0d	; 13
    00000094 18                     194 	.db #0x18	; 24
    00000095 22                     195 	.db #0x22	; 34
    00000096 2C                     196 	.db #0x2c	; 44
    00000097 38                     197 	.db #0x38	; 56	'8'
    00000098 00                     198 	.db #0x00	; 0
    00000099 00                     199 	.db #0x00	; 0
    0000009A 00                     200 	.db #0x00	; 0
    0000009B 00                     201 	.db #0x00	; 0
    0000009C 00                     202 	.db #0x00	; 0
    0000009D 00                     203 	.db #0x00	; 0
    0000009E 00                     204 	.db #0x00	; 0
    0000009F 00                     205 	.db #0x00	; 0
    000000A0 00                     206 	.db #0x00	; 0
    000000A1 00                     207 	.db #0x00	; 0
    000000A2 00                     208 	.db #0x00	; 0
    000000A3 00                     209 	.db #0x00	; 0
    000000A4 00                     210 	.db #0x00	; 0
    000000A5 00                     211 	.db #0x00	; 0
    000000A6 00                     212 	.db #0x00	; 0
    000000A7 00                     213 	.db #0x00	; 0
    000000A8 19                     214 	.db #0x19	; 25
    000000A9 23                     215 	.db #0x23	; 35
    000000AA 2D                     216 	.db #0x2d	; 45
    000000AB 39                     217 	.db #0x39	; 57	'9'
    000000AC 00                     218 	.db #0x00	; 0
    000000AD 00                     219 	.db #0x00	; 0
    000000AE 00                     220 	.db #0x00	; 0
    000000AF 00                     221 	.db #0x00	; 0
    000000B0 00                     222 	.db #0x00	; 0
    000000B1 00                     223 	.db #0x00	; 0
    000000B2 00                     224 	.db #0x00	; 0
    000000B3 00                     225 	.db #0x00	; 0
    000000B4 00                     226 	.db #0x00	; 0
    000000B5 00                     227 	.db #0x00	; 0
    000000B6 00                     228 	.db #0x00	; 0
    000000B7 00                     229 	.db #0x00	; 0
    000000B8 00                     230 	.db #0x00	; 0
    000000B9 00                     231 	.db #0x00	; 0
    000000BA 00                     232 	.db #0x00	; 0
    000000BB 0E                     233 	.db #0x0e	; 14
    000000BC 1A                     234 	.db #0x1a	; 26
    000000BD 24                     235 	.db #0x24	; 36
    000000BE 2E                     236 	.db #0x2e	; 46
    000000BF 3A                     237 	.db #0x3a	; 58
    000000C0 44                     238 	.db #0x44	; 68	'D'
    000000C1 00                     239 	.db #0x00	; 0
    000000C2 00                     240 	.db #0x00	; 0
    000000C3 00                     241 	.db #0x00	; 0
    000000C4 00                     242 	.db #0x00	; 0
    000000C5 00                     243 	.db #0x00	; 0
    000000C6 00                     244 	.db #0x00	; 0
    000000C7 00                     245 	.db #0x00	; 0
    000000C8 00                     246 	.db #0x00	; 0
    000000C9 00                     247 	.db #0x00	; 0
    000000CA 00                     248 	.db #0x00	; 0
    000000CB 00                     249 	.db #0x00	; 0
    000000CC 00                     250 	.db #0x00	; 0
    000000CD 00                     251 	.db #0x00	; 0
    000000CE 00                     252 	.db #0x00	; 0
    000000CF 0F                     253 	.db #0x0f	; 15
    000000D0 1B                     254 	.db #0x1b	; 27
    000000D1 25                     255 	.db #0x25	; 37
    000000D2 2F                     256 	.db #0x2f	; 47
    000000D3 3B                     257 	.db #0x3b	; 59
    000000D4 45                     258 	.db #0x45	; 69	'E'
    000000D5 00                     259 	.db #0x00	; 0
    000000D6 00                     260 	.db #0x00	; 0
    000000D7 00                     261 	.db #0x00	; 0
    000000D8 00                     262 	.db #0x00	; 0
    000000D9 00                     263 	.db #0x00	; 0
    000000DA 00                     264 	.db #0x00	; 0
    000000DB 00                     265 	.db #0x00	; 0
    000000DC 00                     266 	.db #0x00	; 0
    000000DD 00                     267 	.db #0x00	; 0
    000000DE 00                     268 	.db #0x00	; 0
    000000DF 00                     269 	.db #0x00	; 0
    000000E0 00                     270 	.db #0x00	; 0
    000000E1 00                     271 	.db #0x00	; 0
    000000E2 00                     272 	.db #0x00	; 0
    000000E3 10                     273 	.db #0x10	; 16
    000000E4 1C                     274 	.db #0x1c	; 28
    000000E5 26                     275 	.db #0x26	; 38
    000000E6 30                     276 	.db #0x30	; 48	'0'
    000000E7 3C                     277 	.db #0x3c	; 60
    000000E8 46                     278 	.db #0x46	; 70	'F'
    000000E9 00                     279 	.db #0x00	; 0
    000000EA 00                     280 	.db #0x00	; 0
    000000EB 00                     281 	.db #0x00	; 0
    000000EC 00                     282 	.db #0x00	; 0
    000000ED 00                     283 	.db #0x00	; 0
    000000EE 00                     284 	.db #0x00	; 0
    000000EF 00                     285 	.db #0x00	; 0
    000000F0 00                     286 	.db #0x00	; 0
    000000F1 00                     287 	.db #0x00	; 0
    000000F2 00                     288 	.db #0x00	; 0
    000000F3 00                     289 	.db #0x00	; 0
    000000F4 00                     290 	.db #0x00	; 0
    000000F5 00                     291 	.db #0x00	; 0
    000000F6 00                     292 	.db #0x00	; 0
    000000F7 11                     293 	.db #0x11	; 17
    000000F8 1D                     294 	.db #0x1d	; 29
    000000F9 27                     295 	.db #0x27	; 39
    000000FA 31                     296 	.db #0x31	; 49	'1'
    000000FB 3D                     297 	.db #0x3d	; 61
    000000FC 47                     298 	.db #0x47	; 71	'G'
    000000FD 00                     299 	.db #0x00	; 0
    000000FE 00                     300 	.db #0x00	; 0
    000000FF 00                     301 	.db #0x00	; 0
    00000100 00                     302 	.db #0x00	; 0
    00000101 00                     303 	.db #0x00	; 0
    00000102 00                     304 	.db #0x00	; 0
    00000103 00                     305 	.db #0x00	; 0
    00000104 00                     306 	.db #0x00	; 0
    00000105 00                     307 	.db #0x00	; 0
    00000106 00                     308 	.db #0x00	; 0
    00000107 00                     309 	.db #0x00	; 0
    00000108 00                     310 	.db #0x00	; 0
    00000109 00                     311 	.db #0x00	; 0
    0000010A 07                     312 	.db #0x07	; 7
    0000010B 12                     313 	.db #0x12	; 18
    0000010C 1E                     314 	.db #0x1e	; 30
    0000010D 28                     315 	.db #0x28	; 40
    0000010E 32                     316 	.db #0x32	; 50	'2'
    0000010F 3E                     317 	.db #0x3e	; 62
    00000110 48                     318 	.db #0x48	; 72	'H'
    00000111 4D                     319 	.db #0x4d	; 77	'M'
    00000112 00                     320 	.db #0x00	; 0
    00000113 00                     321 	.db #0x00	; 0
    00000114 00                     322 	.db #0x00	; 0
    00000115 00                     323 	.db #0x00	; 0
    00000116 00                     324 	.db #0x00	; 0
    00000117 00                     325 	.db #0x00	; 0
    00000118 00                     326 	.db #0x00	; 0
    00000119 00                     327 	.db #0x00	; 0
    0000011A 00                     328 	.db #0x00	; 0
    0000011B 00                     329 	.db #0x00	; 0
    0000011C 00                     330 	.db #0x00	; 0
    0000011D 00                     331 	.db #0x00	; 0
    0000011E 08                     332 	.db #0x08	; 8
    0000011F 13                     333 	.db #0x13	; 19
    00000120 1F                     334 	.db #0x1f	; 31
    00000121 29                     335 	.db #0x29	; 41
    00000122 33                     336 	.db #0x33	; 51	'3'
    00000123 3F                     337 	.db #0x3f	; 63
    00000124 49                     338 	.db #0x49	; 73	'I'
    00000125 4E                     339 	.db #0x4e	; 78	'N'
    00000126 00                     340 	.db #0x00	; 0
    00000127 00                     341 	.db #0x00	; 0
    00000128 00                     342 	.db #0x00	; 0
    00000129 00                     343 	.db #0x00	; 0
    0000012A 00                     344 	.db #0x00	; 0
    0000012B 00                     345 	.db #0x00	; 0
    0000012C 00                     346 	.db #0x00	; 0
    0000012D 00                     347 	.db #0x00	; 0
    0000012E 00                     348 	.db #0x00	; 0
    0000012F 00                     349 	.db #0x00	; 0
    00000130 00                     350 	.db #0x00	; 0
    00000131 00                     351 	.db #0x00	; 0
    00000132 00                     352 	.db #0x00	; 0
    00000133 00                     353 	.db #0x00	; 0
    00000134 00                     354 	.db #0x00	; 0
    00000135 00                     355 	.db #0x00	; 0
    00000136 00                     356 	.db #0x00	; 0
    00000137 00                     357 	.db #0x00	; 0
    00000138 00                     358 	.db #0x00	; 0
    00000139 00                     359 	.db #0x00	; 0
    0000013A 00                     360 	.db #0x00	; 0
    0000013B 00                     361 	.db #0x00	; 0
    0000013C 00                     362 	.db #0x00	; 0
    0000013D 00                     363 	.db #0x00	; 0
    0000013E 00                     364 	.db #0x00	; 0
    0000013F 00                     365 	.db #0x00	; 0
    00000140 00                     366 	.db #0x00	; 0
    00000141 00                     367 	.db #0x00	; 0
    00000142 00                     368 	.db #0x00	; 0
    00000143 00                     369 	.db #0x00	; 0
    00000144 00                     370 	.db #0x00	; 0
    00000145 00                     371 	.db #0x00	; 0
    00000146 00                     372 	.db #0x00	; 0
    00000147 00                     373 	.db #0x00	; 0
    00000148 00                     374 	.db #0x00	; 0
    00000149 00                     375 	.db #0x00	; 0
    0000014A 00                     376 	.db #0x00	; 0
    0000014B 00                     377 	.db #0x00	; 0
    0000014C 00                     378 	.db #0x00	; 0
    0000014D 00                     379 	.db #0x00	; 0
    0000014E 00                     380 	.db #0x00	; 0
    0000014F 00                     381 	.db #0x00	; 0
    00000150 00                     382 	.db #0x00	; 0
    00000151 00                     383 	.db #0x00	; 0
    00000152 00                     384 	.db #0x00	; 0
    00000153 00                     385 	.db #0x00	; 0
    00000154 00                     386 	.db #0x00	; 0
    00000155 00                     387 	.db #0x00	; 0
    00000156 00                     388 	.db #0x00	; 0
    00000157 00                     389 	.db #0x00	; 0
    00000158 00                     390 	.db #0x00	; 0
    00000159 00                     391 	.db #0x00	; 0
    0000015A 00                     392 	.db #0x00	; 0
    0000015B 00                     393 	.db #0x00	; 0
    0000015C 00                     394 	.db #0x00	; 0
    0000015D 00                     395 	.db #0x00	; 0
    0000015E 00                     396 	.db #0x00	; 0
    0000015F 00                     397 	.db #0x00	; 0
    00000160 00                     398 	.db #0x00	; 0
    00000161 00                     399 	.db #0x00	; 0
    00000162 00                     400 	.db #0x00	; 0
    00000163 00                     401 	.db #0x00	; 0
    00000164 00                     402 	.db #0x00	; 0
    00000165 00                     403 	.db #0x00	; 0
    00000166 00                     404 	.db #0x00	; 0
    00000167 00                     405 	.db #0x00	; 0
                                    406 	.area _INITIALIZER
                                    407 	.area _CABS (ABS)
