                                      1 ;--------------------------------------------------------
                                      2 ; File Created by SDCC : free open source ISO C Compiler 
                                      3 ; Version 4.4.1 #14650 (MINGW64)
                                      4 ;--------------------------------------------------------
                                      5 	.module JohnDoe_Tiles
                                      6 	.optsdcc -msm83
                                      7 	
                                      8 ;--------------------------------------------------------
                                      9 ; Public variables in this module
                                     10 ;--------------------------------------------------------
                                     11 	.globl _JohnDoe_Tiles
                                     12 ;--------------------------------------------------------
                                     13 ; special function registers
                                     14 ;--------------------------------------------------------
                                     15 ;--------------------------------------------------------
                                     16 ; ram data
                                     17 ;--------------------------------------------------------
                                     18 	.area _DATA
                                     19 ;--------------------------------------------------------
                                     20 ; ram data
                                     21 ;--------------------------------------------------------
                                     22 	.area _INITIALIZED
                                     23 ;--------------------------------------------------------
                                     24 ; absolute external ram data
                                     25 ;--------------------------------------------------------
                                     26 	.area _DABS (ABS)
                                     27 ;--------------------------------------------------------
                                     28 ; global & static initialisations
                                     29 ;--------------------------------------------------------
                                     30 	.area _HOME
                                     31 	.area _GSINIT
                                     32 	.area _GSFINAL
                                     33 	.area _GSINIT
                                     34 ;--------------------------------------------------------
                                     35 ; Home
                                     36 ;--------------------------------------------------------
                                     37 	.area _HOME
                                     38 	.area _HOME
                                     39 ;--------------------------------------------------------
                                     40 ; code
                                     41 ;--------------------------------------------------------
                                     42 	.area _CODE_1
                                     43 	.area _CODE_1
                         00000000    44 G$JohnDoe_Tiles$0_0$0 == .
    00000000                         45 _JohnDoe_Tiles:
    00000000 00                      46 	.db #0x00	; 0
    00000001 00                      47 	.db #0x00	; 0
    00000002 00                      48 	.db #0x00	; 0
    00000003 00                      49 	.db #0x00	; 0
    00000004 00                      50 	.db #0x00	; 0
    00000005 00                      51 	.db #0x00	; 0
    00000006 00                      52 	.db #0x00	; 0
    00000007 00                      53 	.db #0x00	; 0
    00000008 00                      54 	.db #0x00	; 0
    00000009 00                      55 	.db #0x00	; 0
    0000000A 00                      56 	.db #0x00	; 0
    0000000B 00                      57 	.db #0x00	; 0
    0000000C 00                      58 	.db #0x00	; 0
    0000000D 00                      59 	.db #0x00	; 0
    0000000E 00                      60 	.db #0x00	; 0
    0000000F 00                      61 	.db #0x00	; 0
    00000010 00                      62 	.db #0x00	; 0
    00000011 00                      63 	.db #0x00	; 0
    00000012 00                      64 	.db #0x00	; 0
    00000013 00                      65 	.db #0x00	; 0
    00000014 00                      66 	.db #0x00	; 0
    00000015 00                      67 	.db #0x00	; 0
    00000016 00                      68 	.db #0x00	; 0
    00000017 00                      69 	.db #0x00	; 0
    00000018 00                      70 	.db #0x00	; 0
    00000019 01                      71 	.db #0x01	; 1
    0000001A 02                      72 	.db #0x02	; 2
    0000001B 03                      73 	.db #0x03	; 3
    0000001C 03                      74 	.db #0x03	; 3
    0000001D 01                      75 	.db #0x01	; 1
    0000001E 00                      76 	.db #0x00	; 0
    0000001F 00                      77 	.db #0x00	; 0
    00000020 00                      78 	.db #0x00	; 0
    00000021 00                      79 	.db #0x00	; 0
    00000022 00                      80 	.db #0x00	; 0
    00000023 00                      81 	.db #0x00	; 0
    00000024 00                      82 	.db #0x00	; 0
    00000025 00                      83 	.db #0x00	; 0
    00000026 00                      84 	.db #0x00	; 0
    00000027 00                      85 	.db #0x00	; 0
    00000028 01                      86 	.db #0x01	; 1
    00000029 00                      87 	.db #0x00	; 0
    0000002A 03                      88 	.db #0x03	; 3
    0000002B 01                      89 	.db #0x01	; 1
    0000002C 06                      90 	.db #0x06	; 6
    0000002D 02                      91 	.db #0x02	; 2
    0000002E 04                      92 	.db #0x04	; 4
    0000002F 04                      93 	.db #0x04	; 4
    00000030 1C                      94 	.db #0x1c	; 28
    00000031 08                      95 	.db #0x08	; 8
    00000032 30                      96 	.db #0x30	; 48	'0'
    00000033 10                      97 	.db #0x10	; 16
    00000034 30                      98 	.db #0x30	; 48	'0'
    00000035 60                      99 	.db #0x60	; 96
    00000036 40                     100 	.db #0x40	; 64
    00000037 C0                     101 	.db #0xc0	; 192
    00000038 81                     102 	.db #0x81	; 129
    00000039 80                     103 	.db #0x80	; 128
    0000003A 0A                     104 	.db #0x0a	; 10
    0000003B 07                     105 	.db #0x07	; 7
    0000003C FE                     106 	.db #0xfe	; 254
    0000003D FC                     107 	.db #0xfc	; 252
    0000003E 00                     108 	.db #0x00	; 0
    0000003F 00                     109 	.db #0x00	; 0
    00000040 00                     110 	.db #0x00	; 0
    00000041 00                     111 	.db #0x00	; 0
    00000042 00                     112 	.db #0x00	; 0
    00000043 00                     113 	.db #0x00	; 0
    00000044 00                     114 	.db #0x00	; 0
    00000045 00                     115 	.db #0x00	; 0
    00000046 00                     116 	.db #0x00	; 0
    00000047 00                     117 	.db #0x00	; 0
    00000048 00                     118 	.db #0x00	; 0
    00000049 00                     119 	.db #0x00	; 0
    0000004A 00                     120 	.db #0x00	; 0
    0000004B 00                     121 	.db #0x00	; 0
    0000004C 01                     122 	.db #0x01	; 1
    0000004D 00                     123 	.db #0x00	; 0
    0000004E 02                     124 	.db #0x02	; 2
    0000004F 07                     125 	.db #0x07	; 7
    00000050 18                     126 	.db #0x18	; 24
    00000051 0C                     127 	.db #0x0c	; 12
    00000052 18                     128 	.db #0x18	; 24
    00000053 30                     129 	.db #0x30	; 48	'0'
    00000054 20                     130 	.db #0x20	; 32
    00000055 60                     131 	.db #0x60	; 96
    00000056 C0                     132 	.db #0xc0	; 192
    00000057 C0                     133 	.db #0xc0	; 192
    00000058 80                     134 	.db #0x80	; 128
    00000059 80                     135 	.db #0x80	; 128
    0000005A 00                     136 	.db #0x00	; 0
    0000005B 00                     137 	.db #0x00	; 0
    0000005C 00                     138 	.db #0x00	; 0
    0000005D 00                     139 	.db #0x00	; 0
    0000005E 01                     140 	.db #0x01	; 1
    0000005F 01                     141 	.db #0x01	; 1
    00000060 02                     142 	.db #0x02	; 2
    00000061 03                     143 	.db #0x03	; 3
    00000062 05                     144 	.db #0x05	; 5
    00000063 0E                     145 	.db #0x0e	; 14
    00000064 3B                     146 	.db #0x3b	; 59
    00000065 1F                     147 	.db #0x1f	; 31
    00000066 3E                     148 	.db #0x3e	; 62
    00000067 7C                     149 	.db #0x7c	; 124
    00000068 D0                     150 	.db #0xd0	; 208
    00000069 E0                     151 	.db #0xe0	; 224
    0000006A 80                     152 	.db #0x80	; 128
    0000006B 00                     153 	.db #0x00	; 0
    0000006C 00                     154 	.db #0x00	; 0
    0000006D 00                     155 	.db #0x00	; 0
    0000006E 00                     156 	.db #0x00	; 0
    0000006F 00                     157 	.db #0x00	; 0
    00000070 00                     158 	.db #0x00	; 0
    00000071 00                     159 	.db #0x00	; 0
    00000072 01                     160 	.db #0x01	; 1
    00000073 00                     161 	.db #0x00	; 0
    00000074 00                     162 	.db #0x00	; 0
    00000075 01                     163 	.db #0x01	; 1
    00000076 01                     164 	.db #0x01	; 1
    00000077 01                     165 	.db #0x01	; 1
    00000078 01                     166 	.db #0x01	; 1
    00000079 01                     167 	.db #0x01	; 1
    0000007A 01                     168 	.db #0x01	; 1
    0000007B 01                     169 	.db #0x01	; 1
    0000007C 01                     170 	.db #0x01	; 1
    0000007D 01                     171 	.db #0x01	; 1
    0000007E 01                     172 	.db #0x01	; 1
    0000007F 01                     173 	.db #0x01	; 1
    00000080 01                     174 	.db #0x01	; 1
    00000081 01                     175 	.db #0x01	; 1
    00000082 01                     176 	.db #0x01	; 1
    00000083 01                     177 	.db #0x01	; 1
    00000084 01                     178 	.db #0x01	; 1
    00000085 01                     179 	.db #0x01	; 1
    00000086 01                     180 	.db #0x01	; 1
    00000087 01                     181 	.db #0x01	; 1
    00000088 01                     182 	.db #0x01	; 1
    00000089 01                     183 	.db #0x01	; 1
    0000008A 01                     184 	.db #0x01	; 1
    0000008B 01                     185 	.db #0x01	; 1
    0000008C 01                     186 	.db #0x01	; 1
    0000008D 01                     187 	.db #0x01	; 1
    0000008E 01                     188 	.db #0x01	; 1
    0000008F 01                     189 	.db #0x01	; 1
    00000090 00                     190 	.db #0x00	; 0
    00000091 00                     191 	.db #0x00	; 0
    00000092 00                     192 	.db #0x00	; 0
    00000093 00                     193 	.db #0x00	; 0
    00000094 04                     194 	.db #0x04	; 4
    00000095 0C                     195 	.db #0x0c	; 12
    00000096 0C                     196 	.db #0x0c	; 12
    00000097 0C                     197 	.db #0x0c	; 12
    00000098 0C                     198 	.db #0x0c	; 12
    00000099 0E                     199 	.db #0x0e	; 14
    0000009A 0A                     200 	.db #0x0a	; 10
    0000009B 0E                     201 	.db #0x0e	; 14
    0000009C 0D                     202 	.db #0x0d	; 13
    0000009D 07                     203 	.db #0x07	; 7
    0000009E 07                     204 	.db #0x07	; 7
    0000009F 05                     205 	.db #0x05	; 5
    000000A0 06                     206 	.db #0x06	; 6
    000000A1 02                     207 	.db #0x02	; 2
    000000A2 03                     208 	.db #0x03	; 3
    000000A3 02                     209 	.db #0x02	; 2
    000000A4 03                     210 	.db #0x03	; 3
    000000A5 01                     211 	.db #0x01	; 1
    000000A6 01                     212 	.db #0x01	; 1
    000000A7 01                     213 	.db #0x01	; 1
    000000A8 01                     214 	.db #0x01	; 1
    000000A9 00                     215 	.db #0x00	; 0
    000000AA 00                     216 	.db #0x00	; 0
    000000AB 00                     217 	.db #0x00	; 0
    000000AC 00                     218 	.db #0x00	; 0
    000000AD 00                     219 	.db #0x00	; 0
    000000AE 00                     220 	.db #0x00	; 0
    000000AF 00                     221 	.db #0x00	; 0
    000000B0 00                     222 	.db #0x00	; 0
    000000B1 00                     223 	.db #0x00	; 0
    000000B2 00                     224 	.db #0x00	; 0
    000000B3 00                     225 	.db #0x00	; 0
    000000B4 00                     226 	.db #0x00	; 0
    000000B5 00                     227 	.db #0x00	; 0
    000000B6 00                     228 	.db #0x00	; 0
    000000B7 00                     229 	.db #0x00	; 0
    000000B8 00                     230 	.db #0x00	; 0
    000000B9 00                     231 	.db #0x00	; 0
    000000BA 3F                     232 	.db #0x3f	; 63
    000000BB 0F                     233 	.db #0x0f	; 15
    000000BC F8                     234 	.db #0xf8	; 248
    000000BD F0                     235 	.db #0xf0	; 240
    000000BE 80                     236 	.db #0x80	; 128
    000000BF 00                     237 	.db #0x00	; 0
    000000C0 01                     238 	.db #0x01	; 1
    000000C1 01                     239 	.db #0x01	; 1
    000000C2 03                     240 	.db #0x03	; 3
    000000C3 07                     241 	.db #0x07	; 7
    000000C4 0E                     242 	.db #0x0e	; 14
    000000C5 0C                     243 	.db #0x0c	; 12
    000000C6 10                     244 	.db #0x10	; 16
    000000C7 18                     245 	.db #0x18	; 24
    000000C8 20                     246 	.db #0x20	; 32
    000000C9 30                     247 	.db #0x30	; 48	'0'
    000000CA 43                     248 	.db #0x43	; 67	'C'
    000000CB 63                     249 	.db #0x63	; 99	'c'
    000000CC 8C                     250 	.db #0x8c	; 140
    000000CD C6                     251 	.db #0xc6	; 198
    000000CE 1C                     252 	.db #0x1c	; 28
    000000CF 98                     253 	.db #0x98	; 152
    000000D0 70                     254 	.db #0x70	; 112	'p'
    000000D1 20                     255 	.db #0x20	; 32
    000000D2 E0                     256 	.db #0xe0	; 224
    000000D3 C0                     257 	.db #0xc0	; 192
    000000D4 80                     258 	.db #0x80	; 128
    000000D5 00                     259 	.db #0x00	; 0
    000000D6 00                     260 	.db #0x00	; 0
    000000D7 00                     261 	.db #0x00	; 0
    000000D8 00                     262 	.db #0x00	; 0
    000000D9 00                     263 	.db #0x00	; 0
    000000DA 00                     264 	.db #0x00	; 0
    000000DB 00                     265 	.db #0x00	; 0
    000000DC 00                     266 	.db #0x00	; 0
    000000DD 00                     267 	.db #0x00	; 0
    000000DE 00                     268 	.db #0x00	; 0
    000000DF 00                     269 	.db #0x00	; 0
    000000E0 00                     270 	.db #0x00	; 0
    000000E1 00                     271 	.db #0x00	; 0
    000000E2 00                     272 	.db #0x00	; 0
    000000E3 00                     273 	.db #0x00	; 0
    000000E4 01                     274 	.db #0x01	; 1
    000000E5 00                     275 	.db #0x00	; 0
    000000E6 01                     276 	.db #0x01	; 1
    000000E7 01                     277 	.db #0x01	; 1
    000000E8 06                     278 	.db #0x06	; 6
    000000E9 03                     279 	.db #0x03	; 3
    000000EA 04                     280 	.db #0x04	; 4
    000000EB 06                     281 	.db #0x06	; 6
    000000EC 18                     282 	.db #0x18	; 24
    000000ED 0C                     283 	.db #0x0c	; 12
    000000EE 10                     284 	.db #0x10	; 16
    000000EF 18                     285 	.db #0x18	; 24
    000000F0 30                     286 	.db #0x30	; 48	'0'
    000000F1 10                     287 	.db #0x10	; 16
    000000F2 70                     288 	.db #0x70	; 112	'p'
    000000F3 20                     289 	.db #0x20	; 32
    000000F4 60                     290 	.db #0x60	; 96
    000000F5 60                     291 	.db #0x60	; 96
    000000F6 E0                     292 	.db #0xe0	; 224
    000000F7 40                     293 	.db #0x40	; 64
    000000F8 80                     294 	.db #0x80	; 128
    000000F9 C0                     295 	.db #0xc0	; 192
    000000FA C0                     296 	.db #0xc0	; 192
    000000FB 80                     297 	.db #0x80	; 128
    000000FC 80                     298 	.db #0x80	; 128
    000000FD 80                     299 	.db #0x80	; 128
    000000FE 80                     300 	.db #0x80	; 128
    000000FF 80                     301 	.db #0x80	; 128
    00000100 CC                     302 	.db #0xcc	; 204
    00000101 40                     303 	.db #0x40	; 64
    00000102 7E                     304 	.db #0x7e	; 126
    00000103 3C                     305 	.db #0x3c	; 60
    00000104 18                     306 	.db #0x18	; 24
    00000105 18                     307 	.db #0x18	; 24
    00000106 30                     308 	.db #0x30	; 48	'0'
    00000107 30                     309 	.db #0x30	; 48	'0'
    00000108 60                     310 	.db #0x60	; 96
    00000109 60                     311 	.db #0x60	; 96
    0000010A 40                     312 	.db #0x40	; 64
    0000010B C0                     313 	.db #0xc0	; 192
    0000010C C0                     314 	.db #0xc0	; 192
    0000010D 80                     315 	.db #0x80	; 128
    0000010E 80                     316 	.db #0x80	; 128
    0000010F 80                     317 	.db #0x80	; 128
    00000110 C0                     318 	.db #0xc0	; 192
    00000111 80                     319 	.db #0x80	; 128
    00000112 40                     320 	.db #0x40	; 64
    00000113 C0                     321 	.db #0xc0	; 192
    00000114 60                     322 	.db #0x60	; 96
    00000115 40                     323 	.db #0x40	; 64
    00000116 60                     324 	.db #0x60	; 96
    00000117 60                     325 	.db #0x60	; 96
    00000118 60                     326 	.db #0x60	; 96
    00000119 60                     327 	.db #0x60	; 96
    0000011A D0                     328 	.db #0xd0	; 208
    0000011B 70                     329 	.db #0x70	; 112	'p'
    0000011C B0                     330 	.db #0xb0	; 176
    0000011D D0                     331 	.db #0xd0	; 208
    0000011E D8                     332 	.db #0xd8	; 216
    0000011F 88                     333 	.db #0x88	; 136
    00000120 8C                     334 	.db #0x8c	; 140
    00000121 88                     335 	.db #0x88	; 136
    00000122 8E                     336 	.db #0x8e	; 142
    00000123 84                     337 	.db #0x84	; 132
    00000124 86                     338 	.db #0x86	; 134
    00000125 82                     339 	.db #0x82	; 130
    00000126 01                     340 	.db #0x01	; 1
    00000127 83                     341 	.db #0x83	; 131
    00000128 01                     342 	.db #0x01	; 1
    00000129 81                     343 	.db #0x81	; 129
    0000012A 80                     344 	.db #0x80	; 128
    0000012B 00                     345 	.db #0x00	; 0
    0000012C 80                     346 	.db #0x80	; 128
    0000012D 00                     347 	.db #0x00	; 0
    0000012E 80                     348 	.db #0x80	; 128
    0000012F 00                     349 	.db #0x00	; 0
    00000130 00                     350 	.db #0x00	; 0
    00000131 00                     351 	.db #0x00	; 0
    00000132 00                     352 	.db #0x00	; 0
    00000133 00                     353 	.db #0x00	; 0
    00000134 00                     354 	.db #0x00	; 0
    00000135 00                     355 	.db #0x00	; 0
    00000136 00                     356 	.db #0x00	; 0
    00000137 00                     357 	.db #0x00	; 0
    00000138 00                     358 	.db #0x00	; 0
    00000139 00                     359 	.db #0x00	; 0
    0000013A 00                     360 	.db #0x00	; 0
    0000013B 00                     361 	.db #0x00	; 0
    0000013C 80                     362 	.db #0x80	; 128
    0000013D 00                     363 	.db #0x00	; 0
    0000013E 80                     364 	.db #0x80	; 128
    0000013F 00                     365 	.db #0x00	; 0
    00000140 00                     366 	.db #0x00	; 0
    00000141 00                     367 	.db #0x00	; 0
    00000142 18                     368 	.db #0x18	; 24
    00000143 10                     369 	.db #0x10	; 16
    00000144 18                     370 	.db #0x18	; 24
    00000145 1C                     371 	.db #0x1c	; 28
    00000146 1C                     372 	.db #0x1c	; 28
    00000147 0C                     373 	.db #0x0c	; 12
    00000148 1C                     374 	.db #0x1c	; 28
    00000149 0E                     375 	.db #0x0e	; 14
    0000014A 0E                     376 	.db #0x0e	; 14
    0000014B 0A                     377 	.db #0x0a	; 10
    0000014C 0B                     378 	.db #0x0b	; 11
    0000014D 0A                     379 	.db #0x0a	; 10
    0000014E 89                     380 	.db #0x89	; 137
    0000014F 8B                     381 	.db #0x8b	; 139
    00000150 DB                     382 	.db #0xdb	; 219
    00000151 C9                     383 	.db #0xc9	; 201
    00000152 51                     384 	.db #0x51	; 81	'Q'
    00000153 71                     385 	.db #0x71	; 113	'q'
    00000154 30                     386 	.db #0x30	; 48	'0'
    00000155 31                     387 	.db #0x31	; 49	'1'
    00000156 90                     388 	.db #0x90	; 144
    00000157 31                     389 	.db #0x31	; 49	'1'
    00000158 92                     390 	.db #0x92	; 146
    00000159 91                     391 	.db #0x91	; 145
    0000015A 83                     392 	.db #0x83	; 131
    0000015B 91                     393 	.db #0x91	; 145
    0000015C C3                     394 	.db #0xc3	; 195
    0000015D 91                     395 	.db #0x91	; 145
    0000015E C1                     396 	.db #0xc1	; 193
    0000015F 41                     397 	.db #0x41	; 65	'A'
    00000160 60                     398 	.db #0x60	; 96
    00000161 21                     399 	.db #0x21	; 33
    00000162 62                     400 	.db #0x62	; 98	'b'
    00000163 21                     401 	.db #0x21	; 33
    00000164 62                     402 	.db #0x62	; 98	'b'
    00000165 21                     403 	.db #0x21	; 33
    00000166 23                     404 	.db #0x23	; 35
    00000167 21                     405 	.db #0x21	; 33
    00000168 21                     406 	.db #0x21	; 33
    00000169 21                     407 	.db #0x21	; 33
    0000016A 90                     408 	.db #0x90	; 144
    0000016B E0                     409 	.db #0xe0	; 224
    0000016C B8                     410 	.db #0xb8	; 184
    0000016D 70                     411 	.db #0x70	; 112	'p'
    0000016E 0C                     412 	.db #0x0c	; 12
    0000016F 0C                     413 	.db #0x0c	; 12
    00000170 F6                     414 	.db #0xf6	; 246
    00000171 F2                     415 	.db #0xf2	; 242
    00000172 8B                     416 	.db #0x8b	; 139
    00000173 1A                     417 	.db #0x1a	; 26
    00000174 0B                     418 	.db #0x0b	; 11
    00000175 09                     419 	.db #0x09	; 9
    00000176 00                     420 	.db #0x00	; 0
    00000177 09                     421 	.db #0x09	; 9
    00000178 C8                     422 	.db #0xc8	; 200
    00000179 F8                     423 	.db #0xf8	; 248
    0000017A 19                     424 	.db #0x19	; 25
    0000017B 08                     425 	.db #0x08	; 8
    0000017C 36                     426 	.db #0x36	; 54	'6'
    0000017D 1B                     427 	.db #0x1b	; 27
    0000017E 2E                     428 	.db #0x2e	; 46
    0000017F 3C                     429 	.db #0x3c	; 60
    00000180 30                     430 	.db #0x30	; 48	'0'
    00000181 78                     431 	.db #0x78	; 120	'x'
    00000182 78                     432 	.db #0x78	; 120	'x'
    00000183 70                     433 	.db #0x70	; 112	'p'
    00000184 E1                     434 	.db #0xe1	; 225
    00000185 71                     435 	.db #0x71	; 113	'q'
    00000186 B2                     436 	.db #0xb2	; 178
    00000187 E2                     437 	.db #0xe2	; 226
    00000188 A4                     438 	.db #0xa4	; 164
    00000189 E4                     439 	.db #0xe4	; 228
    0000018A A0                     440 	.db #0xa0	; 160
    0000018B E4                     441 	.db #0xe4	; 228
    0000018C A8                     442 	.db #0xa8	; 168
    0000018D E8                     443 	.db #0xe8	; 232
    0000018E C0                     444 	.db #0xc0	; 192
    0000018F 68                     445 	.db #0x68	; 104	'h'
    00000190 4B                     446 	.db #0x4b	; 75	'K'
    00000191 6B                     447 	.db #0x6b	; 107	'k'
    00000192 4E                     448 	.db #0x4e	; 78	'N'
    00000193 66                     449 	.db #0x66	; 102	'f'
    00000194 7C                     450 	.db #0x7c	; 124
    00000195 2C                     451 	.db #0x2c	; 44
    00000196 06                     452 	.db #0x06	; 6
    00000197 34                     453 	.db #0x34	; 52	'4'
    00000198 32                     454 	.db #0x32	; 50	'2'
    00000199 22                     455 	.db #0x22	; 34
    0000019A 61                     456 	.db #0x61	; 97	'a'
    0000019B 21                     457 	.db #0x21	; 33
    0000019C 64                     458 	.db #0x64	; 100	'd'
    0000019D 46                     459 	.db #0x46	; 70	'F'
    0000019E 6E                     460 	.db #0x6e	; 110	'n'
    0000019F 4C                     461 	.db #0x4c	; 76	'L'
    000001A0 76                     462 	.db #0x76	; 118	'v'
    000001A1 22                     463 	.db #0x22	; 34
    000001A2 33                     464 	.db #0x33	; 51	'3'
    000001A3 71                     465 	.db #0x71	; 113	'q'
    000001A4 FC                     466 	.db #0xfc	; 252
    000001A5 D8                     467 	.db #0xd8	; 216
    000001A6 07                     468 	.db #0x07	; 7
    000001A7 87                     469 	.db #0x87	; 135
    000001A8 00                     470 	.db #0x00	; 0
    000001A9 00                     471 	.db #0x00	; 0
    000001AA 00                     472 	.db #0x00	; 0
    000001AB 00                     473 	.db #0x00	; 0
    000001AC 01                     474 	.db #0x01	; 1
    000001AD 01                     475 	.db #0x01	; 1
    000001AE 03                     476 	.db #0x03	; 3
    000001AF 01                     477 	.db #0x01	; 1
    000001B0 06                     478 	.db #0x06	; 6
    000001B1 02                     479 	.db #0x02	; 2
    000001B2 06                     480 	.db #0x06	; 6
    000001B3 04                     481 	.db #0x04	; 4
    000001B4 0C                     482 	.db #0x0c	; 12
    000001B5 08                     483 	.db #0x08	; 8
    000001B6 08                     484 	.db #0x08	; 8
    000001B7 18                     485 	.db #0x18	; 24
    000001B8 38                     486 	.db #0x38	; 56	'8'
    000001B9 10                     487 	.db #0x10	; 16
    000001BA 30                     488 	.db #0x30	; 48	'0'
    000001BB 20                     489 	.db #0x20	; 32
    000001BC 60                     490 	.db #0x60	; 96
    000001BD 20                     491 	.db #0x20	; 32
    000001BE 40                     492 	.db #0x40	; 64
    000001BF 40                     493 	.db #0x40	; 64
    000001C0 45                     494 	.db #0x45	; 69	'E'
    000001C1 43                     495 	.db #0x43	; 67	'C'
    000001C2 7E                     496 	.db #0x7e	; 126
    000001C3 3F                     497 	.db #0x3f	; 63
    000001C4 00                     498 	.db #0x00	; 0
    000001C5 01                     499 	.db #0x01	; 1
    000001C6 01                     500 	.db #0x01	; 1
    000001C7 01                     501 	.db #0x01	; 1
    000001C8 01                     502 	.db #0x01	; 1
    000001C9 01                     503 	.db #0x01	; 1
    000001CA 01                     504 	.db #0x01	; 1
    000001CB 03                     505 	.db #0x03	; 3
    000001CC 02                     506 	.db #0x02	; 2
    000001CD 03                     507 	.db #0x03	; 3
    000001CE 03                     508 	.db #0x03	; 3
    000001CF 02                     509 	.db #0x02	; 2
    000001D0 02                     510 	.db #0x02	; 2
    000001D1 02                     511 	.db #0x02	; 2
    000001D2 02                     512 	.db #0x02	; 2
    000001D3 02                     513 	.db #0x02	; 2
    000001D4 03                     514 	.db #0x03	; 3
    000001D5 02                     515 	.db #0x02	; 2
    000001D6 01                     516 	.db #0x01	; 1
    000001D7 03                     517 	.db #0x03	; 3
    000001D8 01                     518 	.db #0x01	; 1
    000001D9 01                     519 	.db #0x01	; 1
    000001DA 01                     520 	.db #0x01	; 1
    000001DB 01                     521 	.db #0x01	; 1
    000001DC 01                     522 	.db #0x01	; 1
    000001DD 00                     523 	.db #0x00	; 0
    000001DE 00                     524 	.db #0x00	; 0
    000001DF 00                     525 	.db #0x00	; 0
    000001E0 00                     526 	.db #0x00	; 0
    000001E1 00                     527 	.db #0x00	; 0
    000001E2 00                     528 	.db #0x00	; 0
    000001E3 00                     529 	.db #0x00	; 0
    000001E4 00                     530 	.db #0x00	; 0
    000001E5 00                     531 	.db #0x00	; 0
    000001E6 00                     532 	.db #0x00	; 0
    000001E7 00                     533 	.db #0x00	; 0
    000001E8 80                     534 	.db #0x80	; 128
    000001E9 80                     535 	.db #0x80	; 128
    000001EA 80                     536 	.db #0x80	; 128
    000001EB C0                     537 	.db #0xc0	; 192
    000001EC 40                     538 	.db #0x40	; 64
    000001ED 60                     539 	.db #0x60	; 96
    000001EE 60                     540 	.db #0x60	; 96
    000001EF 30                     541 	.db #0x30	; 48	'0'
    000001F0 78                     542 	.db #0x78	; 120	'x'
    000001F1 38                     543 	.db #0x38	; 56	'8'
    000001F2 6C                     544 	.db #0x6c	; 108	'l'
    000001F3 24                     545 	.db #0x24	; 36
    000001F4 22                     546 	.db #0x22	; 34
    000001F5 26                     547 	.db #0x26	; 38
    000001F6 23                     548 	.db #0x23	; 35
    000001F7 21                     549 	.db #0x21	; 33
    000001F8 20                     550 	.db #0x20	; 32
    000001F9 20                     551 	.db #0x20	; 32
    000001FA 20                     552 	.db #0x20	; 32
    000001FB 20                     553 	.db #0x20	; 32
    000001FC 20                     554 	.db #0x20	; 32
    000001FD 20                     555 	.db #0x20	; 32
    000001FE 20                     556 	.db #0x20	; 32
    000001FF 20                     557 	.db #0x20	; 32
    00000200 00                     558 	.db #0x00	; 0
    00000201 00                     559 	.db #0x00	; 0
    00000202 00                     560 	.db #0x00	; 0
    00000203 00                     561 	.db #0x00	; 0
    00000204 17                     562 	.db #0x17	; 23
    00000205 0F                     563 	.db #0x0f	; 15
    00000206 7B                     564 	.db #0x7b	; 123
    00000207 3C                     565 	.db #0x3c	; 60
    00000208 40                     566 	.db #0x40	; 64
    00000209 E0                     567 	.db #0xe0	; 224
    0000020A 80                     568 	.db #0x80	; 128
    0000020B C0                     569 	.db #0xc0	; 192
    0000020C E0                     570 	.db #0xe0	; 224
    0000020D 40                     571 	.db #0x40	; 64
    0000020E 30                     572 	.db #0x30	; 48	'0'
    0000020F 20                     573 	.db #0x20	; 32
    00000210 30                     574 	.db #0x30	; 48	'0'
    00000211 10                     575 	.db #0x10	; 16
    00000212 08                     576 	.db #0x08	; 8
    00000213 10                     577 	.db #0x10	; 16
    00000214 08                     578 	.db #0x08	; 8
    00000215 10                     579 	.db #0x10	; 16
    00000216 D0                     580 	.db #0xd0	; 208
    00000217 B0                     581 	.db #0xb0	; 176
    00000218 60                     582 	.db #0x60	; 96
    00000219 60                     583 	.db #0x60	; 96
    0000021A 80                     584 	.db #0x80	; 128
    0000021B 00                     585 	.db #0x00	; 0
    0000021C 60                     586 	.db #0x60	; 96
    0000021D C0                     587 	.db #0xc0	; 192
    0000021E 70                     588 	.db #0x70	; 112	'p'
    0000021F 20                     589 	.db #0x20	; 32
    00000220 30                     590 	.db #0x30	; 48	'0'
    00000221 10                     591 	.db #0x10	; 16
    00000222 18                     592 	.db #0x18	; 24
    00000223 08                     593 	.db #0x08	; 8
    00000224 A8                     594 	.db #0xa8	; 168
    00000225 C8                     595 	.db #0xc8	; 200
    00000226 3C                     596 	.db #0x3c	; 60
    00000227 24                     597 	.db #0x24	; 36
    00000228 1C                     598 	.db #0x1c	; 28
    00000229 14                     599 	.db #0x14	; 20
    0000022A 0C                     600 	.db #0x0c	; 12
    0000022B 0C                     601 	.db #0x0c	; 12
    0000022C 7A                     602 	.db #0x7a	; 122	'z'
    0000022D 3E                     603 	.db #0x3e	; 62
    0000022E E2                     604 	.db #0xe2	; 226
    0000022F E6                     605 	.db #0xe6	; 230
    00000230 E6                     606 	.db #0xe6	; 230
    00000231 E6                     607 	.db #0xe6	; 230
    00000232 C6                     608 	.db #0xc6	; 198
    00000233 E6                     609 	.db #0xe6	; 230
    00000234 45                     610 	.db #0x45	; 69	'E'
    00000235 06                     611 	.db #0x06	; 6
    00000236 05                     612 	.db #0x05	; 5
    00000237 06                     613 	.db #0x06	; 6
    00000238 01                     614 	.db #0x01	; 1
    00000239 0A                     615 	.db #0x0a	; 10
    0000023A 92                     616 	.db #0x92	; 146
    0000023B 19                     617 	.db #0x19	; 25
    0000023C F2                     618 	.db #0xf2	; 242
    0000023D E1                     619 	.db #0xe1	; 225
    0000023E 00                     620 	.db #0x00	; 0
    0000023F 01                     621 	.db #0x01	; 1
    00000240 00                     622 	.db #0x00	; 0
    00000241 01                     623 	.db #0x01	; 1
    00000242 81                     624 	.db #0x81	; 129
    00000243 00                     625 	.db #0x00	; 0
    00000244 C0                     626 	.db #0xc0	; 192
    00000245 C0                     627 	.db #0xc0	; 192
    00000246 E0                     628 	.db #0xe0	; 224
    00000247 C0                     629 	.db #0xc0	; 192
    00000248 E0                     630 	.db #0xe0	; 224
    00000249 A0                     631 	.db #0xa0	; 160
    0000024A E1                     632 	.db #0xe1	; 225
    0000024B A0                     633 	.db #0xa0	; 160
    0000024C A7                     634 	.db #0xa7	; 167
    0000024D AF                     635 	.db #0xaf	; 175
    0000024E B7                     636 	.db #0xb7	; 183
    0000024F AF                     637 	.db #0xaf	; 175
    00000250 B7                     638 	.db #0xb7	; 183
    00000251 97                     639 	.db #0x97	; 151
    00000252 D7                     640 	.db #0xd7	; 215
    00000253 53                     641 	.db #0x53	; 83	'S'
    00000254 58                     642 	.db #0x58	; 88	'X'
    00000255 58                     643 	.db #0x58	; 88	'X'
    00000256 4E                     644 	.db #0x4e	; 78	'N'
    00000257 6C                     645 	.db #0x6c	; 108	'l'
    00000258 73                     646 	.db #0x73	; 115	's'
    00000259 33                     647 	.db #0x33	; 51	'3'
    0000025A 1A                     648 	.db #0x1a	; 26
    0000025B 0C                     649 	.db #0x0c	; 12
    0000025C 0E                     650 	.db #0x0e	; 14
    0000025D 06                     651 	.db #0x06	; 6
    0000025E 5A                     652 	.db #0x5a	; 90	'Z'
    0000025F 3E                     653 	.db #0x3e	; 62
    00000260 F6                     654 	.db #0xf6	; 246
    00000261 E2                     655 	.db #0xe2	; 226
    00000262 92                     656 	.db #0x92	; 146
    00000263 A3                     657 	.db #0xa3	; 163
    00000264 91                     658 	.db #0x91	; 145
    00000265 D1                     659 	.db #0xd1	; 209
    00000266 D0                     660 	.db #0xd0	; 208
    00000267 50                     661 	.db #0x50	; 80	'P'
    00000268 48                     662 	.db #0x48	; 72	'H'
    00000269 50                     663 	.db #0x50	; 80	'P'
    0000026A 68                     664 	.db #0x68	; 104	'h'
    0000026B 29                     665 	.db #0x29	; 41
    0000026C 28                     666 	.db #0x28	; 40
    0000026D 29                     667 	.db #0x29	; 41
    0000026E 34                     668 	.db #0x34	; 52	'4'
    0000026F 28                     669 	.db #0x28	; 40
    00000270 34                     670 	.db #0x34	; 52	'4'
    00000271 14                     671 	.db #0x14	; 20
    00000272 1E                     672 	.db #0x1e	; 30
    00000273 14                     673 	.db #0x14	; 20
    00000274 1A                     674 	.db #0x1a	; 26
    00000275 0A                     675 	.db #0x0a	; 10
    00000276 0F                     676 	.db #0x0f	; 15
    00000277 0A                     677 	.db #0x0a	; 10
    00000278 07                     678 	.db #0x07	; 7
    00000279 05                     679 	.db #0x05	; 5
    0000027A 87                     680 	.db #0x87	; 135
    0000027B 07                     681 	.db #0x07	; 7
    0000027C 04                     682 	.db #0x04	; 4
    0000027D 84                     683 	.db #0x84	; 132
    0000027E 84                     684 	.db #0x84	; 132
    0000027F 84                     685 	.db #0x84	; 132
    00000280 86                     686 	.db #0x86	; 134
    00000281 C4                     687 	.db #0xc4	; 196
    00000282 47                     688 	.db #0x47	; 71	'G'
    00000283 43                     689 	.db #0x43	; 67	'C'
    00000284 27                     690 	.db #0x27	; 39
    00000285 62                     691 	.db #0x62	; 98	'b'
    00000286 32                     692 	.db #0x32	; 50	'2'
    00000287 26                     693 	.db #0x26	; 38
    00000288 36                     694 	.db #0x36	; 54	'6'
    00000289 14                     695 	.db #0x14	; 20
    0000028A 0C                     696 	.db #0x0c	; 12
    0000028B 1C                     697 	.db #0x1c	; 28
    0000028C 0C                     698 	.db #0x0c	; 12
    0000028D 0C                     699 	.db #0x0c	; 12
    0000028E 04                     700 	.db #0x04	; 4
    0000028F 0C                     701 	.db #0x0c	; 12
    00000290 08                     702 	.db #0x08	; 8
    00000291 0C                     703 	.db #0x0c	; 12
    00000292 0C                     704 	.db #0x0c	; 12
    00000293 08                     705 	.db #0x08	; 8
    00000294 08                     706 	.db #0x08	; 8
    00000295 08                     707 	.db #0x08	; 8
    00000296 88                     708 	.db #0x88	; 136
    00000297 88                     709 	.db #0x88	; 136
    00000298 F8                     710 	.db #0xf8	; 248
    00000299 68                     711 	.db #0x68	; 104	'h'
    0000029A 38                     712 	.db #0x38	; 56	'8'
    0000029B 18                     713 	.db #0x18	; 24
    0000029C 08                     714 	.db #0x08	; 8
    0000029D 08                     715 	.db #0x08	; 8
    0000029E 08                     716 	.db #0x08	; 8
    0000029F 08                     717 	.db #0x08	; 8
    000002A0 00                     718 	.db #0x00	; 0
    000002A1 00                     719 	.db #0x00	; 0
    000002A2 00                     720 	.db #0x00	; 0
    000002A3 00                     721 	.db #0x00	; 0
    000002A4 E8                     722 	.db #0xe8	; 232
    000002A5 F0                     723 	.db #0xf0	; 240
    000002A6 DE                     724 	.db #0xde	; 222
    000002A7 3C                     725 	.db #0x3c	; 60
    000002A8 02                     726 	.db #0x02	; 2
    000002A9 07                     727 	.db #0x07	; 7
    000002AA 01                     728 	.db #0x01	; 1
    000002AB 03                     729 	.db #0x03	; 3
    000002AC 07                     730 	.db #0x07	; 7
    000002AD 02                     731 	.db #0x02	; 2
    000002AE 0C                     732 	.db #0x0c	; 12
    000002AF 04                     733 	.db #0x04	; 4
    000002B0 0C                     734 	.db #0x0c	; 12
    000002B1 08                     735 	.db #0x08	; 8
    000002B2 10                     736 	.db #0x10	; 16
    000002B3 08                     737 	.db #0x08	; 8
    000002B4 10                     738 	.db #0x10	; 16
    000002B5 08                     739 	.db #0x08	; 8
    000002B6 0B                     740 	.db #0x0b	; 11
    000002B7 0D                     741 	.db #0x0d	; 13
    000002B8 06                     742 	.db #0x06	; 6
    000002B9 06                     743 	.db #0x06	; 6
    000002BA 01                     744 	.db #0x01	; 1
    000002BB 00                     745 	.db #0x00	; 0
    000002BC 06                     746 	.db #0x06	; 6
    000002BD 03                     747 	.db #0x03	; 3
    000002BE 0E                     748 	.db #0x0e	; 14
    000002BF 04                     749 	.db #0x04	; 4
    000002C0 0C                     750 	.db #0x0c	; 12
    000002C1 08                     751 	.db #0x08	; 8
    000002C2 18                     752 	.db #0x18	; 24
    000002C3 10                     753 	.db #0x10	; 16
    000002C4 15                     754 	.db #0x15	; 21
    000002C5 13                     755 	.db #0x13	; 19
    000002C6 3C                     756 	.db #0x3c	; 60
    000002C7 24                     757 	.db #0x24	; 36
    000002C8 38                     758 	.db #0x38	; 56	'8'
    000002C9 28                     759 	.db #0x28	; 40
    000002CA 30                     760 	.db #0x30	; 48	'0'
    000002CB 30                     761 	.db #0x30	; 48	'0'
    000002CC 5E                     762 	.db #0x5e	; 94
    000002CD 7C                     763 	.db #0x7c	; 124
    000002CE 47                     764 	.db #0x47	; 71	'G'
    000002CF 67                     765 	.db #0x67	; 103	'g'
    000002D0 67                     766 	.db #0x67	; 103	'g'
    000002D1 67                     767 	.db #0x67	; 103	'g'
    000002D2 63                     768 	.db #0x63	; 99	'c'
    000002D3 67                     769 	.db #0x67	; 103	'g'
    000002D4 A2                     770 	.db #0xa2	; 162
    000002D5 60                     771 	.db #0x60	; 96
    000002D6 A0                     772 	.db #0xa0	; 160
    000002D7 60                     773 	.db #0x60	; 96
    000002D8 80                     774 	.db #0x80	; 128
    000002D9 50                     775 	.db #0x50	; 80	'P'
    000002DA 49                     776 	.db #0x49	; 73	'I'
    000002DB 98                     777 	.db #0x98	; 152
    000002DC 4F                     778 	.db #0x4f	; 79	'O'
    000002DD 87                     779 	.db #0x87	; 135
    000002DE 00                     780 	.db #0x00	; 0
    000002DF 80                     781 	.db #0x80	; 128
    000002E0 00                     782 	.db #0x00	; 0
    000002E1 80                     783 	.db #0x80	; 128
    000002E2 81                     784 	.db #0x81	; 129
    000002E3 00                     785 	.db #0x00	; 0
    000002E4 03                     786 	.db #0x03	; 3
    000002E5 03                     787 	.db #0x03	; 3
    000002E6 07                     788 	.db #0x07	; 7
    000002E7 03                     789 	.db #0x03	; 3
    000002E8 07                     790 	.db #0x07	; 7
    000002E9 05                     791 	.db #0x05	; 5
    000002EA 87                     792 	.db #0x87	; 135
    000002EB 05                     793 	.db #0x05	; 5
    000002EC E5                     794 	.db #0xe5	; 229
    000002ED F5                     795 	.db #0xf5	; 245
    000002EE ED                     796 	.db #0xed	; 237
    000002EF F5                     797 	.db #0xf5	; 245
    000002F0 ED                     798 	.db #0xed	; 237
    000002F1 E9                     799 	.db #0xe9	; 233
    000002F2 EB                     800 	.db #0xeb	; 235
    000002F3 CA                     801 	.db #0xca	; 202
    000002F4 1A                     802 	.db #0x1a	; 26
    000002F5 1A                     803 	.db #0x1a	; 26
    000002F6 72                     804 	.db #0x72	; 114	'r'
    000002F7 36                     805 	.db #0x36	; 54	'6'
    000002F8 CE                     806 	.db #0xce	; 206
    000002F9 CC                     807 	.db #0xcc	; 204
    000002FA 58                     808 	.db #0x58	; 88	'X'
    000002FB 30                     809 	.db #0x30	; 48	'0'
    000002FC 70                     810 	.db #0x70	; 112	'p'
    000002FD 60                     811 	.db #0x60	; 96
    000002FE 5A                     812 	.db #0x5a	; 90	'Z'
    000002FF 7C                     813 	.db #0x7c	; 124
    00000300 6F                     814 	.db #0x6f	; 111	'o'
    00000301 47                     815 	.db #0x47	; 71	'G'
    00000302 49                     816 	.db #0x49	; 73	'I'
    00000303 C5                     817 	.db #0xc5	; 197
    00000304 89                     818 	.db #0x89	; 137
    00000305 8B                     819 	.db #0x8b	; 139
    00000306 0B                     820 	.db #0x0b	; 11
    00000307 0A                     821 	.db #0x0a	; 10
    00000308 12                     822 	.db #0x12	; 18
    00000309 0A                     823 	.db #0x0a	; 10
    0000030A 16                     824 	.db #0x16	; 22
    0000030B 94                     825 	.db #0x94	; 148
    0000030C 14                     826 	.db #0x14	; 20
    0000030D 94                     827 	.db #0x94	; 148
    0000030E 2C                     828 	.db #0x2c	; 44
    0000030F 14                     829 	.db #0x14	; 20
    00000310 2C                     830 	.db #0x2c	; 44
    00000311 28                     831 	.db #0x28	; 40
    00000312 78                     832 	.db #0x78	; 120	'x'
    00000313 28                     833 	.db #0x28	; 40
    00000314 58                     834 	.db #0x58	; 88	'X'
    00000315 50                     835 	.db #0x50	; 80	'P'
    00000316 F0                     836 	.db #0xf0	; 240
    00000317 50                     837 	.db #0x50	; 80	'P'
    00000318 E0                     838 	.db #0xe0	; 224
    00000319 A0                     839 	.db #0xa0	; 160
    0000031A E1                     840 	.db #0xe1	; 225
    0000031B E0                     841 	.db #0xe0	; 224
    0000031C 20                     842 	.db #0x20	; 32
    0000031D 21                     843 	.db #0x21	; 33
    0000031E 21                     844 	.db #0x21	; 33
    0000031F 21                     845 	.db #0x21	; 33
    00000320 61                     846 	.db #0x61	; 97	'a'
    00000321 23                     847 	.db #0x23	; 35
    00000322 E2                     848 	.db #0xe2	; 226
    00000323 C2                     849 	.db #0xc2	; 194
    00000324 E4                     850 	.db #0xe4	; 228
    00000325 46                     851 	.db #0x46	; 70	'F'
    00000326 4C                     852 	.db #0x4c	; 76	'L'
    00000327 64                     853 	.db #0x64	; 100	'd'
    00000328 6C                     854 	.db #0x6c	; 108	'l'
    00000329 28                     855 	.db #0x28	; 40
    0000032A 30                     856 	.db #0x30	; 48	'0'
    0000032B 38                     857 	.db #0x38	; 56	'8'
    0000032C 30                     858 	.db #0x30	; 48	'0'
    0000032D 30                     859 	.db #0x30	; 48	'0'
    0000032E 20                     860 	.db #0x20	; 32
    0000032F 30                     861 	.db #0x30	; 48	'0'
    00000330 10                     862 	.db #0x10	; 16
    00000331 30                     863 	.db #0x30	; 48	'0'
    00000332 30                     864 	.db #0x30	; 48	'0'
    00000333 10                     865 	.db #0x10	; 16
    00000334 10                     866 	.db #0x10	; 16
    00000335 10                     867 	.db #0x10	; 16
    00000336 11                     868 	.db #0x11	; 17
    00000337 11                     869 	.db #0x11	; 17
    00000338 1F                     870 	.db #0x1f	; 31
    00000339 16                     871 	.db #0x16	; 22
    0000033A 1C                     872 	.db #0x1c	; 28
    0000033B 18                     873 	.db #0x18	; 24
    0000033C 10                     874 	.db #0x10	; 16
    0000033D 10                     875 	.db #0x10	; 16
    0000033E 10                     876 	.db #0x10	; 16
    0000033F 10                     877 	.db #0x10	; 16
    00000340 00                     878 	.db #0x00	; 0
    00000341 00                     879 	.db #0x00	; 0
    00000342 18                     880 	.db #0x18	; 24
    00000343 08                     881 	.db #0x08	; 8
    00000344 18                     882 	.db #0x18	; 24
    00000345 38                     883 	.db #0x38	; 56	'8'
    00000346 38                     884 	.db #0x38	; 56	'8'
    00000347 30                     885 	.db #0x30	; 48	'0'
    00000348 38                     886 	.db #0x38	; 56	'8'
    00000349 70                     887 	.db #0x70	; 112	'p'
    0000034A 70                     888 	.db #0x70	; 112	'p'
    0000034B 50                     889 	.db #0x50	; 80	'P'
    0000034C D0                     890 	.db #0xd0	; 208
    0000034D 50                     891 	.db #0x50	; 80	'P'
    0000034E 91                     892 	.db #0x91	; 145
    0000034F D1                     893 	.db #0xd1	; 209
    00000350 DB                     894 	.db #0xdb	; 219
    00000351 93                     895 	.db #0x93	; 147
    00000352 8A                     896 	.db #0x8a	; 138
    00000353 8E                     897 	.db #0x8e	; 142
    00000354 0C                     898 	.db #0x0c	; 12
    00000355 8C                     899 	.db #0x8c	; 140
    00000356 09                     900 	.db #0x09	; 9
    00000357 8C                     901 	.db #0x8c	; 140
    00000358 49                     902 	.db #0x49	; 73	'I'
    00000359 89                     903 	.db #0x89	; 137
    0000035A C1                     904 	.db #0xc1	; 193
    0000035B 89                     905 	.db #0x89	; 137
    0000035C C3                     906 	.db #0xc3	; 195
    0000035D 89                     907 	.db #0x89	; 137
    0000035E 83                     908 	.db #0x83	; 131
    0000035F 82                     909 	.db #0x82	; 130
    00000360 06                     910 	.db #0x06	; 6
    00000361 86                     911 	.db #0x86	; 134
    00000362 C7                     912 	.db #0xc7	; 199
    00000363 84                     913 	.db #0x84	; 132
    00000364 C5                     914 	.db #0xc5	; 197
    00000365 85                     915 	.db #0x85	; 133
    00000366 C5                     916 	.db #0xc5	; 197
    00000367 85                     917 	.db #0x85	; 133
    00000368 81                     918 	.db #0x81	; 129
    00000369 0F                     919 	.db #0x0f	; 15
    0000036A 0A                     920 	.db #0x0a	; 10
    0000036B 0A                     921 	.db #0x0a	; 10
    0000036C 1A                     922 	.db #0x1a	; 26
    0000036D 16                     923 	.db #0x16	; 22
    0000036E 36                     924 	.db #0x36	; 54	'6'
    0000036F 24                     925 	.db #0x24	; 36
    00000370 68                     926 	.db #0x68	; 104	'h'
    00000371 44                     927 	.db #0x44	; 68	'D'
    00000372 CF                     928 	.db #0xcf	; 207
    00000373 4F                     929 	.db #0x4f	; 79	'O'
    00000374 98                     930 	.db #0x98	; 152
    00000375 90                     931 	.db #0x90	; 144
    00000376 90                     932 	.db #0x90	; 144
    00000377 30                     933 	.db #0x30	; 48	'0'
    00000378 30                     934 	.db #0x30	; 48	'0'
    00000379 20                     935 	.db #0x20	; 32
    0000037A B0                     936 	.db #0xb0	; 176
    0000037B 30                     937 	.db #0x30	; 48	'0'
    0000037C C8                     938 	.db #0xc8	; 200
    0000037D F8                     939 	.db #0xf8	; 248
    0000037E 74                     940 	.db #0x74	; 116	't'
    0000037F 3C                     941 	.db #0x3c	; 60
    00000380 0C                     942 	.db #0x0c	; 12
    00000381 1E                     943 	.db #0x1e	; 30
    00000382 1E                     944 	.db #0x1e	; 30
    00000383 0E                     945 	.db #0x0e	; 14
    00000384 87                     946 	.db #0x87	; 135
    00000385 8E                     947 	.db #0x8e	; 142
    00000386 4D                     948 	.db #0x4d	; 77	'M'
    00000387 47                     949 	.db #0x47	; 71	'G'
    00000388 25                     950 	.db #0x25	; 37
    00000389 27                     951 	.db #0x27	; 39
    0000038A 05                     952 	.db #0x05	; 5
    0000038B 27                     953 	.db #0x27	; 39
    0000038C 15                     954 	.db #0x15	; 21
    0000038D 17                     955 	.db #0x17	; 23
    0000038E 03                     956 	.db #0x03	; 3
    0000038F 16                     957 	.db #0x16	; 22
    00000390 D2                     958 	.db #0xd2	; 210
    00000391 D6                     959 	.db #0xd6	; 214
    00000392 72                     960 	.db #0x72	; 114	'r'
    00000393 66                     961 	.db #0x66	; 102	'f'
    00000394 3E                     962 	.db #0x3e	; 62
    00000395 34                     963 	.db #0x34	; 52	'4'
    00000396 60                     964 	.db #0x60	; 96
    00000397 2C                     965 	.db #0x2c	; 44
    00000398 4C                     966 	.db #0x4c	; 76	'L'
    00000399 44                     967 	.db #0x44	; 68	'D'
    0000039A 86                     968 	.db #0x86	; 134
    0000039B 84                     969 	.db #0x84	; 132
    0000039C 26                     970 	.db #0x26	; 38
    0000039D 62                     971 	.db #0x62	; 98	'b'
    0000039E 76                     972 	.db #0x76	; 118	'v'
    0000039F 32                     973 	.db #0x32	; 50	'2'
    000003A0 6E                     974 	.db #0x6e	; 110	'n'
    000003A1 44                     975 	.db #0x44	; 68	'D'
    000003A2 CC                     976 	.db #0xcc	; 204
    000003A3 8E                     977 	.db #0x8e	; 142
    000003A4 BF                     978 	.db #0xbf	; 191
    000003A5 9B                     979 	.db #0x9b	; 155
    000003A6 60                     980 	.db #0x60	; 96
    000003A7 E1                     981 	.db #0xe1	; 225
    000003A8 20                     982 	.db #0x20	; 32
    000003A9 D0                     983 	.db #0xd0	; 208
    000003AA CC                     984 	.db #0xcc	; 204
    000003AB 8C                     985 	.db #0x8c	; 140
    000003AC E6                     986 	.db #0xe6	; 230
    000003AD E2                     987 	.db #0xe2	; 226
    000003AE EA                     988 	.db #0xea	; 234
    000003AF 99                     989 	.db #0x99	; 153
    000003B0 66                     990 	.db #0x66	; 102	'f'
    000003B1 42                     991 	.db #0x42	; 66	'B'
    000003B2 60                     992 	.db #0x60	; 96
    000003B3 20                     993 	.db #0x20	; 32
    000003B4 30                     994 	.db #0x30	; 48	'0'
    000003B5 10                     995 	.db #0x10	; 16
    000003B6 10                     996 	.db #0x10	; 16
    000003B7 18                     997 	.db #0x18	; 24
    000003B8 1C                     998 	.db #0x1c	; 28
    000003B9 08                     999 	.db #0x08	; 8
    000003BA 0C                    1000 	.db #0x0c	; 12
    000003BB 04                    1001 	.db #0x04	; 4
    000003BC 06                    1002 	.db #0x06	; 6
    000003BD 04                    1003 	.db #0x04	; 4
    000003BE 02                    1004 	.db #0x02	; 2
    000003BF 02                    1005 	.db #0x02	; 2
    000003C0 A2                    1006 	.db #0xa2	; 162
    000003C1 C2                    1007 	.db #0xc2	; 194
    000003C2 7E                    1008 	.db #0x7e	; 126
    000003C3 FC                    1009 	.db #0xfc	; 252
    000003C4 00                    1010 	.db #0x00	; 0
    000003C5 80                    1011 	.db #0x80	; 128
    000003C6 80                    1012 	.db #0x80	; 128
    000003C7 80                    1013 	.db #0x80	; 128
    000003C8 80                    1014 	.db #0x80	; 128
    000003C9 80                    1015 	.db #0x80	; 128
    000003CA 80                    1016 	.db #0x80	; 128
    000003CB C0                    1017 	.db #0xc0	; 192
    000003CC 40                    1018 	.db #0x40	; 64
    000003CD C0                    1019 	.db #0xc0	; 192
    000003CE C0                    1020 	.db #0xc0	; 192
    000003CF 40                    1021 	.db #0x40	; 64
    000003D0 40                    1022 	.db #0x40	; 64
    000003D1 40                    1023 	.db #0x40	; 64
    000003D2 40                    1024 	.db #0x40	; 64
    000003D3 40                    1025 	.db #0x40	; 64
    000003D4 C0                    1026 	.db #0xc0	; 192
    000003D5 40                    1027 	.db #0x40	; 64
    000003D6 80                    1028 	.db #0x80	; 128
    000003D7 C0                    1029 	.db #0xc0	; 192
    000003D8 80                    1030 	.db #0x80	; 128
    000003D9 80                    1031 	.db #0x80	; 128
    000003DA 80                    1032 	.db #0x80	; 128
    000003DB 80                    1033 	.db #0x80	; 128
    000003DC 80                    1034 	.db #0x80	; 128
    000003DD 00                    1035 	.db #0x00	; 0
    000003DE 00                    1036 	.db #0x00	; 0
    000003DF 00                    1037 	.db #0x00	; 0
    000003E0 00                    1038 	.db #0x00	; 0
    000003E1 00                    1039 	.db #0x00	; 0
    000003E2 00                    1040 	.db #0x00	; 0
    000003E3 00                    1041 	.db #0x00	; 0
    000003E4 00                    1042 	.db #0x00	; 0
    000003E5 00                    1043 	.db #0x00	; 0
    000003E6 00                    1044 	.db #0x00	; 0
    000003E7 00                    1045 	.db #0x00	; 0
    000003E8 01                    1046 	.db #0x01	; 1
    000003E9 01                    1047 	.db #0x01	; 1
    000003EA 01                    1048 	.db #0x01	; 1
    000003EB 03                    1049 	.db #0x03	; 3
    000003EC 02                    1050 	.db #0x02	; 2
    000003ED 06                    1051 	.db #0x06	; 6
    000003EE 06                    1052 	.db #0x06	; 6
    000003EF 0C                    1053 	.db #0x0c	; 12
    000003F0 1E                    1054 	.db #0x1e	; 30
    000003F1 1C                    1055 	.db #0x1c	; 28
    000003F2 36                    1056 	.db #0x36	; 54	'6'
    000003F3 24                    1057 	.db #0x24	; 36
    000003F4 44                    1058 	.db #0x44	; 68	'D'
    000003F5 64                    1059 	.db #0x64	; 100	'd'
    000003F6 C4                    1060 	.db #0xc4	; 196
    000003F7 84                    1061 	.db #0x84	; 132
    000003F8 04                    1062 	.db #0x04	; 4
    000003F9 04                    1063 	.db #0x04	; 4
    000003FA 04                    1064 	.db #0x04	; 4
    000003FB 04                    1065 	.db #0x04	; 4
    000003FC 04                    1066 	.db #0x04	; 4
    000003FD 04                    1067 	.db #0x04	; 4
    000003FE 04                    1068 	.db #0x04	; 4
    000003FF 04                    1069 	.db #0x04	; 4
    00000400 00                    1070 	.db #0x00	; 0
    00000401 00                    1071 	.db #0x00	; 0
    00000402 00                    1072 	.db #0x00	; 0
    00000403 00                    1073 	.db #0x00	; 0
    00000404 30                    1074 	.db #0x30	; 48	'0'
    00000405 00                    1075 	.db #0x00	; 0
    00000406 30                    1076 	.db #0x30	; 48	'0'
    00000407 20                    1077 	.db #0x20	; 32
    00000408 30                    1078 	.db #0x30	; 48	'0'
    00000409 60                    1079 	.db #0x60	; 96
    0000040A E0                    1080 	.db #0xe0	; 224
    0000040B 60                    1081 	.db #0x60	; 96
    0000040C E3                    1082 	.db #0xe3	; 227
    0000040D A1                    1083 	.db #0xa1	; 161
    0000040E EF                    1084 	.db #0xef	; 239
    0000040F 27                    1085 	.db #0x27	; 39
    00000410 6E                    1086 	.db #0x6e	; 110	'n'
    00000411 4E                    1087 	.db #0x4e	; 78	'N'
    00000412 E4                    1088 	.db #0xe4	; 228
    00000413 7C                    1089 	.db #0x7c	; 124
    00000414 D8                    1090 	.db #0xd8	; 216
    00000415 A8                    1091 	.db #0xa8	; 168
    00000416 50                    1092 	.db #0x50	; 80	'P'
    00000417 D0                    1093 	.db #0xd0	; 208
    00000418 B0                    1094 	.db #0xb0	; 176
    00000419 A0                    1095 	.db #0xa0	; 160
    0000041A 20                    1096 	.db #0x20	; 32
    0000041B 20                    1097 	.db #0x20	; 32
    0000041C 60                    1098 	.db #0x60	; 96
    0000041D 40                    1099 	.db #0x40	; 64
    0000041E 40                    1100 	.db #0x40	; 64
    0000041F 40                    1101 	.db #0x40	; 64
    00000420 C0                    1102 	.db #0xc0	; 192
    00000421 80                    1103 	.db #0x80	; 128
    00000422 80                    1104 	.db #0x80	; 128
    00000423 80                    1105 	.db #0x80	; 128
    00000424 80                    1106 	.db #0x80	; 128
    00000425 00                    1107 	.db #0x00	; 0
    00000426 00                    1108 	.db #0x00	; 0
    00000427 00                    1109 	.db #0x00	; 0
    00000428 01                    1110 	.db #0x01	; 1
    00000429 01                    1111 	.db #0x01	; 1
    0000042A 02                    1112 	.db #0x02	; 2
    0000042B 03                    1113 	.db #0x03	; 3
    0000042C 04                    1114 	.db #0x04	; 4
    0000042D 06                    1115 	.db #0x06	; 6
    0000042E 1C                    1116 	.db #0x1c	; 28
    0000042F 08                    1117 	.db #0x08	; 8
    00000430 F0                    1118 	.db #0xf0	; 240
    00000431 70                    1119 	.db #0x70	; 112	'p'
    00000432 C0                    1120 	.db #0xc0	; 192
    00000433 80                    1121 	.db #0x80	; 128
    00000434 00                    1122 	.db #0x00	; 0
    00000435 00                    1123 	.db #0x00	; 0
    00000436 00                    1124 	.db #0x00	; 0
    00000437 00                    1125 	.db #0x00	; 0
    00000438 00                    1126 	.db #0x00	; 0
    00000439 00                    1127 	.db #0x00	; 0
    0000043A 00                    1128 	.db #0x00	; 0
    0000043B 00                    1129 	.db #0x00	; 0
    0000043C 00                    1130 	.db #0x00	; 0
    0000043D 00                    1131 	.db #0x00	; 0
    0000043E 00                    1132 	.db #0x00	; 0
    0000043F 00                    1133 	.db #0x00	; 0
    00000440 00                    1134 	.db #0x00	; 0
    00000441 00                    1135 	.db #0x00	; 0
    00000442 00                    1136 	.db #0x00	; 0
    00000443 00                    1137 	.db #0x00	; 0
    00000444 80                    1138 	.db #0x80	; 128
    00000445 00                    1139 	.db #0x00	; 0
    00000446 80                    1140 	.db #0x80	; 128
    00000447 80                    1141 	.db #0x80	; 128
    00000448 60                    1142 	.db #0x60	; 96
    00000449 C0                    1143 	.db #0xc0	; 192
    0000044A 20                    1144 	.db #0x20	; 32
    0000044B 60                    1145 	.db #0x60	; 96
    0000044C 18                    1146 	.db #0x18	; 24
    0000044D 30                    1147 	.db #0x30	; 48	'0'
    0000044E 08                    1148 	.db #0x08	; 8
    0000044F 18                    1149 	.db #0x18	; 24
    00000450 0C                    1150 	.db #0x0c	; 12
    00000451 08                    1151 	.db #0x08	; 8
    00000452 0E                    1152 	.db #0x0e	; 14
    00000453 04                    1153 	.db #0x04	; 4
    00000454 06                    1154 	.db #0x06	; 6
    00000455 06                    1155 	.db #0x06	; 6
    00000456 07                    1156 	.db #0x07	; 7
    00000457 02                    1157 	.db #0x02	; 2
    00000458 01                    1158 	.db #0x01	; 1
    00000459 03                    1159 	.db #0x03	; 3
    0000045A 03                    1160 	.db #0x03	; 3
    0000045B 01                    1161 	.db #0x01	; 1
    0000045C 01                    1162 	.db #0x01	; 1
    0000045D 01                    1163 	.db #0x01	; 1
    0000045E 01                    1164 	.db #0x01	; 1
    0000045F 01                    1165 	.db #0x01	; 1
    00000460 33                    1166 	.db #0x33	; 51	'3'
    00000461 02                    1167 	.db #0x02	; 2
    00000462 7E                    1168 	.db #0x7e	; 126
    00000463 3C                    1169 	.db #0x3c	; 60
    00000464 18                    1170 	.db #0x18	; 24
    00000465 18                    1171 	.db #0x18	; 24
    00000466 0C                    1172 	.db #0x0c	; 12
    00000467 0C                    1173 	.db #0x0c	; 12
    00000468 06                    1174 	.db #0x06	; 6
    00000469 06                    1175 	.db #0x06	; 6
    0000046A 02                    1176 	.db #0x02	; 2
    0000046B 03                    1177 	.db #0x03	; 3
    0000046C 03                    1178 	.db #0x03	; 3
    0000046D 01                    1179 	.db #0x01	; 1
    0000046E 01                    1180 	.db #0x01	; 1
    0000046F 01                    1181 	.db #0x01	; 1
    00000470 03                    1182 	.db #0x03	; 3
    00000471 01                    1183 	.db #0x01	; 1
    00000472 02                    1184 	.db #0x02	; 2
    00000473 03                    1185 	.db #0x03	; 3
    00000474 06                    1186 	.db #0x06	; 6
    00000475 02                    1187 	.db #0x02	; 2
    00000476 06                    1188 	.db #0x06	; 6
    00000477 06                    1189 	.db #0x06	; 6
    00000478 06                    1190 	.db #0x06	; 6
    00000479 06                    1191 	.db #0x06	; 6
    0000047A 0B                    1192 	.db #0x0b	; 11
    0000047B 0E                    1193 	.db #0x0e	; 14
    0000047C 0D                    1194 	.db #0x0d	; 13
    0000047D 0B                    1195 	.db #0x0b	; 11
    0000047E 1B                    1196 	.db #0x1b	; 27
    0000047F 11                    1197 	.db #0x11	; 17
    00000480 31                    1198 	.db #0x31	; 49	'1'
    00000481 11                    1199 	.db #0x11	; 17
    00000482 71                    1200 	.db #0x71	; 113	'q'
    00000483 21                    1201 	.db #0x21	; 33
    00000484 61                    1202 	.db #0x61	; 97	'a'
    00000485 41                    1203 	.db #0x41	; 65	'A'
    00000486 80                    1204 	.db #0x80	; 128
    00000487 C1                    1205 	.db #0xc1	; 193
    00000488 80                    1206 	.db #0x80	; 128
    00000489 81                    1207 	.db #0x81	; 129
    0000048A 01                    1208 	.db #0x01	; 1
    0000048B 00                    1209 	.db #0x00	; 0
    0000048C 01                    1210 	.db #0x01	; 1
    0000048D 00                    1211 	.db #0x00	; 0
    0000048E 01                    1212 	.db #0x01	; 1
    0000048F 00                    1213 	.db #0x00	; 0
    00000490 00                    1214 	.db #0x00	; 0
    00000491 00                    1215 	.db #0x00	; 0
    00000492 00                    1216 	.db #0x00	; 0
    00000493 00                    1217 	.db #0x00	; 0
    00000494 00                    1218 	.db #0x00	; 0
    00000495 00                    1219 	.db #0x00	; 0
    00000496 00                    1220 	.db #0x00	; 0
    00000497 00                    1221 	.db #0x00	; 0
    00000498 00                    1222 	.db #0x00	; 0
    00000499 00                    1223 	.db #0x00	; 0
    0000049A 00                    1224 	.db #0x00	; 0
    0000049B 00                    1225 	.db #0x00	; 0
    0000049C 01                    1226 	.db #0x01	; 1
    0000049D 00                    1227 	.db #0x00	; 0
    0000049E 01                    1228 	.db #0x01	; 1
    0000049F 00                    1229 	.db #0x00	; 0
    000004A0 00                    1230 	.db #0x00	; 0
    000004A1 00                    1231 	.db #0x00	; 0
    000004A2 00                    1232 	.db #0x00	; 0
    000004A3 00                    1233 	.db #0x00	; 0
    000004A4 00                    1234 	.db #0x00	; 0
    000004A5 00                    1235 	.db #0x00	; 0
    000004A6 00                    1236 	.db #0x00	; 0
    000004A7 00                    1237 	.db #0x00	; 0
    000004A8 00                    1238 	.db #0x00	; 0
    000004A9 00                    1239 	.db #0x00	; 0
    000004AA A0                    1240 	.db #0xa0	; 160
    000004AB 60                    1241 	.db #0x60	; 96
    000004AC E0                    1242 	.db #0xe0	; 224
    000004AD A0                    1243 	.db #0xa0	; 160
    000004AE 30                    1244 	.db #0x30	; 48	'0'
    000004AF 20                    1245 	.db #0x20	; 32
    000004B0 20                    1246 	.db #0x20	; 32
    000004B1 10                    1247 	.db #0x10	; 16
    000004B2 20                    1248 	.db #0x20	; 32
    000004B3 10                    1249 	.db #0x10	; 16
    000004B4 20                    1250 	.db #0x20	; 32
    000004B5 10                    1251 	.db #0x10	; 16
    000004B6 20                    1252 	.db #0x20	; 32
    000004B7 10                    1253 	.db #0x10	; 16
    000004B8 20                    1254 	.db #0x20	; 32
    000004B9 10                    1255 	.db #0x10	; 16
    000004BA 20                    1256 	.db #0x20	; 32
    000004BB 10                    1257 	.db #0x10	; 16
    000004BC 20                    1258 	.db #0x20	; 32
    000004BD 20                    1259 	.db #0x20	; 32
    000004BE 20                    1260 	.db #0x20	; 32
    000004BF 20                    1261 	.db #0x20	; 32
    000004C0 60                    1262 	.db #0x60	; 96
    000004C1 20                    1263 	.db #0x20	; 32
    000004C2 40                    1264 	.db #0x40	; 64
    000004C3 40                    1265 	.db #0x40	; 64
    000004C4 C0                    1266 	.db #0xc0	; 192
    000004C5 40                    1267 	.db #0x40	; 64
    000004C6 80                    1268 	.db #0x80	; 128
    000004C7 80                    1269 	.db #0x80	; 128
    000004C8 00                    1270 	.db #0x00	; 0
    000004C9 80                    1271 	.db #0x80	; 128
    000004CA 00                    1272 	.db #0x00	; 0
    000004CB 00                    1273 	.db #0x00	; 0
    000004CC 00                    1274 	.db #0x00	; 0
    000004CD 00                    1275 	.db #0x00	; 0
    000004CE 00                    1276 	.db #0x00	; 0
    000004CF 00                    1277 	.db #0x00	; 0
    000004D0 00                    1278 	.db #0x00	; 0
    000004D1 00                    1279 	.db #0x00	; 0
    000004D2 80                    1280 	.db #0x80	; 128
    000004D3 00                    1281 	.db #0x00	; 0
    000004D4 00                    1282 	.db #0x00	; 0
    000004D5 80                    1283 	.db #0x80	; 128
    000004D6 80                    1284 	.db #0x80	; 128
    000004D7 80                    1285 	.db #0x80	; 128
    000004D8 80                    1286 	.db #0x80	; 128
    000004D9 80                    1287 	.db #0x80	; 128
    000004DA 80                    1288 	.db #0x80	; 128
    000004DB 80                    1289 	.db #0x80	; 128
    000004DC 80                    1290 	.db #0x80	; 128
    000004DD 80                    1291 	.db #0x80	; 128
    000004DE 80                    1292 	.db #0x80	; 128
    000004DF 80                    1293 	.db #0x80	; 128
    000004E0 80                    1294 	.db #0x80	; 128
    000004E1 80                    1295 	.db #0x80	; 128
    000004E2 80                    1296 	.db #0x80	; 128
    000004E3 80                    1297 	.db #0x80	; 128
    000004E4 80                    1298 	.db #0x80	; 128
    000004E5 80                    1299 	.db #0x80	; 128
    000004E6 80                    1300 	.db #0x80	; 128
    000004E7 80                    1301 	.db #0x80	; 128
    000004E8 80                    1302 	.db #0x80	; 128
    000004E9 80                    1303 	.db #0x80	; 128
    000004EA 80                    1304 	.db #0x80	; 128
    000004EB 80                    1305 	.db #0x80	; 128
    000004EC 80                    1306 	.db #0x80	; 128
    000004ED 80                    1307 	.db #0x80	; 128
    000004EE 80                    1308 	.db #0x80	; 128
    000004EF 80                    1309 	.db #0x80	; 128
    000004F0 00                    1310 	.db #0x00	; 0
    000004F1 00                    1311 	.db #0x00	; 0
    000004F2 00                    1312 	.db #0x00	; 0
    000004F3 00                    1313 	.db #0x00	; 0
    000004F4 00                    1314 	.db #0x00	; 0
    000004F5 00                    1315 	.db #0x00	; 0
    000004F6 00                    1316 	.db #0x00	; 0
    000004F7 00                    1317 	.db #0x00	; 0
    000004F8 00                    1318 	.db #0x00	; 0
    000004F9 00                    1319 	.db #0x00	; 0
    000004FA 00                    1320 	.db #0x00	; 0
    000004FB 00                    1321 	.db #0x00	; 0
    000004FC 00                    1322 	.db #0x00	; 0
    000004FD 00                    1323 	.db #0x00	; 0
    000004FE 00                    1324 	.db #0x00	; 0
    000004FF 00                    1325 	.db #0x00	; 0
                                   1326 	.area _INITIALIZER
                                   1327 	.area _CABS (ABS)
