                                      1 ;--------------------------------------------------------
                                      2 ; File Created by SDCC : free open source ISO C Compiler 
                                      3 ; Version 4.4.1 #14650 (MINGW64)
                                      4 ;--------------------------------------------------------
                                      5 	.module MadSis_Map
                                      6 	.optsdcc -msm83
                                      7 	
                                      8 ;--------------------------------------------------------
                                      9 ; Public variables in this module
                                     10 ;--------------------------------------------------------
                                     11 	.globl _MadSis_Map
                                     12 ;--------------------------------------------------------
                                     13 ; special function registers
                                     14 ;--------------------------------------------------------
                                     15 ;--------------------------------------------------------
                                     16 ; ram data
                                     17 ;--------------------------------------------------------
                                     18 	.area _DATA
                                     19 ;--------------------------------------------------------
                                     20 ; ram data
                                     21 ;--------------------------------------------------------
                                     22 	.area _INITIALIZED
                                     23 ;--------------------------------------------------------
                                     24 ; absolute external ram data
                                     25 ;--------------------------------------------------------
                                     26 	.area _DABS (ABS)
                                     27 ;--------------------------------------------------------
                                     28 ; global & static initialisations
                                     29 ;--------------------------------------------------------
                                     30 	.area _HOME
                                     31 	.area _GSINIT
                                     32 	.area _GSFINAL
                                     33 	.area _GSINIT
                                     34 ;--------------------------------------------------------
                                     35 ; Home
                                     36 ;--------------------------------------------------------
                                     37 	.area _HOME
                                     38 	.area _HOME
                                     39 ;--------------------------------------------------------
                                     40 ; code
                                     41 ;--------------------------------------------------------
                                     42 	.area _CODE
                                     43 	.area _CODE
                         00000000    44 G$MadSis_Map$0_0$0 == .
    00000000                         45 _MadSis_Map:
    00000000 80                      46 	.db #0x80	; 128
    00000001 87                      47 	.db #0x87	; 135
    00000002 8E                      48 	.db #0x8e	; 142
    00000003 A0                      49 	.db #0xa0	; 160
    00000004 A0                      50 	.db #0xa0	; 160
    00000005 81                      51 	.db #0x81	; 129
    00000006 88                      52 	.db #0x88	; 136
    00000007 8F                      53 	.db #0x8f	; 143
    00000008 94                      54 	.db #0x94	; 148
    00000009 A0                      55 	.db #0xa0	; 160
    0000000A 82                      56 	.db #0x82	; 130
    0000000B 89                      57 	.db #0x89	; 137
    0000000C 90                      58 	.db #0x90	; 144
    0000000D 95                      59 	.db #0x95	; 149
    0000000E 9A                      60 	.db #0x9a	; 154
    0000000F 83                      61 	.db #0x83	; 131
    00000010 9F                      62 	.db #0x9f	; 159
    00000011 91                      63 	.db #0x91	; 145
    00000012 96                      64 	.db #0x96	; 150
    00000013 9B                      65 	.db #0x9b	; 155
    00000014 84                      66 	.db #0x84	; 132
    00000015 8B                      67 	.db #0x8b	; 139
    00000016 92                      68 	.db #0x92	; 146
    00000017 97                      69 	.db #0x97	; 151
    00000018 9C                      70 	.db #0x9c	; 156
    00000019 85                      71 	.db #0x85	; 133
    0000001A 8C                      72 	.db #0x8c	; 140
    0000001B 93                      73 	.db #0x93	; 147
    0000001C 98                      74 	.db #0x98	; 152
    0000001D 9D                      75 	.db #0x9d	; 157
    0000001E 86                      76 	.db #0x86	; 134
    0000001F 8D                      77 	.db #0x8d	; 141
    00000020 80                      78 	.db #0x80	; 128
    00000021 99                      79 	.db #0x99	; 153
    00000022 9E                      80 	.db #0x9e	; 158
                                     81 	.area _INITIALIZER
                                     82 	.area _CABS (ABS)
