                                      1 ;--------------------------------------------------------
                                      2 ; File Created by SDCC : free open source ISO C Compiler 
                                      3 ; Version 4.4.1 #14650 (MINGW64)
                                      4 ;--------------------------------------------------------
                                      5 	.module Man_Tiles
                                      6 	.optsdcc -msm83
                                      7 	
                                      8 ;--------------------------------------------------------
                                      9 ; Public variables in this module
                                     10 ;--------------------------------------------------------
                                     11 	.globl _Man_Tiles
                                     12 ;--------------------------------------------------------
                                     13 ; special function registers
                                     14 ;--------------------------------------------------------
                                     15 ;--------------------------------------------------------
                                     16 ; ram data
                                     17 ;--------------------------------------------------------
                                     18 	.area _DATA
                                     19 ;--------------------------------------------------------
                                     20 ; ram data
                                     21 ;--------------------------------------------------------
                                     22 	.area _INITIALIZED
                                     23 ;--------------------------------------------------------
                                     24 ; absolute external ram data
                                     25 ;--------------------------------------------------------
                                     26 	.area _DABS (ABS)
                                     27 ;--------------------------------------------------------
                                     28 ; global & static initialisations
                                     29 ;--------------------------------------------------------
                                     30 	.area _HOME
                                     31 	.area _GSINIT
                                     32 	.area _GSFINAL
                                     33 	.area _GSINIT
                                     34 ;--------------------------------------------------------
                                     35 ; Home
                                     36 ;--------------------------------------------------------
                                     37 	.area _HOME
                                     38 	.area _HOME
                                     39 ;--------------------------------------------------------
                                     40 ; code
                                     41 ;--------------------------------------------------------
                                     42 	.area _CODE
                                     43 	.area _CODE
                         00000000    44 G$Man_Tiles$0_0$0 == .
    00000000                         45 _Man_Tiles:
    00000000 00                      46 	.db #0x00	; 0
    00000001 00                      47 	.db #0x00	; 0
    00000002 00                      48 	.db #0x00	; 0
    00000003 00                      49 	.db #0x00	; 0
    00000004 00                      50 	.db #0x00	; 0
    00000005 00                      51 	.db #0x00	; 0
    00000006 00                      52 	.db #0x00	; 0
    00000007 00                      53 	.db #0x00	; 0
    00000008 00                      54 	.db #0x00	; 0
    00000009 00                      55 	.db #0x00	; 0
    0000000A 00                      56 	.db #0x00	; 0
    0000000B 00                      57 	.db #0x00	; 0
    0000000C 00                      58 	.db #0x00	; 0
    0000000D 00                      59 	.db #0x00	; 0
    0000000E 00                      60 	.db #0x00	; 0
    0000000F 00                      61 	.db #0x00	; 0
    00000010 01                      62 	.db #0x01	; 1
    00000011 01                      63 	.db #0x01	; 1
    00000012 03                      64 	.db #0x03	; 3
    00000013 03                      65 	.db #0x03	; 3
    00000014 03                      66 	.db #0x03	; 3
    00000015 03                      67 	.db #0x03	; 3
    00000016 07                      68 	.db #0x07	; 7
    00000017 07                      69 	.db #0x07	; 7
    00000018 0F                      70 	.db #0x0f	; 15
    00000019 0F                      71 	.db #0x0f	; 15
    0000001A 0F                      72 	.db #0x0f	; 15
    0000001B 0F                      73 	.db #0x0f	; 15
    0000001C 1F                      74 	.db #0x1f	; 31
    0000001D 1F                      75 	.db #0x1f	; 31
    0000001E 1F                      76 	.db #0x1f	; 31
    0000001F 1F                      77 	.db #0x1f	; 31
    00000020 3F                      78 	.db #0x3f	; 63
    00000021 3F                      79 	.db #0x3f	; 63
    00000022 3F                      80 	.db #0x3f	; 63
    00000023 3F                      81 	.db #0x3f	; 63
    00000024 3F                      82 	.db #0x3f	; 63
    00000025 3F                      83 	.db #0x3f	; 63
    00000026 7F                      84 	.db #0x7f	; 127
    00000027 7F                      85 	.db #0x7f	; 127
    00000028 7F                      86 	.db #0x7f	; 127
    00000029 7F                      87 	.db #0x7f	; 127
    0000002A FF                      88 	.db #0xff	; 255
    0000002B 7F                      89 	.db #0x7f	; 127
    0000002C 7F                      90 	.db #0x7f	; 127
    0000002D FF                      91 	.db #0xff	; 255
    0000002E 7F                      92 	.db #0x7f	; 127
    0000002F FF                      93 	.db #0xff	; 255
    00000030 FF                      94 	.db #0xff	; 255
    00000031 FF                      95 	.db #0xff	; 255
    00000032 FF                      96 	.db #0xff	; 255
    00000033 FF                      97 	.db #0xff	; 255
    00000034 FF                      98 	.db #0xff	; 255
    00000035 FF                      99 	.db #0xff	; 255
    00000036 FF                     100 	.db #0xff	; 255
    00000037 FF                     101 	.db #0xff	; 255
    00000038 FF                     102 	.db #0xff	; 255
    00000039 FF                     103 	.db #0xff	; 255
    0000003A 7F                     104 	.db #0x7f	; 127
    0000003B FF                     105 	.db #0xff	; 255
    0000003C 7F                     106 	.db #0x7f	; 127
    0000003D FF                     107 	.db #0xff	; 255
    0000003E FF                     108 	.db #0xff	; 255
    0000003F 7F                     109 	.db #0x7f	; 127
    00000040 7F                     110 	.db #0x7f	; 127
    00000041 7F                     111 	.db #0x7f	; 127
    00000042 7F                     112 	.db #0x7f	; 127
    00000043 7F                     113 	.db #0x7f	; 127
    00000044 3E                     114 	.db #0x3e	; 62
    00000045 3F                     115 	.db #0x3f	; 63
    00000046 3F                     116 	.db #0x3f	; 63
    00000047 3E                     117 	.db #0x3e	; 62
    00000048 1F                     118 	.db #0x1f	; 31
    00000049 1E                     119 	.db #0x1e	; 30
    0000004A 1F                     120 	.db #0x1f	; 31
    0000004B 1F                     121 	.db #0x1f	; 31
    0000004C 1F                     122 	.db #0x1f	; 31
    0000004D 0F                     123 	.db #0x0f	; 15
    0000004E 0F                     124 	.db #0x0f	; 15
    0000004F 0F                     125 	.db #0x0f	; 15
    00000050 07                     126 	.db #0x07	; 7
    00000051 07                     127 	.db #0x07	; 7
    00000052 03                     128 	.db #0x03	; 3
    00000053 03                     129 	.db #0x03	; 3
    00000054 01                     130 	.db #0x01	; 1
    00000055 01                     131 	.db #0x01	; 1
    00000056 00                     132 	.db #0x00	; 0
    00000057 00                     133 	.db #0x00	; 0
    00000058 00                     134 	.db #0x00	; 0
    00000059 00                     135 	.db #0x00	; 0
    0000005A 00                     136 	.db #0x00	; 0
    0000005B 00                     137 	.db #0x00	; 0
    0000005C 00                     138 	.db #0x00	; 0
    0000005D 00                     139 	.db #0x00	; 0
    0000005E 00                     140 	.db #0x00	; 0
    0000005F 00                     141 	.db #0x00	; 0
    00000060 00                     142 	.db #0x00	; 0
    00000061 00                     143 	.db #0x00	; 0
    00000062 00                     144 	.db #0x00	; 0
    00000063 00                     145 	.db #0x00	; 0
    00000064 00                     146 	.db #0x00	; 0
    00000065 00                     147 	.db #0x00	; 0
    00000066 01                     148 	.db #0x01	; 1
    00000067 01                     149 	.db #0x01	; 1
    00000068 07                     150 	.db #0x07	; 7
    00000069 07                     151 	.db #0x07	; 7
    0000006A 1F                     152 	.db #0x1f	; 31
    0000006B 1F                     153 	.db #0x1f	; 31
    0000006C 7F                     154 	.db #0x7f	; 127
    0000006D 7F                     155 	.db #0x7f	; 127
    0000006E FF                     156 	.db #0xff	; 255
    0000006F FF                     157 	.db #0xff	; 255
    00000070 FF                     158 	.db #0xff	; 255
    00000071 FF                     159 	.db #0xff	; 255
    00000072 FF                     160 	.db #0xff	; 255
    00000073 FF                     161 	.db #0xff	; 255
    00000074 FF                     162 	.db #0xff	; 255
    00000075 FF                     163 	.db #0xff	; 255
    00000076 FF                     164 	.db #0xff	; 255
    00000077 FF                     165 	.db #0xff	; 255
    00000078 FF                     166 	.db #0xff	; 255
    00000079 FF                     167 	.db #0xff	; 255
    0000007A FF                     168 	.db #0xff	; 255
    0000007B FF                     169 	.db #0xff	; 255
    0000007C FF                     170 	.db #0xff	; 255
    0000007D FF                     171 	.db #0xff	; 255
    0000007E FF                     172 	.db #0xff	; 255
    0000007F FF                     173 	.db #0xff	; 255
    00000080 FC                     174 	.db #0xfc	; 252
    00000081 F8                     175 	.db #0xf8	; 248
    00000082 F8                     176 	.db #0xf8	; 248
    00000083 F0                     177 	.db #0xf0	; 240
    00000084 E0                     178 	.db #0xe0	; 224
    00000085 F0                     179 	.db #0xf0	; 240
    00000086 F0                     180 	.db #0xf0	; 240
    00000087 E0                     181 	.db #0xe0	; 224
    00000088 F0                     182 	.db #0xf0	; 240
    00000089 E0                     183 	.db #0xe0	; 224
    0000008A C0                     184 	.db #0xc0	; 192
    0000008B E0                     185 	.db #0xe0	; 224
    0000008C 80                     186 	.db #0x80	; 128
    0000008D C0                     187 	.db #0xc0	; 192
    0000008E 80                     188 	.db #0x80	; 128
    0000008F 81                     189 	.db #0x81	; 129
    00000090 01                     190 	.db #0x01	; 1
    00000091 81                     191 	.db #0x81	; 129
    00000092 01                     192 	.db #0x01	; 1
    00000093 03                     193 	.db #0x03	; 3
    00000094 07                     194 	.db #0x07	; 7
    00000095 03                     195 	.db #0x03	; 3
    00000096 07                     196 	.db #0x07	; 7
    00000097 03                     197 	.db #0x03	; 3
    00000098 03                     198 	.db #0x03	; 3
    00000099 03                     199 	.db #0x03	; 3
    0000009A 03                     200 	.db #0x03	; 3
    0000009B 01                     201 	.db #0x01	; 1
    0000009C 81                     202 	.db #0x81	; 129
    0000009D 80                     203 	.db #0x80	; 128
    0000009E C0                     204 	.db #0xc0	; 192
    0000009F C0                     205 	.db #0xc0	; 192
    000000A0 E0                     206 	.db #0xe0	; 224
    000000A1 E0                     207 	.db #0xe0	; 224
    000000A2 F8                     208 	.db #0xf8	; 248
    000000A3 F0                     209 	.db #0xf0	; 240
    000000A4 FC                     210 	.db #0xfc	; 252
    000000A5 FC                     211 	.db #0xfc	; 252
    000000A6 FE                     212 	.db #0xfe	; 254
    000000A7 FF                     213 	.db #0xff	; 255
    000000A8 7F                     214 	.db #0x7f	; 127
    000000A9 7F                     215 	.db #0x7f	; 127
    000000AA 1F                     216 	.db #0x1f	; 31
    000000AB 1F                     217 	.db #0x1f	; 31
    000000AC 0F                     218 	.db #0x0f	; 15
    000000AD 07                     219 	.db #0x07	; 7
    000000AE 00                     220 	.db #0x00	; 0
    000000AF 00                     221 	.db #0x00	; 0
    000000B0 00                     222 	.db #0x00	; 0
    000000B1 00                     223 	.db #0x00	; 0
    000000B2 07                     224 	.db #0x07	; 7
    000000B3 07                     225 	.db #0x07	; 7
    000000B4 3F                     226 	.db #0x3f	; 63
    000000B5 3F                     227 	.db #0x3f	; 63
    000000B6 FF                     228 	.db #0xff	; 255
    000000B7 FF                     229 	.db #0xff	; 255
    000000B8 FF                     230 	.db #0xff	; 255
    000000B9 FF                     231 	.db #0xff	; 255
    000000BA FF                     232 	.db #0xff	; 255
    000000BB FF                     233 	.db #0xff	; 255
    000000BC FF                     234 	.db #0xff	; 255
    000000BD FF                     235 	.db #0xff	; 255
    000000BE FF                     236 	.db #0xff	; 255
    000000BF FF                     237 	.db #0xff	; 255
    000000C0 F8                     238 	.db #0xf8	; 248
    000000C1 FC                     239 	.db #0xfc	; 252
    000000C2 F0                     240 	.db #0xf0	; 240
    000000C3 F8                     241 	.db #0xf8	; 248
    000000C4 E0                     242 	.db #0xe0	; 224
    000000C5 F0                     243 	.db #0xf0	; 240
    000000C6 E0                     244 	.db #0xe0	; 224
    000000C7 E0                     245 	.db #0xe0	; 224
    000000C8 E0                     246 	.db #0xe0	; 224
    000000C9 E0                     247 	.db #0xe0	; 224
    000000CA E0                     248 	.db #0xe0	; 224
    000000CB E0                     249 	.db #0xe0	; 224
    000000CC E0                     250 	.db #0xe0	; 224
    000000CD C0                     251 	.db #0xc0	; 192
    000000CE 80                     252 	.db #0x80	; 128
    000000CF C0                     253 	.db #0xc0	; 192
    000000D0 80                     254 	.db #0x80	; 128
    000000D1 C0                     255 	.db #0xc0	; 192
    000000D2 C0                     256 	.db #0xc0	; 192
    000000D3 C0                     257 	.db #0xc0	; 192
    000000D4 E0                     258 	.db #0xe0	; 224
    000000D5 E0                     259 	.db #0xe0	; 224
    000000D6 F0                     260 	.db #0xf0	; 240
    000000D7 F0                     261 	.db #0xf0	; 240
    000000D8 F8                     262 	.db #0xf8	; 248
    000000D9 F0                     263 	.db #0xf0	; 240
    000000DA F0                     264 	.db #0xf0	; 240
    000000DB F8                     265 	.db #0xf8	; 248
    000000DC D0                     266 	.db #0xd0	; 208
    000000DD E0                     267 	.db #0xe0	; 224
    000000DE 40                     268 	.db #0x40	; 64
    000000DF 80                     269 	.db #0x80	; 128
    000000E0 00                     270 	.db #0x00	; 0
    000000E1 00                     271 	.db #0x00	; 0
    000000E2 80                     272 	.db #0x80	; 128
    000000E3 80                     273 	.db #0x80	; 128
    000000E4 80                     274 	.db #0x80	; 128
    000000E5 80                     275 	.db #0x80	; 128
    000000E6 C0                     276 	.db #0xc0	; 192
    000000E7 80                     277 	.db #0x80	; 128
    000000E8 C0                     278 	.db #0xc0	; 192
    000000E9 C0                     279 	.db #0xc0	; 192
    000000EA C0                     280 	.db #0xc0	; 192
    000000EB C0                     281 	.db #0xc0	; 192
    000000EC C0                     282 	.db #0xc0	; 192
    000000ED C0                     283 	.db #0xc0	; 192
    000000EE 40                     284 	.db #0x40	; 64
    000000EF 00                     285 	.db #0x00	; 0
    000000F0 00                     286 	.db #0x00	; 0
    000000F1 00                     287 	.db #0x00	; 0
    000000F2 00                     288 	.db #0x00	; 0
    000000F3 00                     289 	.db #0x00	; 0
    000000F4 00                     290 	.db #0x00	; 0
    000000F5 00                     291 	.db #0x00	; 0
    000000F6 00                     292 	.db #0x00	; 0
    000000F7 00                     293 	.db #0x00	; 0
    000000F8 80                     294 	.db #0x80	; 128
    000000F9 C0                     295 	.db #0xc0	; 192
    000000FA 80                     296 	.db #0x80	; 128
    000000FB 80                     297 	.db #0x80	; 128
    000000FC 80                     298 	.db #0x80	; 128
    000000FD 80                     299 	.db #0x80	; 128
    000000FE 00                     300 	.db #0x00	; 0
    000000FF 00                     301 	.db #0x00	; 0
    00000100 80                     302 	.db #0x80	; 128
    00000101 80                     303 	.db #0x80	; 128
    00000102 C0                     304 	.db #0xc0	; 192
    00000103 C0                     305 	.db #0xc0	; 192
    00000104 C0                     306 	.db #0xc0	; 192
    00000105 C0                     307 	.db #0xc0	; 192
    00000106 E0                     308 	.db #0xe0	; 224
    00000107 E0                     309 	.db #0xe0	; 224
    00000108 F0                     310 	.db #0xf0	; 240
    00000109 F0                     311 	.db #0xf0	; 240
    0000010A F0                     312 	.db #0xf0	; 240
    0000010B F0                     313 	.db #0xf0	; 240
    0000010C F8                     314 	.db #0xf8	; 248
    0000010D F8                     315 	.db #0xf8	; 248
    0000010E F8                     316 	.db #0xf8	; 248
    0000010F F8                     317 	.db #0xf8	; 248
    00000110 FC                     318 	.db #0xfc	; 252
    00000111 FC                     319 	.db #0xfc	; 252
    00000112 FC                     320 	.db #0xfc	; 252
    00000113 FC                     321 	.db #0xfc	; 252
    00000114 FC                     322 	.db #0xfc	; 252
    00000115 FC                     323 	.db #0xfc	; 252
    00000116 FE                     324 	.db #0xfe	; 254
    00000117 FE                     325 	.db #0xfe	; 254
    00000118 FE                     326 	.db #0xfe	; 254
    00000119 FE                     327 	.db #0xfe	; 254
    0000011A FF                     328 	.db #0xff	; 255
    0000011B FE                     329 	.db #0xfe	; 254
    0000011C FE                     330 	.db #0xfe	; 254
    0000011D FF                     331 	.db #0xff	; 255
    0000011E FE                     332 	.db #0xfe	; 254
    0000011F FF                     333 	.db #0xff	; 255
    00000120 FF                     334 	.db #0xff	; 255
    00000121 FF                     335 	.db #0xff	; 255
    00000122 FF                     336 	.db #0xff	; 255
    00000123 FF                     337 	.db #0xff	; 255
    00000124 FF                     338 	.db #0xff	; 255
    00000125 FF                     339 	.db #0xff	; 255
    00000126 FF                     340 	.db #0xff	; 255
    00000127 FF                     341 	.db #0xff	; 255
    00000128 FF                     342 	.db #0xff	; 255
    00000129 FF                     343 	.db #0xff	; 255
    0000012A FE                     344 	.db #0xfe	; 254
    0000012B FF                     345 	.db #0xff	; 255
    0000012C FE                     346 	.db #0xfe	; 254
    0000012D FF                     347 	.db #0xff	; 255
    0000012E FF                     348 	.db #0xff	; 255
    0000012F FE                     349 	.db #0xfe	; 254
    00000130 FE                     350 	.db #0xfe	; 254
    00000131 FE                     351 	.db #0xfe	; 254
    00000132 FE                     352 	.db #0xfe	; 254
    00000133 FE                     353 	.db #0xfe	; 254
    00000134 7C                     354 	.db #0x7c	; 124
    00000135 FC                     355 	.db #0xfc	; 252
    00000136 FC                     356 	.db #0xfc	; 252
    00000137 7C                     357 	.db #0x7c	; 124
    00000138 F8                     358 	.db #0xf8	; 248
    00000139 78                     359 	.db #0x78	; 120	'x'
    0000013A F8                     360 	.db #0xf8	; 248
    0000013B F8                     361 	.db #0xf8	; 248
    0000013C F8                     362 	.db #0xf8	; 248
    0000013D F0                     363 	.db #0xf0	; 240
    0000013E F0                     364 	.db #0xf0	; 240
    0000013F F0                     365 	.db #0xf0	; 240
    00000140 E0                     366 	.db #0xe0	; 224
    00000141 E0                     367 	.db #0xe0	; 224
    00000142 C0                     368 	.db #0xc0	; 192
    00000143 C0                     369 	.db #0xc0	; 192
    00000144 80                     370 	.db #0x80	; 128
    00000145 80                     371 	.db #0x80	; 128
    00000146 00                     372 	.db #0x00	; 0
    00000147 00                     373 	.db #0x00	; 0
    00000148 00                     374 	.db #0x00	; 0
    00000149 00                     375 	.db #0x00	; 0
    0000014A 00                     376 	.db #0x00	; 0
    0000014B 00                     377 	.db #0x00	; 0
    0000014C 00                     378 	.db #0x00	; 0
    0000014D 00                     379 	.db #0x00	; 0
    0000014E 00                     380 	.db #0x00	; 0
    0000014F 00                     381 	.db #0x00	; 0
    00000150 00                     382 	.db #0x00	; 0
    00000151 00                     383 	.db #0x00	; 0
    00000152 00                     384 	.db #0x00	; 0
    00000153 00                     385 	.db #0x00	; 0
    00000154 00                     386 	.db #0x00	; 0
    00000155 00                     387 	.db #0x00	; 0
    00000156 80                     388 	.db #0x80	; 128
    00000157 80                     389 	.db #0x80	; 128
    00000158 E0                     390 	.db #0xe0	; 224
    00000159 E0                     391 	.db #0xe0	; 224
    0000015A F8                     392 	.db #0xf8	; 248
    0000015B F8                     393 	.db #0xf8	; 248
    0000015C FE                     394 	.db #0xfe	; 254
    0000015D FE                     395 	.db #0xfe	; 254
    0000015E FF                     396 	.db #0xff	; 255
    0000015F FF                     397 	.db #0xff	; 255
    00000160 3F                     398 	.db #0x3f	; 63
    00000161 1F                     399 	.db #0x1f	; 31
    00000162 1F                     400 	.db #0x1f	; 31
    00000163 0F                     401 	.db #0x0f	; 15
    00000164 07                     402 	.db #0x07	; 7
    00000165 0F                     403 	.db #0x0f	; 15
    00000166 0F                     404 	.db #0x0f	; 15
    00000167 07                     405 	.db #0x07	; 7
    00000168 0F                     406 	.db #0x0f	; 15
    00000169 07                     407 	.db #0x07	; 7
    0000016A 03                     408 	.db #0x03	; 3
    0000016B 07                     409 	.db #0x07	; 7
    0000016C 01                     410 	.db #0x01	; 1
    0000016D 03                     411 	.db #0x03	; 3
    0000016E 01                     412 	.db #0x01	; 1
    0000016F 81                     413 	.db #0x81	; 129
    00000170 80                     414 	.db #0x80	; 128
    00000171 81                     415 	.db #0x81	; 129
    00000172 80                     416 	.db #0x80	; 128
    00000173 C0                     417 	.db #0xc0	; 192
    00000174 E0                     418 	.db #0xe0	; 224
    00000175 C0                     419 	.db #0xc0	; 192
    00000176 E0                     420 	.db #0xe0	; 224
    00000177 C0                     421 	.db #0xc0	; 192
    00000178 C0                     422 	.db #0xc0	; 192
    00000179 C0                     423 	.db #0xc0	; 192
    0000017A C0                     424 	.db #0xc0	; 192
    0000017B 80                     425 	.db #0x80	; 128
    0000017C 81                     426 	.db #0x81	; 129
    0000017D 01                     427 	.db #0x01	; 1
    0000017E 03                     428 	.db #0x03	; 3
    0000017F 03                     429 	.db #0x03	; 3
    00000180 07                     430 	.db #0x07	; 7
    00000181 07                     431 	.db #0x07	; 7
    00000182 1F                     432 	.db #0x1f	; 31
    00000183 0F                     433 	.db #0x0f	; 15
    00000184 3F                     434 	.db #0x3f	; 63
    00000185 3F                     435 	.db #0x3f	; 63
    00000186 7F                     436 	.db #0x7f	; 127
    00000187 FF                     437 	.db #0xff	; 255
    00000188 FE                     438 	.db #0xfe	; 254
    00000189 FE                     439 	.db #0xfe	; 254
    0000018A F8                     440 	.db #0xf8	; 248
    0000018B F8                     441 	.db #0xf8	; 248
    0000018C F0                     442 	.db #0xf0	; 240
    0000018D E0                     443 	.db #0xe0	; 224
    0000018E 00                     444 	.db #0x00	; 0
    0000018F 00                     445 	.db #0x00	; 0
    00000190 00                     446 	.db #0x00	; 0
    00000191 00                     447 	.db #0x00	; 0
    00000192 E0                     448 	.db #0xe0	; 224
    00000193 E0                     449 	.db #0xe0	; 224
    00000194 FC                     450 	.db #0xfc	; 252
    00000195 FC                     451 	.db #0xfc	; 252
    00000196 FF                     452 	.db #0xff	; 255
    00000197 FF                     453 	.db #0xff	; 255
    00000198 FF                     454 	.db #0xff	; 255
    00000199 FF                     455 	.db #0xff	; 255
    0000019A FF                     456 	.db #0xff	; 255
    0000019B FF                     457 	.db #0xff	; 255
    0000019C FF                     458 	.db #0xff	; 255
    0000019D FF                     459 	.db #0xff	; 255
    0000019E FF                     460 	.db #0xff	; 255
    0000019F FF                     461 	.db #0xff	; 255
    000001A0 1F                     462 	.db #0x1f	; 31
    000001A1 3F                     463 	.db #0x3f	; 63
    000001A2 0F                     464 	.db #0x0f	; 15
    000001A3 1F                     465 	.db #0x1f	; 31
    000001A4 07                     466 	.db #0x07	; 7
    000001A5 0F                     467 	.db #0x0f	; 15
    000001A6 07                     468 	.db #0x07	; 7
    000001A7 07                     469 	.db #0x07	; 7
    000001A8 07                     470 	.db #0x07	; 7
    000001A9 07                     471 	.db #0x07	; 7
    000001AA 07                     472 	.db #0x07	; 7
    000001AB 07                     473 	.db #0x07	; 7
    000001AC 07                     474 	.db #0x07	; 7
    000001AD 03                     475 	.db #0x03	; 3
    000001AE 01                     476 	.db #0x01	; 1
    000001AF 03                     477 	.db #0x03	; 3
    000001B0 01                     478 	.db #0x01	; 1
    000001B1 03                     479 	.db #0x03	; 3
    000001B2 03                     480 	.db #0x03	; 3
    000001B3 03                     481 	.db #0x03	; 3
    000001B4 07                     482 	.db #0x07	; 7
    000001B5 07                     483 	.db #0x07	; 7
    000001B6 0F                     484 	.db #0x0f	; 15
    000001B7 0F                     485 	.db #0x0f	; 15
    000001B8 1F                     486 	.db #0x1f	; 31
    000001B9 0F                     487 	.db #0x0f	; 15
    000001BA 0F                     488 	.db #0x0f	; 15
    000001BB 1F                     489 	.db #0x1f	; 31
    000001BC 0B                     490 	.db #0x0b	; 11
    000001BD 07                     491 	.db #0x07	; 7
    000001BE 02                     492 	.db #0x02	; 2
    000001BF 01                     493 	.db #0x01	; 1
    000001C0 00                     494 	.db #0x00	; 0
    000001C1 00                     495 	.db #0x00	; 0
    000001C2 01                     496 	.db #0x01	; 1
    000001C3 01                     497 	.db #0x01	; 1
    000001C4 01                     498 	.db #0x01	; 1
    000001C5 01                     499 	.db #0x01	; 1
    000001C6 03                     500 	.db #0x03	; 3
    000001C7 01                     501 	.db #0x01	; 1
    000001C8 03                     502 	.db #0x03	; 3
    000001C9 03                     503 	.db #0x03	; 3
    000001CA 03                     504 	.db #0x03	; 3
    000001CB 03                     505 	.db #0x03	; 3
    000001CC 03                     506 	.db #0x03	; 3
    000001CD 03                     507 	.db #0x03	; 3
    000001CE 02                     508 	.db #0x02	; 2
    000001CF 00                     509 	.db #0x00	; 0
    000001D0 00                     510 	.db #0x00	; 0
    000001D1 00                     511 	.db #0x00	; 0
    000001D2 00                     512 	.db #0x00	; 0
    000001D3 00                     513 	.db #0x00	; 0
    000001D4 00                     514 	.db #0x00	; 0
    000001D5 00                     515 	.db #0x00	; 0
    000001D6 00                     516 	.db #0x00	; 0
    000001D7 00                     517 	.db #0x00	; 0
    000001D8 01                     518 	.db #0x01	; 1
    000001D9 03                     519 	.db #0x03	; 3
    000001DA 01                     520 	.db #0x01	; 1
    000001DB 01                     521 	.db #0x01	; 1
    000001DC 01                     522 	.db #0x01	; 1
    000001DD 01                     523 	.db #0x01	; 1
    000001DE 00                     524 	.db #0x00	; 0
    000001DF 00                     525 	.db #0x00	; 0
    000001E0 00                     526 	.db #0x00	; 0
    000001E1 00                     527 	.db #0x00	; 0
    000001E2 00                     528 	.db #0x00	; 0
    000001E3 00                     529 	.db #0x00	; 0
    000001E4 00                     530 	.db #0x00	; 0
    000001E5 00                     531 	.db #0x00	; 0
    000001E6 00                     532 	.db #0x00	; 0
    000001E7 00                     533 	.db #0x00	; 0
    000001E8 00                     534 	.db #0x00	; 0
    000001E9 00                     535 	.db #0x00	; 0
    000001EA 00                     536 	.db #0x00	; 0
    000001EB 00                     537 	.db #0x00	; 0
    000001EC 00                     538 	.db #0x00	; 0
    000001ED 00                     539 	.db #0x00	; 0
    000001EE 00                     540 	.db #0x00	; 0
    000001EF 00                     541 	.db #0x00	; 0
                                    542 	.area _INITIALIZER
                                    543 	.area _CABS (ABS)
