                                      1 ;--------------------------------------------------------
                                      2 ; File Created by SDCC : free open source ISO C Compiler 
                                      3 ; Version 4.2.2 #13350 (MINGW64)
                                      4 ;--------------------------------------------------------
                                      5 	.module Man_Map
                                      6 	.optsdcc -msm83
                                      7 	
                                      8 ;--------------------------------------------------------
                                      9 ; Public variables in this module
                                     10 ;--------------------------------------------------------
                                     11 	.globl _Man_Map
                                     12 ;--------------------------------------------------------
                                     13 ; special function registers
                                     14 ;--------------------------------------------------------
                                     15 ;--------------------------------------------------------
                                     16 ; ram data
                                     17 ;--------------------------------------------------------
                                     18 	.area _DATA
                                     19 ;--------------------------------------------------------
                                     20 ; ram data
                                     21 ;--------------------------------------------------------
                                     22 	.area _INITIALIZED
                           000000    23 G$Man_Map$0_0$0==.
      000000                         24 _Man_Map::
      000000                         25 	.ds 36
                                     26 ;--------------------------------------------------------
                                     27 ; absolute external ram data
                                     28 ;--------------------------------------------------------
                                     29 	.area _DABS (ABS)
                                     30 ;--------------------------------------------------------
                                     31 ; global & static initialisations
                                     32 ;--------------------------------------------------------
                                     33 	.area _HOME
                                     34 	.area _GSINIT
                                     35 	.area _GSFINAL
                                     36 	.area _GSINIT
                                     37 ;--------------------------------------------------------
                                     38 ; Home
                                     39 ;--------------------------------------------------------
                                     40 	.area _HOME
                                     41 	.area _HOME
                                     42 ;--------------------------------------------------------
                                     43 ; code
                                     44 ;--------------------------------------------------------
                                     45 	.area _CODE
                                     46 	.area _CODE
                                     47 	.area _INITIALIZER
                           000000    48 FMan_Map$__xinit_Man_Map$0_0$0 == .
      000000                         49 __xinit__Man_Map:
      000000 80                      50 	.db #0x80	; 128
      000001 86                      51 	.db #0x86	; 134
      000002 8B                      52 	.db #0x8b	; 139
      000003 99                      53 	.db #0x99	; 153
      000004 95                      54 	.db #0x95	; 149
      000005 80                      55 	.db #0x80	; 128
      000006 81                      56 	.db #0x81	; 129
      000007 87                      57 	.db #0x87	; 135
      000008 8C                      58 	.db #0x8c	; 140
      000009 9A                      59 	.db #0x9a	; 154
      00000A 87                      60 	.db #0x87	; 135
      00000B 90                      61 	.db #0x90	; 144
      00000C 82                      62 	.db #0x82	; 130
      00000D 87                      63 	.db #0x87	; 135
      00000E 8D                      64 	.db #0x8d	; 141
      00000F 9B                      65 	.db #0x9b	; 155
      000010 87                      66 	.db #0x87	; 135
      000011 91                      67 	.db #0x91	; 145
      000012 83                      68 	.db #0x83	; 131
      000013 88                      69 	.db #0x88	; 136
      000014 80                      70 	.db #0x80	; 128
      000015 80                      71 	.db #0x80	; 128
      000016 96                      72 	.db #0x96	; 150
      000017 92                      73 	.db #0x92	; 146
      000018 84                      74 	.db #0x84	; 132
      000019 89                      75 	.db #0x89	; 137
      00001A 8E                      76 	.db #0x8e	; 142
      00001B 9C                      77 	.db #0x9c	; 156
      00001C 97                      78 	.db #0x97	; 151
      00001D 93                      79 	.db #0x93	; 147
      00001E 85                      80 	.db #0x85	; 133
      00001F 8A                      81 	.db #0x8a	; 138
      000020 8F                      82 	.db #0x8f	; 143
      000021 9D                      83 	.db #0x9d	; 157
      000022 98                      84 	.db #0x98	; 152
      000023 94                      85 	.db #0x94	; 148
                                     86 	.area _CABS (ABS)
