                                      1 ;--------------------------------------------------------
                                      2 ; File Created by SDCC : free open source ISO C Compiler 
                                      3 ; Version 4.4.1 #14650 (MINGW64)
                                      4 ;--------------------------------------------------------
                                      5 	.module Officer_Map
                                      6 	.optsdcc -msm83
                                      7 	
                                      8 ;--------------------------------------------------------
                                      9 ; Public variables in this module
                                     10 ;--------------------------------------------------------
                                     11 	.globl _Officer_Map
                                     12 ;--------------------------------------------------------
                                     13 ; special function registers
                                     14 ;--------------------------------------------------------
                                     15 ;--------------------------------------------------------
                                     16 ; ram data
                                     17 ;--------------------------------------------------------
                                     18 	.area _DATA
                                     19 ;--------------------------------------------------------
                                     20 ; ram data
                                     21 ;--------------------------------------------------------
                                     22 	.area _INITIALIZED
                                     23 ;--------------------------------------------------------
                                     24 ; absolute external ram data
                                     25 ;--------------------------------------------------------
                                     26 	.area _DABS (ABS)
                                     27 ;--------------------------------------------------------
                                     28 ; global & static initialisations
                                     29 ;--------------------------------------------------------
                                     30 	.area _HOME
                                     31 	.area _GSINIT
                                     32 	.area _GSFINAL
                                     33 	.area _GSINIT
                                     34 ;--------------------------------------------------------
                                     35 ; Home
                                     36 ;--------------------------------------------------------
                                     37 	.area _HOME
                                     38 	.area _HOME
                                     39 ;--------------------------------------------------------
                                     40 ; code
                                     41 ;--------------------------------------------------------
                                     42 	.area _CODE_5
                                     43 	.area _CODE_5
                         00000000    44 G$Officer_Map$0_0$0 == .
    00000000                         45 _Officer_Map:
    00000000 A8                      46 	.db #0xa8	; 168
    00000001 A8                      47 	.db #0xa8	; 168
    00000002 A8                      48 	.db #0xa8	; 168
    00000003 8F                      49 	.db #0x8f	; 143
    00000004 A8                      50 	.db #0xa8	; 168
    00000005 A8                      51 	.db #0xa8	; 168
    00000006 A8                      52 	.db #0xa8	; 168
    00000007 83                      53 	.db #0x83	; 131
    00000008 89                      54 	.db #0x89	; 137
    00000009 90                      55 	.db #0x90	; 144
    0000000A 96                      56 	.db #0x96	; 150
    0000000B 9C                      57 	.db #0x9c	; 156
    0000000C 80                      58 	.db #0x80	; 128
    0000000D 84                      59 	.db #0x84	; 132
    0000000E 8A                      60 	.db #0x8a	; 138
    0000000F 91                      61 	.db #0x91	; 145
    00000010 97                      62 	.db #0x97	; 151
    00000011 9D                      63 	.db #0x9d	; 157
    00000012 81                      64 	.db #0x81	; 129
    00000013 85                      65 	.db #0x85	; 133
    00000014 8B                      66 	.db #0x8b	; 139
    00000015 92                      67 	.db #0x92	; 146
    00000016 98                      68 	.db #0x98	; 152
    00000017 9E                      69 	.db #0x9e	; 158
    00000018 82                      70 	.db #0x82	; 130
    00000019 86                      71 	.db #0x86	; 134
    0000001A 8C                      72 	.db #0x8c	; 140
    0000001B 93                      73 	.db #0x93	; 147
    0000001C 99                      74 	.db #0x99	; 153
    0000001D A8                      75 	.db #0xa8	; 168
    0000001E A8                      76 	.db #0xa8	; 168
    0000001F 87                      77 	.db #0x87	; 135
    00000020 8D                      78 	.db #0x8d	; 141
    00000021 94                      79 	.db #0x94	; 148
    00000022 9A                      80 	.db #0x9a	; 154
    00000023 A8                      81 	.db #0xa8	; 168
    00000024 A8                      82 	.db #0xa8	; 168
    00000025 88                      83 	.db #0x88	; 136
    00000026 8E                      84 	.db #0x8e	; 142
    00000027 95                      85 	.db #0x95	; 149
    00000028 9B                      86 	.db #0x9b	; 155
    00000029 A8                      87 	.db #0xa8	; 168
                                     88 	.area _INITIALIZER
                                     89 	.area _CABS (ABS)
