                                      1 ;--------------------------------------------------------
                                      2 ; File Created by SDCC : free open source ISO C Compiler 
                                      3 ; Version 4.2.2 #13350 (MINGW64)
                                      4 ;--------------------------------------------------------
                                      5 	.module Saucer_Tiles
                                      6 	.optsdcc -msm83
                                      7 	
                                      8 ;--------------------------------------------------------
                                      9 ; Public variables in this module
                                     10 ;--------------------------------------------------------
                                     11 	.globl _Saucer_Tiles
                                     12 ;--------------------------------------------------------
                                     13 ; special function registers
                                     14 ;--------------------------------------------------------
                                     15 ;--------------------------------------------------------
                                     16 ; ram data
                                     17 ;--------------------------------------------------------
                                     18 	.area _DATA
                                     19 ;--------------------------------------------------------
                                     20 ; ram data
                                     21 ;--------------------------------------------------------
                                     22 	.area _INITIALIZED
                           000000    23 G$Saucer_Tiles$0_0$0==.
      000000                         24 _Saucer_Tiles::
      000000                         25 	.ds 240
                                     26 ;--------------------------------------------------------
                                     27 ; absolute external ram data
                                     28 ;--------------------------------------------------------
                                     29 	.area _DABS (ABS)
                                     30 ;--------------------------------------------------------
                                     31 ; global & static initialisations
                                     32 ;--------------------------------------------------------
                                     33 	.area _HOME
                                     34 	.area _GSINIT
                                     35 	.area _GSFINAL
                                     36 	.area _GSINIT
                                     37 ;--------------------------------------------------------
                                     38 ; Home
                                     39 ;--------------------------------------------------------
                                     40 	.area _HOME
                                     41 	.area _HOME
                                     42 ;--------------------------------------------------------
                                     43 ; code
                                     44 ;--------------------------------------------------------
                                     45 	.area _CODE
                                     46 	.area _CODE
                                     47 	.area _INITIALIZER
                           000000    48 FSaucer_Tiles$__xinit_Saucer_Tiles$0_0$0 == .
      000000                         49 __xinit__Saucer_Tiles:
      000000 00                      50 	.db #0x00	; 0
      000001 00                      51 	.db #0x00	; 0
      000002 00                      52 	.db #0x00	; 0
      000003 00                      53 	.db #0x00	; 0
      000004 00                      54 	.db #0x00	; 0
      000005 00                      55 	.db #0x00	; 0
      000006 00                      56 	.db #0x00	; 0
      000007 00                      57 	.db #0x00	; 0
      000008 00                      58 	.db #0x00	; 0
      000009 00                      59 	.db #0x00	; 0
      00000A 00                      60 	.db #0x00	; 0
      00000B 00                      61 	.db #0x00	; 0
      00000C 00                      62 	.db #0x00	; 0
      00000D 00                      63 	.db #0x00	; 0
      00000E 00                      64 	.db #0x00	; 0
      00000F 00                      65 	.db #0x00	; 0
      000010 00                      66 	.db #0x00	; 0
      000011 00                      67 	.db #0x00	; 0
      000012 00                      68 	.db #0x00	; 0
      000013 00                      69 	.db #0x00	; 0
      000014 00                      70 	.db #0x00	; 0
      000015 00                      71 	.db #0x00	; 0
      000016 00                      72 	.db #0x00	; 0
      000017 00                      73 	.db #0x00	; 0
      000018 01                      74 	.db #0x01	; 1
      000019 01                      75 	.db #0x01	; 1
      00001A 02                      76 	.db #0x02	; 2
      00001B 02                      77 	.db #0x02	; 2
      00001C 04                      78 	.db #0x04	; 4
      00001D 04                      79 	.db #0x04	; 4
      00001E 05                      80 	.db #0x05	; 5
      00001F 05                      81 	.db #0x05	; 5
      000020 05                      82 	.db #0x05	; 5
      000021 05                      83 	.db #0x05	; 5
      000022 04                      84 	.db #0x04	; 4
      000023 04                      85 	.db #0x04	; 4
      000024 04                      86 	.db #0x04	; 4
      000025 04                      87 	.db #0x04	; 4
      000026 02                      88 	.db #0x02	; 2
      000027 02                      89 	.db #0x02	; 2
      000028 01                      90 	.db #0x01	; 1
      000029 01                      91 	.db #0x01	; 1
      00002A 01                      92 	.db #0x01	; 1
      00002B 01                      93 	.db #0x01	; 1
      00002C 00                      94 	.db #0x00	; 0
      00002D 00                      95 	.db #0x00	; 0
      00002E 00                      96 	.db #0x00	; 0
      00002F 00                      97 	.db #0x00	; 0
      000030 00                      98 	.db #0x00	; 0
      000031 00                      99 	.db #0x00	; 0
      000032 00                     100 	.db #0x00	; 0
      000033 00                     101 	.db #0x00	; 0
      000034 00                     102 	.db #0x00	; 0
      000035 00                     103 	.db #0x00	; 0
      000036 01                     104 	.db #0x01	; 1
      000037 01                     105 	.db #0x01	; 1
      000038 02                     106 	.db #0x02	; 2
      000039 02                     107 	.db #0x02	; 2
      00003A 02                     108 	.db #0x02	; 2
      00003B 02                     109 	.db #0x02	; 2
      00003C 04                     110 	.db #0x04	; 4
      00003D 04                     111 	.db #0x04	; 4
      00003E 04                     112 	.db #0x04	; 4
      00003F 04                     113 	.db #0x04	; 4
      000040 0C                     114 	.db #0x0c	; 12
      000041 0D                     115 	.db #0x0d	; 13
      000042 10                     116 	.db #0x10	; 16
      000043 1D                     117 	.db #0x1d	; 29
      000044 60                     118 	.db #0x60	; 96
      000045 6D                     119 	.db #0x6d	; 109	'm'
      000046 90                     120 	.db #0x90	; 144
      000047 99                     121 	.db #0x99	; 153
      000048 00                     122 	.db #0x00	; 0
      000049 3B                     123 	.db #0x3b	; 59
      00004A 80                     124 	.db #0x80	; 128
      00004B F7                     125 	.db #0xf7	; 247
      00004C 00                     126 	.db #0x00	; 0
      00004D BF                     127 	.db #0xbf	; 191
      00004E 60                     128 	.db #0x60	; 96
      00004F 7F                     129 	.db #0x7f	; 127
      000050 04                     130 	.db #0x04	; 4
      000051 EF                     131 	.db #0xef	; 239
      000052 88                     132 	.db #0x88	; 136
      000053 EF                     133 	.db #0xef	; 239
      000054 7F                     134 	.db #0x7f	; 127
      000055 7F                     135 	.db #0x7f	; 127
      000056 00                     136 	.db #0x00	; 0
      000057 00                     137 	.db #0x00	; 0
      000058 81                     138 	.db #0x81	; 129
      000059 81                     139 	.db #0x81	; 129
      00005A FE                     140 	.db #0xfe	; 254
      00005B 7F                     141 	.db #0x7f	; 127
      00005C 81                     142 	.db #0x81	; 129
      00005D 81                     143 	.db #0x81	; 129
      00005E 00                     144 	.db #0x00	; 0
      00005F 00                     145 	.db #0x00	; 0
      000060 1E                     146 	.db #0x1e	; 30
      000061 1E                     147 	.db #0x1e	; 30
      000062 61                     148 	.db #0x61	; 97	'a'
      000063 7F                     149 	.db #0x7f	; 127
      000064 80                     150 	.db #0x80	; 128
      000065 9F                     151 	.db #0x9f	; 159
      000066 00                     152 	.db #0x00	; 0
      000067 3F                     153 	.db #0x3f	; 63
      000068 00                     154 	.db #0x00	; 0
      000069 7F                     155 	.db #0x7f	; 127
      00006A 00                     156 	.db #0x00	; 0
      00006B 7F                     157 	.db #0x7f	; 127
      00006C 00                     158 	.db #0x00	; 0
      00006D FF                     159 	.db #0xff	; 255
      00006E 06                     160 	.db #0x06	; 6
      00006F F9                     161 	.db #0xf9	; 249
      000070 07                     162 	.db #0x07	; 7
      000071 F9                     163 	.db #0xf9	; 249
      000072 63                     164 	.db #0x63	; 99	'c'
      000073 9F                     165 	.db #0x9f	; 159
      000074 70                     166 	.db #0x70	; 112	'p'
      000075 9F                     167 	.db #0x9f	; 159
      000076 30                     168 	.db #0x30	; 48	'0'
      000077 FF                     169 	.db #0xff	; 255
      000078 00                     170 	.db #0x00	; 0
      000079 FF                     171 	.db #0xff	; 255
      00007A 00                     172 	.db #0x00	; 0
      00007B FF                     173 	.db #0xff	; 255
      00007C 02                     174 	.db #0x02	; 2
      00007D FB                     175 	.db #0xfb	; 251
      00007E 21                     176 	.db #0x21	; 33
      00007F FB                     177 	.db #0xfb	; 251
      000080 4E                     178 	.db #0x4e	; 78	'N'
      000081 7E                     179 	.db #0x7e	; 126
      000082 70                     180 	.db #0x70	; 112	'p'
      000083 70                     181 	.db #0x70	; 112	'p'
      000084 83                     182 	.db #0x83	; 131
      000085 83                     183 	.db #0x83	; 131
      000086 1C                     184 	.db #0x1c	; 28
      000087 1C                     185 	.db #0x1c	; 28
      000088 E0                     186 	.db #0xe0	; 224
      000089 E0                     187 	.db #0xe0	; 224
      00008A 60                     188 	.db #0x60	; 96
      00008B A0                     189 	.db #0xa0	; 160
      00008C C0                     190 	.db #0xc0	; 192
      00008D C0                     191 	.db #0xc0	; 192
      00008E 00                     192 	.db #0x00	; 0
      00008F 00                     193 	.db #0x00	; 0
      000090 07                     194 	.db #0x07	; 7
      000091 07                     195 	.db #0x07	; 7
      000092 B8                     196 	.db #0xb8	; 184
      000093 BA                     197 	.db #0xba	; 186
      000094 40                     198 	.db #0x40	; 64
      000095 FF                     199 	.db #0xff	; 255
      000096 30                     200 	.db #0x30	; 48	'0'
      000097 FF                     201 	.db #0xff	; 255
      000098 0E                     202 	.db #0x0e	; 14
      000099 FF                     203 	.db #0xff	; 255
      00009A 60                     204 	.db #0x60	; 96
      00009B 9F                     205 	.db #0x9f	; 159
      00009C 70                     206 	.db #0x70	; 112	'p'
      00009D 9F                     207 	.db #0x9f	; 159
      00009E 30                     208 	.db #0x30	; 48	'0'
      00009F FF                     209 	.db #0xff	; 255
      0000A0 00                     210 	.db #0x00	; 0
      0000A1 FF                     211 	.db #0xff	; 255
      0000A2 01                     212 	.db #0x01	; 1
      0000A3 FF                     213 	.db #0xff	; 255
      0000A4 00                     214 	.db #0x00	; 0
      0000A5 FD                     215 	.db #0xfd	; 253
      0000A6 01                     216 	.db #0x01	; 1
      0000A7 DF                     217 	.db #0xdf	; 223
      0000A8 16                     218 	.db #0x16	; 22
      0000A9 FE                     219 	.db #0xfe	; 254
      0000AA 18                     220 	.db #0x18	; 24
      0000AB F8                     221 	.db #0xf8	; 248
      0000AC 63                     222 	.db #0x63	; 99	'c'
      0000AD E3                     223 	.db #0xe3	; 227
      0000AE 8C                     224 	.db #0x8c	; 140
      0000AF 8C                     225 	.db #0x8c	; 140
      0000B0 38                     226 	.db #0x38	; 56	'8'
      0000B1 38                     227 	.db #0x38	; 56	'8'
      0000B2 C8                     228 	.db #0xc8	; 200
      0000B3 F8                     229 	.db #0xf8	; 248
      0000B4 30                     230 	.db #0x30	; 48	'0'
      0000B5 10                     231 	.db #0x10	; 16
      0000B6 E0                     232 	.db #0xe0	; 224
      0000B7 E0                     233 	.db #0xe0	; 224
      0000B8 00                     234 	.db #0x00	; 0
      0000B9 00                     235 	.db #0x00	; 0
      0000BA 00                     236 	.db #0x00	; 0
      0000BB 00                     237 	.db #0x00	; 0
      0000BC 00                     238 	.db #0x00	; 0
      0000BD 00                     239 	.db #0x00	; 0
      0000BE 00                     240 	.db #0x00	; 0
      0000BF 00                     241 	.db #0x00	; 0
      0000C0 E0                     242 	.db #0xe0	; 224
      0000C1 E0                     243 	.db #0xe0	; 224
      0000C2 18                     244 	.db #0x18	; 24
      0000C3 18                     245 	.db #0x18	; 24
      0000C4 44                     246 	.db #0x44	; 68	'D'
      0000C5 64                     247 	.db #0x64	; 100	'd'
      0000C6 1A                     248 	.db #0x1a	; 26
      0000C7 FA                     249 	.db #0xfa	; 250
      0000C8 0A                     250 	.db #0x0a	; 10
      0000C9 EA                     251 	.db #0xea	; 234
      0000CA 0A                     252 	.db #0x0a	; 10
      0000CB FA                     253 	.db #0xfa	; 250
      0000CC 52                     254 	.db #0x52	; 82	'R'
      0000CD F2                     255 	.db #0xf2	; 242
      0000CE 16                     256 	.db #0x16	; 22
      0000CF B6                     257 	.db #0xb6	; 182
      0000D0 26                     258 	.db #0x26	; 38
      0000D1 E2                     259 	.db #0xe2	; 226
      0000D2 4C                     260 	.db #0x4c	; 76	'L'
      0000D3 CC                     261 	.db #0xcc	; 204
      0000D4 90                     262 	.db #0x90	; 144
      0000D5 90                     263 	.db #0x90	; 144
      0000D6 28                     264 	.db #0x28	; 40
      0000D7 38                     265 	.db #0x38	; 56	'8'
      0000D8 58                     266 	.db #0x58	; 88	'X'
      0000D9 68                     267 	.db #0x68	; 104	'h'
      0000DA 90                     268 	.db #0x90	; 144
      0000DB 90                     269 	.db #0x90	; 144
      0000DC 60                     270 	.db #0x60	; 96
      0000DD 60                     271 	.db #0x60	; 96
      0000DE 00                     272 	.db #0x00	; 0
      0000DF 00                     273 	.db #0x00	; 0
      0000E0 00                     274 	.db #0x00	; 0
      0000E1 00                     275 	.db #0x00	; 0
      0000E2 00                     276 	.db #0x00	; 0
      0000E3 00                     277 	.db #0x00	; 0
      0000E4 00                     278 	.db #0x00	; 0
      0000E5 00                     279 	.db #0x00	; 0
      0000E6 00                     280 	.db #0x00	; 0
      0000E7 00                     281 	.db #0x00	; 0
      0000E8 00                     282 	.db #0x00	; 0
      0000E9 00                     283 	.db #0x00	; 0
      0000EA 00                     284 	.db #0x00	; 0
      0000EB 00                     285 	.db #0x00	; 0
      0000EC 00                     286 	.db #0x00	; 0
      0000ED 00                     287 	.db #0x00	; 0
      0000EE 00                     288 	.db #0x00	; 0
      0000EF 00                     289 	.db #0x00	; 0
                                    290 	.area _CABS (ABS)
