                                      1 ;--------------------------------------------------------
                                      2 ; File Created by SDCC : free open source ISO C Compiler 
                                      3 ; Version 4.4.1 #14650 (MINGW64)
                                      4 ;--------------------------------------------------------
                                      5 	.module Saucer_Map
                                      6 	.optsdcc -msm83
                                      7 	
                                      8 ;--------------------------------------------------------
                                      9 ; Public variables in this module
                                     10 ;--------------------------------------------------------
                                     11 	.globl _Saucer_Map
                                     12 ;--------------------------------------------------------
                                     13 ; special function registers
                                     14 ;--------------------------------------------------------
                                     15 ;--------------------------------------------------------
                                     16 ; ram data
                                     17 ;--------------------------------------------------------
                                     18 	.area _DATA
                                     19 ;--------------------------------------------------------
                                     20 ; ram data
                                     21 ;--------------------------------------------------------
                                     22 	.area _INITIALIZED
                         00000000    23 G$Saucer_Map$0_0$0==.
    00000000                         24 _Saucer_Map::
    00000000                         25 	.ds 15
                                     26 ;--------------------------------------------------------
                                     27 ; absolute external ram data
                                     28 ;--------------------------------------------------------
                                     29 	.area _DABS (ABS)
                                     30 ;--------------------------------------------------------
                                     31 ; global & static initialisations
                                     32 ;--------------------------------------------------------
                                     33 	.area _HOME
                                     34 	.area _GSINIT
                                     35 	.area _GSFINAL
                                     36 	.area _GSINIT
                                     37 ;--------------------------------------------------------
                                     38 ; Home
                                     39 ;--------------------------------------------------------
                                     40 	.area _HOME
                                     41 	.area _HOME
                                     42 ;--------------------------------------------------------
                                     43 ; code
                                     44 ;--------------------------------------------------------
                                     45 	.area _CODE
                                     46 	.area _CODE
                                     47 	.area _INITIALIZER
                         00000000    48 FSaucer_Map$__xinit_Saucer_Map$0_0$0 == .
    00000000                         49 __xinit__Saucer_Map:
    00000000 80                      50 	.db #0x80	; 128
    00000001 83                      51 	.db #0x83	; 131
    00000002 86                      52 	.db #0x86	; 134
    00000003 89                      53 	.db #0x89	; 137
    00000004 8C                      54 	.db #0x8c	; 140
    00000005 81                      55 	.db #0x81	; 129
    00000006 84                      56 	.db #0x84	; 132
    00000007 87                      57 	.db #0x87	; 135
    00000008 8A                      58 	.db #0x8a	; 138
    00000009 8D                      59 	.db #0x8d	; 141
    0000000A 82                      60 	.db #0x82	; 130
    0000000B 85                      61 	.db #0x85	; 133
    0000000C 88                      62 	.db #0x88	; 136
    0000000D 8B                      63 	.db #0x8b	; 139
    0000000E 80                      64 	.db #0x80	; 128
                                     65 	.area _CABS (ABS)
