                                      1 ;--------------------------------------------------------
                                      2 ; File Created by SDCC : free open source ISO C Compiler 
                                      3 ; Version 4.4.1 #14650 (MINGW64)
                                      4 ;--------------------------------------------------------
                                      5 	.module Semi_Map
                                      6 	.optsdcc -msm83
                                      7 	
                                      8 ;--------------------------------------------------------
                                      9 ; Public variables in this module
                                     10 ;--------------------------------------------------------
                                     11 	.globl _Semi_Map
                                     12 ;--------------------------------------------------------
                                     13 ; special function registers
                                     14 ;--------------------------------------------------------
                                     15 ;--------------------------------------------------------
                                     16 ; ram data
                                     17 ;--------------------------------------------------------
                                     18 	.area _DATA
                                     19 ;--------------------------------------------------------
                                     20 ; ram data
                                     21 ;--------------------------------------------------------
                                     22 	.area _INITIALIZED
                                     23 ;--------------------------------------------------------
                                     24 ; absolute external ram data
                                     25 ;--------------------------------------------------------
                                     26 	.area _DABS (ABS)
                                     27 ;--------------------------------------------------------
                                     28 ; global & static initialisations
                                     29 ;--------------------------------------------------------
                                     30 	.area _HOME
                                     31 	.area _GSINIT
                                     32 	.area _GSFINAL
                                     33 	.area _GSINIT
                                     34 ;--------------------------------------------------------
                                     35 ; Home
                                     36 ;--------------------------------------------------------
                                     37 	.area _HOME
                                     38 	.area _HOME
                                     39 ;--------------------------------------------------------
                                     40 ; code
                                     41 ;--------------------------------------------------------
                                     42 	.area _CODE_5
                                     43 	.area _CODE_5
                         00000000    44 G$Semi_Map$0_0$0 == .
    00000000                         45 _Semi_Map:
    00000000 80                      46 	.db #0x80	; 128
    00000001 88                      47 	.db #0x88	; 136
    00000002 90                      48 	.db #0x90	; 144
    00000003 98                      49 	.db #0x98	; 152
    00000004 A0                      50 	.db #0xa0	; 160
    00000005 A8                      51 	.db #0xa8	; 168
    00000006 81                      52 	.db #0x81	; 129
    00000007 89                      53 	.db #0x89	; 137
    00000008 91                      54 	.db #0x91	; 145
    00000009 99                      55 	.db #0x99	; 153
    0000000A A1                      56 	.db #0xa1	; 161
    0000000B A9                      57 	.db #0xa9	; 169
    0000000C 82                      58 	.db #0x82	; 130
    0000000D 8A                      59 	.db #0x8a	; 138
    0000000E 92                      60 	.db #0x92	; 146
    0000000F 9A                      61 	.db #0x9a	; 154
    00000010 A2                      62 	.db #0xa2	; 162
    00000011 AA                      63 	.db #0xaa	; 170
    00000012 83                      64 	.db #0x83	; 131
    00000013 8B                      65 	.db #0x8b	; 139
    00000014 93                      66 	.db #0x93	; 147
    00000015 9B                      67 	.db #0x9b	; 155
    00000016 A3                      68 	.db #0xa3	; 163
    00000017 AA                      69 	.db #0xaa	; 170
    00000018 84                      70 	.db #0x84	; 132
    00000019 8C                      71 	.db #0x8c	; 140
    0000001A 94                      72 	.db #0x94	; 148
    0000001B 9C                      73 	.db #0x9c	; 156
    0000001C A4                      74 	.db #0xa4	; 164
    0000001D AB                      75 	.db #0xab	; 171
    0000001E 85                      76 	.db #0x85	; 133
    0000001F 8D                      77 	.db #0x8d	; 141
    00000020 95                      78 	.db #0x95	; 149
    00000021 9D                      79 	.db #0x9d	; 157
    00000022 A5                      80 	.db #0xa5	; 165
    00000023 AC                      81 	.db #0xac	; 172
    00000024 86                      82 	.db #0x86	; 134
    00000025 8E                      83 	.db #0x8e	; 142
    00000026 96                      84 	.db #0x96	; 150
    00000027 9E                      85 	.db #0x9e	; 158
    00000028 A6                      86 	.db #0xa6	; 166
    00000029 AD                      87 	.db #0xad	; 173
    0000002A 87                      88 	.db #0x87	; 135
    0000002B 8F                      89 	.db #0x8f	; 143
    0000002C 97                      90 	.db #0x97	; 151
    0000002D 9F                      91 	.db #0x9f	; 159
    0000002E A7                      92 	.db #0xa7	; 167
    0000002F AE                      93 	.db #0xae	; 174
                                     94 	.area _INITIALIZER
                                     95 	.area _CABS (ABS)
