                                      1 ;--------------------------------------------------------
                                      2 ; File Created by SDCC : free open source ISO C Compiler 
                                      3 ; Version 4.2.2 #13350 (MINGW64)
                                      4 ;--------------------------------------------------------
                                      5 	.module Semi_Tiles
                                      6 	.optsdcc -msm83
                                      7 	
                                      8 ;--------------------------------------------------------
                                      9 ; Public variables in this module
                                     10 ;--------------------------------------------------------
                                     11 	.globl _Semi_Tiles
                                     12 ;--------------------------------------------------------
                                     13 ; special function registers
                                     14 ;--------------------------------------------------------
                                     15 ;--------------------------------------------------------
                                     16 ; ram data
                                     17 ;--------------------------------------------------------
                                     18 	.area _DATA
                                     19 ;--------------------------------------------------------
                                     20 ; ram data
                                     21 ;--------------------------------------------------------
                                     22 	.area _INITIALIZED
                                     23 ;--------------------------------------------------------
                                     24 ; absolute external ram data
                                     25 ;--------------------------------------------------------
                                     26 	.area _DABS (ABS)
                                     27 ;--------------------------------------------------------
                                     28 ; global & static initialisations
                                     29 ;--------------------------------------------------------
                                     30 	.area _HOME
                                     31 	.area _GSINIT
                                     32 	.area _GSFINAL
                                     33 	.area _GSINIT
                                     34 ;--------------------------------------------------------
                                     35 ; Home
                                     36 ;--------------------------------------------------------
                                     37 	.area _HOME
                                     38 	.area _HOME
                                     39 ;--------------------------------------------------------
                                     40 ; code
                                     41 ;--------------------------------------------------------
                                     42 	.area _CODE
                                     43 	.area _CODE
                           000000    44 G$Semi_Tiles$0_0$0 == .
      000000                         45 _Semi_Tiles:
      000000 00                      46 	.db #0x00	; 0
      000001 00                      47 	.db #0x00	; 0
      000002 00                      48 	.db #0x00	; 0
      000003 00                      49 	.db #0x00	; 0
      000004 0F                      50 	.db #0x0f	; 15
      000005 0F                      51 	.db #0x0f	; 15
      000006 10                      52 	.db #0x10	; 16
      000007 10                      53 	.db #0x10	; 16
      000008 14                      54 	.db #0x14	; 20
      000009 14                      55 	.db #0x14	; 20
      00000A 13                      56 	.db #0x13	; 19
      00000B 13                      57 	.db #0x13	; 19
      00000C 12                      58 	.db #0x12	; 18
      00000D 12                      59 	.db #0x12	; 18
      00000E 12                      60 	.db #0x12	; 18
      00000F 12                      61 	.db #0x12	; 18
      000010 13                      62 	.db #0x13	; 19
      000011 13                      63 	.db #0x13	; 19
      000012 13                      64 	.db #0x13	; 19
      000013 13                      65 	.db #0x13	; 19
      000014 13                      66 	.db #0x13	; 19
      000015 13                      67 	.db #0x13	; 19
      000016 13                      68 	.db #0x13	; 19
      000017 13                      69 	.db #0x13	; 19
      000018 13                      70 	.db #0x13	; 19
      000019 13                      71 	.db #0x13	; 19
      00001A 13                      72 	.db #0x13	; 19
      00001B 13                      73 	.db #0x13	; 19
      00001C 13                      74 	.db #0x13	; 19
      00001D 13                      75 	.db #0x13	; 19
      00001E 12                      76 	.db #0x12	; 18
      00001F 12                      77 	.db #0x12	; 18
      000020 12                      78 	.db #0x12	; 18
      000021 12                      79 	.db #0x12	; 18
      000022 13                      80 	.db #0x13	; 19
      000023 13                      81 	.db #0x13	; 19
      000024 13                      82 	.db #0x13	; 19
      000025 13                      83 	.db #0x13	; 19
      000026 12                      84 	.db #0x12	; 18
      000027 12                      85 	.db #0x12	; 18
      000028 12                      86 	.db #0x12	; 18
      000029 12                      87 	.db #0x12	; 18
      00002A 12                      88 	.db #0x12	; 18
      00002B 12                      89 	.db #0x12	; 18
      00002C 12                      90 	.db #0x12	; 18
      00002D 12                      91 	.db #0x12	; 18
      00002E 12                      92 	.db #0x12	; 18
      00002F 12                      93 	.db #0x12	; 18
      000030 12                      94 	.db #0x12	; 18
      000031 12                      95 	.db #0x12	; 18
      000032 12                      96 	.db #0x12	; 18
      000033 12                      97 	.db #0x12	; 18
      000034 12                      98 	.db #0x12	; 18
      000035 12                      99 	.db #0x12	; 18
      000036 12                     100 	.db #0x12	; 18
      000037 12                     101 	.db #0x12	; 18
      000038 12                     102 	.db #0x12	; 18
      000039 12                     103 	.db #0x12	; 18
      00003A 12                     104 	.db #0x12	; 18
      00003B 12                     105 	.db #0x12	; 18
      00003C 12                     106 	.db #0x12	; 18
      00003D 12                     107 	.db #0x12	; 18
      00003E 12                     108 	.db #0x12	; 18
      00003F 12                     109 	.db #0x12	; 18
      000040 12                     110 	.db #0x12	; 18
      000041 12                     111 	.db #0x12	; 18
      000042 12                     112 	.db #0x12	; 18
      000043 12                     113 	.db #0x12	; 18
      000044 12                     114 	.db #0x12	; 18
      000045 12                     115 	.db #0x12	; 18
      000046 12                     116 	.db #0x12	; 18
      000047 12                     117 	.db #0x12	; 18
      000048 12                     118 	.db #0x12	; 18
      000049 12                     119 	.db #0x12	; 18
      00004A 12                     120 	.db #0x12	; 18
      00004B 12                     121 	.db #0x12	; 18
      00004C 12                     122 	.db #0x12	; 18
      00004D 12                     123 	.db #0x12	; 18
      00004E 13                     124 	.db #0x13	; 19
      00004F 13                     125 	.db #0x13	; 19
      000050 12                     126 	.db #0x12	; 18
      000051 12                     127 	.db #0x12	; 18
      000052 15                     128 	.db #0x15	; 21
      000053 14                     129 	.db #0x14	; 20
      000054 15                     130 	.db #0x15	; 21
      000055 1C                     131 	.db #0x1c	; 28
      000056 11                     132 	.db #0x11	; 17
      000057 18                     133 	.db #0x18	; 24
      000058 13                     134 	.db #0x13	; 19
      000059 18                     135 	.db #0x18	; 24
      00005A 13                     136 	.db #0x13	; 19
      00005B 18                     137 	.db #0x18	; 24
      00005C 13                     138 	.db #0x13	; 19
      00005D 18                     139 	.db #0x18	; 24
      00005E 13                     140 	.db #0x13	; 19
      00005F 18                     141 	.db #0x18	; 24
      000060 1F                     142 	.db #0x1f	; 31
      000061 1F                     143 	.db #0x1f	; 31
      000062 20                     144 	.db #0x20	; 32
      000063 20                     145 	.db #0x20	; 32
      000064 46                     146 	.db #0x46	; 70	'F'
      000065 40                     147 	.db #0x40	; 64
      000066 40                     148 	.db #0x40	; 64
      000067 5F                     149 	.db #0x5f	; 95
      000068 20                     150 	.db #0x20	; 32
      000069 3F                     151 	.db #0x3f	; 63
      00006A 1F                     152 	.db #0x1f	; 31
      00006B 1F                     153 	.db #0x1f	; 31
      00006C 09                     154 	.db #0x09	; 9
      00006D 0F                     155 	.db #0x0f	; 15
      00006E 1F                     156 	.db #0x1f	; 31
      00006F 1F                     157 	.db #0x1f	; 31
      000070 20                     158 	.db #0x20	; 32
      000071 27                     159 	.db #0x27	; 39
      000072 27                     160 	.db #0x27	; 39
      000073 27                     161 	.db #0x27	; 39
      000074 10                     162 	.db #0x10	; 16
      000075 17                     163 	.db #0x17	; 23
      000076 17                     164 	.db #0x17	; 23
      000077 17                     165 	.db #0x17	; 23
      000078 08                     166 	.db #0x08	; 8
      000079 0F                     167 	.db #0x0f	; 15
      00007A 0F                     168 	.db #0x0f	; 15
      00007B 0F                     169 	.db #0x0f	; 15
      00007C 08                     170 	.db #0x08	; 8
      00007D 0F                     171 	.db #0x0f	; 15
      00007E 07                     172 	.db #0x07	; 7
      00007F 07                     173 	.db #0x07	; 7
      000080 00                     174 	.db #0x00	; 0
      000081 00                     175 	.db #0x00	; 0
      000082 00                     176 	.db #0x00	; 0
      000083 00                     177 	.db #0x00	; 0
      000084 FF                     178 	.db #0xff	; 255
      000085 FF                     179 	.db #0xff	; 255
      000086 00                     180 	.db #0x00	; 0
      000087 00                     181 	.db #0x00	; 0
      000088 00                     182 	.db #0x00	; 0
      000089 00                     183 	.db #0x00	; 0
      00008A FF                     184 	.db #0xff	; 255
      00008B FF                     185 	.db #0xff	; 255
      00008C 00                     186 	.db #0x00	; 0
      00008D 92                     187 	.db #0x92	; 146
      00008E 00                     188 	.db #0x00	; 0
      00008F 92                     189 	.db #0x92	; 146
      000090 FF                     190 	.db #0xff	; 255
      000091 FF                     191 	.db #0xff	; 255
      000092 15                     192 	.db #0x15	; 21
      000093 15                     193 	.db #0x15	; 21
      000094 75                     194 	.db #0x75	; 117	'u'
      000095 75                     195 	.db #0x75	; 117	'u'
      000096 1B                     196 	.db #0x1b	; 27
      000097 1B                     197 	.db #0x1b	; 27
      000098 77                     198 	.db #0x77	; 119	'w'
      000099 77                     199 	.db #0x77	; 119	'w'
      00009A 14                     200 	.db #0x14	; 20
      00009B 14                     201 	.db #0x14	; 20
      00009C FB                     202 	.db #0xfb	; 251
      00009D F8                     203 	.db #0xf8	; 248
      00009E 0B                     204 	.db #0x0b	; 11
      00009F 99                     205 	.db #0x99	; 153
      0000A0 16                     206 	.db #0x16	; 22
      0000A1 92                     207 	.db #0x92	; 146
      0000A2 AC                     208 	.db #0xac	; 172
      0000A3 A4                     209 	.db #0xa4	; 164
      0000A4 2C                     210 	.db #0x2c	; 44
      0000A5 A4                     211 	.db #0xa4	; 164
      0000A6 2F                     212 	.db #0x2f	; 47
      0000A7 A7                     213 	.db #0xa7	; 167
      0000A8 6F                     214 	.db #0x6f	; 111	'o'
      0000A9 E0                     215 	.db #0xe0	; 224
      0000AA C0                     216 	.db #0xc0	; 192
      0000AB C0                     217 	.db #0xc0	; 192
      0000AC 87                     218 	.db #0x87	; 135
      0000AD 80                     219 	.db #0x80	; 128
      0000AE 9F                     220 	.db #0x9f	; 159
      0000AF 80                     221 	.db #0x80	; 128
      0000B0 9F                     222 	.db #0x9f	; 159
      0000B1 80                     223 	.db #0x80	; 128
      0000B2 BF                     224 	.db #0xbf	; 191
      0000B3 80                     225 	.db #0x80	; 128
      0000B4 BF                     226 	.db #0xbf	; 191
      0000B5 80                     227 	.db #0x80	; 128
      0000B6 BF                     228 	.db #0xbf	; 191
      0000B7 81                     229 	.db #0x81	; 129
      0000B8 BF                     230 	.db #0xbf	; 191
      0000B9 81                     231 	.db #0x81	; 129
      0000BA BF                     232 	.db #0xbf	; 191
      0000BB 81                     233 	.db #0x81	; 129
      0000BC BF                     234 	.db #0xbf	; 191
      0000BD 81                     235 	.db #0x81	; 129
      0000BE BE                     236 	.db #0xbe	; 190
      0000BF 82                     237 	.db #0x82	; 130
      0000C0 FC                     238 	.db #0xfc	; 252
      0000C1 84                     239 	.db #0x84	; 132
      0000C2 FC                     240 	.db #0xfc	; 252
      0000C3 84                     241 	.db #0x84	; 132
      0000C4 FC                     242 	.db #0xfc	; 252
      0000C5 84                     243 	.db #0x84	; 132
      0000C6 FC                     244 	.db #0xfc	; 252
      0000C7 84                     245 	.db #0x84	; 132
      0000C8 FC                     246 	.db #0xfc	; 252
      0000C9 84                     247 	.db #0x84	; 132
      0000CA C4                     248 	.db #0xc4	; 196
      0000CB 84                     249 	.db #0x84	; 132
      0000CC AA                     250 	.db #0xaa	; 170
      0000CD BA                     251 	.db #0xba	; 186
      0000CE 41                     252 	.db #0x41	; 65	'A'
      0000CF 55                     253 	.db #0x55	; 85	'U'
      0000D0 41                     254 	.db #0x41	; 65	'A'
      0000D1 55                     255 	.db #0x55	; 85	'U'
      0000D2 01                     256 	.db #0x01	; 1
      0000D3 51                     257 	.db #0x51	; 81	'Q'
      0000D4 A3                     258 	.db #0xa3	; 163
      0000D5 B3                     259 	.db #0xb3	; 179
      0000D6 C7                     260 	.db #0xc7	; 199
      0000D7 47                     261 	.db #0x47	; 71	'G'
      0000D8 FF                     262 	.db #0xff	; 255
      0000D9 3F                     263 	.db #0x3f	; 63
      0000DA FF                     264 	.db #0xff	; 255
      0000DB 0E                     265 	.db #0x0e	; 14
      0000DC FF                     266 	.db #0xff	; 255
      0000DD 00                     267 	.db #0x00	; 0
      0000DE FF                     268 	.db #0xff	; 255
      0000DF 00                     269 	.db #0x00	; 0
      0000E0 FF                     270 	.db #0xff	; 255
      0000E1 FF                     271 	.db #0xff	; 255
      0000E2 00                     272 	.db #0x00	; 0
      0000E3 00                     273 	.db #0x00	; 0
      0000E4 79                     274 	.db #0x79	; 121	'y'
      0000E5 01                     275 	.db #0x01	; 1
      0000E6 78                     276 	.db #0x78	; 120	'x'
      0000E7 87                     277 	.db #0x87	; 135
      0000E8 00                     278 	.db #0x00	; 0
      0000E9 FF                     279 	.db #0xff	; 255
      0000EA FF                     280 	.db #0xff	; 255
      0000EB FF                     281 	.db #0xff	; 255
      0000EC FF                     282 	.db #0xff	; 255
      0000ED FF                     283 	.db #0xff	; 255
      0000EE F1                     284 	.db #0xf1	; 241
      0000EF FF                     285 	.db #0xff	; 255
      0000F0 7F                     286 	.db #0x7f	; 127
      0000F1 FF                     287 	.db #0xff	; 255
      0000F2 F2                     288 	.db #0xf2	; 242
      0000F3 FE                     289 	.db #0xfe	; 254
      0000F4 7C                     290 	.db #0x7c	; 124
      0000F5 FC                     291 	.db #0xfc	; 252
      0000F6 E8                     292 	.db #0xe8	; 232
      0000F7 F8                     293 	.db #0xf8	; 248
      0000F8 70                     294 	.db #0x70	; 112	'p'
      0000F9 F0                     295 	.db #0xf0	; 240
      0000FA C0                     296 	.db #0xc0	; 192
      0000FB C0                     297 	.db #0xc0	; 192
      0000FC 40                     298 	.db #0x40	; 64
      0000FD C0                     299 	.db #0xc0	; 192
      0000FE 80                     300 	.db #0x80	; 128
      0000FF 80                     301 	.db #0x80	; 128
      000100 00                     302 	.db #0x00	; 0
      000101 00                     303 	.db #0x00	; 0
      000102 00                     304 	.db #0x00	; 0
      000103 00                     305 	.db #0x00	; 0
      000104 FF                     306 	.db #0xff	; 255
      000105 FF                     307 	.db #0xff	; 255
      000106 00                     308 	.db #0x00	; 0
      000107 00                     309 	.db #0x00	; 0
      000108 00                     310 	.db #0x00	; 0
      000109 00                     311 	.db #0x00	; 0
      00010A FF                     312 	.db #0xff	; 255
      00010B FF                     313 	.db #0xff	; 255
      00010C 00                     314 	.db #0x00	; 0
      00010D 52                     315 	.db #0x52	; 82	'R'
      00010E 00                     316 	.db #0x00	; 0
      00010F 52                     317 	.db #0x52	; 82	'R'
      000110 FF                     318 	.db #0xff	; 255
      000111 FF                     319 	.db #0xff	; 255
      000112 31                     320 	.db #0x31	; 49	'1'
      000113 31                     321 	.db #0x31	; 49	'1'
      000114 55                     322 	.db #0x55	; 85	'U'
      000115 55                     323 	.db #0x55	; 85	'U'
      000116 FF                     324 	.db #0xff	; 255
      000117 FF                     325 	.db #0xff	; 255
      000118 3F                     326 	.db #0x3f	; 63
      000119 00                     327 	.db #0x00	; 0
      00011A FF                     328 	.db #0xff	; 255
      00011B 00                     329 	.db #0x00	; 0
      00011C FF                     330 	.db #0xff	; 255
      00011D FE                     331 	.db #0xfe	; 254
      00011E 83                     332 	.db #0x83	; 131
      00011F 82                     333 	.db #0x82	; 130
      000120 0B                     334 	.db #0x0b	; 11
      000121 AA                     335 	.db #0xaa	; 170
      000122 1B                     336 	.db #0x1b	; 27
      000123 3A                     337 	.db #0x3a	; 58
      000124 03                     338 	.db #0x03	; 3
      000125 42                     339 	.db #0x42	; 66	'B'
      000126 FF                     340 	.db #0xff	; 255
      000127 FE                     341 	.db #0xfe	; 254
      000128 FF                     342 	.db #0xff	; 255
      000129 00                     343 	.db #0x00	; 0
      00012A 0F                     344 	.db #0x0f	; 15
      00012B 0F                     345 	.db #0x0f	; 15
      00012C F0                     346 	.db #0xf0	; 240
      00012D 30                     347 	.db #0x30	; 48	'0'
      00012E CE                     348 	.db #0xce	; 206
      00012F 0E                     349 	.db #0x0e	; 14
      000130 5A                     350 	.db #0x5a	; 90	'Z'
      000131 5A                     351 	.db #0x5a	; 90	'Z'
      000132 BA                     352 	.db #0xba	; 186
      000133 BE                     353 	.db #0xbe	; 190
      000134 BE                     354 	.db #0xbe	; 190
      000135 BE                     355 	.db #0xbe	; 190
      000136 02                     356 	.db #0x02	; 2
      000137 02                     357 	.db #0x02	; 2
      000138 62                     358 	.db #0x62	; 98	'b'
      000139 7E                     359 	.db #0x7e	; 126
      00013A 7E                     360 	.db #0x7e	; 126
      00013B 7E                     361 	.db #0x7e	; 126
      00013C 42                     362 	.db #0x42	; 66	'B'
      00013D 42                     363 	.db #0x42	; 66	'B'
      00013E C2                     364 	.db #0xc2	; 194
      00013F FE                     365 	.db #0xfe	; 254
      000140 FE                     366 	.db #0xfe	; 254
      000141 FE                     367 	.db #0xfe	; 254
      000142 C2                     368 	.db #0xc2	; 194
      000143 C2                     369 	.db #0xc2	; 194
      000144 C2                     370 	.db #0xc2	; 194
      000145 FE                     371 	.db #0xfe	; 254
      000146 FE                     372 	.db #0xfe	; 254
      000147 FE                     373 	.db #0xfe	; 254
      000148 C2                     374 	.db #0xc2	; 194
      000149 C2                     375 	.db #0xc2	; 194
      00014A C2                     376 	.db #0xc2	; 194
      00014B FE                     377 	.db #0xfe	; 254
      00014C FE                     378 	.db #0xfe	; 254
      00014D FE                     379 	.db #0xfe	; 254
      00014E 42                     380 	.db #0x42	; 66	'B'
      00014F 42                     381 	.db #0x42	; 66	'B'
      000150 C2                     382 	.db #0xc2	; 194
      000151 FE                     383 	.db #0xfe	; 254
      000152 FE                     384 	.db #0xfe	; 254
      000153 FE                     385 	.db #0xfe	; 254
      000154 82                     386 	.db #0x82	; 130
      000155 82                     387 	.db #0x82	; 130
      000156 A2                     388 	.db #0xa2	; 162
      000157 BE                     389 	.db #0xbe	; 190
      000158 BE                     390 	.db #0xbe	; 190
      000159 BE                     391 	.db #0xbe	; 190
      00015A D2                     392 	.db #0xd2	; 210
      00015B 52                     393 	.db #0x52	; 82	'R'
      00015C CA                     394 	.db #0xca	; 202
      00015D 0E                     395 	.db #0x0e	; 14
      00015E E6                     396 	.db #0xe6	; 230
      00015F 26                     397 	.db #0x26	; 38
      000160 FF                     398 	.db #0xff	; 255
      000161 FF                     399 	.db #0xff	; 255
      000162 00                     400 	.db #0x00	; 0
      000163 00                     401 	.db #0x00	; 0
      000164 80                     402 	.db #0x80	; 128
      000165 80                     403 	.db #0x80	; 128
      000166 80                     404 	.db #0x80	; 128
      000167 FF                     405 	.db #0xff	; 255
      000168 00                     406 	.db #0x00	; 0
      000169 FF                     407 	.db #0xff	; 255
      00016A FF                     408 	.db #0xff	; 255
      00016B FF                     409 	.db #0xff	; 255
      00016C FF                     410 	.db #0xff	; 255
      00016D FF                     411 	.db #0xff	; 255
      00016E 00                     412 	.db #0x00	; 0
      00016F E0                     413 	.db #0xe0	; 224
      000170 EA                     414 	.db #0xea	; 234
      000171 EA                     415 	.db #0xea	; 234
      000172 2A                     416 	.db #0x2a	; 42
      000173 2A                     417 	.db #0x2a	; 42
      000174 20                     418 	.db #0x20	; 32
      000175 20                     419 	.db #0x20	; 32
      000176 1F                     420 	.db #0x1f	; 31
      000177 1F                     421 	.db #0x1f	; 31
      000178 00                     422 	.db #0x00	; 0
      000179 00                     423 	.db #0x00	; 0
      00017A 00                     424 	.db #0x00	; 0
      00017B 00                     425 	.db #0x00	; 0
      00017C 00                     426 	.db #0x00	; 0
      00017D 00                     427 	.db #0x00	; 0
      00017E 00                     428 	.db #0x00	; 0
      00017F 00                     429 	.db #0x00	; 0
      000180 00                     430 	.db #0x00	; 0
      000181 00                     431 	.db #0x00	; 0
      000182 00                     432 	.db #0x00	; 0
      000183 00                     433 	.db #0x00	; 0
      000184 FF                     434 	.db #0xff	; 255
      000185 FF                     435 	.db #0xff	; 255
      000186 00                     436 	.db #0x00	; 0
      000187 00                     437 	.db #0x00	; 0
      000188 00                     438 	.db #0x00	; 0
      000189 00                     439 	.db #0x00	; 0
      00018A FF                     440 	.db #0xff	; 255
      00018B FF                     441 	.db #0xff	; 255
      00018C 00                     442 	.db #0x00	; 0
      00018D 4A                     443 	.db #0x4a	; 74	'J'
      00018E 00                     444 	.db #0x00	; 0
      00018F 4A                     445 	.db #0x4a	; 74	'J'
      000190 00                     446 	.db #0x00	; 0
      000191 4A                     447 	.db #0x4a	; 74	'J'
      000192 00                     448 	.db #0x00	; 0
      000193 4A                     449 	.db #0x4a	; 74	'J'
      000194 00                     450 	.db #0x00	; 0
      000195 4A                     451 	.db #0x4a	; 74	'J'
      000196 FF                     452 	.db #0xff	; 255
      000197 FF                     453 	.db #0xff	; 255
      000198 FF                     454 	.db #0xff	; 255
      000199 00                     455 	.db #0x00	; 0
      00019A FF                     456 	.db #0xff	; 255
      00019B 00                     457 	.db #0x00	; 0
      00019C FF                     458 	.db #0xff	; 255
      00019D 7F                     459 	.db #0x7f	; 127
      00019E C1                     460 	.db #0xc1	; 193
      00019F 45                     461 	.db #0x45	; 69	'E'
      0001A0 D0                     462 	.db #0xd0	; 208
      0001A1 52                     463 	.db #0x52	; 82	'R'
      0001A2 D8                     464 	.db #0xd8	; 216
      0001A3 58                     465 	.db #0x58	; 88	'X'
      0001A4 C0                     466 	.db #0xc0	; 192
      0001A5 40                     467 	.db #0x40	; 64
      0001A6 FF                     468 	.db #0xff	; 255
      0001A7 7F                     469 	.db #0x7f	; 127
      0001A8 FF                     470 	.db #0xff	; 255
      0001A9 00                     471 	.db #0x00	; 0
      0001AA F8                     472 	.db #0xf8	; 248
      0001AB F8                     473 	.db #0xf8	; 248
      0001AC 07                     474 	.db #0x07	; 7
      0001AD 04                     475 	.db #0x04	; 4
      0001AE 73                     476 	.db #0x73	; 115	's'
      0001AF 70                     477 	.db #0x70	; 112	'p'
      0001B0 6B                     478 	.db #0x6b	; 107	'k'
      0001B1 6A                     479 	.db #0x6a	; 106	'j'
      0001B2 7D                     480 	.db #0x7d	; 125
      0001B3 7D                     481 	.db #0x7d	; 125
      0001B4 7C                     482 	.db #0x7c	; 124
      0001B5 7C                     483 	.db #0x7c	; 124
      0001B6 62                     484 	.db #0x62	; 98	'b'
      0001B7 62                     485 	.db #0x62	; 98	'b'
      0001B8 66                     486 	.db #0x66	; 102	'f'
      0001B9 7E                     487 	.db #0x7e	; 126
      0001BA 7E                     488 	.db #0x7e	; 126
      0001BB 7E                     489 	.db #0x7e	; 126
      0001BC 63                     490 	.db #0x63	; 99	'c'
      0001BD 63                     491 	.db #0x63	; 99	'c'
      0001BE 63                     492 	.db #0x63	; 99	'c'
      0001BF 7F                     493 	.db #0x7f	; 127
      0001C0 7F                     494 	.db #0x7f	; 127
      0001C1 7F                     495 	.db #0x7f	; 127
      0001C2 61                     496 	.db #0x61	; 97	'a'
      0001C3 61                     497 	.db #0x61	; 97	'a'
      0001C4 63                     498 	.db #0x63	; 99	'c'
      0001C5 7F                     499 	.db #0x7f	; 127
      0001C6 7F                     500 	.db #0x7f	; 127
      0001C7 7F                     501 	.db #0x7f	; 127
      0001C8 61                     502 	.db #0x61	; 97	'a'
      0001C9 61                     503 	.db #0x61	; 97	'a'
      0001CA 63                     504 	.db #0x63	; 99	'c'
      0001CB 7F                     505 	.db #0x7f	; 127
      0001CC 7F                     506 	.db #0x7f	; 127
      0001CD 7F                     507 	.db #0x7f	; 127
      0001CE 62                     508 	.db #0x62	; 98	'b'
      0001CF 62                     509 	.db #0x62	; 98	'b'
      0001D0 62                     510 	.db #0x62	; 98	'b'
      0001D1 7E                     511 	.db #0x7e	; 126
      0001D2 7E                     512 	.db #0x7e	; 126
      0001D3 7E                     513 	.db #0x7e	; 126
      0001D4 60                     514 	.db #0x60	; 96
      0001D5 60                     515 	.db #0x60	; 96
      0001D6 65                     516 	.db #0x65	; 101	'e'
      0001D7 7D                     517 	.db #0x7d	; 125
      0001D8 7D                     518 	.db #0x7d	; 125
      0001D9 7D                     519 	.db #0x7d	; 125
      0001DA 6B                     520 	.db #0x6b	; 107	'k'
      0001DB 6A                     521 	.db #0x6a	; 106	'j'
      0001DC 73                     522 	.db #0x73	; 115	's'
      0001DD 70                     523 	.db #0x70	; 112	'p'
      0001DE 67                     524 	.db #0x67	; 103	'g'
      0001DF 64                     525 	.db #0x64	; 100	'd'
      0001E0 FF                     526 	.db #0xff	; 255
      0001E1 FF                     527 	.db #0xff	; 255
      0001E2 00                     528 	.db #0x00	; 0
      0001E3 00                     529 	.db #0x00	; 0
      0001E4 00                     530 	.db #0x00	; 0
      0001E5 00                     531 	.db #0x00	; 0
      0001E6 00                     532 	.db #0x00	; 0
      0001E7 FF                     533 	.db #0xff	; 255
      0001E8 00                     534 	.db #0x00	; 0
      0001E9 FF                     535 	.db #0xff	; 255
      0001EA FF                     536 	.db #0xff	; 255
      0001EB FF                     537 	.db #0xff	; 255
      0001EC FF                     538 	.db #0xff	; 255
      0001ED FF                     539 	.db #0xff	; 255
      0001EE 06                     540 	.db #0x06	; 6
      0001EF 07                     541 	.db #0x07	; 7
      0001F0 37                     542 	.db #0x37	; 55	'7'
      0001F1 37                     543 	.db #0x37	; 55	'7'
      0001F2 A4                     544 	.db #0xa4	; 164
      0001F3 A4                     545 	.db #0xa4	; 164
      0001F4 04                     546 	.db #0x04	; 4
      0001F5 04                     547 	.db #0x04	; 4
      0001F6 F8                     548 	.db #0xf8	; 248
      0001F7 F8                     549 	.db #0xf8	; 248
      0001F8 00                     550 	.db #0x00	; 0
      0001F9 00                     551 	.db #0x00	; 0
      0001FA 00                     552 	.db #0x00	; 0
      0001FB 00                     553 	.db #0x00	; 0
      0001FC 00                     554 	.db #0x00	; 0
      0001FD 00                     555 	.db #0x00	; 0
      0001FE 00                     556 	.db #0x00	; 0
      0001FF 00                     557 	.db #0x00	; 0
      000200 08                     558 	.db #0x08	; 8
      000201 08                     559 	.db #0x08	; 8
      000202 14                     560 	.db #0x14	; 20
      000203 14                     561 	.db #0x14	; 20
      000204 E7                     562 	.db #0xe7	; 231
      000205 EF                     563 	.db #0xef	; 239
      000206 24                     564 	.db #0x24	; 36
      000207 2C                     565 	.db #0x2c	; 44
      000208 24                     566 	.db #0x24	; 36
      000209 2C                     567 	.db #0x2c	; 44
      00020A E7                     568 	.db #0xe7	; 231
      00020B EF                     569 	.db #0xef	; 239
      00020C 24                     570 	.db #0x24	; 36
      00020D 6D                     571 	.db #0x6d	; 109	'm'
      00020E 24                     572 	.db #0x24	; 36
      00020F 6D                     573 	.db #0x6d	; 109	'm'
      000210 24                     574 	.db #0x24	; 36
      000211 6D                     575 	.db #0x6d	; 109	'm'
      000212 27                     576 	.db #0x27	; 39
      000213 6C                     577 	.db #0x6c	; 108	'l'
      000214 27                     578 	.db #0x27	; 39
      000215 6C                     579 	.db #0x6c	; 108	'l'
      000216 27                     580 	.db #0x27	; 39
      000217 6C                     581 	.db #0x6c	; 108	'l'
      000218 E7                     582 	.db #0xe7	; 231
      000219 EF                     583 	.db #0xef	; 239
      00021A E5                     584 	.db #0xe5	; 229
      00021B 2D                     585 	.db #0x2d	; 45
      00021C E4                     586 	.db #0xe4	; 228
      00021D 0D                     587 	.db #0x0d	; 13
      00021E F5                     588 	.db #0xf5	; 245
      00021F 9D                     589 	.db #0x9d	; 157
      000220 7C                     590 	.db #0x7c	; 124
      000221 4D                     591 	.db #0x4d	; 77	'M'
      000222 3C                     592 	.db #0x3c	; 60
      000223 25                     593 	.db #0x25	; 37
      000224 3C                     594 	.db #0x3c	; 60
      000225 25                     595 	.db #0x25	; 37
      000226 FC                     596 	.db #0xfc	; 252
      000227 E5                     597 	.db #0xe5	; 229
      000228 FE                     598 	.db #0xfe	; 254
      000229 07                     599 	.db #0x07	; 7
      00022A 03                     600 	.db #0x03	; 3
      00022B 03                     601 	.db #0x03	; 3
      00022C F1                     602 	.db #0xf1	; 241
      00022D 01                     603 	.db #0x01	; 1
      00022E F9                     604 	.db #0xf9	; 249
      00022F 01                     605 	.db #0x01	; 1
      000230 FD                     606 	.db #0xfd	; 253
      000231 01                     607 	.db #0x01	; 1
      000232 FF                     608 	.db #0xff	; 255
      000233 01                     609 	.db #0x01	; 1
      000234 FF                     610 	.db #0xff	; 255
      000235 81                     611 	.db #0x81	; 129
      000236 FF                     612 	.db #0xff	; 255
      000237 81                     613 	.db #0x81	; 129
      000238 7F                     614 	.db #0x7f	; 127
      000239 41                     615 	.db #0x41	; 65	'A'
      00023A 7F                     616 	.db #0x7f	; 127
      00023B 41                     617 	.db #0x41	; 65	'A'
      00023C 7F                     618 	.db #0x7f	; 127
      00023D 41                     619 	.db #0x41	; 65	'A'
      00023E 3F                     620 	.db #0x3f	; 63
      00023F 21                     621 	.db #0x21	; 33
      000240 3F                     622 	.db #0x3f	; 63
      000241 21                     623 	.db #0x21	; 33
      000242 3F                     624 	.db #0x3f	; 63
      000243 21                     625 	.db #0x21	; 33
      000244 3F                     626 	.db #0x3f	; 63
      000245 21                     627 	.db #0x21	; 33
      000246 3F                     628 	.db #0x3f	; 63
      000247 21                     629 	.db #0x21	; 33
      000248 3F                     630 	.db #0x3f	; 63
      000249 21                     631 	.db #0x21	; 33
      00024A 23                     632 	.db #0x23	; 35
      00024B 21                     633 	.db #0x21	; 33
      00024C 55                     634 	.db #0x55	; 85	'U'
      00024D 5D                     635 	.db #0x5d	; 93
      00024E 82                     636 	.db #0x82	; 130
      00024F AA                     637 	.db #0xaa	; 170
      000250 82                     638 	.db #0x82	; 130
      000251 AA                     639 	.db #0xaa	; 170
      000252 80                     640 	.db #0x80	; 128
      000253 8A                     641 	.db #0x8a	; 138
      000254 C5                     642 	.db #0xc5	; 197
      000255 CD                     643 	.db #0xcd	; 205
      000256 E3                     644 	.db #0xe3	; 227
      000257 63                     645 	.db #0x63	; 99	'c'
      000258 FF                     646 	.db #0xff	; 255
      000259 7F                     647 	.db #0x7f	; 127
      00025A FF                     648 	.db #0xff	; 255
      00025B 1E                     649 	.db #0x1e	; 30
      00025C FF                     650 	.db #0xff	; 255
      00025D 00                     651 	.db #0x00	; 0
      00025E FF                     652 	.db #0xff	; 255
      00025F 00                     653 	.db #0x00	; 0
      000260 FF                     654 	.db #0xff	; 255
      000261 FF                     655 	.db #0xff	; 255
      000262 00                     656 	.db #0x00	; 0
      000263 00                     657 	.db #0x00	; 0
      000264 00                     658 	.db #0x00	; 0
      000265 00                     659 	.db #0x00	; 0
      000266 0E                     660 	.db #0x0e	; 14
      000267 FF                     661 	.db #0xff	; 255
      000268 00                     662 	.db #0x00	; 0
      000269 FF                     663 	.db #0xff	; 255
      00026A FF                     664 	.db #0xff	; 255
      00026B FF                     665 	.db #0xff	; 255
      00026C FF                     666 	.db #0xff	; 255
      00026D FF                     667 	.db #0xff	; 255
      00026E 8F                     668 	.db #0x8f	; 143
      00026F FF                     669 	.db #0xff	; 255
      000270 FE                     670 	.db #0xfe	; 254
      000271 FF                     671 	.db #0xff	; 255
      000272 4F                     672 	.db #0x4f	; 79	'O'
      000273 7F                     673 	.db #0x7f	; 127
      000274 3E                     674 	.db #0x3e	; 62
      000275 3F                     675 	.db #0x3f	; 63
      000276 27                     676 	.db #0x27	; 39
      000277 3F                     677 	.db #0x3f	; 63
      000278 1E                     678 	.db #0x1e	; 30
      000279 1F                     679 	.db #0x1f	; 31
      00027A 03                     680 	.db #0x03	; 3
      00027B 03                     681 	.db #0x03	; 3
      00027C 02                     682 	.db #0x02	; 2
      00027D 03                     683 	.db #0x03	; 3
      00027E 01                     684 	.db #0x01	; 1
      00027F 01                     685 	.db #0x01	; 1
      000280 00                     686 	.db #0x00	; 0
      000281 00                     687 	.db #0x00	; 0
      000282 00                     688 	.db #0x00	; 0
      000283 00                     689 	.db #0x00	; 0
      000284 F0                     690 	.db #0xf0	; 240
      000285 F0                     691 	.db #0xf0	; 240
      000286 08                     692 	.db #0x08	; 8
      000287 08                     693 	.db #0x08	; 8
      000288 28                     694 	.db #0x28	; 40
      000289 28                     695 	.db #0x28	; 40
      00028A C8                     696 	.db #0xc8	; 200
      00028B C8                     697 	.db #0xc8	; 200
      00028C 48                     698 	.db #0x48	; 72	'H'
      00028D 48                     699 	.db #0x48	; 72	'H'
      00028E 48                     700 	.db #0x48	; 72	'H'
      00028F 48                     701 	.db #0x48	; 72	'H'
      000290 C8                     702 	.db #0xc8	; 200
      000291 48                     703 	.db #0x48	; 72	'H'
      000292 C8                     704 	.db #0xc8	; 200
      000293 48                     705 	.db #0x48	; 72	'H'
      000294 C8                     706 	.db #0xc8	; 200
      000295 C8                     707 	.db #0xc8	; 200
      000296 48                     708 	.db #0x48	; 72	'H'
      000297 48                     709 	.db #0x48	; 72	'H'
      000298 48                     710 	.db #0x48	; 72	'H'
      000299 48                     711 	.db #0x48	; 72	'H'
      00029A 48                     712 	.db #0x48	; 72	'H'
      00029B 48                     713 	.db #0x48	; 72	'H'
      00029C 48                     714 	.db #0x48	; 72	'H'
      00029D 48                     715 	.db #0x48	; 72	'H'
      00029E 48                     716 	.db #0x48	; 72	'H'
      00029F 48                     717 	.db #0x48	; 72	'H'
      0002A0 48                     718 	.db #0x48	; 72	'H'
      0002A1 48                     719 	.db #0x48	; 72	'H'
      0002A2 48                     720 	.db #0x48	; 72	'H'
      0002A3 48                     721 	.db #0x48	; 72	'H'
      0002A4 48                     722 	.db #0x48	; 72	'H'
      0002A5 48                     723 	.db #0x48	; 72	'H'
      0002A6 48                     724 	.db #0x48	; 72	'H'
      0002A7 48                     725 	.db #0x48	; 72	'H'
      0002A8 48                     726 	.db #0x48	; 72	'H'
      0002A9 48                     727 	.db #0x48	; 72	'H'
      0002AA 48                     728 	.db #0x48	; 72	'H'
      0002AB 48                     729 	.db #0x48	; 72	'H'
      0002AC 48                     730 	.db #0x48	; 72	'H'
      0002AD 48                     731 	.db #0x48	; 72	'H'
      0002AE 48                     732 	.db #0x48	; 72	'H'
      0002AF 48                     733 	.db #0x48	; 72	'H'
      0002B0 48                     734 	.db #0x48	; 72	'H'
      0002B1 48                     735 	.db #0x48	; 72	'H'
      0002B2 48                     736 	.db #0x48	; 72	'H'
      0002B3 48                     737 	.db #0x48	; 72	'H'
      0002B4 48                     738 	.db #0x48	; 72	'H'
      0002B5 48                     739 	.db #0x48	; 72	'H'
      0002B6 48                     740 	.db #0x48	; 72	'H'
      0002B7 48                     741 	.db #0x48	; 72	'H'
      0002B8 48                     742 	.db #0x48	; 72	'H'
      0002B9 48                     743 	.db #0x48	; 72	'H'
      0002BA 48                     744 	.db #0x48	; 72	'H'
      0002BB 48                     745 	.db #0x48	; 72	'H'
      0002BC 48                     746 	.db #0x48	; 72	'H'
      0002BD 48                     747 	.db #0x48	; 72	'H'
      0002BE C8                     748 	.db #0xc8	; 200
      0002BF C8                     749 	.db #0xc8	; 200
      0002C0 90                     750 	.db #0x90	; 144
      0002C1 90                     751 	.db #0x90	; 144
      0002C2 D0                     752 	.db #0xd0	; 208
      0002C3 50                     753 	.db #0x50	; 80	'P'
      0002C4 D0                     754 	.db #0xd0	; 208
      0002C5 70                     755 	.db #0x70	; 112	'p'
      0002C6 D0                     756 	.db #0xd0	; 208
      0002C7 30                     757 	.db #0x30	; 48	'0'
      0002C8 D0                     758 	.db #0xd0	; 208
      0002C9 30                     759 	.db #0x30	; 48	'0'
      0002CA D0                     760 	.db #0xd0	; 208
      0002CB 30                     761 	.db #0x30	; 48	'0'
      0002CC D0                     762 	.db #0xd0	; 208
      0002CD 30                     763 	.db #0x30	; 48	'0'
      0002CE D0                     764 	.db #0xd0	; 208
      0002CF 30                     765 	.db #0x30	; 48	'0'
      0002D0 F8                     766 	.db #0xf8	; 248
      0002D1 F8                     767 	.db #0xf8	; 248
      0002D2 04                     768 	.db #0x04	; 4
      0002D3 04                     769 	.db #0x04	; 4
      0002D4 72                     770 	.db #0x72	; 114	'r'
      0002D5 02                     771 	.db #0x02	; 2
      0002D6 22                     772 	.db #0x22	; 34
      0002D7 DE                     773 	.db #0xde	; 222
      0002D8 04                     774 	.db #0x04	; 4
      0002D9 FC                     775 	.db #0xfc	; 252
      0002DA F8                     776 	.db #0xf8	; 248
      0002DB F8                     777 	.db #0xf8	; 248
      0002DC 90                     778 	.db #0x90	; 144
      0002DD F0                     779 	.db #0xf0	; 240
      0002DE F8                     780 	.db #0xf8	; 248
      0002DF F8                     781 	.db #0xf8	; 248
      0002E0 04                     782 	.db #0x04	; 4
      0002E1 E4                     783 	.db #0xe4	; 228
      0002E2 E4                     784 	.db #0xe4	; 228
      0002E3 E4                     785 	.db #0xe4	; 228
      0002E4 08                     786 	.db #0x08	; 8
      0002E5 E8                     787 	.db #0xe8	; 232
      0002E6 E8                     788 	.db #0xe8	; 232
      0002E7 E8                     789 	.db #0xe8	; 232
      0002E8 10                     790 	.db #0x10	; 16
      0002E9 F0                     791 	.db #0xf0	; 240
      0002EA F0                     792 	.db #0xf0	; 240
      0002EB F0                     793 	.db #0xf0	; 240
      0002EC 10                     794 	.db #0x10	; 16
      0002ED F0                     795 	.db #0xf0	; 240
      0002EE E0                     796 	.db #0xe0	; 224
      0002EF E0                     797 	.db #0xe0	; 224
                                    798 	.area _INITIALIZER
                                    799 	.area _CABS (ABS)
