                                      1 ;--------------------------------------------------------
                                      2 ; File Created by SDCC : free open source ISO C Compiler 
                                      3 ; Version 4.2.2 #13350 (MINGW64)
                                      4 ;--------------------------------------------------------
                                      5 	.module Sheriff_Map
                                      6 	.optsdcc -msm83
                                      7 	
                                      8 ;--------------------------------------------------------
                                      9 ; Public variables in this module
                                     10 ;--------------------------------------------------------
                                     11 	.globl _Sheriff_Map
                                     12 ;--------------------------------------------------------
                                     13 ; special function registers
                                     14 ;--------------------------------------------------------
                                     15 ;--------------------------------------------------------
                                     16 ; ram data
                                     17 ;--------------------------------------------------------
                                     18 	.area _DATA
                                     19 ;--------------------------------------------------------
                                     20 ; ram data
                                     21 ;--------------------------------------------------------
                                     22 	.area _INITIALIZED
                           000000    23 G$Sheriff_Map$0_0$0==.
      000000                         24 _Sheriff_Map::
      000000                         25 	.ds 42
                                     26 ;--------------------------------------------------------
                                     27 ; absolute external ram data
                                     28 ;--------------------------------------------------------
                                     29 	.area _DABS (ABS)
                                     30 ;--------------------------------------------------------
                                     31 ; global & static initialisations
                                     32 ;--------------------------------------------------------
                                     33 	.area _HOME
                                     34 	.area _GSINIT
                                     35 	.area _GSFINAL
                                     36 	.area _GSINIT
                                     37 ;--------------------------------------------------------
                                     38 ; Home
                                     39 ;--------------------------------------------------------
                                     40 	.area _HOME
                                     41 	.area _HOME
                                     42 ;--------------------------------------------------------
                                     43 ; code
                                     44 ;--------------------------------------------------------
                                     45 	.area _CODE
                                     46 	.area _CODE
                                     47 	.area _INITIALIZER
                           000000    48 FSheriff_Map$__xinit_Sheriff_Map$0_0$0 == .
      000000                         49 __xinit__Sheriff_Map:
      000000 A8                      50 	.db #0xa8	; 168
      000001 A8                      51 	.db #0xa8	; 168
      000002 A8                      52 	.db #0xa8	; 168
      000003 8F                      53 	.db #0x8f	; 143
      000004 A4                      54 	.db #0xa4	; 164
      000005 A6                      55 	.db #0xa6	; 166
      000006 A8                      56 	.db #0xa8	; 168
      000007 83                      57 	.db #0x83	; 131
      000008 89                      58 	.db #0x89	; 137
      000009 90                      59 	.db #0x90	; 144
      00000A A5                      60 	.db #0xa5	; 165
      00000B A7                      61 	.db #0xa7	; 167
      00000C 80                      62 	.db #0x80	; 128
      00000D 84                      63 	.db #0x84	; 132
      00000E 8A                      64 	.db #0x8a	; 138
      00000F 91                      65 	.db #0x91	; 145
      000010 97                      66 	.db #0x97	; 151
      000011 9D                      67 	.db #0x9d	; 157
      000012 81                      68 	.db #0x81	; 129
      000013 85                      69 	.db #0x85	; 133
      000014 8B                      70 	.db #0x8b	; 139
      000015 92                      71 	.db #0x92	; 146
      000016 98                      72 	.db #0x98	; 152
      000017 9E                      73 	.db #0x9e	; 158
      000018 82                      74 	.db #0x82	; 130
      000019 86                      75 	.db #0x86	; 134
      00001A 8C                      76 	.db #0x8c	; 140
      00001B 93                      77 	.db #0x93	; 147
      00001C 99                      78 	.db #0x99	; 153
      00001D A8                      79 	.db #0xa8	; 168
      00001E A8                      80 	.db #0xa8	; 168
      00001F 87                      81 	.db #0x87	; 135
      000020 8D                      82 	.db #0x8d	; 141
      000021 94                      83 	.db #0x94	; 148
      000022 9A                      84 	.db #0x9a	; 154
      000023 A8                      85 	.db #0xa8	; 168
      000024 A8                      86 	.db #0xa8	; 168
      000025 88                      87 	.db #0x88	; 136
      000026 8E                      88 	.db #0x8e	; 142
      000027 95                      89 	.db #0x95	; 149
      000028 9B                      90 	.db #0x9b	; 155
      000029 A8                      91 	.db #0xa8	; 168
                                     92 	.area _CABS (ABS)
