                                      1 ;--------------------------------------------------------
                                      2 ; File Created by SDCC : free open source ISO C Compiler 
                                      3 ; Version 4.2.2 #13350 (MINGW64)
                                      4 ;--------------------------------------------------------
                                      5 	.module Sis_Tiles
                                      6 	.optsdcc -msm83
                                      7 	
                                      8 ;--------------------------------------------------------
                                      9 ; Public variables in this module
                                     10 ;--------------------------------------------------------
                                     11 	.globl _Sis_Tiles
                                     12 ;--------------------------------------------------------
                                     13 ; special function registers
                                     14 ;--------------------------------------------------------
                                     15 ;--------------------------------------------------------
                                     16 ; ram data
                                     17 ;--------------------------------------------------------
                                     18 	.area _DATA
                                     19 ;--------------------------------------------------------
                                     20 ; ram data
                                     21 ;--------------------------------------------------------
                                     22 	.area _INITIALIZED
                                     23 ;--------------------------------------------------------
                                     24 ; absolute external ram data
                                     25 ;--------------------------------------------------------
                                     26 	.area _DABS (ABS)
                                     27 ;--------------------------------------------------------
                                     28 ; global & static initialisations
                                     29 ;--------------------------------------------------------
                                     30 	.area _HOME
                                     31 	.area _GSINIT
                                     32 	.area _GSFINAL
                                     33 	.area _GSINIT
                                     34 ;--------------------------------------------------------
                                     35 ; Home
                                     36 ;--------------------------------------------------------
                                     37 	.area _HOME
                                     38 	.area _HOME
                                     39 ;--------------------------------------------------------
                                     40 ; code
                                     41 ;--------------------------------------------------------
                                     42 	.area _CODE
                                     43 	.area _CODE
                           000000    44 G$Sis_Tiles$0_0$0 == .
      000000                         45 _Sis_Tiles:
      000000 01                      46 	.db #0x01	; 1
      000001 01                      47 	.db #0x01	; 1
      000002 03                      48 	.db #0x03	; 3
      000003 03                      49 	.db #0x03	; 3
      000004 03                      50 	.db #0x03	; 3
      000005 03                      51 	.db #0x03	; 3
      000006 03                      52 	.db #0x03	; 3
      000007 03                      53 	.db #0x03	; 3
      000008 07                      54 	.db #0x07	; 7
      000009 05                      55 	.db #0x05	; 5
      00000A 0D                      56 	.db #0x0d	; 13
      00000B 0A                      57 	.db #0x0a	; 10
      00000C 0F                      58 	.db #0x0f	; 15
      00000D 09                      59 	.db #0x09	; 9
      00000E 06                      60 	.db #0x06	; 6
      00000F 06                      61 	.db #0x06	; 6
      000010 01                      62 	.db #0x01	; 1
      000011 01                      63 	.db #0x01	; 1
      000012 00                      64 	.db #0x00	; 0
      000013 00                      65 	.db #0x00	; 0
      000014 00                      66 	.db #0x00	; 0
      000015 00                      67 	.db #0x00	; 0
      000016 00                      68 	.db #0x00	; 0
      000017 00                      69 	.db #0x00	; 0
      000018 00                      70 	.db #0x00	; 0
      000019 00                      71 	.db #0x00	; 0
      00001A 00                      72 	.db #0x00	; 0
      00001B 00                      73 	.db #0x00	; 0
      00001C 00                      74 	.db #0x00	; 0
      00001D 00                      75 	.db #0x00	; 0
      00001E 01                      76 	.db #0x01	; 1
      00001F 01                      77 	.db #0x01	; 1
      000020 03                      78 	.db #0x03	; 3
      000021 02                      79 	.db #0x02	; 2
      000022 04                      80 	.db #0x04	; 4
      000023 04                      81 	.db #0x04	; 4
      000024 04                      82 	.db #0x04	; 4
      000025 04                      83 	.db #0x04	; 4
      000026 08                      84 	.db #0x08	; 8
      000027 08                      85 	.db #0x08	; 8
      000028 08                      86 	.db #0x08	; 8
      000029 08                      87 	.db #0x08	; 8
      00002A 08                      88 	.db #0x08	; 8
      00002B 08                      89 	.db #0x08	; 8
      00002C 08                      90 	.db #0x08	; 8
      00002D 08                      91 	.db #0x08	; 8
      00002E 0C                      92 	.db #0x0c	; 12
      00002F 04                      93 	.db #0x04	; 4
      000030 04                      94 	.db #0x04	; 4
      000031 04                      95 	.db #0x04	; 4
      000032 04                      96 	.db #0x04	; 4
      000033 04                      97 	.db #0x04	; 4
      000034 02                      98 	.db #0x02	; 2
      000035 02                      99 	.db #0x02	; 2
      000036 03                     100 	.db #0x03	; 3
      000037 02                     101 	.db #0x02	; 2
      000038 01                     102 	.db #0x01	; 1
      000039 01                     103 	.db #0x01	; 1
      00003A 01                     104 	.db #0x01	; 1
      00003B 01                     105 	.db #0x01	; 1
      00003C 00                     106 	.db #0x00	; 0
      00003D 00                     107 	.db #0x00	; 0
      00003E 00                     108 	.db #0x00	; 0
      00003F 00                     109 	.db #0x00	; 0
      000040 01                     110 	.db #0x01	; 1
      000041 01                     111 	.db #0x01	; 1
      000042 01                     112 	.db #0x01	; 1
      000043 01                     113 	.db #0x01	; 1
      000044 01                     114 	.db #0x01	; 1
      000045 01                     115 	.db #0x01	; 1
      000046 02                     116 	.db #0x02	; 2
      000047 02                     117 	.db #0x02	; 2
      000048 04                     118 	.db #0x04	; 4
      000049 04                     119 	.db #0x04	; 4
      00004A 08                     120 	.db #0x08	; 8
      00004B 18                     121 	.db #0x18	; 24
      00004C 10                     122 	.db #0x10	; 16
      00004D 10                     123 	.db #0x10	; 16
      00004E 08                     124 	.db #0x08	; 8
      00004F 18                     125 	.db #0x18	; 24
      000050 04                     126 	.db #0x04	; 4
      000051 04                     127 	.db #0x04	; 4
      000052 07                     128 	.db #0x07	; 7
      000053 03                     129 	.db #0x03	; 3
      000054 00                     130 	.db #0x00	; 0
      000055 00                     131 	.db #0x00	; 0
      000056 01                     132 	.db #0x01	; 1
      000057 01                     133 	.db #0x01	; 1
      000058 01                     134 	.db #0x01	; 1
      000059 01                     135 	.db #0x01	; 1
      00005A 02                     136 	.db #0x02	; 2
      00005B 03                     137 	.db #0x03	; 3
      00005C 02                     138 	.db #0x02	; 2
      00005D 02                     139 	.db #0x02	; 2
      00005E 03                     140 	.db #0x03	; 3
      00005F 02                     141 	.db #0x02	; 2
      000060 01                     142 	.db #0x01	; 1
      000061 01                     143 	.db #0x01	; 1
      000062 00                     144 	.db #0x00	; 0
      000063 00                     145 	.db #0x00	; 0
      000064 00                     146 	.db #0x00	; 0
      000065 00                     147 	.db #0x00	; 0
      000066 0E                     148 	.db #0x0e	; 14
      000067 0F                     149 	.db #0x0f	; 15
      000068 19                     150 	.db #0x19	; 25
      000069 11                     151 	.db #0x11	; 17
      00006A 10                     152 	.db #0x10	; 16
      00006B 10                     153 	.db #0x10	; 16
      00006C 10                     154 	.db #0x10	; 16
      00006D 10                     155 	.db #0x10	; 16
      00006E 0F                     156 	.db #0x0f	; 15
      00006F 0F                     157 	.db #0x0f	; 15
      000070 80                     158 	.db #0x80	; 128
      000071 80                     159 	.db #0x80	; 128
      000072 C0                     160 	.db #0xc0	; 192
      000073 C0                     161 	.db #0xc0	; 192
      000074 E0                     162 	.db #0xe0	; 224
      000075 E0                     163 	.db #0xe0	; 224
      000076 18                     164 	.db #0x18	; 24
      000077 18                     165 	.db #0x18	; 24
      000078 84                     166 	.db #0x84	; 132
      000079 84                     167 	.db #0x84	; 132
      00007A E2                     168 	.db #0xe2	; 226
      00007B 62                     169 	.db #0x62	; 98	'b'
      00007C DD                     170 	.db #0xdd	; 221
      00007D D9                     171 	.db #0xd9	; 217
      00007E 94                     172 	.db #0x94	; 148
      00007F 94                     173 	.db #0x94	; 148
      000080 44                     174 	.db #0x44	; 68	'D'
      000081 54                     175 	.db #0x54	; 84	'T'
      000082 A6                     176 	.db #0xa6	; 166
      000083 A4                     177 	.db #0xa4	; 164
      000084 AA                     178 	.db #0xaa	; 170
      000085 AA                     179 	.db #0xaa	; 170
      000086 53                     180 	.db #0x53	; 83	'S'
      000087 53                     181 	.db #0x53	; 83	'S'
      000088 55                     182 	.db #0x55	; 85	'U'
      000089 55                     183 	.db #0x55	; 85	'U'
      00008A 11                     184 	.db #0x11	; 17
      00008B 59                     185 	.db #0x59	; 89	'Y'
      00008C EE                     186 	.db #0xee	; 238
      00008D EE                     187 	.db #0xee	; 238
      00008E 11                     188 	.db #0x11	; 17
      00008F 30                     189 	.db #0x30	; 48	'0'
      000090 C8                     190 	.db #0xc8	; 200
      000091 DB                     191 	.db #0xdb	; 219
      000092 24                     192 	.db #0x24	; 36
      000093 24                     193 	.db #0x24	; 36
      000094 23                     194 	.db #0x23	; 35
      000095 23                     195 	.db #0x23	; 35
      000096 10                     196 	.db #0x10	; 16
      000097 12                     197 	.db #0x12	; 18
      000098 10                     198 	.db #0x10	; 16
      000099 15                     199 	.db #0x15	; 21
      00009A 08                     200 	.db #0x08	; 8
      00009B 0A                     201 	.db #0x0a	; 10
      00009C 38                     202 	.db #0x38	; 56	'8'
      00009D 38                     203 	.db #0x38	; 56	'8'
      00009E C6                     204 	.db #0xc6	; 198
      00009F C6                     205 	.db #0xc6	; 198
      0000A0 61                     206 	.db #0x61	; 97	'a'
      0000A1 31                     207 	.db #0x31	; 49	'1'
      0000A2 33                     208 	.db #0x33	; 51	'3'
      0000A3 23                     209 	.db #0x23	; 35
      0000A4 2C                     210 	.db #0x2c	; 44
      0000A5 2C                     211 	.db #0x2c	; 44
      0000A6 18                     212 	.db #0x18	; 24
      0000A7 18                     213 	.db #0x18	; 24
      0000A8 00                     214 	.db #0x00	; 0
      0000A9 00                     215 	.db #0x00	; 0
      0000AA 80                     216 	.db #0x80	; 128
      0000AB 00                     217 	.db #0x00	; 0
      0000AC C0                     218 	.db #0xc0	; 192
      0000AD C0                     219 	.db #0xc0	; 192
      0000AE A1                     220 	.db #0xa1	; 161
      0000AF E1                     221 	.db #0xe1	; 225
      0000B0 3E                     222 	.db #0x3e	; 62
      0000B1 1E                     223 	.db #0x1e	; 30
      0000B2 00                     224 	.db #0x00	; 0
      0000B3 00                     225 	.db #0x00	; 0
      0000B4 00                     226 	.db #0x00	; 0
      0000B5 06                     227 	.db #0x06	; 6
      0000B6 00                     228 	.db #0x00	; 0
      0000B7 09                     229 	.db #0x09	; 9
      0000B8 00                     230 	.db #0x00	; 0
      0000B9 06                     231 	.db #0x06	; 6
      0000BA 00                     232 	.db #0x00	; 0
      0000BB 40                     233 	.db #0x40	; 64
      0000BC 00                     234 	.db #0x00	; 0
      0000BD A1                     235 	.db #0xa1	; 161
      0000BE 00                     236 	.db #0x00	; 0
      0000BF 42                     237 	.db #0x42	; 66	'B'
      0000C0 00                     238 	.db #0x00	; 0
      0000C1 02                     239 	.db #0x02	; 2
      0000C2 80                     240 	.db #0x80	; 128
      0000C3 81                     241 	.db #0x81	; 129
      0000C4 88                     242 	.db #0x88	; 136
      0000C5 88                     243 	.db #0x88	; 136
      0000C6 74                     244 	.db #0x74	; 116	't'
      0000C7 F4                     245 	.db #0xf4	; 244
      0000C8 23                     246 	.db #0x23	; 35
      0000C9 23                     247 	.db #0x23	; 35
      0000CA 60                     248 	.db #0x60	; 96
      0000CB C0                     249 	.db #0xc0	; 192
      0000CC 60                     250 	.db #0x60	; 96
      0000CD 40                     251 	.db #0x40	; 64
      0000CE 60                     252 	.db #0x60	; 96
      0000CF A0                     253 	.db #0xa0	; 160
      0000D0 10                     254 	.db #0x10	; 16
      0000D1 10                     255 	.db #0x10	; 16
      0000D2 DC                     256 	.db #0xdc	; 220
      0000D3 AC                     257 	.db #0xac	; 172
      0000D4 4A                     258 	.db #0x4a	; 74	'J'
      0000D5 4A                     259 	.db #0x4a	; 74	'J'
      0000D6 F3                     260 	.db #0xf3	; 243
      0000D7 B1                     261 	.db #0xb1	; 177
      0000D8 41                     262 	.db #0x41	; 65	'A'
      0000D9 C1                     263 	.db #0xc1	; 193
      0000DA 9F                     264 	.db #0x9f	; 159
      0000DB 8F                     265 	.db #0x8f	; 143
      0000DC 70                     266 	.db #0x70	; 112	'p'
      0000DD 70                     267 	.db #0x70	; 112	'p'
      0000DE C0                     268 	.db #0xc0	; 192
      0000DF 80                     269 	.db #0x80	; 128
      0000E0 00                     270 	.db #0x00	; 0
      0000E1 00                     271 	.db #0x00	; 0
      0000E2 00                     272 	.db #0x00	; 0
      0000E3 00                     273 	.db #0x00	; 0
      0000E4 10                     274 	.db #0x10	; 16
      0000E5 10                     275 	.db #0x10	; 16
      0000E6 30                     276 	.db #0x30	; 48	'0'
      0000E7 30                     277 	.db #0x30	; 48	'0'
      0000E8 56                     278 	.db #0x56	; 86	'V'
      0000E9 56                     279 	.db #0x56	; 86	'V'
      0000EA 59                     280 	.db #0x59	; 89	'Y'
      0000EB 59                     281 	.db #0x59	; 89	'Y'
      0000EC EB                     282 	.db #0xeb	; 235
      0000ED F9                     283 	.db #0xf9	; 249
      0000EE 0B                     284 	.db #0x0b	; 11
      0000EF 19                     285 	.db #0x19	; 25
      0000F0 77                     286 	.db #0x77	; 119	'w'
      0000F1 76                     287 	.db #0x76	; 118	'v'
      0000F2 83                     288 	.db #0x83	; 131
      0000F3 82                     289 	.db #0x82	; 130
      0000F4 FF                     290 	.db #0xff	; 255
      0000F5 7D                     291 	.db #0x7d	; 125
      0000F6 4C                     292 	.db #0x4c	; 76	'L'
      0000F7 48                     293 	.db #0x48	; 72	'H'
      0000F8 58                     294 	.db #0x58	; 88	'X'
      0000F9 5C                     295 	.db #0x5c	; 92
      0000FA 78                     296 	.db #0x78	; 120	'x'
      0000FB 38                     297 	.db #0x38	; 56	'8'
      0000FC 00                     298 	.db #0x00	; 0
      0000FD 04                     299 	.db #0x04	; 4
      0000FE 00                     300 	.db #0x00	; 0
      0000FF 80                     301 	.db #0x80	; 128
      000100 00                     302 	.db #0x00	; 0
      000101 00                     303 	.db #0x00	; 0
      000102 00                     304 	.db #0x00	; 0
      000103 00                     305 	.db #0x00	; 0
      000104 80                     306 	.db #0x80	; 128
      000105 80                     307 	.db #0x80	; 128
      000106 40                     308 	.db #0x40	; 64
      000107 44                     309 	.db #0x44	; 68	'D'
      000108 66                     310 	.db #0x66	; 102	'f'
      000109 76                     311 	.db #0x76	; 118	'v'
      00010A 4A                     312 	.db #0x4a	; 74	'J'
      00010B 4B                     313 	.db #0x4b	; 75	'K'
      00010C 00                     314 	.db #0x00	; 0
      00010D 02                     315 	.db #0x02	; 2
      00010E 00                     316 	.db #0x00	; 0
      00010F 05                     317 	.db #0x05	; 5
      000110 00                     318 	.db #0x00	; 0
      000111 02                     319 	.db #0x02	; 2
      000112 F9                     320 	.db #0xf9	; 249
      000113 F8                     321 	.db #0xf8	; 248
      000114 0F                     322 	.db #0x0f	; 15
      000115 07                     323 	.db #0x07	; 7
      000116 01                     324 	.db #0x01	; 1
      000117 01                     325 	.db #0x01	; 1
      000118 02                     326 	.db #0x02	; 2
      000119 02                     327 	.db #0x02	; 2
      00011A 1D                     328 	.db #0x1d	; 29
      00011B 1F                     329 	.db #0x1f	; 31
      00011C 62                     330 	.db #0x62	; 98	'b'
      00011D 62                     331 	.db #0x62	; 98	'b'
      00011E 80                     332 	.db #0x80	; 128
      00011F 80                     333 	.db #0x80	; 128
      000120 40                     334 	.db #0x40	; 64
      000121 40                     335 	.db #0x40	; 64
      000122 30                     336 	.db #0x30	; 48	'0'
      000123 30                     337 	.db #0x30	; 48	'0'
      000124 0F                     338 	.db #0x0f	; 15
      000125 0F                     339 	.db #0x0f	; 15
      000126 00                     340 	.db #0x00	; 0
      000127 00                     341 	.db #0x00	; 0
      000128 00                     342 	.db #0x00	; 0
      000129 00                     343 	.db #0x00	; 0
      00012A 00                     344 	.db #0x00	; 0
      00012B 00                     345 	.db #0x00	; 0
      00012C 00                     346 	.db #0x00	; 0
      00012D 80                     347 	.db #0x80	; 128
      00012E 00                     348 	.db #0x00	; 0
      00012F 41                     349 	.db #0x41	; 65	'A'
      000130 00                     350 	.db #0x00	; 0
      000131 40                     351 	.db #0x40	; 64
      000132 00                     352 	.db #0x00	; 0
      000133 80                     353 	.db #0x80	; 128
      000134 00                     354 	.db #0x00	; 0
      000135 00                     355 	.db #0x00	; 0
      000136 92                     356 	.db #0x92	; 146
      000137 92                     357 	.db #0x92	; 146
      000138 6D                     358 	.db #0x6d	; 109	'm'
      000139 6D                     359 	.db #0x6d	; 109	'm'
      00013A 00                     360 	.db #0x00	; 0
      00013B 00                     361 	.db #0x00	; 0
      00013C 00                     362 	.db #0x00	; 0
      00013D 00                     363 	.db #0x00	; 0
      00013E 00                     364 	.db #0x00	; 0
      00013F 00                     365 	.db #0x00	; 0
      000140 80                     366 	.db #0x80	; 128
      000141 80                     367 	.db #0x80	; 128
      000142 70                     368 	.db #0x70	; 112	'p'
      000143 70                     369 	.db #0x70	; 112	'p'
      000144 28                     370 	.db #0x28	; 40
      000145 88                     371 	.db #0x88	; 136
      000146 88                     372 	.db #0x88	; 136
      000147 88                     373 	.db #0x88	; 136
      000148 F0                     374 	.db #0xf0	; 240
      000149 B0                     375 	.db #0xb0	; 176
      00014A 40                     376 	.db #0x40	; 64
      00014B 40                     377 	.db #0x40	; 64
      00014C A0                     378 	.db #0xa0	; 160
      00014D 30                     379 	.db #0x30	; 48	'0'
      00014E 98                     380 	.db #0x98	; 152
      00014F 98                     381 	.db #0x98	; 152
      000150 8C                     382 	.db #0x8c	; 140
      000151 84                     383 	.db #0x84	; 132
      000152 82                     384 	.db #0x82	; 130
      000153 C2                     385 	.db #0xc2	; 194
      000154 66                     386 	.db #0x66	; 102	'f'
      000155 3F                     387 	.db #0x3f	; 63
      000156 A9                     388 	.db #0xa9	; 169
      000157 A9                     389 	.db #0xa9	; 169
      000158 51                     390 	.db #0x51	; 81	'Q'
      000159 D1                     391 	.db #0xd1	; 209
      00015A 20                     392 	.db #0x20	; 32
      00015B A0                     393 	.db #0xa0	; 160
      00015C 40                     394 	.db #0x40	; 64
      00015D 40                     395 	.db #0x40	; 64
      00015E 40                     396 	.db #0x40	; 64
      00015F 40                     397 	.db #0x40	; 64
      000160 80                     398 	.db #0x80	; 128
      000161 80                     399 	.db #0x80	; 128
      000162 81                     400 	.db #0x81	; 129
      000163 81                     401 	.db #0x81	; 129
      000164 01                     402 	.db #0x01	; 1
      000165 01                     403 	.db #0x01	; 1
      000166 02                     404 	.db #0x02	; 2
      000167 02                     405 	.db #0x02	; 2
      000168 02                     406 	.db #0x02	; 2
      000169 02                     407 	.db #0x02	; 2
      00016A 04                     408 	.db #0x04	; 4
      00016B 04                     409 	.db #0x04	; 4
      00016C 8C                     410 	.db #0x8c	; 140
      00016D 88                     411 	.db #0x88	; 136
      00016E 14                     412 	.db #0x14	; 20
      00016F 14                     413 	.db #0x14	; 20
      000170 24                     414 	.db #0x24	; 36
      000171 24                     415 	.db #0x24	; 36
      000172 44                     416 	.db #0x44	; 68	'D'
      000173 44                     417 	.db #0x44	; 68	'D'
      000174 82                     418 	.db #0x82	; 130
      000175 9A                     419 	.db #0x9a	; 154
      000176 01                     420 	.db #0x01	; 1
      000177 25                     421 	.db #0x25	; 37
      000178 00                     422 	.db #0x00	; 0
      000179 18                     423 	.db #0x18	; 24
      00017A 00                     424 	.db #0x00	; 0
      00017B 00                     425 	.db #0x00	; 0
      00017C 00                     426 	.db #0x00	; 0
      00017D 80                     427 	.db #0x80	; 128
      00017E 00                     428 	.db #0x00	; 0
      00017F 40                     429 	.db #0x40	; 64
      000180 03                     430 	.db #0x03	; 3
      000181 83                     431 	.db #0x83	; 131
      000182 1A                     432 	.db #0x1a	; 26
      000183 1A                     433 	.db #0x1a	; 26
      000184 55                     434 	.db #0x55	; 85	'U'
      000185 55                     435 	.db #0x55	; 85	'U'
      000186 69                     436 	.db #0x69	; 105	'i'
      000187 69                     437 	.db #0x69	; 105	'i'
      000188 85                     438 	.db #0x85	; 133
      000189 84                     439 	.db #0x84	; 132
      00018A 04                     440 	.db #0x04	; 4
      00018B 04                     441 	.db #0x04	; 4
      00018C 0C                     442 	.db #0x0c	; 12
      00018D 08                     443 	.db #0x08	; 8
      00018E 19                     444 	.db #0x19	; 25
      00018F 19                     445 	.db #0x19	; 25
      000190 25                     446 	.db #0x25	; 37
      000191 2D                     447 	.db #0x2d	; 45
      000192 52                     448 	.db #0x52	; 82	'R'
      000193 72                     449 	.db #0x72	; 114	'r'
      000194 A7                     450 	.db #0xa7	; 167
      000195 AB                     451 	.db #0xab	; 171
      000196 9D                     452 	.db #0x9d	; 157
      000197 B7                     453 	.db #0xb7	; 183
      000198 86                     454 	.db #0x86	; 134
      000199 86                     455 	.db #0x86	; 134
      00019A F8                     456 	.db #0xf8	; 248
      00019B E0                     457 	.db #0xe0	; 224
      00019C 0F                     458 	.db #0x0f	; 15
      00019D 1F                     459 	.db #0x1f	; 31
      00019E 00                     460 	.db #0x00	; 0
      00019F 00                     461 	.db #0x00	; 0
      0001A0 20                     462 	.db #0x20	; 32
      0001A1 20                     463 	.db #0x20	; 32
      0001A2 10                     464 	.db #0x10	; 16
      0001A3 30                     465 	.db #0x30	; 48	'0'
      0001A4 30                     466 	.db #0x30	; 48	'0'
      0001A5 30                     467 	.db #0x30	; 48	'0'
      0001A6 28                     468 	.db #0x28	; 40
      0001A7 38                     469 	.db #0x38	; 56	'8'
      0001A8 44                     470 	.db #0x44	; 68	'D'
      0001A9 54                     471 	.db #0x54	; 84	'T'
      0001AA C4                     472 	.db #0xc4	; 196
      0001AB C4                     473 	.db #0xc4	; 196
      0001AC C6                     474 	.db #0xc6	; 198
      0001AD C4                     475 	.db #0xc4	; 196
      0001AE 82                     476 	.db #0x82	; 130
      0001AF 82                     477 	.db #0x82	; 130
      0001B0 C2                     478 	.db #0xc2	; 194
      0001B1 8A                     479 	.db #0x8a	; 138
      0001B2 4A                     480 	.db #0x4a	; 74	'J'
      0001B3 4A                     481 	.db #0x4a	; 74	'J'
      0001B4 4A                     482 	.db #0x4a	; 74	'J'
      0001B5 4A                     483 	.db #0x4a	; 74	'J'
      0001B6 89                     484 	.db #0x89	; 137
      0001B7 83                     485 	.db #0x83	; 131
      0001B8 21                     486 	.db #0x21	; 33
      0001B9 A3                     487 	.db #0xa3	; 163
      0001BA 2A                     488 	.db #0x2a	; 42
      0001BB 2A                     489 	.db #0x2a	; 42
      0001BC 02                     490 	.db #0x02	; 2
      0001BD 0A                     491 	.db #0x0a	; 10
      0001BE 04                     492 	.db #0x04	; 4
      0001BF 04                     493 	.db #0x04	; 4
      0001C0 02                     494 	.db #0x02	; 2
      0001C1 06                     495 	.db #0x06	; 6
      0001C2 04                     496 	.db #0x04	; 4
      0001C3 04                     497 	.db #0x04	; 4
      0001C4 18                     498 	.db #0x18	; 24
      0001C5 08                     499 	.db #0x08	; 8
      0001C6 30                     500 	.db #0x30	; 48	'0'
      0001C7 30                     501 	.db #0x30	; 48	'0'
      0001C8 E0                     502 	.db #0xe0	; 224
      0001C9 C0                     503 	.db #0xc0	; 192
      0001CA 20                     504 	.db #0x20	; 32
      0001CB 20                     505 	.db #0x20	; 32
      0001CC 40                     506 	.db #0x40	; 64
      0001CD E0                     507 	.db #0xe0	; 224
      0001CE 80                     508 	.db #0x80	; 128
      0001CF 80                     509 	.db #0x80	; 128
      0001D0 00                     510 	.db #0x00	; 0
      0001D1 00                     511 	.db #0x00	; 0
      0001D2 00                     512 	.db #0x00	; 0
      0001D3 00                     513 	.db #0x00	; 0
      0001D4 00                     514 	.db #0x00	; 0
      0001D5 00                     515 	.db #0x00	; 0
      0001D6 00                     516 	.db #0x00	; 0
      0001D7 00                     517 	.db #0x00	; 0
      0001D8 80                     518 	.db #0x80	; 128
      0001D9 80                     519 	.db #0x80	; 128
      0001DA 80                     520 	.db #0x80	; 128
      0001DB 80                     521 	.db #0x80	; 128
      0001DC 80                     522 	.db #0x80	; 128
      0001DD 80                     523 	.db #0x80	; 128
      0001DE 00                     524 	.db #0x00	; 0
      0001DF 00                     525 	.db #0x00	; 0
      0001E0 00                     526 	.db #0x00	; 0
      0001E1 00                     527 	.db #0x00	; 0
      0001E2 38                     528 	.db #0x38	; 56	'8'
      0001E3 30                     529 	.db #0x30	; 48	'0'
      0001E4 48                     530 	.db #0x48	; 72	'H'
      0001E5 C8                     531 	.db #0xc8	; 200
      0001E6 04                     532 	.db #0x04	; 4
      0001E7 04                     533 	.db #0x04	; 4
      0001E8 04                     534 	.db #0x04	; 4
      0001E9 04                     535 	.db #0x04	; 4
      0001EA 30                     536 	.db #0x30	; 48	'0'
      0001EB 38                     537 	.db #0x38	; 56	'8'
      0001EC C0                     538 	.db #0xc0	; 192
      0001ED C0                     539 	.db #0xc0	; 192
      0001EE 00                     540 	.db #0x00	; 0
      0001EF 00                     541 	.db #0x00	; 0
      0001F0 61                     542 	.db #0x61	; 97	'a'
      0001F1 31                     543 	.db #0x31	; 49	'1'
      0001F2 33                     544 	.db #0x33	; 51	'3'
      0001F3 23                     545 	.db #0x23	; 35
      0001F4 2C                     546 	.db #0x2c	; 44
      0001F5 2C                     547 	.db #0x2c	; 44
      0001F6 18                     548 	.db #0x18	; 24
      0001F7 18                     549 	.db #0x18	; 24
      0001F8 00                     550 	.db #0x00	; 0
      0001F9 00                     551 	.db #0x00	; 0
      0001FA 80                     552 	.db #0x80	; 128
      0001FB 1E                     553 	.db #0x1e	; 30
      0001FC CC                     554 	.db #0xcc	; 204
      0001FD E1                     555 	.db #0xe1	; 225
      0001FE B7                     556 	.db #0xb7	; 183
      0001FF E9                     557 	.db #0xe9	; 233
                                    558 	.area _INITIALIZER
                                    559 	.area _CABS (ABS)
