                                      1 ;--------------------------------------------------------
                                      2 ; File Created by SDCC : free open source ISO C Compiler 
                                      3 ; Version 4.4.1 #14650 (MINGW64)
                                      4 ;--------------------------------------------------------
                                      5 	.module Skateboard_Tiles
                                      6 	.optsdcc -msm83
                                      7 	
                                      8 ;--------------------------------------------------------
                                      9 ; Public variables in this module
                                     10 ;--------------------------------------------------------
                                     11 	.globl _Skateboard_Tiles
                                     12 ;--------------------------------------------------------
                                     13 ; special function registers
                                     14 ;--------------------------------------------------------
                                     15 ;--------------------------------------------------------
                                     16 ; ram data
                                     17 ;--------------------------------------------------------
                                     18 	.area _DATA
                                     19 ;--------------------------------------------------------
                                     20 ; ram data
                                     21 ;--------------------------------------------------------
                                     22 	.area _INITIALIZED
                                     23 ;--------------------------------------------------------
                                     24 ; absolute external ram data
                                     25 ;--------------------------------------------------------
                                     26 	.area _DABS (ABS)
                                     27 ;--------------------------------------------------------
                                     28 ; global & static initialisations
                                     29 ;--------------------------------------------------------
                                     30 	.area _HOME
                                     31 	.area _GSINIT
                                     32 	.area _GSFINAL
                                     33 	.area _GSINIT
                                     34 ;--------------------------------------------------------
                                     35 ; Home
                                     36 ;--------------------------------------------------------
                                     37 	.area _HOME
                                     38 	.area _HOME
                                     39 ;--------------------------------------------------------
                                     40 ; code
                                     41 ;--------------------------------------------------------
                                     42 	.area _CODE_3
                                     43 	.area _CODE_3
                         00000000    44 G$Skateboard_Tiles$0_0$0 == .
    00000000                         45 _Skateboard_Tiles:
    00000000 78                      46 	.db #0x78	; 120	'x'
    00000001 78                      47 	.db #0x78	; 120	'x'
    00000002 87                      48 	.db #0x87	; 135
    00000003 FF                      49 	.db #0xff	; 255
    00000004 80                      50 	.db #0x80	; 128
    00000005 FF                      51 	.db #0xff	; 255
    00000006 81                      52 	.db #0x81	; 129
    00000007 FF                      53 	.db #0xff	; 255
    00000008 4F                      54 	.db #0x4f	; 79	'O'
    00000009 75                      55 	.db #0x75	; 117	'u'
    0000000A 3F                      56 	.db #0x3f	; 63
    0000000B 20                      57 	.db #0x20	; 32
    0000000C 3F                      58 	.db #0x3f	; 63
    0000000D 24                      59 	.db #0x24	; 36
    0000000E 1F                      60 	.db #0x1f	; 31
    0000000F 13                      61 	.db #0x13	; 19
    00000010 09                      62 	.db #0x09	; 9
    00000011 0A                      63 	.db #0x0a	; 10
    00000012 1C                      64 	.db #0x1c	; 28
    00000013 12                      65 	.db #0x12	; 18
    00000014 3C                      66 	.db #0x3c	; 60
    00000015 23                      67 	.db #0x23	; 35
    00000016 3F                      68 	.db #0x3f	; 63
    00000017 3C                      69 	.db #0x3c	; 60
    00000018 3C                      70 	.db #0x3c	; 60
    00000019 1F                      71 	.db #0x1f	; 31
    0000001A 0F                      72 	.db #0x0f	; 15
    0000001B 0F                      73 	.db #0x0f	; 15
    0000001C 03                      74 	.db #0x03	; 3
    0000001D 03                      75 	.db #0x03	; 3
    0000001E 01                      76 	.db #0x01	; 1
    0000001F 00                      77 	.db #0x00	; 0
    00000020 3C                      78 	.db #0x3c	; 60
    00000021 3C                      79 	.db #0x3c	; 60
    00000022 C2                      80 	.db #0xc2	; 194
    00000023 FE                      81 	.db #0xfe	; 254
    00000024 02                      82 	.db #0x02	; 2
    00000025 FE                      83 	.db #0xfe	; 254
    00000026 02                      84 	.db #0x02	; 2
    00000027 FE                      85 	.db #0xfe	; 254
    00000028 E4                      86 	.db #0xe4	; 228
    00000029 5C                      87 	.db #0x5c	; 92
    0000002A F8                      88 	.db #0xf8	; 248
    0000002B 08                      89 	.db #0x08	; 8
    0000002C F8                      90 	.db #0xf8	; 248
    0000002D 48                      91 	.db #0x48	; 72	'H'
    0000002E F0                      92 	.db #0xf0	; 240
    0000002F 90                      93 	.db #0x90	; 144
    00000030 E0                      94 	.db #0xe0	; 224
    00000031 20                      95 	.db #0x20	; 32
    00000032 C0                      96 	.db #0xc0	; 192
    00000033 C0                      97 	.db #0xc0	; 192
    00000034 20                      98 	.db #0x20	; 32
    00000035 60                      99 	.db #0x60	; 96
    00000036 30                     100 	.db #0x30	; 48	'0'
    00000037 D0                     101 	.db #0xd0	; 208
    00000038 E0                     102 	.db #0xe0	; 224
    00000039 60                     103 	.db #0x60	; 96
    0000003A 30                     104 	.db #0x30	; 48	'0'
    0000003B F0                     105 	.db #0xf0	; 240
    0000003C F0                     106 	.db #0xf0	; 240
    0000003D F0                     107 	.db #0xf0	; 240
    0000003E E0                     108 	.db #0xe0	; 224
    0000003F E0                     109 	.db #0xe0	; 224
    00000040 78                     110 	.db #0x78	; 120	'x'
    00000041 78                     111 	.db #0x78	; 120	'x'
    00000042 87                     112 	.db #0x87	; 135
    00000043 FF                     113 	.db #0xff	; 255
    00000044 80                     114 	.db #0x80	; 128
    00000045 FF                     115 	.db #0xff	; 255
    00000046 80                     116 	.db #0x80	; 128
    00000047 FF                     117 	.db #0xff	; 255
    00000048 83                     118 	.db #0x83	; 131
    00000049 FF                     119 	.db #0xff	; 255
    0000004A 8F                     120 	.db #0x8f	; 143
    0000004B FC                     121 	.db #0xfc	; 252
    0000004C 7F                     122 	.db #0x7f	; 127
    0000004D 70                     123 	.db #0x70	; 112	'p'
    0000004E 1F                     124 	.db #0x1f	; 31
    0000004F 10                     125 	.db #0x10	; 16
    00000050 1F                     126 	.db #0x1f	; 31
    00000051 18                     127 	.db #0x18	; 24
    00000052 B1                     128 	.db #0xb1	; 177
    00000053 A2                     129 	.db #0xa2	; 162
    00000054 78                     130 	.db #0x78	; 120	'x'
    00000055 6A                     131 	.db #0x6a	; 106	'j'
    00000056 3C                     132 	.db #0x3c	; 60
    00000057 37                     133 	.db #0x37	; 55	'7'
    00000058 26                     134 	.db #0x26	; 38
    00000059 3B                     135 	.db #0x3b	; 59
    0000005A 91                     136 	.db #0x91	; 145
    0000005B 9F                     137 	.db #0x9f	; 159
    0000005C 7F                     138 	.db #0x7f	; 127
    0000005D FF                     139 	.db #0xff	; 255
    0000005E 18                     140 	.db #0x18	; 24
    0000005F 00                     141 	.db #0x00	; 0
    00000060 00                     142 	.db #0x00	; 0
    00000061 00                     143 	.db #0x00	; 0
    00000062 F0                     144 	.db #0xf0	; 240
    00000063 F0                     145 	.db #0xf0	; 240
    00000064 0B                     146 	.db #0x0b	; 11
    00000065 FB                     147 	.db #0xfb	; 251
    00000066 7F                     148 	.db #0x7f	; 127
    00000067 FF                     149 	.db #0xff	; 255
    00000068 FE                     150 	.db #0xfe	; 254
    00000069 A2                     151 	.db #0xa2	; 162
    0000006A FE                     152 	.db #0xfe	; 254
    0000006B 02                     153 	.db #0x02	; 2
    0000006C FC                     154 	.db #0xfc	; 252
    0000006D 44                     155 	.db #0x44	; 68	'D'
    0000006E F8                     156 	.db #0xf8	; 248
    0000006F 28                     157 	.db #0x28	; 40
    00000070 F0                     158 	.db #0xf0	; 240
    00000071 10                     159 	.db #0x10	; 16
    00000072 F8                     160 	.db #0xf8	; 248
    00000073 68                     161 	.db #0x68	; 104	'h'
    00000074 3C                     162 	.db #0x3c	; 60
    00000075 64                     163 	.db #0x64	; 100	'd'
    00000076 18                     164 	.db #0x18	; 24
    00000077 F8                     165 	.db #0xf8	; 248
    00000078 F0                     166 	.db #0xf0	; 240
    00000079 10                     167 	.db #0x10	; 16
    0000007A 88                     168 	.db #0x88	; 136
    0000007B F8                     169 	.db #0xf8	; 248
    0000007C FE                     170 	.db #0xfe	; 254
    0000007D FE                     171 	.db #0xfe	; 254
    0000007E 30                     172 	.db #0x30	; 48	'0'
    0000007F 00                     173 	.db #0x00	; 0
    00000080 78                     174 	.db #0x78	; 120	'x'
    00000081 78                     175 	.db #0x78	; 120	'x'
    00000082 87                     176 	.db #0x87	; 135
    00000083 FF                     177 	.db #0xff	; 255
    00000084 80                     178 	.db #0x80	; 128
    00000085 FF                     179 	.db #0xff	; 255
    00000086 80                     180 	.db #0x80	; 128
    00000087 FF                     181 	.db #0xff	; 255
    00000088 83                     182 	.db #0x83	; 131
    00000089 FF                     183 	.db #0xff	; 255
    0000008A 8F                     184 	.db #0x8f	; 143
    0000008B FC                     185 	.db #0xfc	; 252
    0000008C 7F                     186 	.db #0x7f	; 127
    0000008D 70                     187 	.db #0x70	; 112	'p'
    0000008E 1F                     188 	.db #0x1f	; 31
    0000008F 10                     189 	.db #0x10	; 16
    00000090 0F                     190 	.db #0x0f	; 15
    00000091 08                     191 	.db #0x08	; 8
    00000092 90                     192 	.db #0x90	; 144
    00000093 98                     193 	.db #0x98	; 152
    00000094 78                     194 	.db #0x78	; 120	'x'
    00000095 7F                     195 	.db #0x7f	; 127
    00000096 24                     196 	.db #0x24	; 36
    00000097 3F                     197 	.db #0x3f	; 63
    00000098 22                     198 	.db #0x22	; 34
    00000099 3F                     199 	.db #0x3f	; 63
    0000009A 93                     200 	.db #0x93	; 147
    0000009B 9F                     201 	.db #0x9f	; 159
    0000009C 7F                     202 	.db #0x7f	; 127
    0000009D FF                     203 	.db #0xff	; 255
    0000009E 18                     204 	.db #0x18	; 24
    0000009F 00                     205 	.db #0x00	; 0
    000000A0 00                     206 	.db #0x00	; 0
    000000A1 00                     207 	.db #0x00	; 0
    000000A2 F0                     208 	.db #0xf0	; 240
    000000A3 F0                     209 	.db #0xf0	; 240
    000000A4 0B                     210 	.db #0x0b	; 11
    000000A5 FB                     211 	.db #0xfb	; 251
    000000A6 7F                     212 	.db #0x7f	; 127
    000000A7 FF                     213 	.db #0xff	; 255
    000000A8 FE                     214 	.db #0xfe	; 254
    000000A9 A2                     215 	.db #0xa2	; 162
    000000AA FE                     216 	.db #0xfe	; 254
    000000AB 02                     217 	.db #0x02	; 2
    000000AC FC                     218 	.db #0xfc	; 252
    000000AD 44                     219 	.db #0x44	; 68	'D'
    000000AE F8                     220 	.db #0xf8	; 248
    000000AF 28                     221 	.db #0x28	; 40
    000000B0 F0                     222 	.db #0xf0	; 240
    000000B1 10                     223 	.db #0x10	; 16
    000000B2 20                     224 	.db #0x20	; 32
    000000B3 A0                     225 	.db #0xa0	; 160
    000000B4 70                     226 	.db #0x70	; 112	'p'
    000000B5 90                     227 	.db #0x90	; 144
    000000B6 38                     228 	.db #0x38	; 56	'8'
    000000B7 C8                     229 	.db #0xc8	; 200
    000000B8 F0                     230 	.db #0xf0	; 240
    000000B9 30                     231 	.db #0x30	; 48	'0'
    000000BA 10                     232 	.db #0x10	; 16
    000000BB F0                     233 	.db #0xf0	; 240
    000000BC FE                     234 	.db #0xfe	; 254
    000000BD FE                     235 	.db #0xfe	; 254
    000000BE 30                     236 	.db #0x30	; 48	'0'
    000000BF 00                     237 	.db #0x00	; 0
    000000C0 78                     238 	.db #0x78	; 120	'x'
    000000C1 78                     239 	.db #0x78	; 120	'x'
    000000C2 87                     240 	.db #0x87	; 135
    000000C3 FF                     241 	.db #0xff	; 255
    000000C4 80                     242 	.db #0x80	; 128
    000000C5 FF                     243 	.db #0xff	; 255
    000000C6 80                     244 	.db #0x80	; 128
    000000C7 FF                     245 	.db #0xff	; 255
    000000C8 40                     246 	.db #0x40	; 64
    000000C9 7F                     247 	.db #0x7f	; 127
    000000CA 20                     248 	.db #0x20	; 32
    000000CB 3F                     249 	.db #0x3f	; 63
    000000CC 20                     250 	.db #0x20	; 32
    000000CD 3F                     251 	.db #0x3f	; 63
    000000CE 18                     252 	.db #0x18	; 24
    000000CF 17                     253 	.db #0x17	; 23
    000000D0 0F                     254 	.db #0x0f	; 15
    000000D1 08                     255 	.db #0x08	; 8
    000000D2 09                     256 	.db #0x09	; 9
    000000D3 0A                     257 	.db #0x0a	; 10
    000000D4 1C                     258 	.db #0x1c	; 28
    000000D5 12                     259 	.db #0x12	; 18
    000000D6 3C                     260 	.db #0x3c	; 60
    000000D7 23                     261 	.db #0x23	; 35
    000000D8 1F                     262 	.db #0x1f	; 31
    000000D9 1C                     263 	.db #0x1c	; 28
    000000DA 1C                     264 	.db #0x1c	; 28
    000000DB 1F                     265 	.db #0x1f	; 31
    000000DC 1F                     266 	.db #0x1f	; 31
    000000DD 1F                     267 	.db #0x1f	; 31
    000000DE 0F                     268 	.db #0x0f	; 15
    000000DF 0F                     269 	.db #0x0f	; 15
    000000E0 3C                     270 	.db #0x3c	; 60
    000000E1 3C                     271 	.db #0x3c	; 60
    000000E2 C2                     272 	.db #0xc2	; 194
    000000E3 FE                     273 	.db #0xfe	; 254
    000000E4 02                     274 	.db #0x02	; 2
    000000E5 FE                     275 	.db #0xfe	; 254
    000000E6 02                     276 	.db #0x02	; 2
    000000E7 FE                     277 	.db #0xfe	; 254
    000000E8 04                     278 	.db #0x04	; 4
    000000E9 FC                     279 	.db #0xfc	; 252
    000000EA 08                     280 	.db #0x08	; 8
    000000EB F8                     281 	.db #0xf8	; 248
    000000EC 08                     282 	.db #0x08	; 8
    000000ED F8                     283 	.db #0xf8	; 248
    000000EE 30                     284 	.db #0x30	; 48	'0'
    000000EF D0                     285 	.db #0xd0	; 208
    000000F0 E0                     286 	.db #0xe0	; 224
    000000F1 20                     287 	.db #0x20	; 32
    000000F2 C0                     288 	.db #0xc0	; 192
    000000F3 C0                     289 	.db #0xc0	; 192
    000000F4 30                     290 	.db #0x30	; 48	'0'
    000000F5 70                     291 	.db #0x70	; 112	'p'
    000000F6 38                     292 	.db #0x38	; 56	'8'
    000000F7 D8                     293 	.db #0xd8	; 216
    000000F8 F8                     294 	.db #0xf8	; 248
    000000F9 78                     295 	.db #0x78	; 120	'x'
    000000FA 38                     296 	.db #0x38	; 56	'8'
    000000FB F0                     297 	.db #0xf0	; 240
    000000FC E0                     298 	.db #0xe0	; 224
    000000FD E0                     299 	.db #0xe0	; 224
    000000FE 80                     300 	.db #0x80	; 128
    000000FF 00                     301 	.db #0x00	; 0
    00000100 00                     302 	.db #0x00	; 0
    00000101 00                     303 	.db #0x00	; 0
    00000102 00                     304 	.db #0x00	; 0
    00000103 00                     305 	.db #0x00	; 0
    00000104 00                     306 	.db #0x00	; 0
    00000105 00                     307 	.db #0x00	; 0
    00000106 00                     308 	.db #0x00	; 0
    00000107 00                     309 	.db #0x00	; 0
    00000108 00                     310 	.db #0x00	; 0
    00000109 00                     311 	.db #0x00	; 0
    0000010A 00                     312 	.db #0x00	; 0
    0000010B 00                     313 	.db #0x00	; 0
    0000010C 00                     314 	.db #0x00	; 0
    0000010D 00                     315 	.db #0x00	; 0
    0000010E 00                     316 	.db #0x00	; 0
    0000010F 00                     317 	.db #0x00	; 0
                                    318 	.area _INITIALIZER
                                    319 	.area _CABS (ABS)
