                                      1 ;--------------------------------------------------------
                                      2 ; File Created by SDCC : free open source ISO C Compiler 
                                      3 ; Version 4.2.2 #13350 (MINGW64)
                                      4 ;--------------------------------------------------------
                                      5 	.module SockHead_Map
                                      6 	.optsdcc -msm83
                                      7 	
                                      8 ;--------------------------------------------------------
                                      9 ; Public variables in this module
                                     10 ;--------------------------------------------------------
                                     11 	.globl _SockHead_Map
                                     12 ;--------------------------------------------------------
                                     13 ; special function registers
                                     14 ;--------------------------------------------------------
                                     15 ;--------------------------------------------------------
                                     16 ; ram data
                                     17 ;--------------------------------------------------------
                                     18 	.area _DATA
                                     19 ;--------------------------------------------------------
                                     20 ; ram data
                                     21 ;--------------------------------------------------------
                                     22 	.area _INITIALIZED
                           000000    23 G$SockHead_Map$0_0$0==.
      000000                         24 _SockHead_Map::
      000000                         25 	.ds 28
                                     26 ;--------------------------------------------------------
                                     27 ; absolute external ram data
                                     28 ;--------------------------------------------------------
                                     29 	.area _DABS (ABS)
                                     30 ;--------------------------------------------------------
                                     31 ; global & static initialisations
                                     32 ;--------------------------------------------------------
                                     33 	.area _HOME
                                     34 	.area _GSINIT
                                     35 	.area _GSFINAL
                                     36 	.area _GSINIT
                                     37 ;--------------------------------------------------------
                                     38 ; Home
                                     39 ;--------------------------------------------------------
                                     40 	.area _HOME
                                     41 	.area _HOME
                                     42 ;--------------------------------------------------------
                                     43 ; code
                                     44 ;--------------------------------------------------------
                                     45 	.area _CODE
                                     46 	.area _CODE
                                     47 	.area _INITIALIZER
                           000000    48 FSockHead_Map$__xinit_SockHead_Map$0_0$0 == .
      000000                         49 __xinit__SockHead_Map:
      000000 80                      50 	.db #0x80	; 128
      000001 80                      51 	.db #0x80	; 128
      000002 8C                      52 	.db #0x8c	; 140
      000003 80                      53 	.db #0x80	; 128
      000004 80                      54 	.db #0x80	; 128
      000005 86                      55 	.db #0x86	; 134
      000006 8D                      56 	.db #0x8d	; 141
      000007 80                      57 	.db #0x80	; 128
      000008 81                      58 	.db #0x81	; 129
      000009 87                      59 	.db #0x87	; 135
      00000A 8E                      60 	.db #0x8e	; 142
      00000B 80                      61 	.db #0x80	; 128
      00000C 82                      62 	.db #0x82	; 130
      00000D 88                      63 	.db #0x88	; 136
      00000E 8F                      64 	.db #0x8f	; 143
      00000F 80                      65 	.db #0x80	; 128
      000010 83                      66 	.db #0x83	; 131
      000011 89                      67 	.db #0x89	; 137
      000012 90                      68 	.db #0x90	; 144
      000013 80                      69 	.db #0x80	; 128
      000014 84                      70 	.db #0x84	; 132
      000015 8A                      71 	.db #0x8a	; 138
      000016 91                      72 	.db #0x91	; 145
      000017 80                      73 	.db #0x80	; 128
      000018 85                      74 	.db #0x85	; 133
      000019 8B                      75 	.db #0x8b	; 139
      00001A 92                      76 	.db #0x92	; 146
      00001B 93                      77 	.db #0x93	; 147
                                     78 	.area _CABS (ABS)
