                                      1 ;--------------------------------------------------------
                                      2 ; File Created by SDCC : free open source ISO C Compiler 
                                      3 ; Version 4.2.2 #13350 (MINGW64)
                                      4 ;--------------------------------------------------------
                                      5 	.module SockHead_Tiles
                                      6 	.optsdcc -msm83
                                      7 	
                                      8 ;--------------------------------------------------------
                                      9 ; Public variables in this module
                                     10 ;--------------------------------------------------------
                                     11 	.globl _SockHead_Tiles
                                     12 ;--------------------------------------------------------
                                     13 ; special function registers
                                     14 ;--------------------------------------------------------
                                     15 ;--------------------------------------------------------
                                     16 ; ram data
                                     17 ;--------------------------------------------------------
                                     18 	.area _DATA
                                     19 ;--------------------------------------------------------
                                     20 ; ram data
                                     21 ;--------------------------------------------------------
                                     22 	.area _INITIALIZED
                           000000    23 G$SockHead_Tiles$0_0$0==.
      000000                         24 _SockHead_Tiles::
      000000                         25 	.ds 336
                                     26 ;--------------------------------------------------------
                                     27 ; absolute external ram data
                                     28 ;--------------------------------------------------------
                                     29 	.area _DABS (ABS)
                                     30 ;--------------------------------------------------------
                                     31 ; global & static initialisations
                                     32 ;--------------------------------------------------------
                                     33 	.area _HOME
                                     34 	.area _GSINIT
                                     35 	.area _GSFINAL
                                     36 	.area _GSINIT
                                     37 ;--------------------------------------------------------
                                     38 ; Home
                                     39 ;--------------------------------------------------------
                                     40 	.area _HOME
                                     41 	.area _HOME
                                     42 ;--------------------------------------------------------
                                     43 ; code
                                     44 ;--------------------------------------------------------
                                     45 	.area _CODE
                                     46 	.area _CODE
                                     47 	.area _INITIALIZER
                           000000    48 FSockHead_Tiles$__xinit_SockHead_Tiles$0_0$0 == .
      000000                         49 __xinit__SockHead_Tiles:
      000000 00                      50 	.db #0x00	; 0
      000001 00                      51 	.db #0x00	; 0
      000002 00                      52 	.db #0x00	; 0
      000003 00                      53 	.db #0x00	; 0
      000004 00                      54 	.db #0x00	; 0
      000005 00                      55 	.db #0x00	; 0
      000006 00                      56 	.db #0x00	; 0
      000007 00                      57 	.db #0x00	; 0
      000008 00                      58 	.db #0x00	; 0
      000009 00                      59 	.db #0x00	; 0
      00000A 00                      60 	.db #0x00	; 0
      00000B 00                      61 	.db #0x00	; 0
      00000C 00                      62 	.db #0x00	; 0
      00000D 00                      63 	.db #0x00	; 0
      00000E 00                      64 	.db #0x00	; 0
      00000F 00                      65 	.db #0x00	; 0
      000010 00                      66 	.db #0x00	; 0
      000011 00                      67 	.db #0x00	; 0
      000012 00                      68 	.db #0x00	; 0
      000013 00                      69 	.db #0x00	; 0
      000014 00                      70 	.db #0x00	; 0
      000015 00                      71 	.db #0x00	; 0
      000016 00                      72 	.db #0x00	; 0
      000017 00                      73 	.db #0x00	; 0
      000018 00                      74 	.db #0x00	; 0
      000019 00                      75 	.db #0x00	; 0
      00001A 03                      76 	.db #0x03	; 3
      00001B 03                      77 	.db #0x03	; 3
      00001C 0C                      78 	.db #0x0c	; 12
      00001D 0F                      79 	.db #0x0f	; 15
      00001E 10                      80 	.db #0x10	; 16
      00001F 1F                      81 	.db #0x1f	; 31
      000020 20                      82 	.db #0x20	; 32
      000021 3F                      83 	.db #0x3f	; 63
      000022 40                      84 	.db #0x40	; 64
      000023 7F                      85 	.db #0x7f	; 127
      000024 40                      86 	.db #0x40	; 64
      000025 7F                      87 	.db #0x7f	; 127
      000026 80                      88 	.db #0x80	; 128
      000027 FF                      89 	.db #0xff	; 255
      000028 80                      90 	.db #0x80	; 128
      000029 FF                      91 	.db #0xff	; 255
      00002A 80                      92 	.db #0x80	; 128
      00002B FF                      93 	.db #0xff	; 255
      00002C 80                      94 	.db #0x80	; 128
      00002D FF                      95 	.db #0xff	; 255
      00002E 40                      96 	.db #0x40	; 64
      00002F 7F                      97 	.db #0x7f	; 127
      000030 40                      98 	.db #0x40	; 64
      000031 7F                      99 	.db #0x7f	; 127
      000032 38                     100 	.db #0x38	; 56	'8'
      000033 3F                     101 	.db #0x3f	; 63
      000034 07                     102 	.db #0x07	; 7
      000035 07                     103 	.db #0x07	; 7
      000036 01                     104 	.db #0x01	; 1
      000037 01                     105 	.db #0x01	; 1
      000038 01                     106 	.db #0x01	; 1
      000039 01                     107 	.db #0x01	; 1
      00003A 01                     108 	.db #0x01	; 1
      00003B 01                     109 	.db #0x01	; 1
      00003C 01                     110 	.db #0x01	; 1
      00003D 01                     111 	.db #0x01	; 1
      00003E 01                     112 	.db #0x01	; 1
      00003F 01                     113 	.db #0x01	; 1
      000040 00                     114 	.db #0x00	; 0
      000041 00                     115 	.db #0x00	; 0
      000042 00                     116 	.db #0x00	; 0
      000043 00                     117 	.db #0x00	; 0
      000044 00                     118 	.db #0x00	; 0
      000045 00                     119 	.db #0x00	; 0
      000046 03                     120 	.db #0x03	; 3
      000047 03                     121 	.db #0x03	; 3
      000048 05                     122 	.db #0x05	; 5
      000049 04                     123 	.db #0x04	; 4
      00004A 0B                     124 	.db #0x0b	; 11
      00004B 08                     125 	.db #0x08	; 8
      00004C 0B                     126 	.db #0x0b	; 11
      00004D 08                     127 	.db #0x08	; 8
      00004E 0B                     128 	.db #0x0b	; 11
      00004F 08                     129 	.db #0x08	; 8
      000050 0B                     130 	.db #0x0b	; 11
      000051 08                     131 	.db #0x08	; 8
      000052 0A                     132 	.db #0x0a	; 10
      000053 08                     133 	.db #0x08	; 8
      000054 0A                     134 	.db #0x0a	; 10
      000055 08                     135 	.db #0x08	; 8
      000056 0B                     136 	.db #0x0b	; 11
      000057 08                     137 	.db #0x08	; 8
      000058 0A                     138 	.db #0x0a	; 10
      000059 08                     139 	.db #0x08	; 8
      00005A 0B                     140 	.db #0x0b	; 11
      00005B 08                     141 	.db #0x08	; 8
      00005C 05                     142 	.db #0x05	; 5
      00005D 04                     143 	.db #0x04	; 4
      00005E 03                     144 	.db #0x03	; 3
      00005F 03                     145 	.db #0x03	; 3
      000060 03                     146 	.db #0x03	; 3
      000061 03                     147 	.db #0x03	; 3
      000062 1C                     148 	.db #0x1c	; 28
      000063 1F                     149 	.db #0x1f	; 31
      000064 20                     150 	.db #0x20	; 32
      000065 3F                     151 	.db #0x3f	; 63
      000066 40                     152 	.db #0x40	; 64
      000067 7F                     153 	.db #0x7f	; 127
      000068 40                     154 	.db #0x40	; 64
      000069 7F                     155 	.db #0x7f	; 127
      00006A 80                     156 	.db #0x80	; 128
      00006B FF                     157 	.db #0xff	; 255
      00006C 80                     158 	.db #0x80	; 128
      00006D FF                     159 	.db #0xff	; 255
      00006E 80                     160 	.db #0x80	; 128
      00006F FF                     161 	.db #0xff	; 255
      000070 80                     162 	.db #0x80	; 128
      000071 FF                     163 	.db #0xff	; 255
      000072 80                     164 	.db #0x80	; 128
      000073 FF                     165 	.db #0xff	; 255
      000074 80                     166 	.db #0x80	; 128
      000075 FF                     167 	.db #0xff	; 255
      000076 40                     168 	.db #0x40	; 64
      000077 7F                     169 	.db #0x7f	; 127
      000078 40                     170 	.db #0x40	; 64
      000079 7F                     171 	.db #0x7f	; 127
      00007A E0                     172 	.db #0xe0	; 224
      00007B FF                     173 	.db #0xff	; 255
      00007C A0                     174 	.db #0xa0	; 160
      00007D FF                     175 	.db #0xff	; 255
      00007E 50                     176 	.db #0x50	; 80	'P'
      00007F FF                     177 	.db #0xff	; 255
      000080 27                     178 	.db #0x27	; 39
      000081 FF                     179 	.db #0xff	; 255
      000082 19                     180 	.db #0x19	; 25
      000083 FF                     181 	.db #0xff	; 255
      000084 01                     182 	.db #0x01	; 1
      000085 FF                     183 	.db #0xff	; 255
      000086 03                     184 	.db #0x03	; 3
      000087 FD                     185 	.db #0xfd	; 253
      000088 80                     186 	.db #0x80	; 128
      000089 FF                     187 	.db #0xff	; 255
      00008A 80                     188 	.db #0x80	; 128
      00008B FF                     189 	.db #0xff	; 255
      00008C D1                     190 	.db #0xd1	; 209
      00008D FE                     191 	.db #0xfe	; 254
      00008E 70                     192 	.db #0x70	; 112	'p'
      00008F FF                     193 	.db #0xff	; 255
      000090 60                     194 	.db #0x60	; 96
      000091 FF                     195 	.db #0xff	; 255
      000092 60                     196 	.db #0x60	; 96
      000093 FF                     197 	.db #0xff	; 255
      000094 C0                     198 	.db #0xc0	; 192
      000095 FF                     199 	.db #0xff	; 255
      000096 40                     200 	.db #0x40	; 64
      000097 FF                     201 	.db #0xff	; 255
      000098 3C                     202 	.db #0x3c	; 60
      000099 FF                     203 	.db #0xff	; 255
      00009A 03                     204 	.db #0x03	; 3
      00009B FF                     205 	.db #0xff	; 255
      00009C 00                     206 	.db #0x00	; 0
      00009D FF                     207 	.db #0xff	; 255
      00009E 00                     208 	.db #0x00	; 0
      00009F FF                     209 	.db #0xff	; 255
      0000A0 81                     210 	.db #0x81	; 129
      0000A1 FF                     211 	.db #0xff	; 255
      0000A2 83                     212 	.db #0x83	; 131
      0000A3 FF                     213 	.db #0xff	; 255
      0000A4 86                     214 	.db #0x86	; 134
      0000A5 FF                     215 	.db #0xff	; 255
      0000A6 DC                     216 	.db #0xdc	; 220
      0000A7 FF                     217 	.db #0xff	; 255
      0000A8 E0                     218 	.db #0xe0	; 224
      0000A9 7F                     219 	.db #0x7f	; 127
      0000AA 80                     220 	.db #0x80	; 128
      0000AB FF                     221 	.db #0xff	; 255
      0000AC 80                     222 	.db #0x80	; 128
      0000AD FF                     223 	.db #0xff	; 255
      0000AE 80                     224 	.db #0x80	; 128
      0000AF FF                     225 	.db #0xff	; 255
      0000B0 83                     226 	.db #0x83	; 131
      0000B1 FF                     227 	.db #0xff	; 255
      0000B2 7E                     228 	.db #0x7e	; 126
      0000B3 3F                     229 	.db #0x3f	; 63
      0000B4 48                     230 	.db #0x48	; 72	'H'
      0000B5 4F                     231 	.db #0x4f	; 79	'O'
      0000B6 47                     232 	.db #0x47	; 71	'G'
      0000B7 47                     233 	.db #0x47	; 71	'G'
      0000B8 47                     234 	.db #0x47	; 71	'G'
      0000B9 44                     235 	.db #0x44	; 68	'D'
      0000BA CB                     236 	.db #0xcb	; 203
      0000BB 48                     237 	.db #0x48	; 72	'H'
      0000BC 84                     238 	.db #0x84	; 132
      0000BD 84                     239 	.db #0x84	; 132
      0000BE 03                     240 	.db #0x03	; 3
      0000BF 03                     241 	.db #0x03	; 3
      0000C0 00                     242 	.db #0x00	; 0
      0000C1 00                     243 	.db #0x00	; 0
      0000C2 00                     244 	.db #0x00	; 0
      0000C3 00                     245 	.db #0x00	; 0
      0000C4 00                     246 	.db #0x00	; 0
      0000C5 00                     247 	.db #0x00	; 0
      0000C6 00                     248 	.db #0x00	; 0
      0000C7 00                     249 	.db #0x00	; 0
      0000C8 00                     250 	.db #0x00	; 0
      0000C9 00                     251 	.db #0x00	; 0
      0000CA 00                     252 	.db #0x00	; 0
      0000CB 00                     253 	.db #0x00	; 0
      0000CC 70                     254 	.db #0x70	; 112	'p'
      0000CD 70                     255 	.db #0x70	; 112	'p'
      0000CE 88                     256 	.db #0x88	; 136
      0000CF F8                     257 	.db #0xf8	; 248
      0000D0 04                     258 	.db #0x04	; 4
      0000D1 FC                     259 	.db #0xfc	; 252
      0000D2 04                     260 	.db #0x04	; 4
      0000D3 FC                     261 	.db #0xfc	; 252
      0000D4 08                     262 	.db #0x08	; 8
      0000D5 F8                     263 	.db #0xf8	; 248
      0000D6 70                     264 	.db #0x70	; 112	'p'
      0000D7 F0                     265 	.db #0xf0	; 240
      0000D8 20                     266 	.db #0x20	; 32
      0000D9 E0                     267 	.db #0xe0	; 224
      0000DA 20                     268 	.db #0x20	; 32
      0000DB E1                     269 	.db #0xe1	; 225
      0000DC 20                     270 	.db #0x20	; 32
      0000DD E0                     271 	.db #0xe0	; 224
      0000DE 20                     272 	.db #0x20	; 32
      0000DF E0                     273 	.db #0xe0	; 224
      0000E0 10                     274 	.db #0x10	; 16
      0000E1 F2                     275 	.db #0xf2	; 242
      0000E2 10                     276 	.db #0x10	; 16
      0000E3 F0                     277 	.db #0xf0	; 240
      0000E4 38                     278 	.db #0x38	; 56	'8'
      0000E5 F8                     279 	.db #0xf8	; 248
      0000E6 1C                     280 	.db #0x1c	; 28
      0000E7 84                     281 	.db #0x84	; 132
      0000E8 78                     282 	.db #0x78	; 120	'x'
      0000E9 F8                     283 	.db #0xf8	; 248
      0000EA E0                     284 	.db #0xe0	; 224
      0000EB E0                     285 	.db #0xe0	; 224
      0000EC 90                     286 	.db #0x90	; 144
      0000ED F0                     287 	.db #0xf0	; 240
      0000EE A8                     288 	.db #0xa8	; 168
      0000EF F8                     289 	.db #0xf8	; 248
      0000F0 48                     290 	.db #0x48	; 72	'H'
      0000F1 F8                     291 	.db #0xf8	; 248
      0000F2 84                     292 	.db #0x84	; 132
      0000F3 FC                     293 	.db #0xfc	; 252
      0000F4 04                     294 	.db #0x04	; 4
      0000F5 FC                     295 	.db #0xfc	; 252
      0000F6 04                     296 	.db #0x04	; 4
      0000F7 FC                     297 	.db #0xfc	; 252
      0000F8 A2                     298 	.db #0xa2	; 162
      0000F9 FE                     299 	.db #0xfe	; 254
      0000FA B2                     300 	.db #0xb2	; 178
      0000FB FE                     301 	.db #0xfe	; 254
      0000FC 92                     302 	.db #0x92	; 146
      0000FD FE                     303 	.db #0xfe	; 254
      0000FE B1                     304 	.db #0xb1	; 177
      0000FF FF                     305 	.db #0xff	; 255
      000100 51                     306 	.db #0x51	; 81	'Q'
      000101 FF                     307 	.db #0xff	; 255
      000102 D1                     308 	.db #0xd1	; 209
      000103 7F                     309 	.db #0x7f	; 127
      000104 51                     310 	.db #0x51	; 81	'Q'
      000105 FF                     311 	.db #0xff	; 255
      000106 52                     312 	.db #0x52	; 82	'R'
      000107 FE                     313 	.db #0xfe	; 254
      000108 DC                     314 	.db #0xdc	; 220
      000109 7C                     315 	.db #0x7c	; 124
      00010A E8                     316 	.db #0xe8	; 232
      00010B F8                     317 	.db #0xf8	; 248
      00010C 08                     318 	.db #0x08	; 8
      00010D F8                     319 	.db #0xf8	; 248
      00010E 08                     320 	.db #0x08	; 8
      00010F F8                     321 	.db #0xf8	; 248
      000110 08                     322 	.db #0x08	; 8
      000111 F8                     323 	.db #0xf8	; 248
      000112 08                     324 	.db #0x08	; 8
      000113 F8                     325 	.db #0xf8	; 248
      000114 08                     326 	.db #0x08	; 8
      000115 F8                     327 	.db #0xf8	; 248
      000116 08                     328 	.db #0x08	; 8
      000117 F8                     329 	.db #0xf8	; 248
      000118 08                     330 	.db #0x08	; 8
      000119 F8                     331 	.db #0xf8	; 248
      00011A 08                     332 	.db #0x08	; 8
      00011B F8                     333 	.db #0xf8	; 248
      00011C 10                     334 	.db #0x10	; 16
      00011D F0                     335 	.db #0xf0	; 240
      00011E 60                     336 	.db #0x60	; 96
      00011F E0                     337 	.db #0xe0	; 224
      000120 E0                     338 	.db #0xe0	; 224
      000121 E0                     339 	.db #0xe0	; 224
      000122 20                     340 	.db #0x20	; 32
      000123 E0                     341 	.db #0xe0	; 224
      000124 3E                     342 	.db #0x3e	; 62
      000125 FE                     343 	.db #0xfe	; 254
      000126 E3                     344 	.db #0xe3	; 227
      000127 C1                     345 	.db #0xc1	; 193
      000128 EF                     346 	.db #0xef	; 239
      000129 00                     347 	.db #0x00	; 0
      00012A FE                     348 	.db #0xfe	; 254
      00012B 00                     349 	.db #0x00	; 0
      00012C 01                     350 	.db #0x01	; 1
      00012D 01                     351 	.db #0x01	; 1
      00012E FE                     352 	.db #0xfe	; 254
      00012F FE                     353 	.db #0xfe	; 254
      000130 00                     354 	.db #0x00	; 0
      000131 00                     355 	.db #0x00	; 0
      000132 00                     356 	.db #0x00	; 0
      000133 00                     357 	.db #0x00	; 0
      000134 00                     358 	.db #0x00	; 0
      000135 00                     359 	.db #0x00	; 0
      000136 00                     360 	.db #0x00	; 0
      000137 00                     361 	.db #0x00	; 0
      000138 80                     362 	.db #0x80	; 128
      000139 80                     363 	.db #0x80	; 128
      00013A 80                     364 	.db #0x80	; 128
      00013B 80                     365 	.db #0x80	; 128
      00013C 00                     366 	.db #0x00	; 0
      00013D 00                     367 	.db #0x00	; 0
      00013E 00                     368 	.db #0x00	; 0
      00013F 00                     369 	.db #0x00	; 0
      000140 00                     370 	.db #0x00	; 0
      000141 00                     371 	.db #0x00	; 0
      000142 00                     372 	.db #0x00	; 0
      000143 00                     373 	.db #0x00	; 0
      000144 00                     374 	.db #0x00	; 0
      000145 00                     375 	.db #0x00	; 0
      000146 00                     376 	.db #0x00	; 0
      000147 00                     377 	.db #0x00	; 0
      000148 00                     378 	.db #0x00	; 0
      000149 00                     379 	.db #0x00	; 0
      00014A 00                     380 	.db #0x00	; 0
      00014B 00                     381 	.db #0x00	; 0
      00014C 00                     382 	.db #0x00	; 0
      00014D 00                     383 	.db #0x00	; 0
      00014E 00                     384 	.db #0x00	; 0
      00014F 00                     385 	.db #0x00	; 0
                                    386 	.area _CABS (ABS)
