                                      1 ;--------------------------------------------------------
                                      2 ; File Created by SDCC : free open source ISO C Compiler 
                                      3 ; Version 4.4.1 #14650 (MINGW64)
                                      4 ;--------------------------------------------------------
                                      5 	.module Tick_Map
                                      6 	.optsdcc -msm83
                                      7 	
                                      8 ;--------------------------------------------------------
                                      9 ; Public variables in this module
                                     10 ;--------------------------------------------------------
                                     11 	.globl _Tick_Map
                                     12 ;--------------------------------------------------------
                                     13 ; special function registers
                                     14 ;--------------------------------------------------------
                                     15 ;--------------------------------------------------------
                                     16 ; ram data
                                     17 ;--------------------------------------------------------
                                     18 	.area _DATA
                                     19 ;--------------------------------------------------------
                                     20 ; ram data
                                     21 ;--------------------------------------------------------
                                     22 	.area _INITIALIZED
                                     23 ;--------------------------------------------------------
                                     24 ; absolute external ram data
                                     25 ;--------------------------------------------------------
                                     26 	.area _DABS (ABS)
                                     27 ;--------------------------------------------------------
                                     28 ; global & static initialisations
                                     29 ;--------------------------------------------------------
                                     30 	.area _HOME
                                     31 	.area _GSINIT
                                     32 	.area _GSFINAL
                                     33 	.area _GSINIT
                                     34 ;--------------------------------------------------------
                                     35 ; Home
                                     36 ;--------------------------------------------------------
                                     37 	.area _HOME
                                     38 	.area _HOME
                                     39 ;--------------------------------------------------------
                                     40 ; code
                                     41 ;--------------------------------------------------------
                                     42 	.area _CODE_5
                                     43 	.area _CODE_5
                         00000000    44 G$Tick_Map$0_0$0 == .
    00000000                         45 _Tick_Map:
    00000000 80                      46 	.db #0x80	; 128
    00000001 83                      47 	.db #0x83	; 131
    00000002 88                      48 	.db #0x88	; 136
    00000003 8C                      49 	.db #0x8c	; 140
    00000004 91                      50 	.db #0x91	; 145
    00000005 80                      51 	.db #0x80	; 128
    00000006 84                      52 	.db #0x84	; 132
    00000007 89                      53 	.db #0x89	; 137
    00000008 8D                      54 	.db #0x8d	; 141
    00000009 91                      55 	.db #0x91	; 145
    0000000A 81                      56 	.db #0x81	; 129
    0000000B 85                      57 	.db #0x85	; 133
    0000000C 8A                      58 	.db #0x8a	; 138
    0000000D 8E                      59 	.db #0x8e	; 142
    0000000E 92                      60 	.db #0x92	; 146
    0000000F 82                      61 	.db #0x82	; 130
    00000010 86                      62 	.db #0x86	; 134
    00000011 8B                      63 	.db #0x8b	; 139
    00000012 8F                      64 	.db #0x8f	; 143
    00000013 93                      65 	.db #0x93	; 147
    00000014 94                      66 	.db #0x94	; 148
    00000015 87                      67 	.db #0x87	; 135
    00000016 94                      68 	.db #0x94	; 148
    00000017 90                      69 	.db #0x90	; 144
    00000018 94                      70 	.db #0x94	; 148
                                     71 	.area _INITIALIZER
                                     72 	.area _CABS (ABS)
