                                      1 ;--------------------------------------------------------
                                      2 ; File Created by SDCC : free open source ISO C Compiler 
                                      3 ; Version 4.4.1 #14650 (MINGW64)
                                      4 ;--------------------------------------------------------
                                      5 	.module Tick_Tiles
                                      6 	.optsdcc -msm83
                                      7 	
                                      8 ;--------------------------------------------------------
                                      9 ; Public variables in this module
                                     10 ;--------------------------------------------------------
                                     11 	.globl _Tick_Tiles
                                     12 ;--------------------------------------------------------
                                     13 ; special function registers
                                     14 ;--------------------------------------------------------
                                     15 ;--------------------------------------------------------
                                     16 ; ram data
                                     17 ;--------------------------------------------------------
                                     18 	.area _DATA
                                     19 ;--------------------------------------------------------
                                     20 ; ram data
                                     21 ;--------------------------------------------------------
                                     22 	.area _INITIALIZED
                                     23 ;--------------------------------------------------------
                                     24 ; absolute external ram data
                                     25 ;--------------------------------------------------------
                                     26 	.area _DABS (ABS)
                                     27 ;--------------------------------------------------------
                                     28 ; global & static initialisations
                                     29 ;--------------------------------------------------------
                                     30 	.area _HOME
                                     31 	.area _GSINIT
                                     32 	.area _GSFINAL
                                     33 	.area _GSINIT
                                     34 ;--------------------------------------------------------
                                     35 ; Home
                                     36 ;--------------------------------------------------------
                                     37 	.area _HOME
                                     38 	.area _HOME
                                     39 ;--------------------------------------------------------
                                     40 ; code
                                     41 ;--------------------------------------------------------
                                     42 	.area _CODE
                                     43 	.area _CODE
                         00000000    44 G$Tick_Tiles$0_0$0 == .
    00000000                         45 _Tick_Tiles:
    00000000 00                      46 	.db #0x00	; 0
    00000001 00                      47 	.db #0x00	; 0
    00000002 00                      48 	.db #0x00	; 0
    00000003 00                      49 	.db #0x00	; 0
    00000004 00                      50 	.db #0x00	; 0
    00000005 00                      51 	.db #0x00	; 0
    00000006 04                      52 	.db #0x04	; 4
    00000007 04                      53 	.db #0x04	; 4
    00000008 0A                      54 	.db #0x0a	; 10
    00000009 0A                      55 	.db #0x0a	; 10
    0000000A 0B                      56 	.db #0x0b	; 11
    0000000B 0A                      57 	.db #0x0a	; 10
    0000000C 0B                      58 	.db #0x0b	; 11
    0000000D 0F                      59 	.db #0x0f	; 15
    0000000E 04                      60 	.db #0x04	; 4
    0000000F 06                      61 	.db #0x06	; 6
    00000010 07                      62 	.db #0x07	; 7
    00000011 03                      63 	.db #0x03	; 3
    00000012 00                      64 	.db #0x00	; 0
    00000013 00                      65 	.db #0x00	; 0
    00000014 00                      66 	.db #0x00	; 0
    00000015 00                      67 	.db #0x00	; 0
    00000016 00                      68 	.db #0x00	; 0
    00000017 00                      69 	.db #0x00	; 0
    00000018 00                      70 	.db #0x00	; 0
    00000019 00                      71 	.db #0x00	; 0
    0000001A 00                      72 	.db #0x00	; 0
    0000001B 00                      73 	.db #0x00	; 0
    0000001C 0F                      74 	.db #0x0f	; 15
    0000001D 07                      75 	.db #0x07	; 7
    0000001E 18                      76 	.db #0x18	; 24
    0000001F 1D                      77 	.db #0x1d	; 29
    00000020 2F                      78 	.db #0x2f	; 47
    00000021 3E                      79 	.db #0x3e	; 62
    00000022 4C                      80 	.db #0x4c	; 76	'L'
    00000023 48                      81 	.db #0x48	; 72	'H'
    00000024 30                      82 	.db #0x30	; 48	'0'
    00000025 30                      83 	.db #0x30	; 48	'0'
    00000026 00                      84 	.db #0x00	; 0
    00000027 00                      85 	.db #0x00	; 0
    00000028 00                      86 	.db #0x00	; 0
    00000029 00                      87 	.db #0x00	; 0
    0000002A 00                      88 	.db #0x00	; 0
    0000002B 00                      89 	.db #0x00	; 0
    0000002C 00                      90 	.db #0x00	; 0
    0000002D 00                      91 	.db #0x00	; 0
    0000002E 00                      92 	.db #0x00	; 0
    0000002F 00                      93 	.db #0x00	; 0
    00000030 00                      94 	.db #0x00	; 0
    00000031 00                      95 	.db #0x00	; 0
    00000032 00                      96 	.db #0x00	; 0
    00000033 00                      97 	.db #0x00	; 0
    00000034 00                      98 	.db #0x00	; 0
    00000035 00                      99 	.db #0x00	; 0
    00000036 00                     100 	.db #0x00	; 0
    00000037 00                     101 	.db #0x00	; 0
    00000038 00                     102 	.db #0x00	; 0
    00000039 00                     103 	.db #0x00	; 0
    0000003A 00                     104 	.db #0x00	; 0
    0000003B 00                     105 	.db #0x00	; 0
    0000003C E0                     106 	.db #0xe0	; 224
    0000003D C0                     107 	.db #0xc0	; 192
    0000003E 30                     108 	.db #0x30	; 48	'0'
    0000003F 70                     109 	.db #0x70	; 112	'p'
    00000040 CC                     110 	.db #0xcc	; 204
    00000041 E8                     111 	.db #0xe8	; 232
    00000042 E5                     112 	.db #0xe5	; 229
    00000043 6D                     113 	.db #0x6d	; 109	'm'
    00000044 1B                     114 	.db #0x1b	; 27
    00000045 1F                     115 	.db #0x1f	; 31
    00000046 1B                     116 	.db #0x1b	; 27
    00000047 0B                     117 	.db #0x0b	; 11
    00000048 0A                     118 	.db #0x0a	; 10
    00000049 0B                     119 	.db #0x0b	; 11
    0000004A 0A                     120 	.db #0x0a	; 10
    0000004B 0E                     121 	.db #0x0e	; 14
    0000004C 85                     122 	.db #0x85	; 133
    0000004D 07                     123 	.db #0x07	; 7
    0000004E E5                     124 	.db #0xe5	; 229
    0000004F C6                     125 	.db #0xc6	; 198
    00000050 3E                     126 	.db #0x3e	; 62
    00000051 B9                     127 	.db #0xb9	; 185
    00000052 A9                     128 	.db #0xa9	; 169
    00000053 FE                     129 	.db #0xfe	; 254
    00000054 6A                     130 	.db #0x6a	; 106	'j'
    00000055 7D                     131 	.db #0x7d	; 125
    00000056 39                     132 	.db #0x39	; 57	'9'
    00000057 16                     133 	.db #0x16	; 22
    00000058 12                     134 	.db #0x12	; 18
    00000059 1D                     135 	.db #0x1d	; 29
    0000005A F1                     136 	.db #0xf1	; 241
    0000005B BE                     137 	.db #0xbe	; 190
    0000005C 50                     138 	.db #0x50	; 80	'P'
    0000005D FF                     139 	.db #0xff	; 255
    0000005E F8                     140 	.db #0xf8	; 248
    0000005F B7                     141 	.db #0xb7	; 183
    00000060 08                     142 	.db #0x08	; 8
    00000061 0B                     143 	.db #0x0b	; 11
    00000062 08                     144 	.db #0x08	; 8
    00000063 0D                     145 	.db #0x0d	; 13
    00000064 0C                     146 	.db #0x0c	; 12
    00000065 05                     147 	.db #0x05	; 5
    00000066 0B                     148 	.db #0x0b	; 11
    00000067 0E                     149 	.db #0x0e	; 14
    00000068 13                     150 	.db #0x13	; 19
    00000069 13                     151 	.db #0x13	; 19
    0000006A 36                     152 	.db #0x36	; 54	'6'
    0000006B 1C                     153 	.db #0x1c	; 28
    0000006C 2C                     154 	.db #0x2c	; 44
    0000006D 38                     155 	.db #0x38	; 56	'8'
    0000006E 48                     156 	.db #0x48	; 72	'H'
    0000006F 48                     157 	.db #0x48	; 72	'H'
    00000070 50                     158 	.db #0x50	; 80	'P'
    00000071 70                     159 	.db #0x70	; 112	'p'
    00000072 70                     160 	.db #0x70	; 112	'p'
    00000073 20                     161 	.db #0x20	; 32
    00000074 50                     162 	.db #0x50	; 80	'P'
    00000075 50                     163 	.db #0x50	; 80	'P'
    00000076 D0                     164 	.db #0xd0	; 208
    00000077 70                     165 	.db #0x70	; 112	'p'
    00000078 B0                     166 	.db #0xb0	; 176
    00000079 E0                     167 	.db #0xe0	; 224
    0000007A A0                     168 	.db #0xa0	; 160
    0000007B A0                     169 	.db #0xa0	; 160
    0000007C A0                     170 	.db #0xa0	; 160
    0000007D A0                     171 	.db #0xa0	; 160
    0000007E 40                     172 	.db #0x40	; 64
    0000007F 40                     173 	.db #0x40	; 64
    00000080 00                     174 	.db #0x00	; 0
    00000081 00                     175 	.db #0x00	; 0
    00000082 18                     176 	.db #0x18	; 24
    00000083 18                     177 	.db #0x18	; 24
    00000084 3C                     178 	.db #0x3c	; 60
    00000085 3C                     179 	.db #0x3c	; 60
    00000086 5A                     180 	.db #0x5a	; 90	'Z'
    00000087 5A                     181 	.db #0x5a	; 90	'Z'
    00000088 52                     182 	.db #0x52	; 82	'R'
    00000089 4A                     183 	.db #0x4a	; 74	'J'
    0000008A 52                     184 	.db #0x52	; 82	'R'
    0000008B 4A                     185 	.db #0x4a	; 74	'J'
    0000008C 5A                     186 	.db #0x5a	; 90	'Z'
    0000008D 5A                     187 	.db #0x5a	; 90	'Z'
    0000008E 7E                     188 	.db #0x7e	; 126
    0000008F 24                     189 	.db #0x24	; 36
    00000090 66                     190 	.db #0x66	; 102	'f'
    00000091 5A                     191 	.db #0x5a	; 90	'Z'
    00000092 FF                     192 	.db #0xff	; 255
    00000093 E7                     193 	.db #0xe7	; 231
    00000094 1C                     194 	.db #0x1c	; 28
    00000095 BE                     195 	.db #0xbe	; 190
    00000096 39                     196 	.db #0x39	; 57	'9'
    00000097 7D                     197 	.db #0x7d	; 125
    00000098 7B                     198 	.db #0x7b	; 123
    00000099 7B                     199 	.db #0x7b	; 123
    0000009A 7B                     200 	.db #0x7b	; 123
    0000009B FF                     201 	.db #0xff	; 255
    0000009C EF                     202 	.db #0xef	; 239
    0000009D F7                     203 	.db #0xf7	; 247
    0000009E 55                     204 	.db #0x55	; 85	'U'
    0000009F AA                     205 	.db #0xaa	; 170
    000000A0 AA                     206 	.db #0xaa	; 170
    000000A1 55                     207 	.db #0x55	; 85	'U'
    000000A2 55                     208 	.db #0x55	; 85	'U'
    000000A3 AA                     209 	.db #0xaa	; 170
    000000A4 AA                     210 	.db #0xaa	; 170
    000000A5 55                     211 	.db #0x55	; 85	'U'
    000000A6 55                     212 	.db #0x55	; 85	'U'
    000000A7 AA                     213 	.db #0xaa	; 170
    000000A8 AA                     214 	.db #0xaa	; 170
    000000A9 55                     215 	.db #0x55	; 85	'U'
    000000AA 55                     216 	.db #0x55	; 85	'U'
    000000AB AA                     217 	.db #0xaa	; 170
    000000AC AA                     218 	.db #0xaa	; 170
    000000AD 55                     219 	.db #0x55	; 85	'U'
    000000AE 10                     220 	.db #0x10	; 16
    000000AF EF                     221 	.db #0xef	; 239
    000000B0 00                     222 	.db #0x00	; 0
    000000B1 FF                     223 	.db #0xff	; 255
    000000B2 00                     224 	.db #0x00	; 0
    000000B3 FF                     225 	.db #0xff	; 255
    000000B4 00                     226 	.db #0x00	; 0
    000000B5 FF                     227 	.db #0xff	; 255
    000000B6 00                     228 	.db #0x00	; 0
    000000B7 3C                     229 	.db #0x3c	; 60
    000000B8 C3                     230 	.db #0xc3	; 195
    000000B9 81                     231 	.db #0x81	; 129
    000000BA 7E                     232 	.db #0x7e	; 126
    000000BB 7E                     233 	.db #0x7e	; 126
    000000BC 00                     234 	.db #0x00	; 0
    000000BD 00                     235 	.db #0x00	; 0
    000000BE 00                     236 	.db #0x00	; 0
    000000BF 00                     237 	.db #0x00	; 0
    000000C0 00                     238 	.db #0x00	; 0
    000000C1 00                     239 	.db #0x00	; 0
    000000C2 00                     240 	.db #0x00	; 0
    000000C3 00                     241 	.db #0x00	; 0
    000000C4 00                     242 	.db #0x00	; 0
    000000C5 00                     243 	.db #0x00	; 0
    000000C6 00                     244 	.db #0x00	; 0
    000000C7 00                     245 	.db #0x00	; 0
    000000C8 00                     246 	.db #0x00	; 0
    000000C9 00                     247 	.db #0x00	; 0
    000000CA 00                     248 	.db #0x00	; 0
    000000CB 00                     249 	.db #0x00	; 0
    000000CC 07                     250 	.db #0x07	; 7
    000000CD 03                     251 	.db #0x03	; 3
    000000CE 0C                     252 	.db #0x0c	; 12
    000000CF 0E                     253 	.db #0x0e	; 14
    000000D0 33                     254 	.db #0x33	; 51	'3'
    000000D1 17                     255 	.db #0x17	; 23
    000000D2 A7                     256 	.db #0xa7	; 167
    000000D3 B6                     257 	.db #0xb6	; 182
    000000D4 D8                     258 	.db #0xd8	; 216
    000000D5 F8                     259 	.db #0xf8	; 248
    000000D6 D8                     260 	.db #0xd8	; 216
    000000D7 D0                     261 	.db #0xd0	; 208
    000000D8 50                     262 	.db #0x50	; 80	'P'
    000000D9 D0                     263 	.db #0xd0	; 208
    000000DA 50                     264 	.db #0x50	; 80	'P'
    000000DB 70                     265 	.db #0x70	; 112	'p'
    000000DC A1                     266 	.db #0xa1	; 161
    000000DD E0                     267 	.db #0xe0	; 224
    000000DE A7                     268 	.db #0xa7	; 167
    000000DF 63                     269 	.db #0x63	; 99	'c'
    000000E0 7C                     270 	.db #0x7c	; 124
    000000E1 9D                     271 	.db #0x9d	; 157
    000000E2 95                     272 	.db #0x95	; 149
    000000E3 7F                     273 	.db #0x7f	; 127
    000000E4 56                     274 	.db #0x56	; 86	'V'
    000000E5 BE                     275 	.db #0xbe	; 190
    000000E6 9C                     276 	.db #0x9c	; 156
    000000E7 68                     277 	.db #0x68	; 104	'h'
    000000E8 48                     278 	.db #0x48	; 72	'H'
    000000E9 B8                     279 	.db #0xb8	; 184
    000000EA 8F                     280 	.db #0x8f	; 143
    000000EB 7D                     281 	.db #0x7d	; 125
    000000EC 0A                     282 	.db #0x0a	; 10
    000000ED FF                     283 	.db #0xff	; 255
    000000EE 1F                     284 	.db #0x1f	; 31
    000000EF ED                     285 	.db #0xed	; 237
    000000F0 10                     286 	.db #0x10	; 16
    000000F1 D0                     287 	.db #0xd0	; 208
    000000F2 10                     288 	.db #0x10	; 16
    000000F3 B0                     289 	.db #0xb0	; 176
    000000F4 30                     290 	.db #0x30	; 48	'0'
    000000F5 A0                     291 	.db #0xa0	; 160
    000000F6 D0                     292 	.db #0xd0	; 208
    000000F7 70                     293 	.db #0x70	; 112	'p'
    000000F8 C8                     294 	.db #0xc8	; 200
    000000F9 C8                     295 	.db #0xc8	; 200
    000000FA 6C                     296 	.db #0x6c	; 108	'l'
    000000FB 38                     297 	.db #0x38	; 56	'8'
    000000FC 34                     298 	.db #0x34	; 52	'4'
    000000FD 1C                     299 	.db #0x1c	; 28
    000000FE 12                     300 	.db #0x12	; 18
    000000FF 12                     301 	.db #0x12	; 18
    00000100 0A                     302 	.db #0x0a	; 10
    00000101 0E                     303 	.db #0x0e	; 14
    00000102 0E                     304 	.db #0x0e	; 14
    00000103 04                     305 	.db #0x04	; 4
    00000104 0A                     306 	.db #0x0a	; 10
    00000105 0A                     307 	.db #0x0a	; 10
    00000106 0B                     308 	.db #0x0b	; 11
    00000107 0E                     309 	.db #0x0e	; 14
    00000108 0D                     310 	.db #0x0d	; 13
    00000109 07                     311 	.db #0x07	; 7
    0000010A 05                     312 	.db #0x05	; 5
    0000010B 05                     313 	.db #0x05	; 5
    0000010C 05                     314 	.db #0x05	; 5
    0000010D 05                     315 	.db #0x05	; 5
    0000010E 02                     316 	.db #0x02	; 2
    0000010F 02                     317 	.db #0x02	; 2
    00000110 00                     318 	.db #0x00	; 0
    00000111 00                     319 	.db #0x00	; 0
    00000112 00                     320 	.db #0x00	; 0
    00000113 00                     321 	.db #0x00	; 0
    00000114 00                     322 	.db #0x00	; 0
    00000115 00                     323 	.db #0x00	; 0
    00000116 20                     324 	.db #0x20	; 32
    00000117 20                     325 	.db #0x20	; 32
    00000118 50                     326 	.db #0x50	; 80	'P'
    00000119 50                     327 	.db #0x50	; 80	'P'
    0000011A D0                     328 	.db #0xd0	; 208
    0000011B 50                     329 	.db #0x50	; 80	'P'
    0000011C D0                     330 	.db #0xd0	; 208
    0000011D F0                     331 	.db #0xf0	; 240
    0000011E 20                     332 	.db #0x20	; 32
    0000011F 60                     333 	.db #0x60	; 96
    00000120 E0                     334 	.db #0xe0	; 224
    00000121 C0                     335 	.db #0xc0	; 192
    00000122 00                     336 	.db #0x00	; 0
    00000123 00                     337 	.db #0x00	; 0
    00000124 00                     338 	.db #0x00	; 0
    00000125 00                     339 	.db #0x00	; 0
    00000126 00                     340 	.db #0x00	; 0
    00000127 00                     341 	.db #0x00	; 0
    00000128 00                     342 	.db #0x00	; 0
    00000129 00                     343 	.db #0x00	; 0
    0000012A 00                     344 	.db #0x00	; 0
    0000012B 00                     345 	.db #0x00	; 0
    0000012C F0                     346 	.db #0xf0	; 240
    0000012D E0                     347 	.db #0xe0	; 224
    0000012E 18                     348 	.db #0x18	; 24
    0000012F B8                     349 	.db #0xb8	; 184
    00000130 F4                     350 	.db #0xf4	; 244
    00000131 7C                     351 	.db #0x7c	; 124
    00000132 32                     352 	.db #0x32	; 50	'2'
    00000133 12                     353 	.db #0x12	; 18
    00000134 0C                     354 	.db #0x0c	; 12
    00000135 0C                     355 	.db #0x0c	; 12
    00000136 00                     356 	.db #0x00	; 0
    00000137 00                     357 	.db #0x00	; 0
    00000138 00                     358 	.db #0x00	; 0
    00000139 00                     359 	.db #0x00	; 0
    0000013A 00                     360 	.db #0x00	; 0
    0000013B 00                     361 	.db #0x00	; 0
    0000013C 00                     362 	.db #0x00	; 0
    0000013D 00                     363 	.db #0x00	; 0
    0000013E 00                     364 	.db #0x00	; 0
    0000013F 00                     365 	.db #0x00	; 0
    00000140 00                     366 	.db #0x00	; 0
    00000141 00                     367 	.db #0x00	; 0
    00000142 00                     368 	.db #0x00	; 0
    00000143 00                     369 	.db #0x00	; 0
    00000144 00                     370 	.db #0x00	; 0
    00000145 00                     371 	.db #0x00	; 0
    00000146 00                     372 	.db #0x00	; 0
    00000147 00                     373 	.db #0x00	; 0
    00000148 00                     374 	.db #0x00	; 0
    00000149 00                     375 	.db #0x00	; 0
    0000014A 00                     376 	.db #0x00	; 0
    0000014B 00                     377 	.db #0x00	; 0
    0000014C 00                     378 	.db #0x00	; 0
    0000014D 00                     379 	.db #0x00	; 0
    0000014E 00                     380 	.db #0x00	; 0
    0000014F 00                     381 	.db #0x00	; 0
                                    382 	.area _INITIALIZER
                                    383 	.area _CABS (ABS)
