                                      1 ;--------------------------------------------------------
                                      2 ; File Created by SDCC : free open source ISO C Compiler 
                                      3 ; Version 4.2.2 #13350 (MINGW64)
                                      4 ;--------------------------------------------------------
                                      5 	.module Title_Map
                                      6 	.optsdcc -msm83
                                      7 	
                                      8 ;--------------------------------------------------------
                                      9 ; Public variables in this module
                                     10 ;--------------------------------------------------------
                                     11 	.globl _Title_Map
                                     12 ;--------------------------------------------------------
                                     13 ; special function registers
                                     14 ;--------------------------------------------------------
                                     15 ;--------------------------------------------------------
                                     16 ; ram data
                                     17 ;--------------------------------------------------------
                                     18 	.area _DATA
                                     19 ;--------------------------------------------------------
                                     20 ; ram data
                                     21 ;--------------------------------------------------------
                                     22 	.area _INITIALIZED
                                     23 ;--------------------------------------------------------
                                     24 ; absolute external ram data
                                     25 ;--------------------------------------------------------
                                     26 	.area _DABS (ABS)
                                     27 ;--------------------------------------------------------
                                     28 ; global & static initialisations
                                     29 ;--------------------------------------------------------
                                     30 	.area _HOME
                                     31 	.area _GSINIT
                                     32 	.area _GSFINAL
                                     33 	.area _GSINIT
                                     34 ;--------------------------------------------------------
                                     35 ; Home
                                     36 ;--------------------------------------------------------
                                     37 	.area _HOME
                                     38 	.area _HOME
                                     39 ;--------------------------------------------------------
                                     40 ; code
                                     41 ;--------------------------------------------------------
                                     42 	.area _CODE
                                     43 	.area _CODE
                           000000    44 G$Title_Map$0_0$0 == .
      000000                         45 _Title_Map:
      000000 00                      46 	.db #0x00	; 0
      000001 00                      47 	.db #0x00	; 0
      000002 00                      48 	.db #0x00	; 0
      000003 00                      49 	.db #0x00	; 0
      000004 00                      50 	.db #0x00	; 0
      000005 00                      51 	.db #0x00	; 0
      000006 00                      52 	.db #0x00	; 0
      000007 00                      53 	.db #0x00	; 0
      000008 00                      54 	.db #0x00	; 0
      000009 00                      55 	.db #0x00	; 0
      00000A 00                      56 	.db #0x00	; 0
      00000B 00                      57 	.db #0x00	; 0
      00000C 00                      58 	.db #0x00	; 0
      00000D 00                      59 	.db #0x00	; 0
      00000E 00                      60 	.db #0x00	; 0
      00000F 00                      61 	.db #0x00	; 0
      000010 00                      62 	.db #0x00	; 0
      000011 00                      63 	.db #0x00	; 0
      000012 00                      64 	.db #0x00	; 0
      000013 00                      65 	.db #0x00	; 0
      000014 00                      66 	.db #0x00	; 0
      000015 00                      67 	.db #0x00	; 0
      000016 00                      68 	.db #0x00	; 0
      000017 00                      69 	.db #0x00	; 0
      000018 00                      70 	.db #0x00	; 0
      000019 00                      71 	.db #0x00	; 0
      00001A 00                      72 	.db #0x00	; 0
      00001B 00                      73 	.db #0x00	; 0
      00001C 00                      74 	.db #0x00	; 0
      00001D 00                      75 	.db #0x00	; 0
      00001E 00                      76 	.db #0x00	; 0
      00001F 00                      77 	.db #0x00	; 0
      000020 00                      78 	.db #0x00	; 0
      000021 00                      79 	.db #0x00	; 0
      000022 00                      80 	.db #0x00	; 0
      000023 00                      81 	.db #0x00	; 0
      000024 00                      82 	.db #0x00	; 0
      000025 00                      83 	.db #0x00	; 0
      000026 00                      84 	.db #0x00	; 0
      000027 00                      85 	.db #0x00	; 0
      000028 00                      86 	.db #0x00	; 0
      000029 00                      87 	.db #0x00	; 0
      00002A 00                      88 	.db #0x00	; 0
      00002B 00                      89 	.db #0x00	; 0
      00002C 00                      90 	.db #0x00	; 0
      00002D 00                      91 	.db #0x00	; 0
      00002E 00                      92 	.db #0x00	; 0
      00002F 00                      93 	.db #0x00	; 0
      000030 00                      94 	.db #0x00	; 0
      000031 00                      95 	.db #0x00	; 0
      000032 00                      96 	.db #0x00	; 0
      000033 00                      97 	.db #0x00	; 0
      000034 00                      98 	.db #0x00	; 0
      000035 00                      99 	.db #0x00	; 0
      000036 00                     100 	.db #0x00	; 0
      000037 00                     101 	.db #0x00	; 0
      000038 00                     102 	.db #0x00	; 0
      000039 00                     103 	.db #0x00	; 0
      00003A 00                     104 	.db #0x00	; 0
      00003B 00                     105 	.db #0x00	; 0
      00003C 00                     106 	.db #0x00	; 0
      00003D 00                     107 	.db #0x00	; 0
      00003E 00                     108 	.db #0x00	; 0
      00003F 00                     109 	.db #0x00	; 0
      000040 00                     110 	.db #0x00	; 0
      000041 00                     111 	.db #0x00	; 0
      000042 00                     112 	.db #0x00	; 0
      000043 00                     113 	.db #0x00	; 0
      000044 00                     114 	.db #0x00	; 0
      000045 00                     115 	.db #0x00	; 0
      000046 00                     116 	.db #0x00	; 0
      000047 00                     117 	.db #0x00	; 0
      000048 00                     118 	.db #0x00	; 0
      000049 00                     119 	.db #0x00	; 0
      00004A 00                     120 	.db #0x00	; 0
      00004B 00                     121 	.db #0x00	; 0
      00004C 00                     122 	.db #0x00	; 0
      00004D 00                     123 	.db #0x00	; 0
      00004E 00                     124 	.db #0x00	; 0
      00004F 00                     125 	.db #0x00	; 0
      000050 00                     126 	.db #0x00	; 0
      000051 00                     127 	.db #0x00	; 0
      000052 00                     128 	.db #0x00	; 0
      000053 00                     129 	.db #0x00	; 0
      000054 00                     130 	.db #0x00	; 0
      000055 00                     131 	.db #0x00	; 0
      000056 00                     132 	.db #0x00	; 0
      000057 00                     133 	.db #0x00	; 0
      000058 00                     134 	.db #0x00	; 0
      000059 00                     135 	.db #0x00	; 0
      00005A 00                     136 	.db #0x00	; 0
      00005B 00                     137 	.db #0x00	; 0
      00005C 00                     138 	.db #0x00	; 0
      00005D 00                     139 	.db #0x00	; 0
      00005E 00                     140 	.db #0x00	; 0
      00005F 00                     141 	.db #0x00	; 0
      000060 00                     142 	.db #0x00	; 0
      000061 00                     143 	.db #0x00	; 0
      000062 00                     144 	.db #0x00	; 0
      000063 00                     145 	.db #0x00	; 0
      000064 00                     146 	.db #0x00	; 0
      000065 00                     147 	.db #0x00	; 0
      000066 00                     148 	.db #0x00	; 0
      000067 00                     149 	.db #0x00	; 0
      000068 00                     150 	.db #0x00	; 0
      000069 00                     151 	.db #0x00	; 0
      00006A 00                     152 	.db #0x00	; 0
      00006B 00                     153 	.db #0x00	; 0
      00006C 00                     154 	.db #0x00	; 0
      00006D 00                     155 	.db #0x00	; 0
      00006E 00                     156 	.db #0x00	; 0
      00006F 00                     157 	.db #0x00	; 0
      000070 00                     158 	.db #0x00	; 0
      000071 00                     159 	.db #0x00	; 0
      000072 00                     160 	.db #0x00	; 0
      000073 00                     161 	.db #0x00	; 0
      000074 00                     162 	.db #0x00	; 0
      000075 00                     163 	.db #0x00	; 0
      000076 00                     164 	.db #0x00	; 0
      000077 00                     165 	.db #0x00	; 0
      000078 00                     166 	.db #0x00	; 0
      000079 01                     167 	.db #0x01	; 1
      00007A 00                     168 	.db #0x00	; 0
      00007B 09                     169 	.db #0x09	; 9
      00007C 0D                     170 	.db #0x0d	; 13
      00007D 10                     171 	.db #0x10	; 16
      00007E 14                     172 	.db #0x14	; 20
      00007F 16                     173 	.db #0x16	; 22
      000080 00                     174 	.db #0x00	; 0
      000081 1D                     175 	.db #0x1d	; 29
      000082 32                     176 	.db #0x32	; 50	'2'
      000083 32                     177 	.db #0x32	; 50	'2'
      000084 32                     178 	.db #0x32	; 50	'2'
      000085 32                     179 	.db #0x32	; 50	'2'
      000086 21                     180 	.db #0x21	; 33
      000087 25                     181 	.db #0x25	; 37
      000088 29                     182 	.db #0x29	; 41
      000089 2C                     183 	.db #0x2c	; 44
      00008A 30                     184 	.db #0x30	; 48	'0'
      00008B 00                     185 	.db #0x00	; 0
      00008C 00                     186 	.db #0x00	; 0
      00008D 02                     187 	.db #0x02	; 2
      00008E 06                     188 	.db #0x06	; 6
      00008F 0A                     189 	.db #0x0a	; 10
      000090 0E                     190 	.db #0x0e	; 14
      000091 11                     191 	.db #0x11	; 17
      000092 00                     192 	.db #0x00	; 0
      000093 17                     193 	.db #0x17	; 23
      000094 1A                     194 	.db #0x1a	; 26
      000095 1E                     195 	.db #0x1e	; 30
      000096 32                     196 	.db #0x32	; 50	'2'
      000097 32                     197 	.db #0x32	; 50	'2'
      000098 32                     198 	.db #0x32	; 50	'2'
      000099 32                     199 	.db #0x32	; 50	'2'
      00009A 22                     200 	.db #0x22	; 34
      00009B 26                     201 	.db #0x26	; 38
      00009C 2A                     202 	.db #0x2a	; 42
      00009D 2D                     203 	.db #0x2d	; 45
      00009E 31                     204 	.db #0x31	; 49	'1'
      00009F 00                     205 	.db #0x00	; 0
      0000A0 00                     206 	.db #0x00	; 0
      0000A1 03                     207 	.db #0x03	; 3
      0000A2 07                     208 	.db #0x07	; 7
      0000A3 0B                     209 	.db #0x0b	; 11
      0000A4 0E                     210 	.db #0x0e	; 14
      0000A5 12                     211 	.db #0x12	; 18
      0000A6 00                     212 	.db #0x00	; 0
      0000A7 18                     213 	.db #0x18	; 24
      0000A8 1B                     214 	.db #0x1b	; 27
      0000A9 1F                     215 	.db #0x1f	; 31
      0000AA 32                     216 	.db #0x32	; 50	'2'
      0000AB 32                     217 	.db #0x32	; 50	'2'
      0000AC 32                     218 	.db #0x32	; 50	'2'
      0000AD 32                     219 	.db #0x32	; 50	'2'
      0000AE 23                     220 	.db #0x23	; 35
      0000AF 27                     221 	.db #0x27	; 39
      0000B0 00                     222 	.db #0x00	; 0
      0000B1 2E                     223 	.db #0x2e	; 46
      0000B2 00                     224 	.db #0x00	; 0
      0000B3 00                     225 	.db #0x00	; 0
      0000B4 00                     226 	.db #0x00	; 0
      0000B5 04                     227 	.db #0x04	; 4
      0000B6 08                     228 	.db #0x08	; 8
      0000B7 0C                     229 	.db #0x0c	; 12
      0000B8 0F                     230 	.db #0x0f	; 15
      0000B9 13                     231 	.db #0x13	; 19
      0000BA 15                     232 	.db #0x15	; 21
      0000BB 19                     233 	.db #0x19	; 25
      0000BC 1C                     234 	.db #0x1c	; 28
      0000BD 20                     235 	.db #0x20	; 32
      0000BE 32                     236 	.db #0x32	; 50	'2'
      0000BF 32                     237 	.db #0x32	; 50	'2'
      0000C0 32                     238 	.db #0x32	; 50	'2'
      0000C1 32                     239 	.db #0x32	; 50	'2'
      0000C2 24                     240 	.db #0x24	; 36
      0000C3 28                     241 	.db #0x28	; 40
      0000C4 2B                     242 	.db #0x2b	; 43
      0000C5 2F                     243 	.db #0x2f	; 47
      0000C6 00                     244 	.db #0x00	; 0
      0000C7 00                     245 	.db #0x00	; 0
      0000C8 00                     246 	.db #0x00	; 0
      0000C9 00                     247 	.db #0x00	; 0
      0000CA 00                     248 	.db #0x00	; 0
      0000CB 00                     249 	.db #0x00	; 0
      0000CC 00                     250 	.db #0x00	; 0
      0000CD 00                     251 	.db #0x00	; 0
      0000CE 00                     252 	.db #0x00	; 0
      0000CF 00                     253 	.db #0x00	; 0
      0000D0 00                     254 	.db #0x00	; 0
      0000D1 00                     255 	.db #0x00	; 0
      0000D2 00                     256 	.db #0x00	; 0
      0000D3 00                     257 	.db #0x00	; 0
      0000D4 00                     258 	.db #0x00	; 0
      0000D5 00                     259 	.db #0x00	; 0
      0000D6 00                     260 	.db #0x00	; 0
      0000D7 00                     261 	.db #0x00	; 0
      0000D8 00                     262 	.db #0x00	; 0
      0000D9 00                     263 	.db #0x00	; 0
      0000DA 00                     264 	.db #0x00	; 0
      0000DB 00                     265 	.db #0x00	; 0
      0000DC 00                     266 	.db #0x00	; 0
      0000DD 00                     267 	.db #0x00	; 0
      0000DE 00                     268 	.db #0x00	; 0
      0000DF 00                     269 	.db #0x00	; 0
      0000E0 00                     270 	.db #0x00	; 0
      0000E1 00                     271 	.db #0x00	; 0
      0000E2 00                     272 	.db #0x00	; 0
      0000E3 00                     273 	.db #0x00	; 0
      0000E4 00                     274 	.db #0x00	; 0
      0000E5 00                     275 	.db #0x00	; 0
      0000E6 00                     276 	.db #0x00	; 0
      0000E7 00                     277 	.db #0x00	; 0
      0000E8 00                     278 	.db #0x00	; 0
      0000E9 00                     279 	.db #0x00	; 0
      0000EA 00                     280 	.db #0x00	; 0
      0000EB 00                     281 	.db #0x00	; 0
      0000EC 00                     282 	.db #0x00	; 0
      0000ED 00                     283 	.db #0x00	; 0
      0000EE 00                     284 	.db #0x00	; 0
      0000EF 00                     285 	.db #0x00	; 0
      0000F0 00                     286 	.db #0x00	; 0
      0000F1 00                     287 	.db #0x00	; 0
      0000F2 00                     288 	.db #0x00	; 0
      0000F3 00                     289 	.db #0x00	; 0
      0000F4 00                     290 	.db #0x00	; 0
      0000F5 00                     291 	.db #0x00	; 0
      0000F6 00                     292 	.db #0x00	; 0
      0000F7 00                     293 	.db #0x00	; 0
      0000F8 00                     294 	.db #0x00	; 0
      0000F9 00                     295 	.db #0x00	; 0
      0000FA 00                     296 	.db #0x00	; 0
      0000FB 00                     297 	.db #0x00	; 0
      0000FC 00                     298 	.db #0x00	; 0
      0000FD 00                     299 	.db #0x00	; 0
      0000FE 00                     300 	.db #0x00	; 0
      0000FF 00                     301 	.db #0x00	; 0
      000100 00                     302 	.db #0x00	; 0
      000101 00                     303 	.db #0x00	; 0
      000102 00                     304 	.db #0x00	; 0
      000103 00                     305 	.db #0x00	; 0
      000104 00                     306 	.db #0x00	; 0
      000105 00                     307 	.db #0x00	; 0
      000106 00                     308 	.db #0x00	; 0
      000107 00                     309 	.db #0x00	; 0
      000108 00                     310 	.db #0x00	; 0
      000109 00                     311 	.db #0x00	; 0
      00010A 00                     312 	.db #0x00	; 0
      00010B 00                     313 	.db #0x00	; 0
      00010C 00                     314 	.db #0x00	; 0
      00010D 00                     315 	.db #0x00	; 0
      00010E 00                     316 	.db #0x00	; 0
      00010F 00                     317 	.db #0x00	; 0
      000110 00                     318 	.db #0x00	; 0
      000111 00                     319 	.db #0x00	; 0
      000112 00                     320 	.db #0x00	; 0
      000113 00                     321 	.db #0x00	; 0
      000114 00                     322 	.db #0x00	; 0
      000115 00                     323 	.db #0x00	; 0
      000116 00                     324 	.db #0x00	; 0
      000117 00                     325 	.db #0x00	; 0
      000118 00                     326 	.db #0x00	; 0
      000119 00                     327 	.db #0x00	; 0
      00011A 00                     328 	.db #0x00	; 0
      00011B 00                     329 	.db #0x00	; 0
      00011C 00                     330 	.db #0x00	; 0
      00011D 00                     331 	.db #0x00	; 0
      00011E 00                     332 	.db #0x00	; 0
      00011F 00                     333 	.db #0x00	; 0
      000120 00                     334 	.db #0x00	; 0
      000121 00                     335 	.db #0x00	; 0
      000122 00                     336 	.db #0x00	; 0
      000123 00                     337 	.db #0x00	; 0
      000124 00                     338 	.db #0x00	; 0
      000125 00                     339 	.db #0x00	; 0
      000126 00                     340 	.db #0x00	; 0
      000127 00                     341 	.db #0x00	; 0
      000128 00                     342 	.db #0x00	; 0
      000129 00                     343 	.db #0x00	; 0
      00012A 00                     344 	.db #0x00	; 0
      00012B 00                     345 	.db #0x00	; 0
      00012C 00                     346 	.db #0x00	; 0
      00012D 00                     347 	.db #0x00	; 0
      00012E 00                     348 	.db #0x00	; 0
      00012F 00                     349 	.db #0x00	; 0
      000130 00                     350 	.db #0x00	; 0
      000131 00                     351 	.db #0x00	; 0
      000132 00                     352 	.db #0x00	; 0
      000133 00                     353 	.db #0x00	; 0
      000134 00                     354 	.db #0x00	; 0
      000135 00                     355 	.db #0x00	; 0
      000136 00                     356 	.db #0x00	; 0
      000137 00                     357 	.db #0x00	; 0
      000138 00                     358 	.db #0x00	; 0
      000139 00                     359 	.db #0x00	; 0
      00013A 00                     360 	.db #0x00	; 0
      00013B 00                     361 	.db #0x00	; 0
      00013C 00                     362 	.db #0x00	; 0
      00013D 00                     363 	.db #0x00	; 0
      00013E 00                     364 	.db #0x00	; 0
      00013F 00                     365 	.db #0x00	; 0
      000140 00                     366 	.db #0x00	; 0
      000141 00                     367 	.db #0x00	; 0
      000142 00                     368 	.db #0x00	; 0
      000143 00                     369 	.db #0x00	; 0
      000144 00                     370 	.db #0x00	; 0
      000145 00                     371 	.db #0x00	; 0
      000146 00                     372 	.db #0x00	; 0
      000147 00                     373 	.db #0x00	; 0
      000148 00                     374 	.db #0x00	; 0
      000149 00                     375 	.db #0x00	; 0
      00014A 00                     376 	.db #0x00	; 0
      00014B 00                     377 	.db #0x00	; 0
      00014C 00                     378 	.db #0x00	; 0
      00014D 00                     379 	.db #0x00	; 0
      00014E 00                     380 	.db #0x00	; 0
      00014F 00                     381 	.db #0x00	; 0
      000150 00                     382 	.db #0x00	; 0
      000151 00                     383 	.db #0x00	; 0
      000152 00                     384 	.db #0x00	; 0
      000153 00                     385 	.db #0x00	; 0
      000154 00                     386 	.db #0x00	; 0
      000155 00                     387 	.db #0x00	; 0
      000156 00                     388 	.db #0x00	; 0
      000157 00                     389 	.db #0x00	; 0
      000158 00                     390 	.db #0x00	; 0
      000159 00                     391 	.db #0x00	; 0
      00015A 00                     392 	.db #0x00	; 0
      00015B 00                     393 	.db #0x00	; 0
      00015C 00                     394 	.db #0x00	; 0
      00015D 00                     395 	.db #0x00	; 0
      00015E 00                     396 	.db #0x00	; 0
      00015F 00                     397 	.db #0x00	; 0
      000160 00                     398 	.db #0x00	; 0
      000161 00                     399 	.db #0x00	; 0
      000162 00                     400 	.db #0x00	; 0
      000163 00                     401 	.db #0x00	; 0
      000164 00                     402 	.db #0x00	; 0
      000165 00                     403 	.db #0x00	; 0
      000166 00                     404 	.db #0x00	; 0
      000167 00                     405 	.db #0x00	; 0
                                    406 	.area _INITIALIZER
                                    407 	.area _CABS (ABS)
