                                      1 ;--------------------------------------------------------
                                      2 ; File Created by SDCC : free open source ISO C Compiler 
                                      3 ; Version 4.2.2 #13350 (MINGW64)
                                      4 ;--------------------------------------------------------
                                      5 	.module Title_Tiles
                                      6 	.optsdcc -msm83
                                      7 	
                                      8 ;--------------------------------------------------------
                                      9 ; Public variables in this module
                                     10 ;--------------------------------------------------------
                                     11 	.globl _TitleLabel
                                     12 ;--------------------------------------------------------
                                     13 ; special function registers
                                     14 ;--------------------------------------------------------
                                     15 ;--------------------------------------------------------
                                     16 ; ram data
                                     17 ;--------------------------------------------------------
                                     18 	.area _DATA
                                     19 ;--------------------------------------------------------
                                     20 ; ram data
                                     21 ;--------------------------------------------------------
                                     22 	.area _INITIALIZED
                                     23 ;--------------------------------------------------------
                                     24 ; absolute external ram data
                                     25 ;--------------------------------------------------------
                                     26 	.area _DABS (ABS)
                                     27 ;--------------------------------------------------------
                                     28 ; global & static initialisations
                                     29 ;--------------------------------------------------------
                                     30 	.area _HOME
                                     31 	.area _GSINIT
                                     32 	.area _GSFINAL
                                     33 	.area _GSINIT
                                     34 ;--------------------------------------------------------
                                     35 ; Home
                                     36 ;--------------------------------------------------------
                                     37 	.area _HOME
                                     38 	.area _HOME
                                     39 ;--------------------------------------------------------
                                     40 ; code
                                     41 ;--------------------------------------------------------
                                     42 	.area _CODE
                                     43 	.area _CODE
      000000                         44 _TitleLabel:
      000000 FF                      45 	.db #0xff	; 255
      000001 FF                      46 	.db #0xff	; 255
      000002 FF                      47 	.db #0xff	; 255
      000003 FF                      48 	.db #0xff	; 255
      000004 FF                      49 	.db #0xff	; 255
      000005 FF                      50 	.db #0xff	; 255
      000006 FF                      51 	.db #0xff	; 255
      000007 FF                      52 	.db #0xff	; 255
      000008 FF                      53 	.db #0xff	; 255
      000009 FF                      54 	.db #0xff	; 255
      00000A FF                      55 	.db #0xff	; 255
      00000B FF                      56 	.db #0xff	; 255
      00000C FF                      57 	.db #0xff	; 255
      00000D FF                      58 	.db #0xff	; 255
      00000E FF                      59 	.db #0xff	; 255
      00000F FF                      60 	.db #0xff	; 255
      000010 FF                      61 	.db #0xff	; 255
      000011 FF                      62 	.db #0xff	; 255
      000012 FF                      63 	.db #0xff	; 255
      000013 FF                      64 	.db #0xff	; 255
      000014 FF                      65 	.db #0xff	; 255
      000015 FF                      66 	.db #0xff	; 255
      000016 F1                      67 	.db #0xf1	; 241
      000017 F1                      68 	.db #0xf1	; 241
      000018 F1                      69 	.db #0xf1	; 241
      000019 F7                      70 	.db #0xf7	; 247
      00001A F0                      71 	.db #0xf0	; 240
      00001B F7                      72 	.db #0xf7	; 247
      00001C F0                      73 	.db #0xf0	; 240
      00001D F7                      74 	.db #0xf7	; 247
      00001E F0                      75 	.db #0xf0	; 240
      00001F F7                      76 	.db #0xf7	; 247
      000020 F0                      77 	.db #0xf0	; 240
      000021 F7                      78 	.db #0xf7	; 247
      000022 F0                      79 	.db #0xf0	; 240
      000023 F7                      80 	.db #0xf7	; 247
      000024 F0                      81 	.db #0xf0	; 240
      000025 F7                      82 	.db #0xf7	; 247
      000026 F1                      83 	.db #0xf1	; 241
      000027 F7                      84 	.db #0xf7	; 247
      000028 F1                      85 	.db #0xf1	; 241
      000029 F7                      86 	.db #0xf7	; 247
      00002A F1                      87 	.db #0xf1	; 241
      00002B F7                      88 	.db #0xf7	; 247
      00002C F1                      89 	.db #0xf1	; 241
      00002D F7                      90 	.db #0xf7	; 247
      00002E F1                      91 	.db #0xf1	; 241
      00002F F7                      92 	.db #0xf7	; 247
      000030 F1                      93 	.db #0xf1	; 241
      000031 F7                      94 	.db #0xf7	; 247
      000032 F1                      95 	.db #0xf1	; 241
      000033 F7                      96 	.db #0xf7	; 247
      000034 F1                      97 	.db #0xf1	; 241
      000035 F7                      98 	.db #0xf7	; 247
      000036 F1                      99 	.db #0xf1	; 241
      000037 F7                     100 	.db #0xf7	; 247
      000038 F1                     101 	.db #0xf1	; 241
      000039 F7                     102 	.db #0xf7	; 247
      00003A F1                     103 	.db #0xf1	; 241
      00003B F7                     104 	.db #0xf7	; 247
      00003C F1                     105 	.db #0xf1	; 241
      00003D F7                     106 	.db #0xf7	; 247
      00003E F1                     107 	.db #0xf1	; 241
      00003F F7                     108 	.db #0xf7	; 247
      000040 F1                     109 	.db #0xf1	; 241
      000041 F7                     110 	.db #0xf7	; 247
      000042 F1                     111 	.db #0xf1	; 241
      000043 F7                     112 	.db #0xf7	; 247
      000044 F1                     113 	.db #0xf1	; 241
      000045 F7                     114 	.db #0xf7	; 247
      000046 F1                     115 	.db #0xf1	; 241
      000047 F7                     116 	.db #0xf7	; 247
      000048 FF                     117 	.db #0xff	; 255
      000049 FF                     118 	.db #0xff	; 255
      00004A FF                     119 	.db #0xff	; 255
      00004B FF                     120 	.db #0xff	; 255
      00004C FF                     121 	.db #0xff	; 255
      00004D FF                     122 	.db #0xff	; 255
      00004E FF                     123 	.db #0xff	; 255
      00004F FF                     124 	.db #0xff	; 255
      000050 FF                     125 	.db #0xff	; 255
      000051 FF                     126 	.db #0xff	; 255
      000052 FF                     127 	.db #0xff	; 255
      000053 FF                     128 	.db #0xff	; 255
      000054 FF                     129 	.db #0xff	; 255
      000055 FF                     130 	.db #0xff	; 255
      000056 FF                     131 	.db #0xff	; 255
      000057 FF                     132 	.db #0xff	; 255
      000058 FF                     133 	.db #0xff	; 255
      000059 FF                     134 	.db #0xff	; 255
      00005A FF                     135 	.db #0xff	; 255
      00005B FF                     136 	.db #0xff	; 255
      00005C FF                     137 	.db #0xff	; 255
      00005D FF                     138 	.db #0xff	; 255
      00005E 7F                     139 	.db #0x7f	; 127
      00005F FF                     140 	.db #0xff	; 255
      000060 7F                     141 	.db #0x7f	; 127
      000061 FF                     142 	.db #0xff	; 255
      000062 3F                     143 	.db #0x3f	; 63
      000063 FF                     144 	.db #0xff	; 255
      000064 3F                     145 	.db #0x3f	; 63
      000065 FF                     146 	.db #0xff	; 255
      000066 1F                     147 	.db #0x1f	; 31
      000067 FF                     148 	.db #0xff	; 255
      000068 1F                     149 	.db #0x1f	; 31
      000069 FF                     150 	.db #0xff	; 255
      00006A 8F                     151 	.db #0x8f	; 143
      00006B FF                     152 	.db #0xff	; 255
      00006C 8F                     153 	.db #0x8f	; 143
      00006D FF                     154 	.db #0xff	; 255
      00006E C7                     155 	.db #0xc7	; 199
      00006F FF                     156 	.db #0xff	; 255
      000070 C7                     157 	.db #0xc7	; 199
      000071 FF                     158 	.db #0xff	; 255
      000072 E2                     159 	.db #0xe2	; 226
      000073 FE                     160 	.db #0xfe	; 254
      000074 E2                     161 	.db #0xe2	; 226
      000075 FE                     162 	.db #0xfe	; 254
      000076 F0                     163 	.db #0xf0	; 240
      000077 FD                     164 	.db #0xfd	; 253
      000078 F0                     165 	.db #0xf0	; 240
      000079 FD                     166 	.db #0xfd	; 253
      00007A F8                     167 	.db #0xf8	; 248
      00007B FF                     168 	.db #0xff	; 255
      00007C F8                     169 	.db #0xf8	; 248
      00007D FF                     170 	.db #0xff	; 255
      00007E FD                     171 	.db #0xfd	; 253
      00007F FF                     172 	.db #0xff	; 255
      000080 FD                     173 	.db #0xfd	; 253
      000081 FF                     174 	.db #0xff	; 255
      000082 FF                     175 	.db #0xff	; 255
      000083 FF                     176 	.db #0xff	; 255
      000084 FF                     177 	.db #0xff	; 255
      000085 FF                     178 	.db #0xff	; 255
      000086 FF                     179 	.db #0xff	; 255
      000087 FF                     180 	.db #0xff	; 255
      000088 FF                     181 	.db #0xff	; 255
      000089 FF                     182 	.db #0xff	; 255
      00008A FF                     183 	.db #0xff	; 255
      00008B FF                     184 	.db #0xff	; 255
      00008C FF                     185 	.db #0xff	; 255
      00008D FF                     186 	.db #0xff	; 255
      00008E FF                     187 	.db #0xff	; 255
      00008F FF                     188 	.db #0xff	; 255
      000090 FF                     189 	.db #0xff	; 255
      000091 FF                     190 	.db #0xff	; 255
      000092 FF                     191 	.db #0xff	; 255
      000093 FF                     192 	.db #0xff	; 255
      000094 FF                     193 	.db #0xff	; 255
      000095 FF                     194 	.db #0xff	; 255
      000096 FC                     195 	.db #0xfc	; 252
      000097 FC                     196 	.db #0xfc	; 252
      000098 FC                     197 	.db #0xfc	; 252
      000099 FD                     198 	.db #0xfd	; 253
      00009A F8                     199 	.db #0xf8	; 248
      00009B FB                     200 	.db #0xfb	; 251
      00009C F8                     201 	.db #0xf8	; 248
      00009D FB                     202 	.db #0xfb	; 251
      00009E F0                     203 	.db #0xf0	; 240
      00009F F7                     204 	.db #0xf7	; 247
      0000A0 F0                     205 	.db #0xf0	; 240
      0000A1 F7                     206 	.db #0xf7	; 247
      0000A2 E0                     207 	.db #0xe0	; 224
      0000A3 ED                     208 	.db #0xed	; 237
      0000A4 E0                     209 	.db #0xe0	; 224
      0000A5 ED                     210 	.db #0xed	; 237
      0000A6 C4                     211 	.db #0xc4	; 196
      0000A7 DD                     212 	.db #0xdd	; 221
      0000A8 C4                     213 	.db #0xc4	; 196
      0000A9 DD                     214 	.db #0xdd	; 221
      0000AA 8C                     215 	.db #0x8c	; 140
      0000AB BD                     216 	.db #0xbd	; 189
      0000AC 8C                     217 	.db #0x8c	; 140
      0000AD BD                     218 	.db #0xbd	; 189
      0000AE 1C                     219 	.db #0x1c	; 28
      0000AF 7D                     220 	.db #0x7d	; 125
      0000B0 1C                     221 	.db #0x1c	; 28
      0000B1 7D                     222 	.db #0x7d	; 125
      0000B2 3C                     223 	.db #0x3c	; 60
      0000B3 FD                     224 	.db #0xfd	; 253
      0000B4 3C                     225 	.db #0x3c	; 60
      0000B5 FD                     226 	.db #0xfd	; 253
      0000B6 7C                     227 	.db #0x7c	; 124
      0000B7 FD                     228 	.db #0xfd	; 253
      0000B8 7C                     229 	.db #0x7c	; 124
      0000B9 FD                     230 	.db #0xfd	; 253
      0000BA FC                     231 	.db #0xfc	; 252
      0000BB FD                     232 	.db #0xfd	; 253
      0000BC FC                     233 	.db #0xfc	; 252
      0000BD FD                     234 	.db #0xfd	; 253
      0000BE FC                     235 	.db #0xfc	; 252
      0000BF FD                     236 	.db #0xfd	; 253
      0000C0 FC                     237 	.db #0xfc	; 252
      0000C1 FD                     238 	.db #0xfd	; 253
      0000C2 FC                     239 	.db #0xfc	; 252
      0000C3 FD                     240 	.db #0xfd	; 253
      0000C4 FC                     241 	.db #0xfc	; 252
      0000C5 FD                     242 	.db #0xfd	; 253
      0000C6 FC                     243 	.db #0xfc	; 252
      0000C7 FD                     244 	.db #0xfd	; 253
      0000C8 FF                     245 	.db #0xff	; 255
      0000C9 FF                     246 	.db #0xff	; 255
      0000CA FF                     247 	.db #0xff	; 255
      0000CB FF                     248 	.db #0xff	; 255
      0000CC FF                     249 	.db #0xff	; 255
      0000CD FF                     250 	.db #0xff	; 255
      0000CE FF                     251 	.db #0xff	; 255
      0000CF FF                     252 	.db #0xff	; 255
      0000D0 FF                     253 	.db #0xff	; 255
      0000D1 FF                     254 	.db #0xff	; 255
      0000D2 FF                     255 	.db #0xff	; 255
      0000D3 FF                     256 	.db #0xff	; 255
      0000D4 FF                     257 	.db #0xff	; 255
      0000D5 FF                     258 	.db #0xff	; 255
      0000D6 7C                     259 	.db #0x7c	; 124
      0000D7 7C                     260 	.db #0x7c	; 124
      0000D8 7C                     261 	.db #0x7c	; 124
      0000D9 FD                     262 	.db #0xfd	; 253
      0000DA 7C                     263 	.db #0x7c	; 124
      0000DB FD                     264 	.db #0xfd	; 253
      0000DC 7C                     265 	.db #0x7c	; 124
      0000DD FD                     266 	.db #0xfd	; 253
      0000DE 7C                     267 	.db #0x7c	; 124
      0000DF FD                     268 	.db #0xfd	; 253
      0000E0 7C                     269 	.db #0x7c	; 124
      0000E1 FD                     270 	.db #0xfd	; 253
      0000E2 7C                     271 	.db #0x7c	; 124
      0000E3 FD                     272 	.db #0xfd	; 253
      0000E4 7C                     273 	.db #0x7c	; 124
      0000E5 FD                     274 	.db #0xfd	; 253
      0000E6 7C                     275 	.db #0x7c	; 124
      0000E7 FD                     276 	.db #0xfd	; 253
      0000E8 7C                     277 	.db #0x7c	; 124
      0000E9 FD                     278 	.db #0xfd	; 253
      0000EA 7C                     279 	.db #0x7c	; 124
      0000EB FD                     280 	.db #0xfd	; 253
      0000EC 7C                     281 	.db #0x7c	; 124
      0000ED FD                     282 	.db #0xfd	; 253
      0000EE 7C                     283 	.db #0x7c	; 124
      0000EF FD                     284 	.db #0xfd	; 253
      0000F0 7C                     285 	.db #0x7c	; 124
      0000F1 FD                     286 	.db #0xfd	; 253
      0000F2 7C                     287 	.db #0x7c	; 124
      0000F3 FD                     288 	.db #0xfd	; 253
      0000F4 7C                     289 	.db #0x7c	; 124
      0000F5 FD                     290 	.db #0xfd	; 253
      0000F6 7C                     291 	.db #0x7c	; 124
      0000F7 FD                     292 	.db #0xfd	; 253
      0000F8 FF                     293 	.db #0xff	; 255
      0000F9 FF                     294 	.db #0xff	; 255
      0000FA FF                     295 	.db #0xff	; 255
      0000FB FF                     296 	.db #0xff	; 255
      0000FC FF                     297 	.db #0xff	; 255
      0000FD FF                     298 	.db #0xff	; 255
      0000FE FF                     299 	.db #0xff	; 255
      0000FF FF                     300 	.db #0xff	; 255
      000100 FF                     301 	.db #0xff	; 255
      000101 FF                     302 	.db #0xff	; 255
      000102 FF                     303 	.db #0xff	; 255
      000103 FF                     304 	.db #0xff	; 255
      000104 FF                     305 	.db #0xff	; 255
      000105 FF                     306 	.db #0xff	; 255
      000106 00                     307 	.db #0x00	; 0
      000107 00                     308 	.db #0x00	; 0
      000108 00                     309 	.db #0x00	; 0
      000109 FF                     310 	.db #0xff	; 255
      00010A 00                     311 	.db #0x00	; 0
      00010B FF                     312 	.db #0xff	; 255
      00010C 7F                     313 	.db #0x7f	; 127
      00010D FF                     314 	.db #0xff	; 255
      00010E 7F                     315 	.db #0x7f	; 127
      00010F FF                     316 	.db #0xff	; 255
      000110 7F                     317 	.db #0x7f	; 127
      000111 FF                     318 	.db #0xff	; 255
      000112 7F                     319 	.db #0x7f	; 127
      000113 FF                     320 	.db #0xff	; 255
      000114 7F                     321 	.db #0x7f	; 127
      000115 FF                     322 	.db #0xff	; 255
      000116 7F                     323 	.db #0x7f	; 127
      000117 FF                     324 	.db #0xff	; 255
      000118 7F                     325 	.db #0x7f	; 127
      000119 FF                     326 	.db #0xff	; 255
      00011A 7F                     327 	.db #0x7f	; 127
      00011B FF                     328 	.db #0xff	; 255
      00011C 01                     329 	.db #0x01	; 1
      00011D 81                     330 	.db #0x81	; 129
      00011E 01                     331 	.db #0x01	; 1
      00011F FF                     332 	.db #0xff	; 255
      000120 01                     333 	.db #0x01	; 1
      000121 FF                     334 	.db #0xff	; 255
      000122 7F                     335 	.db #0x7f	; 127
      000123 FF                     336 	.db #0xff	; 255
      000124 7F                     337 	.db #0x7f	; 127
      000125 FF                     338 	.db #0xff	; 255
      000126 7F                     339 	.db #0x7f	; 127
      000127 FF                     340 	.db #0xff	; 255
      000128 7F                     341 	.db #0x7f	; 127
      000129 FF                     342 	.db #0xff	; 255
      00012A 7F                     343 	.db #0x7f	; 127
      00012B FF                     344 	.db #0xff	; 255
      00012C 7F                     345 	.db #0x7f	; 127
      00012D FF                     346 	.db #0xff	; 255
      00012E 7F                     347 	.db #0x7f	; 127
      00012F FF                     348 	.db #0xff	; 255
      000130 7F                     349 	.db #0x7f	; 127
      000131 FF                     350 	.db #0xff	; 255
      000132 00                     351 	.db #0x00	; 0
      000133 80                     352 	.db #0x80	; 128
      000134 00                     353 	.db #0x00	; 0
      000135 FF                     354 	.db #0xff	; 255
      000136 00                     355 	.db #0x00	; 0
      000137 FF                     356 	.db #0xff	; 255
      000138 FF                     357 	.db #0xff	; 255
      000139 FF                     358 	.db #0xff	; 255
      00013A FF                     359 	.db #0xff	; 255
      00013B FF                     360 	.db #0xff	; 255
      00013C FF                     361 	.db #0xff	; 255
      00013D FF                     362 	.db #0xff	; 255
      00013E FF                     363 	.db #0xff	; 255
      00013F FF                     364 	.db #0xff	; 255
      000140 FF                     365 	.db #0xff	; 255
      000141 FF                     366 	.db #0xff	; 255
      000142 FF                     367 	.db #0xff	; 255
      000143 FF                     368 	.db #0xff	; 255
      000144 FF                     369 	.db #0xff	; 255
      000145 FF                     370 	.db #0xff	; 255
      000146 1F                     371 	.db #0x1f	; 31
      000147 1F                     372 	.db #0x1f	; 31
      000148 1F                     373 	.db #0x1f	; 31
      000149 FF                     374 	.db #0xff	; 255
      00014A 1F                     375 	.db #0x1f	; 31
      00014B FF                     376 	.db #0xff	; 255
      00014C FF                     377 	.db #0xff	; 255
      00014D FF                     378 	.db #0xff	; 255
      00014E FF                     379 	.db #0xff	; 255
      00014F FF                     380 	.db #0xff	; 255
      000150 FF                     381 	.db #0xff	; 255
      000151 FF                     382 	.db #0xff	; 255
      000152 1F                     383 	.db #0x1f	; 31
      000153 1F                     384 	.db #0x1f	; 31
      000154 1F                     385 	.db #0x1f	; 31
      000155 FF                     386 	.db #0xff	; 255
      000156 1F                     387 	.db #0x1f	; 31
      000157 FF                     388 	.db #0xff	; 255
      000158 FF                     389 	.db #0xff	; 255
      000159 FF                     390 	.db #0xff	; 255
      00015A FF                     391 	.db #0xff	; 255
      00015B FF                     392 	.db #0xff	; 255
      00015C FF                     393 	.db #0xff	; 255
      00015D FF                     394 	.db #0xff	; 255
      00015E FF                     395 	.db #0xff	; 255
      00015F FF                     396 	.db #0xff	; 255
      000160 FF                     397 	.db #0xff	; 255
      000161 FF                     398 	.db #0xff	; 255
      000162 FF                     399 	.db #0xff	; 255
      000163 FF                     400 	.db #0xff	; 255
      000164 FF                     401 	.db #0xff	; 255
      000165 FF                     402 	.db #0xff	; 255
      000166 1F                     403 	.db #0x1f	; 31
      000167 1F                     404 	.db #0x1f	; 31
      000168 1F                     405 	.db #0x1f	; 31
      000169 7F                     406 	.db #0x7f	; 127
      00016A 0F                     407 	.db #0x0f	; 15
      00016B 7F                     408 	.db #0x7f	; 127
      00016C 0F                     409 	.db #0x0f	; 15
      00016D 7F                     410 	.db #0x7f	; 127
      00016E 07                     411 	.db #0x07	; 7
      00016F 7F                     412 	.db #0x7f	; 127
      000170 07                     413 	.db #0x07	; 7
      000171 7F                     414 	.db #0x7f	; 127
      000172 03                     415 	.db #0x03	; 3
      000173 7F                     416 	.db #0x7f	; 127
      000174 03                     417 	.db #0x03	; 3
      000175 7F                     418 	.db #0x7f	; 127
      000176 11                     419 	.db #0x11	; 17
      000177 7F                     420 	.db #0x7f	; 127
      000178 11                     421 	.db #0x11	; 17
      000179 7F                     422 	.db #0x7f	; 127
      00017A 18                     423 	.db #0x18	; 24
      00017B 7F                     424 	.db #0x7f	; 127
      00017C 18                     425 	.db #0x18	; 24
      00017D 7F                     426 	.db #0x7f	; 127
      00017E 1C                     427 	.db #0x1c	; 28
      00017F 7F                     428 	.db #0x7f	; 127
      000180 1C                     429 	.db #0x1c	; 28
      000181 7F                     430 	.db #0x7f	; 127
      000182 1E                     431 	.db #0x1e	; 30
      000183 7F                     432 	.db #0x7f	; 127
      000184 1E                     433 	.db #0x1e	; 30
      000185 7F                     434 	.db #0x7f	; 127
      000186 1F                     435 	.db #0x1f	; 31
      000187 7F                     436 	.db #0x7f	; 127
      000188 1F                     437 	.db #0x1f	; 31
      000189 7F                     438 	.db #0x7f	; 127
      00018A 1F                     439 	.db #0x1f	; 31
      00018B 7F                     440 	.db #0x7f	; 127
      00018C 1F                     441 	.db #0x1f	; 31
      00018D 7F                     442 	.db #0x7f	; 127
      00018E 1F                     443 	.db #0x1f	; 31
      00018F 7F                     444 	.db #0x7f	; 127
      000190 1F                     445 	.db #0x1f	; 31
      000191 7F                     446 	.db #0x7f	; 127
      000192 1F                     447 	.db #0x1f	; 31
      000193 7F                     448 	.db #0x7f	; 127
      000194 1F                     449 	.db #0x1f	; 31
      000195 7F                     450 	.db #0x7f	; 127
      000196 1F                     451 	.db #0x1f	; 31
      000197 7F                     452 	.db #0x7f	; 127
      000198 FF                     453 	.db #0xff	; 255
      000199 FF                     454 	.db #0xff	; 255
      00019A FF                     455 	.db #0xff	; 255
      00019B FF                     456 	.db #0xff	; 255
      00019C FF                     457 	.db #0xff	; 255
      00019D FF                     458 	.db #0xff	; 255
      00019E FF                     459 	.db #0xff	; 255
      00019F FF                     460 	.db #0xff	; 255
      0001A0 FF                     461 	.db #0xff	; 255
      0001A1 FF                     462 	.db #0xff	; 255
      0001A2 FE                     463 	.db #0xfe	; 254
      0001A3 FE                     464 	.db #0xfe	; 254
      0001A4 FE                     465 	.db #0xfe	; 254
      0001A5 FE                     466 	.db #0xfe	; 254
      0001A6 FC                     467 	.db #0xfc	; 252
      0001A7 FD                     468 	.db #0xfd	; 253
      0001A8 FC                     469 	.db #0xfc	; 252
      0001A9 FD                     470 	.db #0xfd	; 253
      0001AA F8                     471 	.db #0xf8	; 248
      0001AB FB                     472 	.db #0xfb	; 251
      0001AC F8                     473 	.db #0xf8	; 248
      0001AD FB                     474 	.db #0xfb	; 251
      0001AE 71                     475 	.db #0x71	; 113	'q'
      0001AF F7                     476 	.db #0xf7	; 247
      0001B0 71                     477 	.db #0x71	; 113	'q'
      0001B1 F7                     478 	.db #0xf7	; 247
      0001B2 23                     479 	.db #0x23	; 35
      0001B3 EF                     480 	.db #0xef	; 239
      0001B4 23                     481 	.db #0x23	; 35
      0001B5 EF                     482 	.db #0xef	; 239
      0001B6 07                     483 	.db #0x07	; 7
      0001B7 DF                     484 	.db #0xdf	; 223
      0001B8 07                     485 	.db #0x07	; 7
      0001B9 DF                     486 	.db #0xdf	; 223
      0001BA 8F                     487 	.db #0x8f	; 143
      0001BB FF                     488 	.db #0xff	; 255
      0001BC 8F                     489 	.db #0x8f	; 143
      0001BD FF                     490 	.db #0xff	; 255
      0001BE DF                     491 	.db #0xdf	; 223
      0001BF FF                     492 	.db #0xff	; 255
      0001C0 DF                     493 	.db #0xdf	; 223
      0001C1 FF                     494 	.db #0xff	; 255
      0001C2 FF                     495 	.db #0xff	; 255
      0001C3 FF                     496 	.db #0xff	; 255
      0001C4 FF                     497 	.db #0xff	; 255
      0001C5 FF                     498 	.db #0xff	; 255
      0001C6 FF                     499 	.db #0xff	; 255
      0001C7 FF                     500 	.db #0xff	; 255
      0001C8 FF                     501 	.db #0xff	; 255
      0001C9 FF                     502 	.db #0xff	; 255
      0001CA FF                     503 	.db #0xff	; 255
      0001CB FF                     504 	.db #0xff	; 255
      0001CC FF                     505 	.db #0xff	; 255
      0001CD FF                     506 	.db #0xff	; 255
      0001CE FF                     507 	.db #0xff	; 255
      0001CF FF                     508 	.db #0xff	; 255
      0001D0 FF                     509 	.db #0xff	; 255
      0001D1 FF                     510 	.db #0xff	; 255
      0001D2 FF                     511 	.db #0xff	; 255
      0001D3 FF                     512 	.db #0xff	; 255
      0001D4 FF                     513 	.db #0xff	; 255
      0001D5 FF                     514 	.db #0xff	; 255
      0001D6 C7                     515 	.db #0xc7	; 199
      0001D7 C7                     516 	.db #0xc7	; 199
      0001D8 C7                     517 	.db #0xc7	; 199
      0001D9 DF                     518 	.db #0xdf	; 223
      0001DA 87                     519 	.db #0x87	; 135
      0001DB BF                     520 	.db #0xbf	; 191
      0001DC 87                     521 	.db #0x87	; 135
      0001DD BF                     522 	.db #0xbf	; 191
      0001DE 07                     523 	.db #0x07	; 7
      0001DF 7F                     524 	.db #0x7f	; 127
      0001E0 07                     525 	.db #0x07	; 7
      0001E1 7F                     526 	.db #0x7f	; 127
      0001E2 07                     527 	.db #0x07	; 7
      0001E3 DF                     528 	.db #0xdf	; 223
      0001E4 07                     529 	.db #0x07	; 7
      0001E5 DF                     530 	.db #0xdf	; 223
      0001E6 47                     531 	.db #0x47	; 71	'G'
      0001E7 DF                     532 	.db #0xdf	; 223
      0001E8 47                     533 	.db #0x47	; 71	'G'
      0001E9 DF                     534 	.db #0xdf	; 223
      0001EA C7                     535 	.db #0xc7	; 199
      0001EB DF                     536 	.db #0xdf	; 223
      0001EC C7                     537 	.db #0xc7	; 199
      0001ED DF                     538 	.db #0xdf	; 223
      0001EE C7                     539 	.db #0xc7	; 199
      0001EF DF                     540 	.db #0xdf	; 223
      0001F0 C7                     541 	.db #0xc7	; 199
      0001F1 DF                     542 	.db #0xdf	; 223
      0001F2 C7                     543 	.db #0xc7	; 199
      0001F3 DF                     544 	.db #0xdf	; 223
      0001F4 C7                     545 	.db #0xc7	; 199
      0001F5 DF                     546 	.db #0xdf	; 223
      0001F6 C7                     547 	.db #0xc7	; 199
      0001F7 DF                     548 	.db #0xdf	; 223
      0001F8 C7                     549 	.db #0xc7	; 199
      0001F9 DF                     550 	.db #0xdf	; 223
      0001FA C7                     551 	.db #0xc7	; 199
      0001FB DF                     552 	.db #0xdf	; 223
      0001FC C7                     553 	.db #0xc7	; 199
      0001FD DF                     554 	.db #0xdf	; 223
      0001FE C7                     555 	.db #0xc7	; 199
      0001FF DF                     556 	.db #0xdf	; 223
      000200 C7                     557 	.db #0xc7	; 199
      000201 DF                     558 	.db #0xdf	; 223
      000202 C7                     559 	.db #0xc7	; 199
      000203 DF                     560 	.db #0xdf	; 223
      000204 C7                     561 	.db #0xc7	; 199
      000205 DF                     562 	.db #0xdf	; 223
      000206 C7                     563 	.db #0xc7	; 199
      000207 DF                     564 	.db #0xdf	; 223
      000208 FF                     565 	.db #0xff	; 255
      000209 FF                     566 	.db #0xff	; 255
      00020A FF                     567 	.db #0xff	; 255
      00020B FF                     568 	.db #0xff	; 255
      00020C FF                     569 	.db #0xff	; 255
      00020D FF                     570 	.db #0xff	; 255
      00020E FF                     571 	.db #0xff	; 255
      00020F FF                     572 	.db #0xff	; 255
      000210 FF                     573 	.db #0xff	; 255
      000211 FF                     574 	.db #0xff	; 255
      000212 FF                     575 	.db #0xff	; 255
      000213 FF                     576 	.db #0xff	; 255
      000214 FF                     577 	.db #0xff	; 255
      000215 FF                     578 	.db #0xff	; 255
      000216 C0                     579 	.db #0xc0	; 192
      000217 C0                     580 	.db #0xc0	; 192
      000218 C0                     581 	.db #0xc0	; 192
      000219 DF                     582 	.db #0xdf	; 223
      00021A C0                     583 	.db #0xc0	; 192
      00021B DF                     584 	.db #0xdf	; 223
      00021C C7                     585 	.db #0xc7	; 199
      00021D DF                     586 	.db #0xdf	; 223
      00021E C7                     587 	.db #0xc7	; 199
      00021F DF                     588 	.db #0xdf	; 223
      000220 C7                     589 	.db #0xc7	; 199
      000221 DF                     590 	.db #0xdf	; 223
      000222 C7                     591 	.db #0xc7	; 199
      000223 DF                     592 	.db #0xdf	; 223
      000224 C7                     593 	.db #0xc7	; 199
      000225 DF                     594 	.db #0xdf	; 223
      000226 C7                     595 	.db #0xc7	; 199
      000227 DF                     596 	.db #0xdf	; 223
      000228 C7                     597 	.db #0xc7	; 199
      000229 DF                     598 	.db #0xdf	; 223
      00022A C7                     599 	.db #0xc7	; 199
      00022B DF                     600 	.db #0xdf	; 223
      00022C C0                     601 	.db #0xc0	; 192
      00022D D8                     602 	.db #0xd8	; 216
      00022E C0                     603 	.db #0xc0	; 192
      00022F DF                     604 	.db #0xdf	; 223
      000230 C0                     605 	.db #0xc0	; 192
      000231 DF                     606 	.db #0xdf	; 223
      000232 C7                     607 	.db #0xc7	; 199
      000233 DF                     608 	.db #0xdf	; 223
      000234 C7                     609 	.db #0xc7	; 199
      000235 DF                     610 	.db #0xdf	; 223
      000236 C7                     611 	.db #0xc7	; 199
      000237 DF                     612 	.db #0xdf	; 223
      000238 C7                     613 	.db #0xc7	; 199
      000239 DF                     614 	.db #0xdf	; 223
      00023A C7                     615 	.db #0xc7	; 199
      00023B DF                     616 	.db #0xdf	; 223
      00023C C7                     617 	.db #0xc7	; 199
      00023D DF                     618 	.db #0xdf	; 223
      00023E C7                     619 	.db #0xc7	; 199
      00023F DF                     620 	.db #0xdf	; 223
      000240 C7                     621 	.db #0xc7	; 199
      000241 DF                     622 	.db #0xdf	; 223
      000242 C7                     623 	.db #0xc7	; 199
      000243 DF                     624 	.db #0xdf	; 223
      000244 C7                     625 	.db #0xc7	; 199
      000245 DF                     626 	.db #0xdf	; 223
      000246 C7                     627 	.db #0xc7	; 199
      000247 DF                     628 	.db #0xdf	; 223
      000248 FF                     629 	.db #0xff	; 255
      000249 FF                     630 	.db #0xff	; 255
      00024A FF                     631 	.db #0xff	; 255
      00024B FF                     632 	.db #0xff	; 255
      00024C FF                     633 	.db #0xff	; 255
      00024D FF                     634 	.db #0xff	; 255
      00024E FF                     635 	.db #0xff	; 255
      00024F FF                     636 	.db #0xff	; 255
      000250 FF                     637 	.db #0xff	; 255
      000251 FF                     638 	.db #0xff	; 255
      000252 FF                     639 	.db #0xff	; 255
      000253 FF                     640 	.db #0xff	; 255
      000254 FF                     641 	.db #0xff	; 255
      000255 FF                     642 	.db #0xff	; 255
      000256 07                     643 	.db #0x07	; 7
      000257 07                     644 	.db #0x07	; 7
      000258 01                     645 	.db #0x01	; 1
      000259 FF                     646 	.db #0xff	; 255
      00025A 01                     647 	.db #0x01	; 1
      00025B FF                     648 	.db #0xff	; 255
      00025C F8                     649 	.db #0xf8	; 248
      00025D FB                     650 	.db #0xfb	; 251
      00025E F8                     651 	.db #0xf8	; 248
      00025F FB                     652 	.db #0xfb	; 251
      000260 F8                     653 	.db #0xf8	; 248
      000261 FB                     654 	.db #0xfb	; 251
      000262 F8                     655 	.db #0xf8	; 248
      000263 FB                     656 	.db #0xfb	; 251
      000264 F8                     657 	.db #0xf8	; 248
      000265 FB                     658 	.db #0xfb	; 251
      000266 F8                     659 	.db #0xf8	; 248
      000267 FB                     660 	.db #0xfb	; 251
      000268 F8                     661 	.db #0xf8	; 248
      000269 FB                     662 	.db #0xfb	; 251
      00026A F8                     663 	.db #0xf8	; 248
      00026B FB                     664 	.db #0xfb	; 251
      00026C 01                     665 	.db #0x01	; 1
      00026D 07                     666 	.db #0x07	; 7
      00026E 01                     667 	.db #0x01	; 1
      00026F FF                     668 	.db #0xff	; 255
      000270 07                     669 	.db #0x07	; 7
      000271 FF                     670 	.db #0xff	; 255
      000272 0F                     671 	.db #0x0f	; 15
      000273 7F                     672 	.db #0x7f	; 127
      000274 87                     673 	.db #0x87	; 135
      000275 BF                     674 	.db #0xbf	; 191
      000276 87                     675 	.db #0x87	; 135
      000277 BF                     676 	.db #0xbf	; 191
      000278 C3                     677 	.db #0xc3	; 195
      000279 DF                     678 	.db #0xdf	; 223
      00027A C3                     679 	.db #0xc3	; 195
      00027B DF                     680 	.db #0xdf	; 223
      00027C E1                     681 	.db #0xe1	; 225
      00027D EF                     682 	.db #0xef	; 239
      00027E E1                     683 	.db #0xe1	; 225
      00027F EF                     684 	.db #0xef	; 239
      000280 F0                     685 	.db #0xf0	; 240
      000281 F7                     686 	.db #0xf7	; 247
      000282 F0                     687 	.db #0xf0	; 240
      000283 F7                     688 	.db #0xf7	; 247
      000284 F8                     689 	.db #0xf8	; 248
      000285 FB                     690 	.db #0xfb	; 251
      000286 F8                     691 	.db #0xf8	; 248
      000287 FB                     692 	.db #0xfb	; 251
      000288 FF                     693 	.db #0xff	; 255
      000289 FF                     694 	.db #0xff	; 255
      00028A FF                     695 	.db #0xff	; 255
      00028B FF                     696 	.db #0xff	; 255
      00028C FF                     697 	.db #0xff	; 255
      00028D FF                     698 	.db #0xff	; 255
      00028E FF                     699 	.db #0xff	; 255
      00028F FF                     700 	.db #0xff	; 255
      000290 FF                     701 	.db #0xff	; 255
      000291 FF                     702 	.db #0xff	; 255
      000292 FF                     703 	.db #0xff	; 255
      000293 FF                     704 	.db #0xff	; 255
      000294 FF                     705 	.db #0xff	; 255
      000295 FF                     706 	.db #0xff	; 255
      000296 F1                     707 	.db #0xf1	; 241
      000297 F1                     708 	.db #0xf1	; 241
      000298 F1                     709 	.db #0xf1	; 241
      000299 F7                     710 	.db #0xf7	; 247
      00029A F1                     711 	.db #0xf1	; 241
      00029B F7                     712 	.db #0xf7	; 247
      00029C F8                     713 	.db #0xf8	; 248
      00029D FB                     714 	.db #0xfb	; 251
      00029E F8                     715 	.db #0xf8	; 248
      00029F FB                     716 	.db #0xfb	; 251
      0002A0 FC                     717 	.db #0xfc	; 252
      0002A1 FD                     718 	.db #0xfd	; 253
      0002A2 FC                     719 	.db #0xfc	; 252
      0002A3 FD                     720 	.db #0xfd	; 253
      0002A4 FE                     721 	.db #0xfe	; 254
      0002A5 FE                     722 	.db #0xfe	; 254
      0002A6 FE                     723 	.db #0xfe	; 254
      0002A7 FE                     724 	.db #0xfe	; 254
      0002A8 FF                     725 	.db #0xff	; 255
      0002A9 FF                     726 	.db #0xff	; 255
      0002AA FF                     727 	.db #0xff	; 255
      0002AB FF                     728 	.db #0xff	; 255
      0002AC FF                     729 	.db #0xff	; 255
      0002AD FF                     730 	.db #0xff	; 255
      0002AE FF                     731 	.db #0xff	; 255
      0002AF FF                     732 	.db #0xff	; 255
      0002B0 FF                     733 	.db #0xff	; 255
      0002B1 FF                     734 	.db #0xff	; 255
      0002B2 FF                     735 	.db #0xff	; 255
      0002B3 FF                     736 	.db #0xff	; 255
      0002B4 7F                     737 	.db #0x7f	; 127
      0002B5 FF                     738 	.db #0xff	; 255
      0002B6 7F                     739 	.db #0x7f	; 127
      0002B7 FF                     740 	.db #0xff	; 255
      0002B8 FF                     741 	.db #0xff	; 255
      0002B9 FF                     742 	.db #0xff	; 255
      0002BA FF                     743 	.db #0xff	; 255
      0002BB FF                     744 	.db #0xff	; 255
      0002BC FF                     745 	.db #0xff	; 255
      0002BD FF                     746 	.db #0xff	; 255
      0002BE FF                     747 	.db #0xff	; 255
      0002BF FF                     748 	.db #0xff	; 255
      0002C0 FF                     749 	.db #0xff	; 255
      0002C1 FF                     750 	.db #0xff	; 255
      0002C2 FF                     751 	.db #0xff	; 255
      0002C3 FF                     752 	.db #0xff	; 255
      0002C4 FF                     753 	.db #0xff	; 255
      0002C5 FF                     754 	.db #0xff	; 255
      0002C6 FF                     755 	.db #0xff	; 255
      0002C7 FF                     756 	.db #0xff	; 255
      0002C8 FF                     757 	.db #0xff	; 255
      0002C9 FF                     758 	.db #0xff	; 255
      0002CA FF                     759 	.db #0xff	; 255
      0002CB FF                     760 	.db #0xff	; 255
      0002CC FE                     761 	.db #0xfe	; 254
      0002CD FE                     762 	.db #0xfe	; 254
      0002CE FE                     763 	.db #0xfe	; 254
      0002CF FE                     764 	.db #0xfe	; 254
      0002D0 7C                     765 	.db #0x7c	; 124
      0002D1 FD                     766 	.db #0xfd	; 253
      0002D2 7C                     767 	.db #0x7c	; 124
      0002D3 FD                     768 	.db #0xfd	; 253
      0002D4 38                     769 	.db #0x38	; 56	'8'
      0002D5 FB                     770 	.db #0xfb	; 251
      0002D6 38                     771 	.db #0x38	; 56	'8'
      0002D7 FB                     772 	.db #0xfb	; 251
      0002D8 11                     773 	.db #0x11	; 17
      0002D9 77                     774 	.db #0x77	; 119	'w'
      0002DA 11                     775 	.db #0x11	; 17
      0002DB 77                     776 	.db #0x77	; 119	'w'
      0002DC 83                     777 	.db #0x83	; 131
      0002DD BF                     778 	.db #0xbf	; 191
      0002DE 83                     779 	.db #0x83	; 131
      0002DF BF                     780 	.db #0xbf	; 191
      0002E0 C7                     781 	.db #0xc7	; 199
      0002E1 DF                     782 	.db #0xdf	; 223
      0002E2 C7                     783 	.db #0xc7	; 199
      0002E3 DF                     784 	.db #0xdf	; 223
      0002E4 C7                     785 	.db #0xc7	; 199
      0002E5 DF                     786 	.db #0xdf	; 223
      0002E6 C7                     787 	.db #0xc7	; 199
      0002E7 DF                     788 	.db #0xdf	; 223
      0002E8 C7                     789 	.db #0xc7	; 199
      0002E9 DF                     790 	.db #0xdf	; 223
      0002EA C7                     791 	.db #0xc7	; 199
      0002EB DF                     792 	.db #0xdf	; 223
      0002EC C7                     793 	.db #0xc7	; 199
      0002ED DF                     794 	.db #0xdf	; 223
      0002EE C7                     795 	.db #0xc7	; 199
      0002EF DF                     796 	.db #0xdf	; 223
      0002F0 C7                     797 	.db #0xc7	; 199
      0002F1 DF                     798 	.db #0xdf	; 223
      0002F2 C7                     799 	.db #0xc7	; 199
      0002F3 DF                     800 	.db #0xdf	; 223
      0002F4 C7                     801 	.db #0xc7	; 199
      0002F5 DF                     802 	.db #0xdf	; 223
      0002F6 C7                     803 	.db #0xc7	; 199
      0002F7 DF                     804 	.db #0xdf	; 223
      0002F8 FF                     805 	.db #0xff	; 255
      0002F9 FF                     806 	.db #0xff	; 255
      0002FA FF                     807 	.db #0xff	; 255
      0002FB FF                     808 	.db #0xff	; 255
      0002FC FF                     809 	.db #0xff	; 255
      0002FD FF                     810 	.db #0xff	; 255
      0002FE FF                     811 	.db #0xff	; 255
      0002FF FF                     812 	.db #0xff	; 255
      000300 FF                     813 	.db #0xff	; 255
      000301 FF                     814 	.db #0xff	; 255
      000302 FF                     815 	.db #0xff	; 255
      000303 FF                     816 	.db #0xff	; 255
      000304 FF                     817 	.db #0xff	; 255
      000305 FF                     818 	.db #0xff	; 255
      000306 1F                     819 	.db #0x1f	; 31
      000307 1F                     820 	.db #0x1f	; 31
      000308 1F                     821 	.db #0x1f	; 31
      000309 7F                     822 	.db #0x7f	; 127
      00030A 1F                     823 	.db #0x1f	; 31
      00030B 7F                     824 	.db #0x7f	; 127
      00030C 3F                     825 	.db #0x3f	; 63
      00030D FF                     826 	.db #0xff	; 255
      00030E 3F                     827 	.db #0x3f	; 63
      00030F FF                     828 	.db #0xff	; 255
      000310 7F                     829 	.db #0x7f	; 127
      000311 FF                     830 	.db #0xff	; 255
      000312 7F                     831 	.db #0x7f	; 127
      000313 FF                     832 	.db #0xff	; 255
      000314 FF                     833 	.db #0xff	; 255
      000315 FF                     834 	.db #0xff	; 255
      000316 FF                     835 	.db #0xff	; 255
      000317 FF                     836 	.db #0xff	; 255
      000318 FF                     837 	.db #0xff	; 255
      000319 FF                     838 	.db #0xff	; 255
      00031A FF                     839 	.db #0xff	; 255
      00031B FF                     840 	.db #0xff	; 255
      00031C FF                     841 	.db #0xff	; 255
      00031D FF                     842 	.db #0xff	; 255
      00031E FF                     843 	.db #0xff	; 255
      00031F FF                     844 	.db #0xff	; 255
                                    845 	.area _INITIALIZER
                                    846 	.area _CABS (ABS)
