                                      1 ;--------------------------------------------------------
                                      2 ; File Created by SDCC : free open source ISO C Compiler 
                                      3 ; Version 4.4.1 #14650 (MINGW64)
                                      4 ;--------------------------------------------------------
                                      5 	.module Toby_Map
                                      6 	.optsdcc -msm83
                                      7 	
                                      8 ;--------------------------------------------------------
                                      9 ; Public variables in this module
                                     10 ;--------------------------------------------------------
                                     11 	.globl _Toby_Map
                                     12 ;--------------------------------------------------------
                                     13 ; special function registers
                                     14 ;--------------------------------------------------------
                                     15 ;--------------------------------------------------------
                                     16 ; ram data
                                     17 ;--------------------------------------------------------
                                     18 	.area _DATA
                                     19 ;--------------------------------------------------------
                                     20 ; ram data
                                     21 ;--------------------------------------------------------
                                     22 	.area _INITIALIZED
                                     23 ;--------------------------------------------------------
                                     24 ; absolute external ram data
                                     25 ;--------------------------------------------------------
                                     26 	.area _DABS (ABS)
                                     27 ;--------------------------------------------------------
                                     28 ; global & static initialisations
                                     29 ;--------------------------------------------------------
                                     30 	.area _HOME
                                     31 	.area _GSINIT
                                     32 	.area _GSFINAL
                                     33 	.area _GSINIT
                                     34 ;--------------------------------------------------------
                                     35 ; Home
                                     36 ;--------------------------------------------------------
                                     37 	.area _HOME
                                     38 	.area _HOME
                                     39 ;--------------------------------------------------------
                                     40 ; code
                                     41 ;--------------------------------------------------------
                                     42 	.area _CODE_5
                                     43 	.area _CODE_5
                         00000000    44 G$Toby_Map$0_0$0 == .
    00000000                         45 _Toby_Map:
    00000000 81                      46 	.db #0x81	; 129
    00000001 88                      47 	.db #0x88	; 136
    00000002 8F                      48 	.db #0x8f	; 143
    00000003 80                      49 	.db #0x80	; 128
    00000004 82                      50 	.db #0x82	; 130
    00000005 89                      51 	.db #0x89	; 137
    00000006 90                      52 	.db #0x90	; 144
    00000007 80                      53 	.db #0x80	; 128
    00000008 83                      54 	.db #0x83	; 131
    00000009 8A                      55 	.db #0x8a	; 138
    0000000A 91                      56 	.db #0x91	; 145
    0000000B 80                      57 	.db #0x80	; 128
    0000000C 84                      58 	.db #0x84	; 132
    0000000D 8B                      59 	.db #0x8b	; 139
    0000000E 92                      60 	.db #0x92	; 146
    0000000F 96                      61 	.db #0x96	; 150
    00000010 85                      62 	.db #0x85	; 133
    00000011 8C                      63 	.db #0x8c	; 140
    00000012 93                      64 	.db #0x93	; 147
    00000013 97                      65 	.db #0x97	; 151
    00000014 86                      66 	.db #0x86	; 134
    00000015 8D                      67 	.db #0x8d	; 141
    00000016 94                      68 	.db #0x94	; 148
    00000017 98                      69 	.db #0x98	; 152
    00000018 87                      70 	.db #0x87	; 135
    00000019 8E                      71 	.db #0x8e	; 142
    0000001A 95                      72 	.db #0x95	; 149
    0000001B 99                      73 	.db #0x99	; 153
                                     74 	.area _INITIALIZER
                                     75 	.area _CABS (ABS)
