                                      1 ;--------------------------------------------------------
                                      2 ; File Created by SDCC : free open source ISO C Compiler 
                                      3 ; Version 4.2.2 #13350 (MINGW64)
                                      4 ;--------------------------------------------------------
                                      5 	.module Toby_Tiles
                                      6 	.optsdcc -msm83
                                      7 	
                                      8 ;--------------------------------------------------------
                                      9 ; Public variables in this module
                                     10 ;--------------------------------------------------------
                                     11 	.globl _Toby_Tiles
                                     12 ;--------------------------------------------------------
                                     13 ; special function registers
                                     14 ;--------------------------------------------------------
                                     15 ;--------------------------------------------------------
                                     16 ; ram data
                                     17 ;--------------------------------------------------------
                                     18 	.area _DATA
                                     19 ;--------------------------------------------------------
                                     20 ; ram data
                                     21 ;--------------------------------------------------------
                                     22 	.area _INITIALIZED
                           000000    23 G$Toby_Tiles$0_0$0==.
      000000                         24 _Toby_Tiles::
      000000                         25 	.ds 432
                                     26 ;--------------------------------------------------------
                                     27 ; absolute external ram data
                                     28 ;--------------------------------------------------------
                                     29 	.area _DABS (ABS)
                                     30 ;--------------------------------------------------------
                                     31 ; global & static initialisations
                                     32 ;--------------------------------------------------------
                                     33 	.area _HOME
                                     34 	.area _GSINIT
                                     35 	.area _GSFINAL
                                     36 	.area _GSINIT
                                     37 ;--------------------------------------------------------
                                     38 ; Home
                                     39 ;--------------------------------------------------------
                                     40 	.area _HOME
                                     41 	.area _HOME
                                     42 ;--------------------------------------------------------
                                     43 ; code
                                     44 ;--------------------------------------------------------
                                     45 	.area _CODE
                                     46 	.area _CODE
                                     47 	.area _INITIALIZER
                           000000    48 FToby_Tiles$__xinit_Toby_Tiles$0_0$0 == .
      000000                         49 __xinit__Toby_Tiles:
      000000 00                      50 	.db #0x00	; 0
      000001 00                      51 	.db #0x00	; 0
      000002 00                      52 	.db #0x00	; 0
      000003 00                      53 	.db #0x00	; 0
      000004 00                      54 	.db #0x00	; 0
      000005 00                      55 	.db #0x00	; 0
      000006 00                      56 	.db #0x00	; 0
      000007 00                      57 	.db #0x00	; 0
      000008 00                      58 	.db #0x00	; 0
      000009 00                      59 	.db #0x00	; 0
      00000A 00                      60 	.db #0x00	; 0
      00000B 00                      61 	.db #0x00	; 0
      00000C 00                      62 	.db #0x00	; 0
      00000D 00                      63 	.db #0x00	; 0
      00000E 00                      64 	.db #0x00	; 0
      00000F 00                      65 	.db #0x00	; 0
      000010 00                      66 	.db #0x00	; 0
      000011 00                      67 	.db #0x00	; 0
      000012 04                      68 	.db #0x04	; 4
      000013 06                      69 	.db #0x06	; 6
      000014 07                      70 	.db #0x07	; 7
      000015 07                      71 	.db #0x07	; 7
      000016 07                      72 	.db #0x07	; 7
      000017 03                      73 	.db #0x03	; 3
      000018 02                      74 	.db #0x02	; 2
      000019 02                      75 	.db #0x02	; 2
      00001A 01                      76 	.db #0x01	; 1
      00001B 02                      77 	.db #0x02	; 2
      00001C 03                      78 	.db #0x03	; 3
      00001D 01                      79 	.db #0x01	; 1
      00001E 01                      80 	.db #0x01	; 1
      00001F 01                      81 	.db #0x01	; 1
      000020 03                      82 	.db #0x03	; 3
      000021 05                      83 	.db #0x05	; 5
      000022 03                      84 	.db #0x03	; 3
      000023 02                      85 	.db #0x02	; 2
      000024 05                      86 	.db #0x05	; 5
      000025 07                      87 	.db #0x07	; 7
      000026 02                      88 	.db #0x02	; 2
      000027 04                      89 	.db #0x04	; 4
      000028 18                      90 	.db #0x18	; 24
      000029 08                      91 	.db #0x08	; 8
      00002A 00                      92 	.db #0x00	; 0
      00002B 10                      93 	.db #0x10	; 16
      00002C 10                      94 	.db #0x10	; 16
      00002D 10                      95 	.db #0x10	; 16
      00002E 16                      96 	.db #0x16	; 22
      00002F 10                      97 	.db #0x10	; 16
      000030 10                      98 	.db #0x10	; 16
      000031 12                      99 	.db #0x12	; 18
      000032 12                     100 	.db #0x12	; 18
      000033 12                     101 	.db #0x12	; 18
      000034 00                     102 	.db #0x00	; 0
      000035 12                     103 	.db #0x12	; 18
      000036 12                     104 	.db #0x12	; 18
      000037 03                     105 	.db #0x03	; 3
      000038 23                     106 	.db #0x23	; 35
      000039 03                     107 	.db #0x03	; 3
      00003A 06                     108 	.db #0x06	; 6
      00003B 22                     109 	.db #0x22	; 34
      00003C 22                     110 	.db #0x22	; 34
      00003D 26                     111 	.db #0x26	; 38
      00003E 23                     112 	.db #0x23	; 35
      00003F 26                     113 	.db #0x26	; 38
      000040 24                     114 	.db #0x24	; 36
      000041 22                     115 	.db #0x22	; 34
      000042 24                     116 	.db #0x24	; 36
      000043 22                     117 	.db #0x22	; 34
      000044 3E                     118 	.db #0x3e	; 62
      000045 2E                     119 	.db #0x2e	; 46
      000046 03                     120 	.db #0x03	; 3
      000047 32                     121 	.db #0x32	; 50	'2'
      000048 2E                     122 	.db #0x2e	; 46
      000049 2C                     123 	.db #0x2c	; 44
      00004A 30                     124 	.db #0x30	; 48	'0'
      00004B 30                     125 	.db #0x30	; 48	'0'
      00004C 60                     126 	.db #0x60	; 96
      00004D 20                     127 	.db #0x20	; 32
      00004E 40                     128 	.db #0x40	; 64
      00004F 40                     129 	.db #0x40	; 64
      000050 40                     130 	.db #0x40	; 64
      000051 40                     131 	.db #0x40	; 64
      000052 20                     132 	.db #0x20	; 32
      000053 40                     133 	.db #0x40	; 64
      000054 30                     134 	.db #0x30	; 48	'0'
      000055 20                     135 	.db #0x20	; 32
      000056 0F                     136 	.db #0x0f	; 15
      000057 1F                     137 	.db #0x1f	; 31
      000058 02                     138 	.db #0x02	; 2
      000059 02                     139 	.db #0x02	; 2
      00005A 02                     140 	.db #0x02	; 2
      00005B 02                     141 	.db #0x02	; 2
      00005C 00                     142 	.db #0x00	; 0
      00005D 02                     143 	.db #0x02	; 2
      00005E 01                     144 	.db #0x01	; 1
      00005F 02                     145 	.db #0x02	; 2
      000060 02                     146 	.db #0x02	; 2
      000061 01                     147 	.db #0x01	; 1
      000062 02                     148 	.db #0x02	; 2
      000063 01                     149 	.db #0x01	; 1
      000064 00                     150 	.db #0x00	; 0
      000065 02                     151 	.db #0x02	; 2
      000066 02                     152 	.db #0x02	; 2
      000067 02                     153 	.db #0x02	; 2
      000068 02                     154 	.db #0x02	; 2
      000069 02                     155 	.db #0x02	; 2
      00006A 03                     156 	.db #0x03	; 3
      00006B 03                     157 	.db #0x03	; 3
      00006C 02                     158 	.db #0x02	; 2
      00006D 02                     159 	.db #0x02	; 2
      00006E 03                     160 	.db #0x03	; 3
      00006F 02                     161 	.db #0x02	; 2
      000070 03                     162 	.db #0x03	; 3
      000071 01                     163 	.db #0x01	; 1
      000072 03                     164 	.db #0x03	; 3
      000073 01                     165 	.db #0x01	; 1
      000074 01                     166 	.db #0x01	; 1
      000075 03                     167 	.db #0x03	; 3
      000076 01                     168 	.db #0x01	; 1
      000077 02                     169 	.db #0x02	; 2
      000078 02                     170 	.db #0x02	; 2
      000079 04                     171 	.db #0x04	; 4
      00007A 18                     172 	.db #0x18	; 24
      00007B 08                     173 	.db #0x08	; 8
      00007C 19                     174 	.db #0x19	; 25
      00007D 10                     175 	.db #0x10	; 16
      00007E 16                     176 	.db #0x16	; 22
      00007F 0F                     177 	.db #0x0f	; 15
      000080 00                     178 	.db #0x00	; 0
      000081 00                     179 	.db #0x00	; 0
      000082 00                     180 	.db #0x00	; 0
      000083 00                     181 	.db #0x00	; 0
      000084 A0                     182 	.db #0xa0	; 160
      000085 C0                     183 	.db #0xc0	; 192
      000086 1C                     184 	.db #0x1c	; 28
      000087 BC                     185 	.db #0xbc	; 188
      000088 03                     186 	.db #0x03	; 3
      000089 03                     187 	.db #0x03	; 3
      00008A 00                     188 	.db #0x00	; 0
      00008B 00                     189 	.db #0x00	; 0
      00008C 80                     190 	.db #0x80	; 128
      00008D 00                     191 	.db #0x00	; 0
      00008E 00                     192 	.db #0x00	; 0
      00008F 00                     193 	.db #0x00	; 0
      000090 80                     194 	.db #0x80	; 128
      000091 80                     195 	.db #0x80	; 128
      000092 49                     196 	.db #0x49	; 73	'I'
      000093 4E                     197 	.db #0x4e	; 78	'N'
      000094 8A                     198 	.db #0x8a	; 138
      000095 02                     199 	.db #0x02	; 2
      000096 82                     200 	.db #0x82	; 130
      000097 81                     201 	.db #0x81	; 129
      000098 87                     202 	.db #0x87	; 135
      000099 8F                     203 	.db #0x8f	; 143
      00009A FC                     204 	.db #0xfc	; 252
      00009B 70                     205 	.db #0x70	; 112	'p'
      00009C 40                     206 	.db #0x40	; 64
      00009D 60                     207 	.db #0x60	; 96
      00009E 00                     208 	.db #0x00	; 0
      00009F 00                     209 	.db #0x00	; 0
      0000A0 00                     210 	.db #0x00	; 0
      0000A1 00                     211 	.db #0x00	; 0
      0000A2 00                     212 	.db #0x00	; 0
      0000A3 00                     213 	.db #0x00	; 0
      0000A4 00                     214 	.db #0x00	; 0
      0000A5 00                     215 	.db #0x00	; 0
      0000A6 00                     216 	.db #0x00	; 0
      0000A7 00                     217 	.db #0x00	; 0
      0000A8 CF                     218 	.db #0xcf	; 207
      0000A9 F0                     219 	.db #0xf0	; 240
      0000AA 00                     220 	.db #0x00	; 0
      0000AB 00                     221 	.db #0x00	; 0
      0000AC 00                     222 	.db #0x00	; 0
      0000AD 00                     223 	.db #0x00	; 0
      0000AE 3F                     224 	.db #0x3f	; 63
      0000AF FF                     225 	.db #0xff	; 255
      0000B0 00                     226 	.db #0x00	; 0
      0000B1 00                     227 	.db #0x00	; 0
      0000B2 00                     228 	.db #0x00	; 0
      0000B3 00                     229 	.db #0x00	; 0
      0000B4 00                     230 	.db #0x00	; 0
      0000B5 00                     231 	.db #0x00	; 0
      0000B6 00                     232 	.db #0x00	; 0
      0000B7 00                     233 	.db #0x00	; 0
      0000B8 C0                     234 	.db #0xc0	; 192
      0000B9 C0                     235 	.db #0xc0	; 192
      0000BA 20                     236 	.db #0x20	; 32
      0000BB 20                     237 	.db #0x20	; 32
      0000BC 29                     238 	.db #0x29	; 41
      0000BD 29                     239 	.db #0x29	; 41
      0000BE 2D                     240 	.db #0x2d	; 45
      0000BF 2D                     241 	.db #0x2d	; 45
      0000C0 2A                     242 	.db #0x2a	; 42
      0000C1 2C                     243 	.db #0x2c	; 44
      0000C2 3B                     244 	.db #0x3b	; 59
      0000C3 3F                     245 	.db #0x3f	; 63
      0000C4 49                     246 	.db #0x49	; 73	'I'
      0000C5 42                     247 	.db #0x42	; 66	'B'
      0000C6 89                     248 	.db #0x89	; 137
      0000C7 91                     249 	.db #0x91	; 145
      0000C8 09                     250 	.db #0x09	; 9
      0000C9 11                     251 	.db #0x11	; 17
      0000CA 90                     252 	.db #0x90	; 144
      0000CB 11                     253 	.db #0x11	; 17
      0000CC 91                     254 	.db #0x91	; 145
      0000CD 50                     255 	.db #0x50	; 80	'P'
      0000CE 00                     256 	.db #0x00	; 0
      0000CF 10                     257 	.db #0x10	; 16
      0000D0 C0                     258 	.db #0xc0	; 192
      0000D1 10                     259 	.db #0x10	; 16
      0000D2 00                     260 	.db #0x00	; 0
      0000D3 10                     261 	.db #0x10	; 16
      0000D4 10                     262 	.db #0x10	; 16
      0000D5 10                     263 	.db #0x10	; 16
      0000D6 10                     264 	.db #0x10	; 16
      0000D7 10                     265 	.db #0x10	; 16
      0000D8 10                     266 	.db #0x10	; 16
      0000D9 10                     267 	.db #0x10	; 16
      0000DA 10                     268 	.db #0x10	; 16
      0000DB F0                     269 	.db #0xf0	; 240
      0000DC 10                     270 	.db #0x10	; 16
      0000DD 20                     271 	.db #0x20	; 32
      0000DE 10                     272 	.db #0x10	; 16
      0000DF 20                     273 	.db #0x20	; 32
      0000E0 20                     274 	.db #0x20	; 32
      0000E1 20                     275 	.db #0x20	; 32
      0000E2 20                     276 	.db #0x20	; 32
      0000E3 20                     277 	.db #0x20	; 32
      0000E4 20                     278 	.db #0x20	; 32
      0000E5 20                     279 	.db #0x20	; 32
      0000E6 10                     280 	.db #0x10	; 16
      0000E7 20                     281 	.db #0x20	; 32
      0000E8 10                     282 	.db #0x10	; 16
      0000E9 20                     283 	.db #0x20	; 32
      0000EA 40                     284 	.db #0x40	; 64
      0000EB 60                     285 	.db #0x60	; 96
      0000EC C0                     286 	.db #0xc0	; 192
      0000ED 80                     287 	.db #0x80	; 128
      0000EE 00                     288 	.db #0x00	; 0
      0000EF 00                     289 	.db #0x00	; 0
      0000F0 00                     290 	.db #0x00	; 0
      0000F1 00                     291 	.db #0x00	; 0
      0000F2 00                     292 	.db #0x00	; 0
      0000F3 00                     293 	.db #0x00	; 0
      0000F4 00                     294 	.db #0x00	; 0
      0000F5 00                     295 	.db #0x00	; 0
      0000F6 00                     296 	.db #0x00	; 0
      0000F7 00                     297 	.db #0x00	; 0
      0000F8 E0                     298 	.db #0xe0	; 224
      0000F9 C0                     299 	.db #0xc0	; 192
      0000FA 3A                     300 	.db #0x3a	; 58
      0000FB 3C                     301 	.db #0x3c	; 60
      0000FC 3F                     302 	.db #0x3f	; 63
      0000FD 3E                     303 	.db #0x3e	; 62
      0000FE 18                     304 	.db #0x18	; 24
      0000FF 30                     305 	.db #0x30	; 48	'0'
      000100 60                     306 	.db #0x60	; 96
      000101 40                     307 	.db #0x40	; 64
      000102 40                     308 	.db #0x40	; 64
      000103 60                     309 	.db #0x60	; 96
      000104 E0                     310 	.db #0xe0	; 224
      000105 A0                     311 	.db #0xa0	; 160
      000106 38                     312 	.db #0x38	; 56	'8'
      000107 70                     313 	.db #0x70	; 112	'p'
      000108 EC                     314 	.db #0xec	; 236
      000109 68                     315 	.db #0x68	; 104	'h'
      00010A 04                     316 	.db #0x04	; 4
      00010B 04                     317 	.db #0x04	; 4
      00010C 16                     318 	.db #0x16	; 22
      00010D 04                     319 	.db #0x04	; 4
      00010E 12                     320 	.db #0x12	; 18
      00010F 14                     321 	.db #0x14	; 20
      000110 22                     322 	.db #0x22	; 34
      000111 34                     323 	.db #0x34	; 52	'4'
      000112 02                     324 	.db #0x02	; 2
      000113 24                     325 	.db #0x24	; 36
      000114 24                     326 	.db #0x24	; 36
      000115 02                     327 	.db #0x02	; 2
      000116 62                     328 	.db #0x62	; 98	'b'
      000117 12                     329 	.db #0x12	; 18
      000118 33                     330 	.db #0x33	; 51	'3'
      000119 F2                     331 	.db #0xf2	; 242
      00011A 3A                     332 	.db #0x3a	; 58
      00011B 31                     333 	.db #0x31	; 49	'1'
      00011C 09                     334 	.db #0x09	; 9
      00011D 11                     335 	.db #0x11	; 17
      00011E E9                     336 	.db #0xe9	; 233
      00011F F1                     337 	.db #0xf1	; 241
      000120 11                     338 	.db #0x11	; 17
      000121 09                     339 	.db #0x09	; 9
      000122 09                     340 	.db #0x09	; 9
      000123 09                     341 	.db #0x09	; 9
      000124 1F                     342 	.db #0x1f	; 31
      000125 1F                     343 	.db #0x1f	; 31
      000126 31                     344 	.db #0x31	; 49	'1'
      000127 31                     345 	.db #0x31	; 49	'1'
      000128 4F                     346 	.db #0x4f	; 79	'O'
      000129 C7                     347 	.db #0xc7	; 199
      00012A 81                     348 	.db #0x81	; 129
      00012B 80                     349 	.db #0x80	; 128
      00012C 80                     350 	.db #0x80	; 128
      00012D 00                     351 	.db #0x00	; 0
      00012E 80                     352 	.db #0x80	; 128
      00012F 00                     353 	.db #0x00	; 0
      000130 80                     354 	.db #0x80	; 128
      000131 80                     355 	.db #0x80	; 128
      000132 C1                     356 	.db #0xc1	; 193
      000133 80                     357 	.db #0x80	; 128
      000134 7F                     358 	.db #0x7f	; 127
      000135 63                     359 	.db #0x63	; 99	'c'
      000136 1C                     360 	.db #0x1c	; 28
      000137 1C                     361 	.db #0x1c	; 28
      000138 88                     362 	.db #0x88	; 136
      000139 0C                     363 	.db #0x0c	; 12
      00013A 88                     364 	.db #0x88	; 136
      00013B 0C                     365 	.db #0x0c	; 12
      00013C 0C                     366 	.db #0x0c	; 12
      00013D CC                     367 	.db #0xcc	; 204
      00013E AA                     368 	.db #0xaa	; 170
      00013F 8E                     369 	.db #0x8e	; 142
      000140 C9                     370 	.db #0xc9	; 201
      000141 55                     371 	.db #0x55	; 85	'U'
      000142 C4                     372 	.db #0xc4	; 196
      000143 44                     373 	.db #0x44	; 68	'D'
      000144 C2                     374 	.db #0xc2	; 194
      000145 44                     375 	.db #0x44	; 68	'D'
      000146 C2                     376 	.db #0xc2	; 194
      000147 40                     377 	.db #0x40	; 64
      000148 42                     378 	.db #0x42	; 66	'B'
      000149 44                     379 	.db #0x44	; 68	'D'
      00014A 5E                     380 	.db #0x5e	; 94
      00014B 7C                     381 	.db #0x7c	; 124
      00014C 22                     382 	.db #0x22	; 34
      00014D 44                     383 	.db #0x44	; 68	'D'
      00014E 22                     384 	.db #0x22	; 34
      00014F 24                     385 	.db #0x24	; 36
      000150 30                     386 	.db #0x30	; 48	'0'
      000151 24                     387 	.db #0x24	; 36
      000152 10                     388 	.db #0x10	; 16
      000153 24                     389 	.db #0x24	; 36
      000154 26                     390 	.db #0x26	; 38
      000155 22                     391 	.db #0x22	; 34
      000156 26                     392 	.db #0x26	; 38
      000157 22                     393 	.db #0x22	; 34
      000158 33                     394 	.db #0x33	; 51	'3'
      000159 21                     395 	.db #0x21	; 33
      00015A 28                     396 	.db #0x28	; 40
      00015B 10                     397 	.db #0x10	; 16
      00015C 0C                     398 	.db #0x0c	; 12
      00015D 0C                     399 	.db #0x0c	; 12
      00015E 07                     400 	.db #0x07	; 7
      00015F 03                     401 	.db #0x03	; 3
      000160 00                     402 	.db #0x00	; 0
      000161 00                     403 	.db #0x00	; 0
      000162 00                     404 	.db #0x00	; 0
      000163 00                     405 	.db #0x00	; 0
      000164 00                     406 	.db #0x00	; 0
      000165 00                     407 	.db #0x00	; 0
      000166 80                     408 	.db #0x80	; 128
      000167 80                     409 	.db #0x80	; 128
      000168 60                     410 	.db #0x60	; 96
      000169 40                     411 	.db #0x40	; 64
      00016A A0                     412 	.db #0xa0	; 160
      00016B A0                     413 	.db #0xa0	; 160
      00016C B0                     414 	.db #0xb0	; 176
      00016D 90                     415 	.db #0x90	; 144
      00016E 90                     416 	.db #0x90	; 144
      00016F 50                     417 	.db #0x50	; 80	'P'
      000170 88                     418 	.db #0x88	; 136
      000171 48                     419 	.db #0x48	; 72	'H'
      000172 88                     420 	.db #0x88	; 136
      000173 88                     421 	.db #0x88	; 136
      000174 0C                     422 	.db #0x0c	; 12
      000175 04                     423 	.db #0x04	; 4
      000176 0C                     424 	.db #0x0c	; 12
      000177 04                     425 	.db #0x04	; 4
      000178 04                     426 	.db #0x04	; 4
      000179 04                     427 	.db #0x04	; 4
      00017A 04                     428 	.db #0x04	; 4
      00017B 0C                     429 	.db #0x0c	; 12
      00017C 14                     430 	.db #0x14	; 20
      00017D 0C                     431 	.db #0x0c	; 12
      00017E 94                     432 	.db #0x94	; 148
      00017F 1C                     433 	.db #0x1c	; 28
      000180 D4                     434 	.db #0xd4	; 212
      000181 A4                     435 	.db #0xa4	; 164
      000182 66                     436 	.db #0x66	; 102	'f'
      000183 F2                     437 	.db #0xf2	; 242
      000184 1E                     438 	.db #0x1e	; 30
      000185 1C                     439 	.db #0x1c	; 28
      000186 00                     440 	.db #0x00	; 0
      000187 00                     441 	.db #0x00	; 0
      000188 00                     442 	.db #0x00	; 0
      000189 00                     443 	.db #0x00	; 0
      00018A 00                     444 	.db #0x00	; 0
      00018B 00                     445 	.db #0x00	; 0
      00018C 00                     446 	.db #0x00	; 0
      00018D 00                     447 	.db #0x00	; 0
      00018E 00                     448 	.db #0x00	; 0
      00018F 00                     449 	.db #0x00	; 0
      000190 00                     450 	.db #0x00	; 0
      000191 00                     451 	.db #0x00	; 0
      000192 00                     452 	.db #0x00	; 0
      000193 00                     453 	.db #0x00	; 0
      000194 00                     454 	.db #0x00	; 0
      000195 00                     455 	.db #0x00	; 0
      000196 00                     456 	.db #0x00	; 0
      000197 00                     457 	.db #0x00	; 0
      000198 00                     458 	.db #0x00	; 0
      000199 00                     459 	.db #0x00	; 0
      00019A 80                     460 	.db #0x80	; 128
      00019B 80                     461 	.db #0x80	; 128
      00019C C0                     462 	.db #0xc0	; 192
      00019D 40                     463 	.db #0x40	; 64
      00019E 00                     464 	.db #0x00	; 0
      00019F C0                     465 	.db #0xc0	; 192
      0001A0 00                     466 	.db #0x00	; 0
      0001A1 00                     467 	.db #0x00	; 0
      0001A2 00                     468 	.db #0x00	; 0
      0001A3 00                     469 	.db #0x00	; 0
      0001A4 00                     470 	.db #0x00	; 0
      0001A5 00                     471 	.db #0x00	; 0
      0001A6 00                     472 	.db #0x00	; 0
      0001A7 00                     473 	.db #0x00	; 0
      0001A8 00                     474 	.db #0x00	; 0
      0001A9 00                     475 	.db #0x00	; 0
      0001AA 00                     476 	.db #0x00	; 0
      0001AB 00                     477 	.db #0x00	; 0
      0001AC 00                     478 	.db #0x00	; 0
      0001AD 00                     479 	.db #0x00	; 0
      0001AE 00                     480 	.db #0x00	; 0
      0001AF 00                     481 	.db #0x00	; 0
                                    482 	.area _CABS (ABS)
