                                      1 ;--------------------------------------------------------
                                      2 ; File Created by SDCC : free open source ISO C Compiler 
                                      3 ; Version 4.4.1 #14650 (MINGW64)
                                      4 ;--------------------------------------------------------
                                      5 	.module Wally_Tiles
                                      6 	.optsdcc -msm83
                                      7 	
                                      8 ;--------------------------------------------------------
                                      9 ; Public variables in this module
                                     10 ;--------------------------------------------------------
                                     11 	.globl _WallyTiles
                                     12 ;--------------------------------------------------------
                                     13 ; special function registers
                                     14 ;--------------------------------------------------------
                                     15 ;--------------------------------------------------------
                                     16 ; ram data
                                     17 ;--------------------------------------------------------
                                     18 	.area _DATA
                                     19 ;--------------------------------------------------------
                                     20 ; ram data
                                     21 ;--------------------------------------------------------
                                     22 	.area _INITIALIZED
                         00000000    23 G$WallyTiles$0_0$0==.
    00000000                         24 _WallyTiles::
    00000000                         25 	.ds 448
                                     26 ;--------------------------------------------------------
                                     27 ; absolute external ram data
                                     28 ;--------------------------------------------------------
                                     29 	.area _DABS (ABS)
                                     30 ;--------------------------------------------------------
                                     31 ; global & static initialisations
                                     32 ;--------------------------------------------------------
                                     33 	.area _HOME
                                     34 	.area _GSINIT
                                     35 	.area _GSFINAL
                                     36 	.area _GSINIT
                                     37 ;--------------------------------------------------------
                                     38 ; Home
                                     39 ;--------------------------------------------------------
                                     40 	.area _HOME
                                     41 	.area _HOME
                                     42 ;--------------------------------------------------------
                                     43 ; code
                                     44 ;--------------------------------------------------------
                                     45 	.area _CODE
                                     46 	.area _CODE
                                     47 	.area _INITIALIZER
                         00000000    48 FWally_Tiles$__xinit_WallyTiles$0_0$0 == .
    00000000                         49 __xinit__WallyTiles:
    00000000 00                      50 	.db #0x00	; 0
    00000001 00                      51 	.db #0x00	; 0
    00000002 00                      52 	.db #0x00	; 0
    00000003 00                      53 	.db #0x00	; 0
    00000004 03                      54 	.db #0x03	; 3
    00000005 01                      55 	.db #0x01	; 1
    00000006 06                      56 	.db #0x06	; 6
    00000007 02                      57 	.db #0x02	; 2
    00000008 0C                      58 	.db #0x0c	; 12
    00000009 04                      59 	.db #0x04	; 4
    0000000A 09                      60 	.db #0x09	; 9
    0000000B 08                      61 	.db #0x08	; 8
    0000000C 0E                      62 	.db #0x0e	; 14
    0000000D 0F                      63 	.db #0x0f	; 15
    0000000E 0B                      64 	.db #0x0b	; 11
    0000000F 0D                      65 	.db #0x0d	; 13
    00000010 0D                      66 	.db #0x0d	; 13
    00000011 05                      67 	.db #0x05	; 5
    00000012 06                      68 	.db #0x06	; 6
    00000013 06                      69 	.db #0x06	; 6
    00000014 0C                      70 	.db #0x0c	; 12
    00000015 04                      71 	.db #0x04	; 4
    00000016 18                      72 	.db #0x18	; 24
    00000017 08                      73 	.db #0x08	; 8
    00000018 30                      74 	.db #0x30	; 48	'0'
    00000019 30                      75 	.db #0x30	; 48	'0'
    0000001A C3                      76 	.db #0xc3	; 195
    0000001B 43                      77 	.db #0x43	; 67	'C'
    0000001C AC                      78 	.db #0xac	; 172
    0000001D AC                      79 	.db #0xac	; 172
    0000001E D2                      80 	.db #0xd2	; 210
    0000001F D2                      81 	.db #0xd2	; 210
    00000020 30                      82 	.db #0x30	; 48	'0'
    00000021 30                      83 	.db #0x30	; 48	'0'
    00000022 0E                      84 	.db #0x0e	; 14
    00000023 0E                      85 	.db #0x0e	; 14
    00000024 02                      86 	.db #0x02	; 2
    00000025 02                      87 	.db #0x02	; 2
    00000026 02                      88 	.db #0x02	; 2
    00000027 02                      89 	.db #0x02	; 2
    00000028 05                      90 	.db #0x05	; 5
    00000029 05                      91 	.db #0x05	; 5
    0000002A 05                      92 	.db #0x05	; 5
    0000002B 06                      93 	.db #0x06	; 6
    0000002C 0F                      94 	.db #0x0f	; 15
    0000002D 07                      95 	.db #0x07	; 7
    0000002E 0C                      96 	.db #0x0c	; 12
    0000002F 08                      97 	.db #0x08	; 8
    00000030 0F                      98 	.db #0x0f	; 15
    00000031 0F                      99 	.db #0x0f	; 15
    00000032 0C                     100 	.db #0x0c	; 12
    00000033 08                     101 	.db #0x08	; 8
    00000034 08                     102 	.db #0x08	; 8
    00000035 08                     103 	.db #0x08	; 8
    00000036 08                     104 	.db #0x08	; 8
    00000037 08                     105 	.db #0x08	; 8
    00000038 18                     106 	.db #0x18	; 24
    00000039 10                     107 	.db #0x10	; 16
    0000003A 10                     108 	.db #0x10	; 16
    0000003B 10                     109 	.db #0x10	; 16
    0000003C 10                     110 	.db #0x10	; 16
    0000003D 10                     111 	.db #0x10	; 16
    0000003E 10                     112 	.db #0x10	; 16
    0000003F 10                     113 	.db #0x10	; 16
    00000040 21                     114 	.db #0x21	; 33
    00000041 21                     115 	.db #0x21	; 33
    00000042 21                     116 	.db #0x21	; 33
    00000043 21                     117 	.db #0x21	; 33
    00000044 3E                     118 	.db #0x3e	; 62
    00000045 2A                     119 	.db #0x2a	; 42
    00000046 57                     120 	.db #0x57	; 87	'W'
    00000047 57                     121 	.db #0x57	; 87	'W'
    00000048 54                     122 	.db #0x54	; 84	'T'
    00000049 56                     123 	.db #0x56	; 86	'V'
    0000004A 4C                     124 	.db #0x4c	; 76	'L'
    0000004B 4E                     125 	.db #0x4e	; 78	'N'
    0000004C 64                     126 	.db #0x64	; 100	'd'
    0000004D 46                     127 	.db #0x46	; 70	'F'
    0000004E 3C                     128 	.db #0x3c	; 60
    0000004F 3E                     129 	.db #0x3e	; 62
    00000050 24                     130 	.db #0x24	; 36
    00000051 26                     131 	.db #0x26	; 38
    00000052 1C                     132 	.db #0x1c	; 28
    00000053 1E                     133 	.db #0x1e	; 30
    00000054 0C                     134 	.db #0x0c	; 12
    00000055 0E                     135 	.db #0x0e	; 14
    00000056 03                     136 	.db #0x03	; 3
    00000057 02                     137 	.db #0x02	; 2
    00000058 01                     138 	.db #0x01	; 1
    00000059 01                     139 	.db #0x01	; 1
    0000005A 00                     140 	.db #0x00	; 0
    0000005B 00                     141 	.db #0x00	; 0
    0000005C 00                     142 	.db #0x00	; 0
    0000005D 00                     143 	.db #0x00	; 0
    0000005E 00                     144 	.db #0x00	; 0
    0000005F 00                     145 	.db #0x00	; 0
    00000060 7F                     146 	.db #0x7f	; 127
    00000061 7F                     147 	.db #0x7f	; 127
    00000062 C0                     148 	.db #0xc0	; 192
    00000063 80                     149 	.db #0x80	; 128
    00000064 00                     150 	.db #0x00	; 0
    00000065 00                     151 	.db #0x00	; 0
    00000066 00                     152 	.db #0x00	; 0
    00000067 00                     153 	.db #0x00	; 0
    00000068 40                     154 	.db #0x40	; 64
    00000069 40                     155 	.db #0x40	; 64
    0000006A E0                     156 	.db #0xe0	; 224
    0000006B A0                     157 	.db #0xa0	; 160
    0000006C A0                     158 	.db #0xa0	; 160
    0000006D A0                     159 	.db #0xa0	; 160
    0000006E 61                     160 	.db #0x61	; 97	'a'
    0000006F 41                     161 	.db #0x41	; 65	'A'
    00000070 F6                     162 	.db #0xf6	; 246
    00000071 F6                     163 	.db #0xf6	; 246
    00000072 1B                     164 	.db #0x1b	; 27
    00000073 0B                     165 	.db #0x0b	; 11
    00000074 17                     166 	.db #0x17	; 23
    00000075 17                     167 	.db #0x17	; 23
    00000076 3C                     168 	.db #0x3c	; 60
    00000077 2D                     169 	.db #0x2d	; 45
    00000078 30                     170 	.db #0x30	; 48	'0'
    00000079 30                     171 	.db #0x30	; 48	'0'
    0000007A E0                     172 	.db #0xe0	; 224
    0000007B E0                     173 	.db #0xe0	; 224
    0000007C 31                     174 	.db #0x31	; 49	'1'
    0000007D 21                     175 	.db #0x21	; 33
    0000007E 31                     176 	.db #0x31	; 49	'1'
    0000007F 21                     177 	.db #0x21	; 33
    00000080 1E                     178 	.db #0x1e	; 30
    00000081 1E                     179 	.db #0x1e	; 30
    00000082 04                     180 	.db #0x04	; 4
    00000083 04                     181 	.db #0x04	; 4
    00000084 84                     182 	.db #0x84	; 132
    00000085 04                     183 	.db #0x04	; 4
    00000086 84                     184 	.db #0x84	; 132
    00000087 84                     185 	.db #0x84	; 132
    00000088 D6                     186 	.db #0xd6	; 214
    00000089 D4                     187 	.db #0xd4	; 212
    0000008A 3B                     188 	.db #0x3b	; 59
    0000008B 2F                     189 	.db #0x2f	; 47
    0000008C 3F                     190 	.db #0x3f	; 63
    0000008D 3F                     191 	.db #0x3f	; 63
    0000008E 60                     192 	.db #0x60	; 96
    0000008F 40                     193 	.db #0x40	; 64
    00000090 40                     194 	.db #0x40	; 64
    00000091 C0                     195 	.db #0xc0	; 192
    00000092 80                     196 	.db #0x80	; 128
    00000093 80                     197 	.db #0x80	; 128
    00000094 80                     198 	.db #0x80	; 128
    00000095 80                     199 	.db #0x80	; 128
    00000096 8F                     200 	.db #0x8f	; 143
    00000097 8F                     201 	.db #0x8f	; 143
    00000098 94                     202 	.db #0x94	; 148
    00000099 90                     203 	.db #0x90	; 144
    0000009A E9                     204 	.db #0xe9	; 233
    0000009B 61                     205 	.db #0x61	; 97	'a'
    0000009C 7F                     206 	.db #0x7f	; 127
    0000009D 7E                     207 	.db #0x7e	; 126
    0000009E CB                     208 	.db #0xcb	; 203
    0000009F 87                     209 	.db #0x87	; 135
    000000A0 AC                     210 	.db #0xac	; 172
    000000A1 9C                     211 	.db #0x9c	; 156
    000000A2 37                     212 	.db #0x37	; 55	'7'
    000000A3 F7                     213 	.db #0xf7	; 247
    000000A4 CF                     214 	.db #0xcf	; 207
    000000A5 C9                     215 	.db #0xc9	; 201
    000000A6 1F                     216 	.db #0x1f	; 31
    000000A7 12                     217 	.db #0x12	; 18
    000000A8 1C                     218 	.db #0x1c	; 28
    000000A9 1C                     219 	.db #0x1c	; 28
    000000AA 1B                     220 	.db #0x1b	; 27
    000000AB 13                     221 	.db #0x13	; 19
    000000AC 0D                     222 	.db #0x0d	; 13
    000000AD 0D                     223 	.db #0x0d	; 13
    000000AE 07                     224 	.db #0x07	; 7
    000000AF 05                     225 	.db #0x05	; 5
    000000B0 03                     226 	.db #0x03	; 3
    000000B1 02                     227 	.db #0x02	; 2
    000000B2 02                     228 	.db #0x02	; 2
    000000B3 02                     229 	.db #0x02	; 2
    000000B4 02                     230 	.db #0x02	; 2
    000000B5 02                     231 	.db #0x02	; 2
    000000B6 07                     232 	.db #0x07	; 7
    000000B7 04                     233 	.db #0x04	; 4
    000000B8 FE                     234 	.db #0xfe	; 254
    000000B9 FE                     235 	.db #0xfe	; 254
    000000BA 03                     236 	.db #0x03	; 3
    000000BB 03                     237 	.db #0x03	; 3
    000000BC 00                     238 	.db #0x00	; 0
    000000BD 00                     239 	.db #0x00	; 0
    000000BE 00                     240 	.db #0x00	; 0
    000000BF 00                     241 	.db #0x00	; 0
    000000C0 00                     242 	.db #0x00	; 0
    000000C1 80                     243 	.db #0x80	; 128
    000000C2 40                     244 	.db #0x40	; 64
    000000C3 C0                     245 	.db #0xc0	; 192
    000000C4 40                     246 	.db #0x40	; 64
    000000C5 40                     247 	.db #0x40	; 64
    000000C6 20                     248 	.db #0x20	; 32
    000000C7 20                     249 	.db #0x20	; 32
    000000C8 20                     250 	.db #0x20	; 32
    000000C9 20                     251 	.db #0x20	; 32
    000000CA 30                     252 	.db #0x30	; 48	'0'
    000000CB 20                     253 	.db #0x20	; 32
    000000CC 50                     254 	.db #0x50	; 80	'P'
    000000CD 50                     255 	.db #0x50	; 80	'P'
    000000CE 9E                     256 	.db #0x9e	; 158
    000000CF 9E                     257 	.db #0x9e	; 158
    000000D0 72                     258 	.db #0x72	; 114	'r'
    000000D1 72                     259 	.db #0x72	; 114	'r'
    000000D2 E2                     260 	.db #0xe2	; 226
    000000D3 E2                     261 	.db #0xe2	; 226
    000000D4 FF                     262 	.db #0xff	; 255
    000000D5 FF                     263 	.db #0xff	; 255
    000000D6 F9                     264 	.db #0xf9	; 249
    000000D7 F8                     265 	.db #0xf8	; 248
    000000D8 F8                     266 	.db #0xf8	; 248
    000000D9 F8                     267 	.db #0xf8	; 248
    000000DA F0                     268 	.db #0xf0	; 240
    000000DB B0                     269 	.db #0xb0	; 176
    000000DC 01                     270 	.db #0x01	; 1
    000000DD 01                     271 	.db #0x01	; 1
    000000DE 8E                     272 	.db #0x8e	; 142
    000000DF 07                     273 	.db #0x07	; 7
    000000E0 78                     274 	.db #0x78	; 120	'x'
    000000E1 F9                     275 	.db #0xf9	; 249
    000000E2 AE                     276 	.db #0xae	; 174
    000000E3 8F                     277 	.db #0x8f	; 143
    000000E4 FA                     278 	.db #0xfa	; 250
    000000E5 73                     279 	.db #0x73	; 115	's'
    000000E6 29                     280 	.db #0x29	; 41
    000000E7 1D                     281 	.db #0x1d	; 29
    000000E8 30                     282 	.db #0x30	; 48	'0'
    000000E9 30                     283 	.db #0x30	; 48	'0'
    000000EA C0                     284 	.db #0xc0	; 192
    000000EB C0                     285 	.db #0xc0	; 192
    000000EC 1E                     286 	.db #0x1e	; 30
    000000ED 1F                     287 	.db #0x1f	; 31
    000000EE 60                     288 	.db #0x60	; 96
    000000EF 20                     289 	.db #0x20	; 32
    000000F0 40                     290 	.db #0x40	; 64
    000000F1 40                     291 	.db #0x40	; 64
    000000F2 41                     292 	.db #0x41	; 65	'A'
    000000F3 41                     293 	.db #0x41	; 65	'A'
    000000F4 46                     294 	.db #0x46	; 70	'F'
    000000F5 46                     295 	.db #0x46	; 70	'F'
    000000F6 BB                     296 	.db #0xbb	; 187
    000000F7 BB                     297 	.db #0xbb	; 187
    000000F8 6C                     298 	.db #0x6c	; 108	'l'
    000000F9 6C                     299 	.db #0x6c	; 108	'l'
    000000FA 30                     300 	.db #0x30	; 48	'0'
    000000FB 30                     301 	.db #0x30	; 48	'0'
    000000FC C0                     302 	.db #0xc0	; 192
    000000FD C0                     303 	.db #0xc0	; 192
    000000FE 00                     304 	.db #0x00	; 0
    000000FF 00                     305 	.db #0x00	; 0
    00000100 00                     306 	.db #0x00	; 0
    00000101 00                     307 	.db #0x00	; 0
    00000102 00                     308 	.db #0x00	; 0
    00000103 00                     309 	.db #0x00	; 0
    00000104 80                     310 	.db #0x80	; 128
    00000105 80                     311 	.db #0x80	; 128
    00000106 80                     312 	.db #0x80	; 128
    00000107 80                     313 	.db #0x80	; 128
    00000108 80                     314 	.db #0x80	; 128
    00000109 80                     315 	.db #0x80	; 128
    0000010A 00                     316 	.db #0x00	; 0
    0000010B 00                     317 	.db #0x00	; 0
    0000010C 00                     318 	.db #0x00	; 0
    0000010D 00                     319 	.db #0x00	; 0
    0000010E 00                     320 	.db #0x00	; 0
    0000010F 00                     321 	.db #0x00	; 0
    00000110 83                     322 	.db #0x83	; 131
    00000111 83                     323 	.db #0x83	; 131
    00000112 DC                     324 	.db #0xdc	; 220
    00000113 CC                     325 	.db #0xcc	; 204
    00000114 F0                     326 	.db #0xf0	; 240
    00000115 70                     327 	.db #0x70	; 112	'p'
    00000116 E0                     328 	.db #0xe0	; 224
    00000117 E0                     329 	.db #0xe0	; 224
    00000118 60                     330 	.db #0x60	; 96
    00000119 20                     331 	.db #0x20	; 32
    0000011A C0                     332 	.db #0xc0	; 192
    0000011B C0                     333 	.db #0xc0	; 192
    0000011C 00                     334 	.db #0x00	; 0
    0000011D 00                     335 	.db #0x00	; 0
    0000011E 00                     336 	.db #0x00	; 0
    0000011F 00                     337 	.db #0x00	; 0
    00000120 00                     338 	.db #0x00	; 0
    00000121 00                     339 	.db #0x00	; 0
    00000122 00                     340 	.db #0x00	; 0
    00000123 00                     341 	.db #0x00	; 0
    00000124 06                     342 	.db #0x06	; 6
    00000125 06                     343 	.db #0x06	; 6
    00000126 07                     344 	.db #0x07	; 7
    00000127 05                     345 	.db #0x05	; 5
    00000128 04                     346 	.db #0x04	; 4
    00000129 04                     347 	.db #0x04	; 4
    0000012A 04                     348 	.db #0x04	; 4
    0000012B 04                     349 	.db #0x04	; 4
    0000012C 06                     350 	.db #0x06	; 6
    0000012D 02                     351 	.db #0x02	; 2
    0000012E 02                     352 	.db #0x02	; 2
    0000012F 02                     353 	.db #0x02	; 2
    00000130 02                     354 	.db #0x02	; 2
    00000131 02                     355 	.db #0x02	; 2
    00000132 04                     356 	.db #0x04	; 4
    00000133 04                     357 	.db #0x04	; 4
    00000134 04                     358 	.db #0x04	; 4
    00000135 04                     359 	.db #0x04	; 4
    00000136 88                     360 	.db #0x88	; 136
    00000137 CC                     361 	.db #0xcc	; 204
    00000138 F0                     362 	.db #0xf0	; 240
    00000139 F4                     363 	.db #0xf4	; 244
    0000013A 84                     364 	.db #0x84	; 132
    0000013B 80                     365 	.db #0x80	; 128
    0000013C 80                     366 	.db #0x80	; 128
    0000013D 80                     367 	.db #0x80	; 128
    0000013E 80                     368 	.db #0x80	; 128
    0000013F 80                     369 	.db #0x80	; 128
    00000140 81                     370 	.db #0x81	; 129
    00000141 81                     371 	.db #0x81	; 129
    00000142 87                     372 	.db #0x87	; 135
    00000143 86                     373 	.db #0x86	; 134
    00000144 B8                     374 	.db #0xb8	; 184
    00000145 B8                     375 	.db #0xb8	; 184
    00000146 D8                     376 	.db #0xd8	; 216
    00000147 48                     377 	.db #0x48	; 72	'H'
    00000148 F0                     378 	.db #0xf0	; 240
    00000149 F0                     379 	.db #0xf0	; 240
    0000014A 08                     380 	.db #0x08	; 8
    0000014B 08                     381 	.db #0x08	; 8
    0000014C 07                     382 	.db #0x07	; 7
    0000014D 0F                     383 	.db #0x0f	; 15
    0000014E 1B                     384 	.db #0x1b	; 27
    0000014F 19                     385 	.db #0x19	; 25
    00000150 6E                     386 	.db #0x6e	; 110	'n'
    00000151 6E                     387 	.db #0x6e	; 110	'n'
    00000152 B7                     388 	.db #0xb7	; 183
    00000153 B7                     389 	.db #0xb7	; 183
    00000154 C9                     390 	.db #0xc9	; 201
    00000155 C9                     391 	.db #0xc9	; 201
    00000156 07                     392 	.db #0x07	; 7
    00000157 0E                     393 	.db #0x0e	; 14
    00000158 0D                     394 	.db #0x0d	; 13
    00000159 08                     395 	.db #0x08	; 8
    0000015A 0D                     396 	.db #0x0d	; 13
    0000015B 09                     397 	.db #0x09	; 9
    0000015C 06                     398 	.db #0x06	; 6
    0000015D 06                     399 	.db #0x06	; 6
    0000015E 02                     400 	.db #0x02	; 2
    0000015F 02                     401 	.db #0x02	; 2
    00000160 02                     402 	.db #0x02	; 2
    00000161 02                     403 	.db #0x02	; 2
    00000162 03                     404 	.db #0x03	; 3
    00000163 02                     405 	.db #0x02	; 2
    00000164 03                     406 	.db #0x03	; 3
    00000165 03                     407 	.db #0x03	; 3
    00000166 02                     408 	.db #0x02	; 2
    00000167 02                     409 	.db #0x02	; 2
    00000168 0D                     410 	.db #0x0d	; 13
    00000169 05                     411 	.db #0x05	; 5
    0000016A 18                     412 	.db #0x18	; 24
    0000016B 18                     413 	.db #0x18	; 24
    0000016C 20                     414 	.db #0x20	; 32
    0000016D 20                     415 	.db #0x20	; 32
    0000016E C0                     416 	.db #0xc0	; 192
    0000016F C0                     417 	.db #0xc0	; 192
    00000170 00                     418 	.db #0x00	; 0
    00000171 00                     419 	.db #0x00	; 0
    00000172 00                     420 	.db #0x00	; 0
    00000173 00                     421 	.db #0x00	; 0
    00000174 00                     422 	.db #0x00	; 0
    00000175 00                     423 	.db #0x00	; 0
    00000176 00                     424 	.db #0x00	; 0
    00000177 00                     425 	.db #0x00	; 0
    00000178 80                     426 	.db #0x80	; 128
    00000179 80                     427 	.db #0x80	; 128
    0000017A 9C                     428 	.db #0x9c	; 156
    0000017B 9C                     429 	.db #0x9c	; 156
    0000017C 62                     430 	.db #0x62	; 98	'b'
    0000017D 62                     431 	.db #0x62	; 98	'b'
    0000017E 41                     432 	.db #0x41	; 65	'A'
    0000017F 41                     433 	.db #0x41	; 65	'A'
    00000180 B9                     434 	.db #0xb9	; 185
    00000181 99                     435 	.db #0x99	; 153
    00000182 E2                     436 	.db #0xe2	; 226
    00000183 A2                     437 	.db #0xa2	; 162
    00000184 42                     438 	.db #0x42	; 66	'B'
    00000185 42                     439 	.db #0x42	; 66	'B'
    00000186 BA                     440 	.db #0xba	; 186
    00000187 BA                     441 	.db #0xba	; 186
    00000188 42                     442 	.db #0x42	; 66	'B'
    00000189 42                     443 	.db #0x42	; 66	'B'
    0000018A BC                     444 	.db #0xbc	; 188
    0000018B B4                     445 	.db #0xb4	; 180
    0000018C 48                     446 	.db #0x48	; 72	'H'
    0000018D 48                     447 	.db #0x48	; 72	'H'
    0000018E 30                     448 	.db #0x30	; 48	'0'
    0000018F 30                     449 	.db #0x30	; 48	'0'
    00000190 C0                     450 	.db #0xc0	; 192
    00000191 C0                     451 	.db #0xc0	; 192
    00000192 00                     452 	.db #0x00	; 0
    00000193 00                     453 	.db #0x00	; 0
    00000194 00                     454 	.db #0x00	; 0
    00000195 00                     455 	.db #0x00	; 0
    00000196 00                     456 	.db #0x00	; 0
    00000197 00                     457 	.db #0x00	; 0
    00000198 00                     458 	.db #0x00	; 0
    00000199 00                     459 	.db #0x00	; 0
    0000019A E8                     460 	.db #0xe8	; 232
    0000019B F8                     461 	.db #0xf8	; 248
    0000019C 78                     462 	.db #0x78	; 120	'x'
    0000019D 38                     463 	.db #0x38	; 56	'8'
    0000019E CC                     464 	.db #0xcc	; 204
    0000019F C4                     465 	.db #0xc4	; 196
    000001A0 04                     466 	.db #0x04	; 4
    000001A1 04                     467 	.db #0x04	; 4
    000001A2 84                     468 	.db #0x84	; 132
    000001A3 84                     469 	.db #0x84	; 132
    000001A4 84                     470 	.db #0x84	; 132
    000001A5 84                     471 	.db #0x84	; 132
    000001A6 8C                     472 	.db #0x8c	; 140
    000001A7 84                     473 	.db #0x84	; 132
    000001A8 88                     474 	.db #0x88	; 136
    000001A9 88                     475 	.db #0x88	; 136
    000001AA 10                     476 	.db #0x10	; 16
    000001AB 10                     477 	.db #0x10	; 16
    000001AC 10                     478 	.db #0x10	; 16
    000001AD 10                     479 	.db #0x10	; 16
    000001AE E0                     480 	.db #0xe0	; 224
    000001AF E0                     481 	.db #0xe0	; 224
    000001B0 E0                     482 	.db #0xe0	; 224
    000001B1 A0                     483 	.db #0xa0	; 160
    000001B2 A0                     484 	.db #0xa0	; 160
    000001B3 A0                     485 	.db #0xa0	; 160
    000001B4 E0                     486 	.db #0xe0	; 224
    000001B5 E0                     487 	.db #0xe0	; 224
    000001B6 20                     488 	.db #0x20	; 32
    000001B7 20                     489 	.db #0x20	; 32
    000001B8 60                     490 	.db #0x60	; 96
    000001B9 20                     491 	.db #0x20	; 32
    000001BA C0                     492 	.db #0xc0	; 192
    000001BB C0                     493 	.db #0xc0	; 192
    000001BC 00                     494 	.db #0x00	; 0
    000001BD 00                     495 	.db #0x00	; 0
    000001BE 00                     496 	.db #0x00	; 0
    000001BF 00                     497 	.db #0x00	; 0
                                    498 	.area _CABS (ABS)
