                                      1 ;--------------------------------------------------------
                                      2 ; File Created by SDCC : free open source ISO C Compiler 
                                      3 ; Version 4.4.1 #14650 (MINGW64)
                                      4 ;--------------------------------------------------------
                                      5 	.module Wally_Map
                                      6 	.optsdcc -msm83
                                      7 	
                                      8 ;--------------------------------------------------------
                                      9 ; Public variables in this module
                                     10 ;--------------------------------------------------------
                                     11 	.globl _Wally_Map
                                     12 ;--------------------------------------------------------
                                     13 ; special function registers
                                     14 ;--------------------------------------------------------
                                     15 ;--------------------------------------------------------
                                     16 ; ram data
                                     17 ;--------------------------------------------------------
                                     18 	.area _DATA
                                     19 ;--------------------------------------------------------
                                     20 ; ram data
                                     21 ;--------------------------------------------------------
                                     22 	.area _INITIALIZED
                         00000000    23 G$Wally_Map$0_0$0==.
    00000000                         24 _Wally_Map::
    00000000                         25 	.ds 30
                                     26 ;--------------------------------------------------------
                                     27 ; absolute external ram data
                                     28 ;--------------------------------------------------------
                                     29 	.area _DABS (ABS)
                                     30 ;--------------------------------------------------------
                                     31 ; global & static initialisations
                                     32 ;--------------------------------------------------------
                                     33 	.area _HOME
                                     34 	.area _GSINIT
                                     35 	.area _GSFINAL
                                     36 	.area _GSINIT
                                     37 ;--------------------------------------------------------
                                     38 ; Home
                                     39 ;--------------------------------------------------------
                                     40 	.area _HOME
                                     41 	.area _HOME
                                     42 ;--------------------------------------------------------
                                     43 ; code
                                     44 ;--------------------------------------------------------
                                     45 	.area _CODE
                                     46 	.area _CODE
                                     47 	.area _INITIALIZER
                         00000000    48 FWally_Map$__xinit_Wally_Map$0_0$0 == .
    00000000                         49 __xinit__Wally_Map:
    00000000 80                      50 	.db #0x80	; 128
    00000001 86                      51 	.db #0x86	; 134
    00000002 8C                      52 	.db #0x8c	; 140
    00000003 92                      53 	.db #0x92	; 146
    00000004 97                      54 	.db #0x97	; 151
    00000005 81                      55 	.db #0x81	; 129
    00000006 87                      56 	.db #0x87	; 135
    00000007 8D                      57 	.db #0x8d	; 141
    00000008 93                      58 	.db #0x93	; 147
    00000009 98                      59 	.db #0x98	; 152
    0000000A 82                      60 	.db #0x82	; 130
    0000000B 88                      61 	.db #0x88	; 136
    0000000C 8E                      62 	.db #0x8e	; 142
    0000000D 94                      63 	.db #0x94	; 148
    0000000E 99                      64 	.db #0x99	; 153
    0000000F 83                      65 	.db #0x83	; 131
    00000010 89                      66 	.db #0x89	; 137
    00000011 8F                      67 	.db #0x8f	; 143
    00000012 95                      68 	.db #0x95	; 149
    00000013 9A                      69 	.db #0x9a	; 154
    00000014 84                      70 	.db #0x84	; 132
    00000015 8A                      71 	.db #0x8a	; 138
    00000016 90                      72 	.db #0x90	; 144
    00000017 96                      73 	.db #0x96	; 150
    00000018 9B                      74 	.db #0x9b	; 155
    00000019 85                      75 	.db #0x85	; 133
    0000001A 8B                      76 	.db #0x8b	; 139
    0000001B 91                      77 	.db #0x91	; 145
    0000001C 9C                      78 	.db #0x9c	; 156
    0000001D 9C                      79 	.db #0x9c	; 156
                                     80 	.area _CABS (ABS)
